[32m[I 2025-04-10 20:33:49,947][0m Trial 44 finished with value: 316.2314495069311 and parameters: {'num_leaves': 83, 'max_depth': 3, 'learning_rate': 0.46361219483353455, 'min_child_weight': 3.507198528455848e-05, 'min_child_samples': 26, 'subsample': 0.8771744705941099, 'colsample_bytree': 0.6981427680706227, 'optional_reg_lambda': False, 'n_bins': 82}. Best is trial 37 with value: 180.43460836029885.[0m
[LightGBM] [Info] Auto-choosing col-wise multi-threading, the overhead of testing was 2.077256 seconds.
You can set `force_col_wise=true` to remove the overhead.
[LightGBM] [Info] Total Bins 816000
[LightGBM] [Info] Number of data points in the train set: 214203, number of used features: 3200
[LightGBM] [Info] Start training from score 0.000000
[32m[I 2025-04-10 20:35:23,003][0m Trial 45 finished with value: 295.6485662761281 and parameters: {'num_leaves': 89, 'max_depth': 9, 'learning_rate': 0.04971808805686936, 'min_child_weight': 0.00016758922713327318, 'min_child_samples': 12, 'subsample': 0.9304568746003988, 'colsample_bytree': 0.8799948318568543, 'optional_reg_lambda': False, 'n_bins': 105}. Best is trial 37 with value: 180.43460836029885.[0m
[LightGBM] [Info] Auto-choosing col-wise multi-threading, the overhead of testing was 1.895774 seconds.
You can set `force_col_wise=true` to remove the overhead.
[LightGBM] [Info] Total Bins 816000
[LightGBM] [Info] Number of data points in the train set: 214203, number of used features: 3200
[LightGBM] [Info] Start training from score 0.000000
[32m[I 2025-04-10 20:36:50,478][0m Trial 46 finished with value: 207.1767735097762 and parameters: {'num_leaves': 95, 'max_depth': 10, 'learning_rate': 0.11802732488755699, 'min_child_weight': 1.579503392739802e-05, 'min_child_samples': 22, 'subsample': 0.7518414288172135, 'colsample_bytree': 0.7357108018276548, 'optional_reg_lambda': False, 'n_bins': 166}. Best is trial 37 with value: 180.43460836029885.[0m
[LightGBM] [Info] Auto-choosing col-wise multi-threading, the overhead of testing was 2.242177 seconds.
You can set `force_col_wise=true` to remove the overhead.
[LightGBM] [Info] Total Bins 816000
[LightGBM] [Info] Number of data points in the train set: 214203, number of used features: 3200
[LightGBM] [Info] Start training from score 0.000000
[32m[I 2025-04-10 20:37:57,768][0m Trial 47 finished with value: 250.0850687186676 and parameters: {'num_leaves': 62, 'max_depth': 7, 'learning_rate': 0.7070697854985473, 'min_child_weight': 1.0483752845790768e-05, 'min_child_samples': 16, 'subsample': 0.8128008450678544, 'colsample_bytree': 0.6238623720566241, 'optional_reg_lambda': False, 'n_bins': 64}. Best is trial 37 with value: 180.43460836029885.[0m
[LightGBM] [Info] Auto-choosing col-wise multi-threading, the overhead of testing was 1.820533 seconds.
You can set `force_col_wise=true` to remove the overhead.
[LightGBM] [Info] Total Bins 816000
[LightGBM] [Info] Number of data points in the train set: 214203, number of used features: 3200
[LightGBM] [Info] Start training from score 0.000000
[32m[I 2025-04-10 20:39:22,107][0m Trial 48 finished with value: 194.76650609302558 and parameters: {'num_leaves': 74, 'max_depth': 9, 'learning_rate': 0.26250950697076375, 'min_child_weight': 0.00556323127739116, 'min_child_samples': 54, 'subsample': 0.6700413079427143, 'colsample_bytree': 0.95674961756285, 'optional_reg_lambda': False, 'n_bins': 130}. Best is trial 37 with value: 180.43460836029885.[0m
[LightGBM] [Info] Auto-choosing col-wise multi-threading, the overhead of testing was 1.988913 seconds.
You can set `force_col_wise=true` to remove the overhead.
[LightGBM] [Info] Total Bins 816000
[LightGBM] [Info] Number of data points in the train set: 214203, number of used features: 3200
[LightGBM] [Info] Start training from score 0.000000
[32m[I 2025-04-10 20:40:52,350][0m Trial 49 finished with value: 630.5424806227713 and parameters: {'num_leaves': 90, 'max_depth': 10, 'learning_rate': 0.005772072137834414, 'min_child_weight': 8.290327836603258e-05, 'min_child_samples': 40, 'subsample': 0.9492816941955209, 'colsample_bytree': 0.927947238295108, 'optional_reg_lambda': False, 'n_bins': 75}. Best is trial 37 with value: 180.43460836029885.[0m
Best Hyper-Parameters
{'model': {'num_leaves': 100, 'max_depth': 9, 'learning_rate': 0.2433063176292983, 'min_child_weight': 1.765589538947677e-05, 'min_child_samples': 25, 'subsample': 0.7985786480264264, 'colsample_bytree': 0.7291241641832171, 'reg_lambda': 0.0}, 'fit': {'n_bins': 100}}
{'model': {'num_leaves': 100, 'max_depth': 9, 'learning_rate': 0.2433063176292983, 'min_child_weight': 1.765589538947677e-05, 'min_child_samples': 25, 'subsample': 0.7985786480264264, 'colsample_bytree': 0.7291241641832171, 'reg_lambda': 0.0}, 'fit': {'n_bins': 100}}
[LightGBM] [Info] Auto-choosing col-wise multi-threading, the overhead of testing was 1.916545 seconds.
You can set `force_col_wise=true` to remove the overhead.
[LightGBM] [Info] Total Bins 816000
[LightGBM] [Info] Number of data points in the train set: 214203, number of used features: 3200
[LightGBM] [Info] Start training from score 0.000000
lightgbm: 1 Trials
MAE Results: 1.34574752e+02
MAE MEAN = 1.34574752e+02 ± 0.00000000e+00
R2 Results: 9.60241386e-01
R2 MEAN = 9.60241386e-01 ± 0.00000000e+00
RMSE Results: 1.77660024e+02
RMSE MEAN = 1.77660024e+02 ± 0.00000000e+00
Time Results: 74.93177295
Time MEAN = 74.93177295 ± 0.00000000
-------------------- GPU info --------------------
1 GPU Available.
GPU 0: NVIDIA A100-PCIE-40GB MIG 7g.40gb
  Total Memory:          40326.375 MB
  Multi Processor Count: 98
  Compute Capability:    8.0
--------------------------------------------------
