[32m[I 2025-04-10 17:51:50,463][0m Trial 16 finished with value: 260.95650130172146 and parameters: {'num_leaves': 80, 'max_depth': 9, 'learning_rate': 0.18100881874600078, 'min_child_weight': 0.0004337043408467618, 'min_child_samples': 36, 'subsample': 0.7404399856185908, 'colsample_bytree': 0.8409567874457935, 'optional_reg_lambda': True, 'reg_lambda': 0.021911007822311358, 'n_bins': 87}. Best is trial 13 with value: 244.85615688352183.[0m
[LightGBM] [Info] Auto-choosing col-wise multi-threading, the overhead of testing was 0.757320 seconds.
You can set `force_col_wise=true` to remove the overhead.
[LightGBM] [Info] Total Bins 408000
[LightGBM] [Info] Number of data points in the train set: 214203, number of used features: 1600
[LightGBM] [Info] Start training from score 0.000000
[32m[I 2025-04-10 17:52:27,184][0m Trial 17 finished with value: 485.45174462763333 and parameters: {'num_leaves': 84, 'max_depth': 9, 'learning_rate': 0.014027862420459683, 'min_child_weight': 5.9242720830619626e-05, 'min_child_samples': 48, 'subsample': 0.7023570083234187, 'colsample_bytree': 0.7637750015422761, 'optional_reg_lambda': True, 'reg_lambda': 0.005679225269889374, 'n_bins': 149}. Best is trial 13 with value: 244.85615688352183.[0m
[LightGBM] [Info] Auto-choosing col-wise multi-threading, the overhead of testing was 0.567774 seconds.
You can set `force_col_wise=true` to remove the overhead.
[LightGBM] [Info] Total Bins 408000
[LightGBM] [Info] Number of data points in the train set: 214203, number of used features: 1600
[LightGBM] [Info] Start training from score 0.000000
[32m[I 2025-04-10 17:53:02,709][0m Trial 18 finished with value: 252.57871147164295 and parameters: {'num_leaves': 71, 'max_depth': 10, 'learning_rate': 0.37266635074385396, 'min_child_weight': 0.0006568753979860421, 'min_child_samples': 61, 'subsample': 0.8101772739819002, 'colsample_bytree': 0.861784180795439, 'optional_reg_lambda': True, 'reg_lambda': 0.00025640145471889574, 'n_bins': 60}. Best is trial 13 with value: 244.85615688352183.[0m
[LightGBM] [Info] Auto-choosing col-wise multi-threading, the overhead of testing was 0.696892 seconds.
You can set `force_col_wise=true` to remove the overhead.
[LightGBM] [Info] Total Bins 408000
[LightGBM] [Info] Number of data points in the train set: 214203, number of used features: 1600
[LightGBM] [Info] Start training from score 0.000000
[32m[I 2025-04-10 17:53:40,872][0m Trial 19 finished with value: 273.2618596848631 and parameters: {'num_leaves': 87, 'max_depth': 8, 'learning_rate': 0.1456758385425545, 'min_child_weight': 0.04647181884652555, 'min_child_samples': 31, 'subsample': 0.6852288376230457, 'colsample_bytree': 0.7950299100729171, 'optional_reg_lambda': True, 'reg_lambda': 0.09252835656440932, 'n_bins': 94}. Best is trial 13 with value: 244.85615688352183.[0m
[LightGBM] [Info] Auto-choosing col-wise multi-threading, the overhead of testing was 0.776533 seconds.
You can set `force_col_wise=true` to remove the overhead.
[LightGBM] [Info] Total Bins 408000
[LightGBM] [Info] Number of data points in the train set: 214203, number of used features: 1600
[LightGBM] [Info] Start training from score 0.000000
[32m[I 2025-04-10 17:54:12,990][0m Trial 20 finished with value: 279.9930655166693 and parameters: {'num_leaves': 39, 'max_depth': 9, 'learning_rate': 0.34020091997429686, 'min_child_weight': 1.0413100123787604e-05, 'min_child_samples': 53, 'subsample': 0.5894293709580682, 'colsample_bytree': 0.7163929390978533, 'optional_reg_lambda': True, 'reg_lambda': 0.10007978492253954, 'n_bins': 140}. Best is trial 13 with value: 244.85615688352183.[0m
[LightGBM] [Info] Auto-choosing col-wise multi-threading, the overhead of testing was 0.717235 seconds.
You can set `force_col_wise=true` to remove the overhead.
[LightGBM] [Info] Total Bins 408000
[LightGBM] [Info] Number of data points in the train set: 214203, number of used features: 1600
[LightGBM] [Info] Start training from score 0.000000
[32m[I 2025-04-10 17:54:48,258][0m Trial 21 finished with value: 248.4519672434007 and parameters: {'num_leaves': 71, 'max_depth': 10, 'learning_rate': 0.3516504142768016, 'min_child_weight': 0.0006194710745980829, 'min_child_samples': 68, 'subsample': 0.8034227215568941, 'colsample_bytree': 0.8796928027755953, 'optional_reg_lambda': True, 'reg_lambda': 0.00025871388498127, 'n_bins': 48}. Best is trial 13 with value: 244.85615688352183.[0m
[LightGBM] [Info] Auto-choosing col-wise multi-threading, the overhead of testing was 0.816261 seconds.
You can set `force_col_wise=true` to remove the overhead.
[LightGBM] [Info] Total Bins 408000
[LightGBM] [Info] Number of data points in the train set: 214203, number of used features: 1600
[LightGBM] [Info] Start training from score 0.000000
[32m[I 2025-04-10 17:55:25,458][0m Trial 22 finished with value: 250.6753321669327 and parameters: {'num_leaves': 73, 'max_depth': 10, 'learning_rate': 0.43550730491334244, 'min_child_weight': 0.00036141466497126594, 'min_child_samples': 73, 'subsample': 0.8542463896035012, 'colsample_bytree': 0.8931250193687251, 'optional_reg_lambda': True, 'reg_lambda': 9.973177740859198e-05, 'n_bins': 47}. Best is trial 13 with value: 244.85615688352183.[0m
[LightGBM] [Info] Auto-choosing col-wise multi-threading, the overhead of testing was 0.869049 seconds.
You can set `force_col_wise=true` to remove the overhead.
[LightGBM] [Info] Total Bins 408000
[LightGBM] [Info] Number of data points in the train set: 214203, number of used features: 1600
[LightGBM] [Info] Start training from score 0.000000
[32m[I 2025-04-10 17:56:09,385][0m Trial 23 finished with value: 265.4984953167549 and parameters: {'num_leaves': 88, 'max_depth': 10, 'learning_rate': 0.14650662624483363, 'min_child_weight': 5.7281466978918204e-05, 'min_child_samples': 71, 'subsample': 0.7867522463370739, 'colsample_bytree': 0.943483257722855, 'optional_reg_lambda': True, 'reg_lambda': 0.0071179323834764975, 'n_bins': 93}. Best is trial 13 with value: 244.85615688352183.[0m
[LightGBM] [Info] Auto-choosing col-wise multi-threading, the overhead of testing was 0.819482 seconds.
You can set `force_col_wise=true` to remove the overhead.
[LightGBM] [Info] Total Bins 408000
[LightGBM] [Info] Number of data points in the train set: 214203, number of used features: 1600
[LightGBM] [Info] Start training from score 0.000000
[32m[I 2025-04-10 17:56:47,925][0m Trial 24 finished with value: 256.0277937943279 and parameters: {'num_leaves': 67, 'max_depth': 9, 'learning_rate': 0.24627665491384987, 'min_child_weight': 0.0012911856367364615, 'min_child_samples': 50, 'subsample': 0.8750571520677908, 'colsample_bytree': 0.8740875267230583, 'optional_reg_lambda': True, 'reg_lambda': 0.000431483488848218, 'n_bins': 36}. Best is trial 13 with value: 244.85615688352183.[0m
[LightGBM] [Info] Auto-choosing col-wise multi-threading, the overhead of testing was 0.754532 seconds.
You can set `force_col_wise=true` to remove the overhead.
[LightGBM] [Info] Total Bins 408000
[LightGBM] [Info] Number of data points in the train set: 214203, number of used features: 1600
[LightGBM] [Info] Start training from score 0.000000
[32m[I 2025-04-10 17:57:26,445][0m Trial 25 finished with value: 299.3000262965402 and parameters: {'num_leaves': 79, 'max_depth': 8, 'learning_rate': 0.10782519128474302, 'min_child_weight': 0.011171373421808807, 'min_child_samples': 42, 'subsample': 0.7744106740016482, 'colsample_bytree': 0.8048774599541674, 'optional_reg_lambda': True, 'reg_lambda': 4.3414569394930885e-05, 'n_bins': 153}. Best is trial 13 with value: 244.85615688352183.[0m
[LightGBM] [Info] Auto-choosing col-wise multi-threading, the overhead of testing was 0.813124 seconds.
You can set `force_col_wise=true` to remove the overhead.
[LightGBM] [Info] Total Bins 408000
[LightGBM] [Info] Number of data points in the train set: 214203, number of used features: 1600
[LightGBM] [Info] Start training from score 0.000000
[32m[I 2025-04-10 17:58:05,384][0m Trial 26 finished with value: 491.8957360038733 and parameters: {'num_leaves': 43, 'max_depth': 10, 'learning_rate': 0.015708224888618533, 'min_child_weight': 0.00031411274004041764, 'min_child_samples': 2, 'subsample': 0.6899396614177948, 'colsample_bytree': 0.9141084457213611, 'optional_reg_lambda': False, 'n_bins': 108}. Best is trial 13 with value: 244.85615688352183.[0m
[LightGBM] [Info] Auto-choosing col-wise multi-threading, the overhead of testing was 0.762869 seconds.
You can set `force_col_wise=true` to remove the overhead.
[LightGBM] [Info] Total Bins 408000
[LightGBM] [Info] Number of data points in the train set: 214203, number of used features: 1600
[LightGBM] [Info] Start training from score 0.000000
[LightGBM] [Warning] No further splits with positive gain, best gain: -inf
[32m[I 2025-04-10 17:58:42,848][0m Trial 27 finished with value: 259.4528057436805 and parameters: {'num_leaves': 75, 'max_depth': 9, 'learning_rate': 0.47158249636082655, 'min_child_weight': 7.605386897540884e-05, 'min_child_samples': 67, 'subsample': 0.7261901819186116, 'colsample_bytree': 0.7826515964777301, 'optional_reg_lambda': True, 'reg_lambda': 0.012100418421623639, 'n_bins': 129}. Best is trial 13 with value: 244.85615688352183.[0m
[LightGBM] [Info] Auto-choosing col-wise multi-threading, the overhead of testing was 0.643582 seconds.
You can set `force_col_wise=true` to remove the overhead.
[LightGBM] [Info] Total Bins 408000
[LightGBM] [Info] Number of data points in the train set: 214203, number of used features: 1600
[LightGBM] [Info] Start training from score 0.000000
[32m[I 2025-04-10 17:59:11,699][0m Trial 28 finished with value: 442.8577406701848 and parameters: {'num_leaves': 11, 'max_depth': 6, 'learning_rate': 0.06744461311416348, 'min_child_weight': 3.0357338623534744e-05, 'min_child_samples': 81, 'subsample': 0.7658668574124159, 'colsample_bytree': 0.723075346067666, 'optional_reg_lambda': True, 'reg_lambda': 0.0035369496621754904, 'n_bins': 74}. Best is trial 13 with value: 244.85615688352183.[0m
[LightGBM] [Info] Auto-choosing col-wise multi-threading, the overhead of testing was 0.690736 seconds.
You can set `force_col_wise=true` to remove the overhead.
[LightGBM] [Info] Total Bins 408000
[LightGBM] [Info] Number of data points in the train set: 214203, number of used features: 1600
[LightGBM] [Info] Start training from score 0.000000
[32m[I 2025-04-10 17:59:50,245][0m Trial 29 finished with value: 404.45899405312315 and parameters: {'num_leaves': 89, 'max_depth': 8, 'learning_rate': 0.02715044103291305, 'min_child_weight': 0.0013571466939719325, 'min_child_samples': 46, 'subsample': 0.8535092507323375, 'colsample_bytree': 0.824561922005814, 'optional_reg_lambda': True, 'reg_lambda': 0.053365676626056686, 'n_bins': 230}. Best is trial 13 with value: 244.85615688352183.[0m
[LightGBM] [Info] Auto-choosing col-wise multi-threading, the overhead of testing was 0.636747 seconds.
You can set `force_col_wise=true` to remove the overhead.
[LightGBM] [Info] Total Bins 408000
[LightGBM] [Info] Number of data points in the train set: 214203, number of used features: 1600
[LightGBM] [Info] Start training from score 0.000000
[32m[I 2025-04-10 18:00:25,965][0m Trial 30 finished with value: 261.78712700235917 and parameters: {'num_leaves': 66, 'max_depth': 10, 'learning_rate': 0.2364510429647339, 'min_child_weight': 0.0006162818379221749, 'min_child_samples': 55, 'subsample': 0.6125401704980512, 'colsample_bytree': 0.7304571705230316, 'optional_reg_lambda': True, 'reg_lambda': 0.1843052912432704, 'n_bins': 47}. Best is trial 13 with value: 244.85615688352183.[0m
[LightGBM] [Info] Auto-choosing col-wise multi-threading, the overhead of testing was 0.714931 seconds.
You can set `force_col_wise=true` to remove the overhead.
[LightGBM] [Info] Total Bins 408000
[LightGBM] [Info] Number of data points in the train set: 214203, number of used features: 1600
[LightGBM] [Info] Start training from score 0.000000
[32m[I 2025-04-10 18:01:06,771][0m Trial 31 finished with value: 244.75166053169784 and parameters: {'num_leaves': 100, 'max_depth': 10, 'learning_rate': 0.42701249038565575, 'min_child_weight': 0.00024568390666638434, 'min_child_samples': 74, 'subsample': 0.8556724507358924, 'colsample_bytree': 0.8920467630646541, 'optional_reg_lambda': True, 'reg_lambda': 0.00010318121152892797, 'n_bins': 44}. Best is trial 31 with value: 244.75166053169784.[0m
[LightGBM] [Info] Auto-choosing col-wise multi-threading, the overhead of testing was 0.650274 seconds.
You can set `force_col_wise=true` to remove the overhead.
[LightGBM] [Info] Total Bins 408000
[LightGBM] [Info] Number of data points in the train set: 214203, number of used features: 1600
[LightGBM] [Info] Start training from score 0.000000
[LightGBM] [Warning] No further splits with positive gain, best gain: -inf
[LightGBM] [Warning] No further splits with positive gain, best gain: -inf
[32m[I 2025-04-10 18:01:43,531][0m Trial 32 finished with value: 282.2496181898335 and parameters: {'num_leaves': 97, 'max_depth': 9, 'learning_rate': 0.6262869957246473, 'min_child_weight': 8.762182831402296e-05, 'min_child_samples': 66, 'subsample': 0.9063631056888661, 'colsample_bytree': 0.8586995441007585, 'optional_reg_lambda': True, 'reg_lambda': 0.00012476910205148022, 'n_bins': 29}. Best is trial 31 with value: 244.75166053169784.[0m
[LightGBM] [Info] Auto-choosing col-wise multi-threading, the overhead of testing was 0.723452 seconds.
You can set `force_col_wise=true` to remove the overhead.
[LightGBM] [Info] Total Bins 408000
[LightGBM] [Info] Number of data points in the train set: 214203, number of used features: 1600
[LightGBM] [Info] Start training from score 0.000000
[32m[I 2025-04-10 18:02:22,246][0m Trial 33 finished with value: 239.983169955838 and parameters: {'num_leaves': 83, 'max_depth': 10, 'learning_rate': 0.3173753531755267, 'min_child_weight': 0.00022632543286185398, 'min_child_samples': 87, 'subsample': 0.8282130599288744, 'colsample_bytree': 0.9443194727269808, 'optional_reg_lambda': True, 'reg_lambda': 1.0258487109139895e-05, 'n_bins': 80}. Best is trial 33 with value: 239.983169955838.[0m
[LightGBM] [Info] Auto-choosing col-wise multi-threading, the overhead of testing was 0.632221 seconds.
You can set `force_col_wise=true` to remove the overhead.
[LightGBM] [Info] Total Bins 408000
[LightGBM] [Info] Number of data points in the train set: 214203, number of used features: 1600
[LightGBM] [Info] Start training from score 0.000000
[LightGBM] [Warning] No further splits with positive gain, best gain: -inf
[LightGBM] [Warning] No further splits with positive gain, best gain: -inf
[LightGBM] [Warning] No further splits with positive gain, best gain: -inf
[LightGBM] [Warning] No further splits with positive gain, best gain: -inf
[LightGBM] [Warning] No further splits with positive gain, best gain: -inf
[LightGBM] [Warning] No further splits with positive gain, best gain: -inf
[32m[I 2025-04-10 18:03:03,346][0m Trial 34 finished with value: 268.6574793145792 and parameters: {'num_leaves': 99, 'max_depth': 9, 'learning_rate': 0.5792983028100712, 'min_child_weight': 0.0002466005798697213, 'min_child_samples': 99, 'subsample': 0.831023161042548, 'colsample_bytree': 0.963829867513491, 'optional_reg_lambda': True, 'reg_lambda': 7.640565583874877e-05, 'n_bins': 106}. Best is trial 33 with value: 239.983169955838.[0m
[LightGBM] [Info] Auto-choosing col-wise multi-threading, the overhead of testing was 0.636440 seconds.
You can set `force_col_wise=true` to remove the overhead.
[LightGBM] [Info] Total Bins 408000
[LightGBM] [Info] Number of data points in the train set: 214203, number of used features: 1600
[LightGBM] [Info] Start training from score 0.000000
[32m[I 2025-04-10 18:03:45,974][0m Trial 35 finished with value: 304.5571803480505 and parameters: {'num_leaves': 92, 'max_depth': 10, 'learning_rate': 0.08155611669360534, 'min_child_weight': 4.111663378922854e-05, 'min_child_samples': 86, 'subsample': 0.8979101987210623, 'colsample_bytree': 0.9204672257294239, 'optional_reg_lambda': False, 'n_bins': 78}. Best is trial 33 with value: 239.983169955838.[0m
[LightGBM] [Info] Auto-choosing col-wise multi-threading, the overhead of testing was 0.721822 seconds.
You can set `force_col_wise=true` to remove the overhead.
[LightGBM] [Info] Total Bins 408000
[LightGBM] [Info] Number of data points in the train set: 214203, number of used features: 1600
[LightGBM] [Info] Start training from score 0.000000
[32m[I 2025-04-10 18:04:25,797][0m Trial 36 finished with value: 255.1864368936323 and parameters: {'num_leaves': 83, 'max_depth': 9, 'learning_rate': 0.1829508111286022, 'min_child_weight': 1.8253014016255106e-05, 'min_child_samples': 23, 'subsample': 0.9352216337648753, 'colsample_bytree': 0.9644322786349175, 'optional_reg_lambda': True, 'reg_lambda': 1.0541832939965496e-05, 'n_bins': 133}. Best is trial 33 with value: 239.983169955838.[0m
[LightGBM] [Info] Auto-choosing col-wise multi-threading, the overhead of testing was 0.719723 seconds.
You can set `force_col_wise=true` to remove the overhead.
[LightGBM] [Info] Total Bins 408000
[LightGBM] [Info] Number of data points in the train set: 214203, number of used features: 1600
[LightGBM] [Info] Start training from score 0.000000
[LightGBM] [Warning] No further splits with positive gain, best gain: -inf
[LightGBM] [Warning] No further splits with positive gain, best gain: -inf
[LightGBM] [Warning] No further splits with positive gain, best gain: -inf
[LightGBM] [Warning] No further splits with positive gain, best gain: -inf
[LightGBM] [Warning] No further splits with positive gain, best gain: -inf
[LightGBM] [Warning] No further splits with positive gain, best gain: -inf
[32m[I 2025-04-10 18:05:04,146][0m Trial 37 finished with value: 375.9258049497479 and parameters: {'num_leaves': 100, 'max_depth': 7, 'learning_rate': 0.04648122922100315, 'min_child_weight': 0.00012132042909045208, 'min_child_samples': 79, 'subsample': 0.8412386698273505, 'colsample_bytree': 0.9076650275028247, 'optional_reg_lambda': False, 'n_bins': 155}. Best is trial 33 with value: 239.983169955838.[0m
[LightGBM] [Info] Auto-choosing col-wise multi-threading, the overhead of testing was 0.748715 seconds.
You can set `force_col_wise=true` to remove the overhead.
[LightGBM] [Info] Total Bins 408000
[LightGBM] [Info] Number of data points in the train set: 214203, number of used features: 1600
[LightGBM] [Info] Start training from score 0.000000
[32m[I 2025-04-10 18:05:40,861][0m Trial 38 finished with value: 300.62040927056717 and parameters: {'num_leaves': 61, 'max_depth': 8, 'learning_rate': 0.12734535913001288, 'min_child_weight': 2.0244840606500746e-05, 'min_child_samples': 30, 'subsample': 0.6702152724320187, 'colsample_bytree': 0.9982106444614852, 'optional_reg_lambda': True, 'reg_lambda': 0.0010334881619703561, 'n_bins': 114}. Best is trial 33 with value: 239.983169955838.[0m
[LightGBM] [Info] Auto-choosing col-wise multi-threading, the overhead of testing was 0.709001 seconds.
You can set `force_col_wise=true` to remove the overhead.
[LightGBM] [Info] Total Bins 408000
[LightGBM] [Info] Number of data points in the train set: 214203, number of used features: 1600
[LightGBM] [Info] Start training from score 0.000000
[32m[I 2025-04-10 18:06:19,439][0m Trial 39 finished with value: 580.6435346354515 and parameters: {'num_leaves': 55, 'max_depth': 10, 'learning_rate': 0.008869809682330598, 'min_child_weight': 0.001904458627849351, 'min_child_samples': 89, 'subsample': 0.5344390868298591, 'colsample_bytree': 0.9391685633766712, 'optional_reg_lambda': True, 'reg_lambda': 2.5944084864807843e-05, 'n_bins': 99}. Best is trial 33 with value: 239.983169955838.[0m
[LightGBM] [Info] Auto-choosing col-wise multi-threading, the overhead of testing was 0.755428 seconds.
You can set `force_col_wise=true` to remove the overhead.
[LightGBM] [Info] Total Bins 408000
[LightGBM] [Info] Number of data points in the train set: 214203, number of used features: 1600
[LightGBM] [Info] Start training from score 0.000000
[32m[I 2025-04-10 18:07:01,185][0m Trial 40 finished with value: 641.5095461610226 and parameters: {'num_leaves': 91, 'max_depth': 8, 'learning_rate': 0.005950310138537666, 'min_child_weight': 0.00023169744492874484, 'min_child_samples': 19, 'subsample': 0.7212545368333797, 'colsample_bytree': 0.84581628217395, 'optional_reg_lambda': False, 'n_bins': 77}. Best is trial 33 with value: 239.983169955838.[0m
[LightGBM] [Info] Auto-choosing col-wise multi-threading, the overhead of testing was 0.692798 seconds.
You can set `force_col_wise=true` to remove the overhead.
[LightGBM] [Info] Total Bins 408000
[LightGBM] [Info] Number of data points in the train set: 214203, number of used features: 1600
[LightGBM] [Info] Start training from score 0.000000
[32m[I 2025-04-10 18:07:39,029][0m Trial 41 finished with value: 242.71341505446915 and parameters: {'num_leaves': 77, 'max_depth': 10, 'learning_rate': 0.29124855865474536, 'min_child_weight': 0.00069747216642469, 'min_child_samples': 41, 'subsample': 0.7902664899289552, 'colsample_bytree': 0.8854658086813983, 'optional_reg_lambda': True, 'reg_lambda': 0.0001908888912114076, 'n_bins': 54}. Best is trial 33 with value: 239.983169955838.[0m
[LightGBM] [Info] Auto-choosing col-wise multi-threading, the overhead of testing was 0.737619 seconds.
You can set `force_col_wise=true` to remove the overhead.
[LightGBM] [Info] Total Bins 408000
[LightGBM] [Info] Number of data points in the train set: 214203, number of used features: 1600
[LightGBM] [Info] Start training from score 0.000000
