using gpu: 0
{'cat_min_frequency': 0.0,
 'cat_nan_policy': 'new',
 'cat_policy': 'ordinal',
 'config': {'fit': {'verbose': False},
            'model': {'booster': 'gbtree',
                      'colsample_bytree': 0.8,
                      'early_stopping_rounds': 50,
                      'n_estimators': 2000,
                      'n_jobs': -1,
                      'subsample': 0.8,
                      'tree_method': 'hist'}},
 'dataset': 'DIS_lab_LoS_8_Y',
 'dataset_path': 'data',
 'evaluate_option': 'best-val',
 'gpu': '0',
 'model_path': 'results_model',
 'model_type': 'xgboost',
 'n_bins': 2,
 'n_trials': 50,
 'normalization': 'standard',
 'num_nan_policy': 'mean',
 'num_policy': 'none',
 'retune': False,
 'save_path': 'results_model/DIS_lab_LoS_8_Y-xgboost-Tune/Norm-standard-Nan-mean-new-Cat-ordinal',
 'seed': 0,
 'seed_num': 1,
 'tune': True}
{'fit': {'verbose': False, 'n_bins': 2}, 'model': {'subsample': 0.8, 'colsample_bytree': 0.8, 'early_stopping_rounds': 50, 'booster': 'gbtree', 'n_estimators': 2000, 'n_jobs': -1, 'tree_method': 'hist'}}
[32m[I 2025-04-08 21:53:36,424][0m Trial 0 finished with value: 318.2253355985268 and parameters: {'optional_alpha': True, 'alpha': 0.010656970429469137, 'colsample_bylevel': 0.7724415914984484, 'colsample_bytree': 0.7118273996694524, 'optional_gamma': False, 'optional_lambda': True, 'lambda': 6.829913261377665e-05, 'learning_rate': 0.09091283280651452, 'max_depth': 7, 'min_child_weight': 0.2424260549741265, 'subsample': 0.9627983191463305, 'n_bins': 20}. Best is trial 0 with value: 318.2253355985268.[0m
[32m[I 2025-04-08 21:53:52,684][0m Trial 1 finished with value: 610.051871966218 and parameters: {'optional_alpha': False, 'colsample_bylevel': 0.916309922773969, 'colsample_bytree': 0.8890783754749252, 'optional_gamma': True, 'gamma': 0.9808117097306164, 'optional_lambda': True, 'lambda': 1.5231555549417795e-07, 'learning_rate': 0.015834527427829734, 'max_depth': 4, 'min_child_weight': 19085.16511726201, 'subsample': 0.7609241608750359, 'n_bins': 107}. Best is trial 0 with value: 318.2253355985268.[0m
[32m[I 2025-04-08 21:54:08,935][0m Trial 2 finished with value: 860.3636001073621 and parameters: {'optional_alpha': True, 'alpha': 0.00036433703707904036, 'colsample_bylevel': 0.7842169744343243, 'colsample_bytree': 0.5093949002181776, 'optional_gamma': False, 'optional_lambda': True, 'lambda': 0.06579653011946039, 'learning_rate': 0.0006273927602293597, 'max_depth': 6, 'min_child_weight': 11.72750284712809, 'subsample': 0.5301127358146349, 'n_bins': 172}. Best is trial 0 with value: 318.2253355985268.[0m
[32m[I 2025-04-08 21:54:24,060][0m Trial 3 finished with value: 888.2859375908187 and parameters: {'optional_alpha': False, 'colsample_bylevel': 0.5644631488274267, 'colsample_bytree': 0.6577141754620919, 'optional_gamma': True, 'gamma': 0.00024322887698390846, 'optional_lambda': False, 'learning_rate': 0.00011076021254597257, 'max_depth': 4, 'min_child_weight': 3.0932016348957663, 'subsample': 0.626645801269891, 'n_bins': 120}. Best is trial 0 with value: 318.2253355985268.[0m
[32m[I 2025-04-08 21:54:38,500][0m Trial 4 finished with value: 557.0212578145205 and parameters: {'optional_alpha': False, 'colsample_bylevel': 0.5551875705821525, 'colsample_bytree': 0.8281647947326367, 'optional_gamma': True, 'gamma': 4.866891972890964e-05, 'optional_lambda': False, 'learning_rate': 0.1547834553402764, 'max_depth': 3, 'min_child_weight': 49428.00081604498, 'subsample': 0.7343256008238508, 'n_bins': 251}. Best is trial 0 with value: 318.2253355985268.[0m
[32m[I 2025-04-08 21:54:55,046][0m Trial 5 finished with value: 403.9775040318133 and parameters: {'optional_alpha': True, 'alpha': 2.465346246449571e-08, 'colsample_bylevel': 0.6414034812882048, 'colsample_bytree': 0.5600982806065844, 'optional_gamma': False, 'optional_lambda': True, 'lambda': 4.3800086026247575e-08, 'learning_rate': 0.02899750265370691, 'max_depth': 7, 'min_child_weight': 2.818794284367099e-05, 'subsample': 0.7616240267333498, 'n_bins': 25}. Best is trial 0 with value: 318.2253355985268.[0m
[32m[I 2025-04-08 21:55:09,622][0m Trial 6 finished with value: 451.4723638749063 and parameters: {'optional_alpha': True, 'alpha': 1.533520282967531e-05, 'colsample_bylevel': 0.8337051899818408, 'colsample_bytree': 0.565898931202196, 'optional_gamma': False, 'optional_lambda': True, 'lambda': 1.5888227943138278e-08, 'learning_rate': 0.13954045864229964, 'max_depth': 3, 'min_child_weight': 6.480596446891043, 'subsample': 0.6350039865960824, 'n_bins': 189}. Best is trial 0 with value: 318.2253355985268.[0m
[32m[I 2025-04-08 21:55:26,571][0m Trial 7 finished with value: 237.19294765577965 and parameters: {'optional_alpha': False, 'colsample_bylevel': 0.7880786672089184, 'colsample_bytree': 0.7960209656359195, 'optional_gamma': False, 'optional_lambda': False, 'learning_rate': 0.17062527421800122, 'max_depth': 8, 'min_child_weight': 7.356654515652415e-05, 'subsample': 0.9068989098512386, 'n_bins': 103}. Best is trial 7 with value: 237.19294765577965.[0m
[32m[I 2025-04-08 21:55:42,874][0m Trial 8 finished with value: 822.7769280740387 and parameters: {'optional_alpha': False, 'colsample_bylevel': 0.9408676809274263, 'colsample_bytree': 0.846265795038883, 'optional_gamma': False, 'optional_lambda': False, 'learning_rate': 0.0013160586463600646, 'max_depth': 7, 'min_child_weight': 1.7762806221961337e-08, 'subsample': 0.6507874083372747, 'n_bins': 170}. Best is trial 7 with value: 237.19294765577965.[0m
[32m[I 2025-04-08 21:56:03,501][0m Trial 9 finished with value: 805.9316157634191 and parameters: {'optional_alpha': True, 'alpha': 0.00019394876095968973, 'colsample_bylevel': 0.5677370321112252, 'colsample_bytree': 0.6491411629780154, 'optional_gamma': True, 'gamma': 0.005536719073590977, 'optional_lambda': False, 'learning_rate': 0.0014357941422596275, 'max_depth': 10, 'min_child_weight': 0.0006002114978021492, 'subsample': 0.7179324626328134, 'n_bins': 229}. Best is trial 7 with value: 237.19294765577965.[0m
[32m[I 2025-04-08 21:56:20,413][0m Trial 10 finished with value: 392.6995288434868 and parameters: {'optional_alpha': False, 'colsample_bylevel': 0.6855390787918278, 'colsample_bytree': 0.9763891304300578, 'optional_gamma': False, 'optional_lambda': False, 'learning_rate': 0.8762371399341778, 'max_depth': 9, 'min_child_weight': 5.841121553528072e-07, 'subsample': 0.9912690321304675, 'n_bins': 73}. Best is trial 7 with value: 237.19294765577965.[0m
[32m[I 2025-04-08 21:56:36,965][0m Trial 11 finished with value: 892.5743000399872 and parameters: {'optional_alpha': True, 'alpha': 61.641239987057375, 'colsample_bylevel': 0.8372975269020799, 'colsample_bytree': 0.7420211857927421, 'optional_gamma': False, 'optional_lambda': True, 'lambda': 54.87517190870796, 'learning_rate': 1.0665571721000139e-05, 'max_depth': 8, 'min_child_weight': 0.010743229079568397, 'subsample': 0.9750907775336648, 'n_bins': 3}. Best is trial 7 with value: 237.19294765577965.[0m
[32m[I 2025-04-08 21:56:51,970][0m Trial 12 finished with value: 307.58857984125297 and parameters: {'optional_alpha': True, 'alpha': 0.6924502981061265, 'colsample_bylevel': 0.7157316013493222, 'colsample_bytree': 0.7299396291380444, 'optional_gamma': False, 'optional_lambda': False, 'learning_rate': 0.7089392199034127, 'max_depth': 6, 'min_child_weight': 0.04833602327583868, 'subsample': 0.8909608917398528, 'n_bins': 56}. Best is trial 7 with value: 237.19294765577965.[0m
[32m[I 2025-04-08 21:57:06,969][0m Trial 13 finished with value: 319.5732641705585 and parameters: {'optional_alpha': False, 'colsample_bylevel': 0.6908674265363048, 'colsample_bytree': 0.7574069984147719, 'optional_gamma': False, 'optional_lambda': False, 'learning_rate': 0.722372577145198, 'max_depth': 5, 'min_child_weight': 8.090978044065159e-05, 'subsample': 0.8656968219310414, 'n_bins': 68}. Best is trial 7 with value: 237.19294765577965.[0m
[32m[I 2025-04-08 21:57:24,943][0m Trial 14 finished with value: 541.9835498268751 and parameters: {'optional_alpha': True, 'alpha': 14.602525943445052, 'colsample_bylevel': 0.7104659351441669, 'colsample_bytree': 0.8113546143768082, 'optional_gamma': False, 'optional_lambda': False, 'learning_rate': 0.009034181047575614, 'max_depth': 9, 'min_child_weight': 0.007887919442622968, 'subsample': 0.8573777259775914, 'n_bins': 74}. Best is trial 7 with value: 237.19294765577965.[0m
[32m[I 2025-04-08 21:57:40,234][0m Trial 15 finished with value: 277.4212312378573 and parameters: {'optional_alpha': False, 'colsample_bylevel': 0.8740811958859587, 'colsample_bytree': 0.9178678002022517, 'optional_gamma': False, 'optional_lambda': False, 'learning_rate': 0.29698220423215366, 'max_depth': 6, 'min_child_weight': 5.473794247189513e-06, 'subsample': 0.8709310002081059, 'n_bins': 54}. Best is trial 7 with value: 237.19294765577965.[0m
[32m[I 2025-04-08 21:57:57,140][0m Trial 16 finished with value: 287.90595914364405 and parameters: {'optional_alpha': False, 'colsample_bylevel': 0.9810775274866531, 'colsample_bytree': 0.9470044335744398, 'optional_gamma': False, 'optional_lambda': False, 'learning_rate': 0.08052322723671601, 'max_depth': 8, 'min_child_weight': 1.4575222946521197e-06, 'subsample': 0.9093620381199777, 'n_bins': 144}. Best is trial 7 with value: 237.19294765577965.[0m
[32m[I 2025-04-08 21:58:12,042][0m Trial 17 finished with value: 692.4874751586152 and parameters: {'optional_alpha': False, 'colsample_bylevel': 0.8907199752960557, 'colsample_bytree': 0.9110791081223237, 'optional_gamma': False, 'optional_lambda': False, 'learning_rate': 0.005300417652571678, 'max_depth': 5, 'min_child_weight': 1.3806883825148524e-08, 'subsample': 0.80703473239367, 'n_bins': 104}. Best is trial 7 with value: 237.19294765577965.[0m
[32m[I 2025-04-08 21:58:28,870][0m Trial 18 finished with value: 352.9950930547405 and parameters: {'optional_alpha': False, 'colsample_bylevel': 0.8492633478227323, 'colsample_bytree': 0.8929387902048336, 'optional_gamma': True, 'gamma': 2.0074985782026366e-08, 'optional_lambda': False, 'learning_rate': 0.04012691803958739, 'max_depth': 8, 'min_child_weight': 1.3675760929927609e-06, 'subsample': 0.8309347314470594, 'n_bins': 44}. Best is trial 7 with value: 237.19294765577965.[0m
[32m[I 2025-04-08 21:58:49,463][0m Trial 19 finished with value: 202.46196970852964 and parameters: {'optional_alpha': False, 'colsample_bylevel': 0.9853767412458537, 'colsample_bytree': 0.7967009667270486, 'optional_gamma': False, 'optional_lambda': False, 'learning_rate': 0.19316026964939925, 'max_depth': 10, 'min_child_weight': 5.3041385350928714e-05, 'subsample': 0.919115534078912, 'n_bins': 89}. Best is trial 19 with value: 202.46196970852964.[0m
[32m[I 2025-04-08 21:59:10,667][0m Trial 20 finished with value: 881.9168231581381 and parameters: {'optional_alpha': False, 'colsample_bylevel': 0.958238136339907, 'colsample_bytree': 0.7842825312564912, 'optional_gamma': False, 'optional_lambda': False, 'learning_rate': 0.00017223237634388872, 'max_depth': 10, 'min_child_weight': 0.00022374933778863368, 'subsample': 0.9298743667456382, 'n_bins': 137}. Best is trial 19 with value: 202.46196970852964.[0m
[32m[I 2025-04-08 21:59:28,345][0m Trial 21 finished with value: 229.29401840680433 and parameters: {'optional_alpha': False, 'colsample_bylevel': 0.9916735406036098, 'colsample_bytree': 0.859077136296056, 'optional_gamma': False, 'optional_lambda': False, 'learning_rate': 0.31837225430162297, 'max_depth': 9, 'min_child_weight': 8.48809722789496e-06, 'subsample': 0.9336730577806449, 'n_bins': 89}. Best is trial 19 with value: 202.46196970852964.[0m
[32m[I 2025-04-08 21:59:46,291][0m Trial 22 finished with value: 215.85881374694594 and parameters: {'optional_alpha': False, 'colsample_bylevel': 0.9889786080280171, 'colsample_bytree': 0.8676822827962422, 'optional_gamma': False, 'optional_lambda': False, 'learning_rate': 0.24844508383161634, 'max_depth': 9, 'min_child_weight': 0.001386217606699802, 'subsample': 0.9321332000024076, 'n_bins': 104}. Best is trial 19 with value: 202.46196970852964.[0m
[32m[I 2025-04-08 22:00:04,284][0m Trial 23 finished with value: 223.0566049342949 and parameters: {'optional_alpha': False, 'colsample_bylevel': 0.991901710710499, 'colsample_bytree': 0.8676302342057521, 'optional_gamma': False, 'optional_lambda': False, 'learning_rate': 0.2820448151391697, 'max_depth': 9, 'min_child_weight': 0.0017379986262557388, 'subsample': 0.9398144985037052, 'n_bins': 92}. Best is trial 19 with value: 202.46196970852964.[0m
[32m[I 2025-04-08 22:00:26,152][0m Trial 24 finished with value: 303.0431591676461 and parameters: {'optional_alpha': False, 'colsample_bylevel': 0.9357099053411084, 'colsample_bytree': 0.9850885693597634, 'optional_gamma': False, 'optional_lambda': False, 'learning_rate': 0.03641870920556274, 'max_depth': 10, 'min_child_weight': 0.0005235645384635028, 'subsample': 0.9981597188969469, 'n_bins': 131}. Best is trial 19 with value: 202.46196970852964.[0m
[32m[I 2025-04-08 22:00:43,785][0m Trial 25 finished with value: 241.24325848189665 and parameters: {'optional_alpha': False, 'colsample_bylevel': 0.9997317749203325, 'colsample_bytree': 0.8540690559172749, 'optional_gamma': False, 'optional_lambda': False, 'learning_rate': 0.35945844435080826, 'max_depth': 9, 'min_child_weight': 0.0019591215742294876, 'subsample': 0.8069746462385827, 'n_bins': 155}. Best is trial 19 with value: 202.46196970852964.[0m
[32m[I 2025-04-08 22:01:04,702][0m Trial 26 finished with value: 258.2080231974766 and parameters: {'optional_alpha': False, 'colsample_bylevel': 0.905876876352336, 'colsample_bytree': 0.692626405219939, 'optional_gamma': False, 'optional_lambda': False, 'learning_rate': 0.059754459342834666, 'max_depth': 10, 'min_child_weight': 0.6484135996140273, 'subsample': 0.9520649724635474, 'n_bins': 89}. Best is trial 19 with value: 202.46196970852964.[0m
[32m[I 2025-04-08 22:01:21,434][0m Trial 27 finished with value: 481.8687626036958 and parameters: {'optional_alpha': False, 'colsample_bylevel': 0.9650155358165432, 'colsample_bytree': 0.9428875570942421, 'optional_gamma': True, 'gamma': 73.19837264410192, 'optional_lambda': False, 'learning_rate': 0.014739879964583674, 'max_depth': 9, 'min_child_weight': 0.09320931145664707, 'subsample': 0.8339501400963727, 'n_bins': 93}. Best is trial 19 with value: 202.46196970852964.[0m
[32m[I 2025-04-08 22:01:37,778][0m Trial 28 finished with value: 262.9427460473414 and parameters: {'optional_alpha': False, 'colsample_bylevel': 0.932166985161657, 'colsample_bytree': 0.7664054896285929, 'optional_gamma': False, 'optional_lambda': False, 'learning_rate': 0.32895220026022337, 'max_depth': 10, 'min_child_weight': 1764.51413967989, 'subsample': 0.9404792573724128, 'n_bins': 36}. Best is trial 19 with value: 202.46196970852964.[0m
[32m[I 2025-04-08 22:01:56,110][0m Trial 29 finished with value: 282.93532600882145 and parameters: {'optional_alpha': False, 'colsample_bylevel': 0.8779801490914366, 'colsample_bytree': 0.8669395648969745, 'optional_gamma': False, 'optional_lambda': True, 'lambda': 18.419266266347115, 'learning_rate': 0.06571117684935067, 'max_depth': 9, 'min_child_weight': 2.0048246598289502e-07, 'subsample': 0.9646759327506412, 'n_bins': 116}. Best is trial 19 with value: 202.46196970852964.[0m
[32m[I 2025-04-08 22:02:12,887][0m Trial 30 finished with value: 247.29964986605296 and parameters: {'optional_alpha': False, 'colsample_bylevel': 0.5008459441957818, 'colsample_bytree': 0.7036883788206637, 'optional_gamma': False, 'optional_lambda': False, 'learning_rate': 0.14566794433414706, 'max_depth': 8, 'min_child_weight': 0.23143898656501036, 'subsample': 0.8947397251169124, 'n_bins': 82}. Best is trial 19 with value: 202.46196970852964.[0m
[32m[I 2025-04-08 22:02:30,694][0m Trial 31 finished with value: 240.00103267746036 and parameters: {'optional_alpha': False, 'colsample_bylevel': 0.9991769889763542, 'colsample_bytree': 0.8215075907930047, 'optional_gamma': False, 'optional_lambda': False, 'learning_rate': 0.3646243413465958, 'max_depth': 9, 'min_child_weight': 1.086391381807802e-05, 'subsample': 0.9380741953659856, 'n_bins': 91}. Best is trial 19 with value: 202.46196970852964.[0m
[32m[I 2025-04-08 22:02:50,181][0m Trial 32 finished with value: 259.68179363392437 and parameters: {'optional_alpha': False, 'colsample_bylevel': 0.9681389002870987, 'colsample_bytree': 0.8915840219934672, 'optional_gamma': False, 'optional_lambda': False, 'learning_rate': 0.4550608305648699, 'max_depth': 10, 'min_child_weight': 0.002803743396722925, 'subsample': 0.9655435910255447, 'n_bins': 65}. Best is trial 19 with value: 202.46196970852964.[0m
[32m[I 2025-04-08 22:03:08,668][0m Trial 33 finished with value: 245.76184609428003 and parameters: {'optional_alpha': False, 'colsample_bylevel': 0.9166846138649355, 'colsample_bytree': 0.8576063269258855, 'optional_gamma': False, 'optional_lambda': False, 'learning_rate': 0.09393436343222289, 'max_depth': 9, 'min_child_weight': 0.0004209340653562152, 'subsample': 0.9219196913114437, 'n_bins': 119}. Best is trial 19 with value: 202.46196970852964.[0m
[32m[I 2025-04-08 22:03:26,103][0m Trial 34 finished with value: 461.2482447302597 and parameters: {'optional_alpha': False, 'colsample_bylevel': 0.9974939615567956, 'colsample_bytree': 0.9366656382890436, 'optional_gamma': True, 'gamma': 3.25178126913481e-08, 'optional_lambda': True, 'lambda': 0.0006540356346574085, 'learning_rate': 0.014434195925827833, 'max_depth': 8, 'min_child_weight': 2.173082217026525e-05, 'subsample': 0.8894077246899983, 'n_bins': 102}. Best is trial 19 with value: 202.46196970852964.[0m
[32m[I 2025-04-08 22:03:42,007][0m Trial 35 finished with value: 269.3219624930193 and parameters: {'optional_alpha': False, 'colsample_bylevel': 0.9573843442351272, 'colsample_bytree': 0.8763970024660864, 'optional_gamma': False, 'optional_lambda': False, 'learning_rate': 0.18342913316323503, 'max_depth': 7, 'min_child_weight': 1.0473745016067069e-07, 'subsample': 0.546208886636798, 'n_bins': 119}. Best is trial 19 with value: 202.46196970852964.[0m
[32m[I 2025-04-08 22:04:03,665][0m Trial 36 finished with value: 339.143926433529 and parameters: {'optional_alpha': False, 'colsample_bylevel': 0.917137121216955, 'colsample_bytree': 0.8265846404031502, 'optional_gamma': False, 'optional_lambda': False, 'learning_rate': 0.0245841447934435, 'max_depth': 10, 'min_child_weight': 4.310726860534081e-06, 'subsample': 0.8293768962954309, 'n_bins': 80}. Best is trial 19 with value: 202.46196970852964.[0m
[32m[I 2025-04-08 22:04:20,801][0m Trial 37 finished with value: 225.56173412274876 and parameters: {'optional_alpha': False, 'colsample_bylevel': 0.7963095549013797, 'colsample_bytree': 0.7940727904596208, 'optional_gamma': True, 'gamma': 0.12753642801939621, 'optional_lambda': True, 'lambda': 0.1913205218763697, 'learning_rate': 0.2237875961035115, 'max_depth': 9, 'min_child_weight': 196.4263244073185, 'subsample': 0.7694737713321984, 'n_bins': 148}. Best is trial 19 with value: 202.46196970852964.[0m
[32m[I 2025-04-08 22:04:38,164][0m Trial 38 finished with value: 395.3794643264361 and parameters: {'optional_alpha': False, 'colsample_bylevel': 0.7865857005703327, 'colsample_bytree': 0.7863233768797818, 'optional_gamma': True, 'gamma': 0.06347043762865398, 'optional_lambda': True, 'lambda': 0.06836029938056058, 'learning_rate': 0.8464468170120403, 'max_depth': 10, 'min_child_weight': 28.12055255524658, 'subsample': 0.769792296982244, 'n_bins': 209}. Best is trial 19 with value: 202.46196970852964.[0m
[32m[I 2025-04-08 22:04:52,589][0m Trial 39 finished with value: 413.7503305004075 and parameters: {'optional_alpha': True, 'alpha': 3.491889030315616e-08, 'colsample_bylevel': 0.7580875470440719, 'colsample_bytree': 0.6709658369019376, 'optional_gamma': True, 'gamma': 24.61384410347178, 'optional_lambda': True, 'lambda': 0.5387105082448495, 'learning_rate': 0.17732028714052367, 'max_depth': 7, 'min_child_weight': 984.276494403799, 'subsample': 0.697222479591149, 'n_bins': 153}. Best is trial 19 with value: 202.46196970852964.[0m
[32m[I 2025-04-08 22:05:09,676][0m Trial 40 finished with value: 892.4930697832681 and parameters: {'optional_alpha': False, 'colsample_bylevel': 0.8089726694834586, 'colsample_bytree': 0.8026566225746299, 'optional_gamma': True, 'gamma': 4.1156058760902946e-05, 'optional_lambda': True, 'lambda': 6.707798498064413e-06, 'learning_rate': 1.14959303159793e-05, 'max_depth': 8, 'min_child_weight': 135.82258715181388, 'subsample': 0.5974120936923532, 'n_bins': 194}. Best is trial 19 with value: 202.46196970852964.[0m
[32m[I 2025-04-08 22:05:27,458][0m Trial 41 finished with value: 217.66224151433903 and parameters: {'optional_alpha': False, 'colsample_bylevel': 0.637713176648076, 'colsample_bytree': 0.7679106716466789, 'optional_gamma': True, 'gamma': 1.688955747678852e-06, 'optional_lambda': True, 'lambda': 1.6923429914292707, 'learning_rate': 0.24680260589553918, 'max_depth': 9, 'min_child_weight': 2.040342925818016, 'subsample': 0.6909259617831194, 'n_bins': 169}. Best is trial 19 with value: 202.46196970852964.[0m
[32m[I 2025-04-08 22:05:45,305][0m Trial 42 finished with value: 241.62984676443818 and parameters: {'optional_alpha': False, 'colsample_bylevel': 0.6371158219524674, 'colsample_bytree': 0.7730301973074909, 'optional_gamma': True, 'gamma': 3.2435200619764407e-06, 'optional_lambda': True, 'lambda': 1.6740363126858366, 'learning_rate': 0.10564478846861376, 'max_depth': 9, 'min_child_weight': 1.3348239999451816, 'subsample': 0.6615414678411735, 'n_bins': 173}. Best is trial 19 with value: 202.46196970852964.[0m
