using gpu: 0
{'cat_min_frequency': 0.0,
 'cat_nan_policy': 'new',
 'cat_policy': 'ordinal',
 'config': {'fit': {}, 'model': {'n_estimators': 2000}},
 'dataset': 'DIS_lab_LoS_8_Y',
 'dataset_path': 'data',
 'evaluate_option': 'best-val',
 'gpu': '0',
 'model_path': 'results_model',
 'model_type': 'lightgbm',
 'n_bins': 2,
 'n_trials': 50,
 'normalization': 'standard',
 'num_nan_policy': 'mean',
 'num_policy': 'none',
 'retune': False,
 'save_path': 'results_model/DIS_lab_LoS_8_Y-lightgbm-Tune/Norm-standard-Nan-mean-new-Cat-ordinal',
 'seed': 0,
 'seed_num': 1,
 'tune': True}
{'model': {'n_estimators': 2000}, 'fit': {'n_bins': 2}}
[LightGBM] [Info] Auto-choosing col-wise multi-threading, the overhead of testing was 0.758425 seconds.
You can set `force_col_wise=true` to remove the overhead.
[LightGBM] [Info] Total Bins 408000
[LightGBM] [Info] Number of data points in the train set: 214203, number of used features: 1600
[LightGBM] [Info] Start training from score 0.000000
[32m[I 2025-04-10 17:42:34,791][0m Trial 0 finished with value: 357.60483735740115 and parameters: {'num_leaves': 59, 'max_depth': 8, 'learning_rate': 0.06431172050131989, 'min_child_weight': 0.0015119336467641006, 'min_child_samples': 43, 'subsample': 0.8229470565333281, 'colsample_bytree': 0.7187936056313462, 'optional_reg_lambda': True, 'reg_lambda': 0.0008264328927007723, 'n_bins': 203}. Best is trial 0 with value: 357.60483735740115.[0m
[LightGBM] [Info] Auto-choosing col-wise multi-threading, the overhead of testing was 0.685724 seconds.
You can set `force_col_wise=true` to remove the overhead.
[LightGBM] [Info] Total Bins 408000
[LightGBM] [Info] Number of data points in the train set: 214203, number of used features: 1600
[LightGBM] [Info] Start training from score 0.000000
[32m[I 2025-04-10 17:43:11,891][0m Trial 1 finished with value: 284.40624603729424 and parameters: {'num_leaves': 58, 'max_depth': 7, 'learning_rate': 0.5981221901152552, 'min_child_weight': 1.923730509654649e-05, 'min_child_samples': 10, 'subsample': 0.5101091987201629, 'colsample_bytree': 0.916309922773969, 'optional_reg_lambda': True, 'reg_lambda': 0.7817928805172362, 'n_bins': 205}. Best is trial 1 with value: 284.40624603729424.[0m
[LightGBM] [Info] Auto-choosing col-wise multi-threading, the overhead of testing was 0.721539 seconds.
You can set `force_col_wise=true` to remove the overhead.
[LightGBM] [Info] Total Bins 408000
[LightGBM] [Info] Number of data points in the train set: 214203, number of used features: 1600
[LightGBM] [Info] Start training from score 0.000000
[32m[I 2025-04-10 17:43:52,048][0m Trial 2 finished with value: 783.3008944490817 and parameters: {'num_leaves': 51, 'max_depth': 9, 'learning_rate': 0.0022637229697395483, 'min_child_weight': 0.0036281404040243792, 'min_child_samples': 16, 'subsample': 0.972334458524792, 'colsample_bytree': 0.7609241608750359, 'optional_reg_lambda': False, 'n_bins': 199}. Best is trial 1 with value: 284.40624603729424.[0m
[LightGBM] [Info] Auto-choosing col-wise multi-threading, the overhead of testing was 0.745071 seconds.
You can set `force_col_wise=true` to remove the overhead.
[LightGBM] [Info] Total Bins 408000
[LightGBM] [Info] Number of data points in the train set: 214203, number of used features: 1600
[LightGBM] [Info] Start training from score 0.000000
[32m[I 2025-04-10 17:44:34,650][0m Trial 3 finished with value: 834.6790364189116 and parameters: {'num_leaves': 51, 'max_depth': 7, 'learning_rate': 0.0011385953381489414, 'min_child_weight': 0.002954894558726684, 'min_child_samples': 62, 'subsample': 0.8084669984373785, 'colsample_bytree': 0.9718740392573121, 'optional_reg_lambda': False, 'n_bins': 113}. Best is trial 1 with value: 284.40624603729424.[0m
[LightGBM] [Info] Auto-choosing col-wise multi-threading, the overhead of testing was 0.729919 seconds.
You can set `force_col_wise=true` to remove the overhead.
[LightGBM] [Info] Total Bins 408000
[LightGBM] [Info] Number of data points in the train set: 214203, number of used features: 1600
[LightGBM] [Info] Start training from score 0.000000
[32m[I 2025-04-10 17:45:00,342][0m Trial 4 finished with value: 460.1255054963746 and parameters: {'num_leaves': 73, 'max_depth': 3, 'learning_rate': 0.10006913513545575, 'min_child_weight': 0.004814503186400559, 'min_child_samples': 22, 'subsample': 0.5644631488274267, 'colsample_bytree': 0.6577141754620919, 'optional_reg_lambda': True, 'reg_lambda': 0.0015595796772974067, 'n_bins': 254}. Best is trial 1 with value: 284.40624603729424.[0m
[LightGBM] [Info] Auto-choosing col-wise multi-threading, the overhead of testing was 0.716363 seconds.
You can set `force_col_wise=true` to remove the overhead.
[LightGBM] [Info] Total Bins 408000
[LightGBM] [Info] Number of data points in the train set: 214203, number of used features: 1600
[LightGBM] [Info] Start training from score 0.000000
[32m[I 2025-04-10 17:45:28,414][0m Trial 5 finished with value: 778.1908133112662 and parameters: {'num_leaves': 19, 'max_depth': 4, 'learning_rate': 0.003047393617736388, 'min_child_weight': 0.004096691887503096, 'min_child_samples': 27, 'subsample': 0.7331553864281531, 'colsample_bytree': 0.6222127960008014, 'optional_reg_lambda': False, 'n_bins': 169}. Best is trial 1 with value: 284.40624603729424.[0m
[LightGBM] [Info] Auto-choosing col-wise multi-threading, the overhead of testing was 0.385454 seconds.
You can set `force_col_wise=true` to remove the overhead.
[LightGBM] [Info] Total Bins 408000
[LightGBM] [Info] Number of data points in the train set: 214203, number of used features: 1600
[LightGBM] [Info] Start training from score 0.000000
[32m[I 2025-04-10 17:45:55,374][0m Trial 6 finished with value: 581.5229019491629 and parameters: {'num_leaves': 22, 'max_depth': 4, 'learning_rate': 0.01276954761904551, 'min_child_weight': 0.01922971817485369, 'min_child_samples': 11, 'subsample': 0.918972453749402, 'colsample_bytree': 0.5480492039469815, 'optional_reg_lambda': False, 'n_bins': 251}. Best is trial 1 with value: 284.40624603729424.[0m
[LightGBM] [Info] Auto-choosing col-wise multi-threading, the overhead of testing was 0.535666 seconds.
You can set `force_col_wise=true` to remove the overhead.
[LightGBM] [Info] Total Bins 408000
[LightGBM] [Info] Number of data points in the train set: 214203, number of used features: 1600
[LightGBM] [Info] Start training from score 0.000000
[32m[I 2025-04-10 17:46:27,775][0m Trial 7 finished with value: 824.5340175314183 and parameters: {'num_leaves': 65, 'max_depth': 8, 'learning_rate': 0.001310881325831351, 'min_child_weight': 0.00013527821070347636, 'min_child_samples': 13, 'subsample': 0.6480700987610725, 'colsample_bytree': 0.559363859477122, 'optional_reg_lambda': True, 'reg_lambda': 2.092847008891181e-05, 'n_bins': 178}. Best is trial 1 with value: 284.40624603729424.[0m
[LightGBM] [Info] Auto-choosing col-wise multi-threading, the overhead of testing was 0.686394 seconds.
You can set `force_col_wise=true` to remove the overhead.
[LightGBM] [Info] Total Bins 408000
[LightGBM] [Info] Number of data points in the train set: 214203, number of used features: 1600
[LightGBM] [Info] Start training from score 0.000000
[LightGBM] [Warning] No further splits with positive gain, best gain: -inf
[LightGBM] [Warning] No further splits with positive gain, best gain: -inf
[LightGBM] [Warning] No further splits with positive gain, best gain: -inf
[LightGBM] [Warning] No further splits with positive gain, best gain: -inf
[LightGBM] [Warning] No further splits with positive gain, best gain: -inf
[LightGBM] [Warning] No further splits with positive gain, best gain: -inf
[LightGBM] [Warning] No further splits with positive gain, best gain: -inf
[LightGBM] [Warning] No further splits with positive gain, best gain: -inf
[LightGBM] [Warning] No further splits with positive gain, best gain: -inf
[32m[I 2025-04-10 17:46:56,733][0m Trial 8 finished with value: 435.40371149940125 and parameters: {'num_leaves': 61, 'max_depth': 5, 'learning_rate': 0.03713164249534621, 'min_child_weight': 2.3755383341274175e-05, 'min_child_samples': 59, 'subsample': 0.964648098788107, 'colsample_bytree': 0.6592844762256618, 'optional_reg_lambda': False, 'n_bins': 184}. Best is trial 1 with value: 284.40624603729424.[0m
[LightGBM] [Info] Auto-choosing col-wise multi-threading, the overhead of testing was 0.653409 seconds.
You can set `force_col_wise=true` to remove the overhead.
[LightGBM] [Info] Total Bins 408000
[LightGBM] [Info] Number of data points in the train set: 214203, number of used features: 1600
[LightGBM] [Info] Start training from score 0.000000
[LightGBM] [Warning] No further splits with positive gain, best gain: -inf
[LightGBM] [Warning] No further splits with positive gain, best gain: -inf
[32m[I 2025-04-10 17:47:23,245][0m Trial 9 finished with value: 443.3392962702914 and parameters: {'num_leaves': 36, 'max_depth': 4, 'learning_rate': 0.05748291778269796, 'min_child_weight': 1.2034559120184986e-05, 'min_child_samples': 84, 'subsample': 0.5023477380962735, 'colsample_bytree': 0.838908268398115, 'optional_reg_lambda': True, 'reg_lambda': 0.6470572767195607, 'n_bins': 65}. Best is trial 1 with value: 284.40624603729424.[0m
[LightGBM] [Info] Auto-choosing col-wise multi-threading, the overhead of testing was 0.664482 seconds.
You can set `force_col_wise=true` to remove the overhead.
[LightGBM] [Info] Total Bins 408000
[LightGBM] [Info] Number of data points in the train set: 214203, number of used features: 1600
[LightGBM] [Info] Start training from score 0.000000
[LightGBM] [Warning] No further splits with positive gain, best gain: -inf
[LightGBM] [Warning] No further splits with positive gain, best gain: -inf
[32m[I 2025-04-10 17:48:02,550][0m Trial 10 finished with value: 299.5553818941785 and parameters: {'num_leaves': 95, 'max_depth': 10, 'learning_rate': 0.7216635702812186, 'min_child_weight': 0.00018793823354596264, 'min_child_samples': 95, 'subsample': 0.6444684511398371, 'colsample_bytree': 0.9360600493172312, 'optional_reg_lambda': True, 'reg_lambda': 0.9357767816066499, 'n_bins': 17}. Best is trial 1 with value: 284.40624603729424.[0m
[LightGBM] [Info] Auto-choosing col-wise multi-threading, the overhead of testing was 0.855162 seconds.
You can set `force_col_wise=true` to remove the overhead.
[LightGBM] [Info] Total Bins 408000
[LightGBM] [Info] Number of data points in the train set: 214203, number of used features: 1600
[LightGBM] [Info] Start training from score 0.000000
[32m[I 2025-04-10 17:48:46,772][0m Trial 11 finished with value: 371.6220354951331 and parameters: {'num_leaves': 93, 'max_depth': 10, 'learning_rate': 0.9945911393063654, 'min_child_weight': 0.0001753149702840301, 'min_child_samples': 92, 'subsample': 0.6306519907555425, 'colsample_bytree': 0.986968794688829, 'optional_reg_lambda': True, 'reg_lambda': 0.6120842326638262, 'n_bins': 20}. Best is trial 1 with value: 284.40624603729424.[0m
[LightGBM] [Info] Auto-choosing col-wise multi-threading, the overhead of testing was 0.769804 seconds.
You can set `force_col_wise=true` to remove the overhead.
[LightGBM] [Info] Total Bins 408000
[LightGBM] [Info] Number of data points in the train set: 214203, number of used features: 1600
[LightGBM] [Info] Start training from score 0.000000
[LightGBM] [Warning] No further splits with positive gain, best gain: -inf
[LightGBM] [Warning] No further splits with positive gain, best gain: -inf
[LightGBM] [Warning] No further splits with positive gain, best gain: -inf
[LightGBM] [Warning] No further splits with positive gain, best gain: -inf
[LightGBM] [Warning] No further splits with positive gain, best gain: -inf
[LightGBM] [Warning] No further splits with positive gain, best gain: -inf
[LightGBM] [Warning] No further splits with positive gain, best gain: -inf
[LightGBM] [Warning] No further splits with positive gain, best gain: -inf
[LightGBM] [Warning] No further splits with positive gain, best gain: -inf
[LightGBM] [Warning] No further splits with positive gain, best gain: -inf
[LightGBM] [Warning] No further splits with positive gain, best gain: -inf
[LightGBM] [Warning] No further splits with positive gain, best gain: -inf
[LightGBM] [Warning] No further splits with positive gain, best gain: -inf
[LightGBM] [Warning] No further splits with positive gain, best gain: -inf
[LightGBM] [Warning] No further splits with positive gain, best gain: -inf
[LightGBM] [Warning] No further splits with positive gain, best gain: -inf
[LightGBM] [Warning] No further splits with positive gain, best gain: -inf
[LightGBM] [Warning] No further splits with positive gain, best gain: -inf
[LightGBM] [Warning] No further splits with positive gain, best gain: -inf
[LightGBM] [Warning] No further splits with positive gain, best gain: -inf
[LightGBM] [Warning] No further splits with positive gain, best gain: -inf
[LightGBM] [Warning] No further splits with positive gain, best gain: -inf
[LightGBM] [Warning] No further splits with positive gain, best gain: -inf
[LightGBM] [Warning] No further splits with positive gain, best gain: -inf
[LightGBM] [Warning] No further splits with positive gain, best gain: -inf
[LightGBM] [Warning] No further splits with positive gain, best gain: -inf
[LightGBM] [Warning] No further splits with positive gain, best gain: -inf
[LightGBM] [Warning] No further splits with positive gain, best gain: -inf
[LightGBM] [Warning] No further splits with positive gain, best gain: -inf
[LightGBM] [Warning] No further splits with positive gain, best gain: -inf
[LightGBM] [Warning] No further splits with positive gain, best gain: -inf
[LightGBM] [Warning] No further splits with positive gain, best gain: -inf
[LightGBM] [Warning] No further splits with positive gain, best gain: -inf
[LightGBM] [Warning] No further splits with positive gain, best gain: -inf
[LightGBM] [Warning] No further splits with positive gain, best gain: -inf
[LightGBM] [Warning] No further splits with positive gain, best gain: -inf
[LightGBM] [Warning] No further splits with positive gain, best gain: -inf
[LightGBM] [Warning] No further splits with positive gain, best gain: -inf
[LightGBM] [Warning] No further splits with positive gain, best gain: -inf
[LightGBM] [Warning] No further splits with positive gain, best gain: -inf
[LightGBM] [Warning] No further splits with positive gain, best gain: -inf
[LightGBM] [Warning] No further splits with positive gain, best gain: -inf
[LightGBM] [Warning] No further splits with positive gain, best gain: -inf
[LightGBM] [Warning] No further splits with positive gain, best gain: -inf
[LightGBM] [Warning] No further splits with positive gain, best gain: -inf
[LightGBM] [Warning] No further splits with positive gain, best gain: -inf
[LightGBM] [Warning] No further splits with positive gain, best gain: -inf
[LightGBM] [Warning] No further splits with positive gain, best gain: -inf
[LightGBM] [Warning] No further splits with positive gain, best gain: -inf
[LightGBM] [Warning] No further splits with positive gain, best gain: -inf
[LightGBM] [Warning] No further splits with positive gain, best gain: -inf
[LightGBM] [Warning] No further splits with positive gain, best gain: -inf
[LightGBM] [Warning] No further splits with positive gain, best gain: -inf
[LightGBM] [Warning] No further splits with positive gain, best gain: -inf
[LightGBM] [Warning] No further splits with positive gain, best gain: -inf
[LightGBM] [Warning] No further splits with positive gain, best gain: -inf
[LightGBM] [Warning] No further splits with positive gain, best gain: -inf
[LightGBM] [Warning] No further splits with positive gain, best gain: -inf
[LightGBM] [Warning] No further splits with positive gain, best gain: -inf
[LightGBM] [Warning] No further splits with positive gain, best gain: -inf
[LightGBM] [Warning] No further splits with positive gain, best gain: -inf
[LightGBM] [Warning] No further splits with positive gain, best gain: -inf
[LightGBM] [Warning] No further splits with positive gain, best gain: -inf
[LightGBM] [Warning] No further splits with positive gain, best gain: -inf
[LightGBM] [Warning] No further splits with positive gain, best gain: -inf
[LightGBM] [Warning] No further splits with positive gain, best gain: -inf
[LightGBM] [Warning] No further splits with positive gain, best gain: -inf
[LightGBM] [Warning] No further splits with positive gain, best gain: -inf
[LightGBM] [Warning] No further splits with positive gain, best gain: -inf
[LightGBM] [Warning] No further splits with positive gain, best gain: -inf
[LightGBM] [Warning] No further splits with positive gain, best gain: -inf
[LightGBM] [Warning] No further splits with positive gain, best gain: -inf
[LightGBM] [Warning] No further splits with positive gain, best gain: -inf
[LightGBM] [Warning] No further splits with positive gain, best gain: -inf
[LightGBM] [Warning] No further splits with positive gain, best gain: -inf
[LightGBM] [Warning] No further splits with positive gain, best gain: -inf
[LightGBM] [Warning] No further splits with positive gain, best gain: -inf
[LightGBM] [Warning] No further splits with positive gain, best gain: -inf
[LightGBM] [Warning] No further splits with positive gain, best gain: -inf
[LightGBM] [Warning] No further splits with positive gain, best gain: -inf
[LightGBM] [Warning] No further splits with positive gain, best gain: -inf
[LightGBM] [Warning] No further splits with positive gain, best gain: -inf
[LightGBM] [Warning] No further splits with positive gain, best gain: -inf
[LightGBM] [Warning] No further splits with positive gain, best gain: -inf
[LightGBM] [Warning] No further splits with positive gain, best gain: -inf
[LightGBM] [Warning] No further splits with positive gain, best gain: -inf
[LightGBM] [Warning] No further splits with positive gain, best gain: -inf
[LightGBM] [Warning] No further splits with positive gain, best gain: -inf
[LightGBM] [Warning] No further splits with positive gain, best gain: -inf
[LightGBM] [Warning] No further splits with positive gain, best gain: -inf
[LightGBM] [Warning] No further splits with positive gain, best gain: -inf
[LightGBM] [Warning] No further splits with positive gain, best gain: -inf
[LightGBM] [Warning] No further splits with positive gain, best gain: -inf
[LightGBM] [Warning] No further splits with positive gain, best gain: -inf
[32m[I 2025-04-10 17:49:21,649][0m Trial 12 finished with value: 337.1331565587506 and parameters: {'num_leaves': 97, 'max_depth': 6, 'learning_rate': 0.9209059274716836, 'min_child_weight': 0.0001143974986319474, 'min_child_samples': 76, 'subsample': 0.5008328174795822, 'colsample_bytree': 0.8876716956816, 'optional_reg_lambda': True, 'reg_lambda': 0.0639671207403584, 'n_bins': 9}. Best is trial 1 with value: 284.40624603729424.[0m
[LightGBM] [Info] Auto-choosing col-wise multi-threading, the overhead of testing was 0.825952 seconds.
You can set `force_col_wise=true` to remove the overhead.
[LightGBM] [Info] Total Bins 408000
[LightGBM] [Info] Number of data points in the train set: 214203, number of used features: 1600
[LightGBM] [Info] Start training from score 0.000000
[32m[I 2025-04-10 17:50:02,783][0m Trial 13 finished with value: 244.85615688352183 and parameters: {'num_leaves': 82, 'max_depth': 10, 'learning_rate': 0.31321153450176475, 'min_child_weight': 4.48588488438161e-05, 'min_child_samples': 40, 'subsample': 0.6467244905993274, 'colsample_bytree': 0.8882630222006828, 'optional_reg_lambda': True, 'reg_lambda': 0.05583730654512241, 'n_bins': 125}. Best is trial 13 with value: 244.85615688352183.[0m
[LightGBM] [Info] Auto-choosing col-wise multi-threading, the overhead of testing was 0.788178 seconds.
You can set `force_col_wise=true` to remove the overhead.
[LightGBM] [Info] Total Bins 408000
[LightGBM] [Info] Number of data points in the train set: 214203, number of used features: 1600
[LightGBM] [Info] Start training from score 0.000000
[LightGBM] [Warning] No further splits with positive gain, best gain: -inf
[32m[I 2025-04-10 17:50:36,826][0m Trial 14 finished with value: 258.14254554406097 and parameters: {'num_leaves': 79, 'max_depth': 7, 'learning_rate': 0.2566300296835481, 'min_child_weight': 3.8820047079601927e-05, 'min_child_samples': 38, 'subsample': 0.5719994418156998, 'colsample_bytree': 0.8155480698204522, 'optional_reg_lambda': True, 'reg_lambda': 0.020003590318161478, 'n_bins': 121}. Best is trial 13 with value: 244.85615688352183.[0m
[LightGBM] [Info] Auto-choosing col-wise multi-threading, the overhead of testing was 0.682907 seconds.
You can set `force_col_wise=true` to remove the overhead.
[LightGBM] [Info] Total Bins 408000
[LightGBM] [Info] Number of data points in the train set: 214203, number of used features: 1600
[LightGBM] [Info] Start training from score 0.000000
[32m[I 2025-04-10 17:51:13,602][0m Trial 15 finished with value: 248.03977545855642 and parameters: {'num_leaves': 78, 'max_depth': 9, 'learning_rate': 0.2551604159901272, 'min_child_weight': 4.949133181572869e-05, 'min_child_samples': 37, 'subsample': 0.7158998594096244, 'colsample_bytree': 0.8040608591736728, 'optional_reg_lambda': True, 'reg_lambda': 0.020055071580562057, 'n_bins': 123}. Best is trial 13 with value: 244.85615688352183.[0m
[LightGBM] [Info] Auto-choosing col-wise multi-threading, the overhead of testing was 0.730676 seconds.
You can set `force_col_wise=true` to remove the overhead.
[LightGBM] [Info] Total Bins 408000
[LightGBM] [Info] Number of data points in the train set: 214203, number of used features: 1600
[LightGBM] [Info] Start training from score 0.000000
