[32m[I 2025-04-08 23:08:39,544][0m Trial 42 finished with value: 152.81576295295122 and parameters: {'optional_alpha': True, 'alpha': 0.00264175557883567, 'colsample_bylevel': 0.5988828755780155, 'colsample_bytree': 0.8726220269894921, 'optional_gamma': False, 'optional_lambda': False, 'learning_rate': 0.12200502851389745, 'max_depth': 10, 'min_child_weight': 1.1526134455662418, 'subsample': 0.939071962750876, 'n_bins': 114}. Best is trial 42 with value: 152.81576295295122.[0m
[32m[I 2025-04-08 23:09:23,706][0m Trial 43 finished with value: 308.98427451198245 and parameters: {'optional_alpha': True, 'alpha': 0.0011081170700549814, 'colsample_bylevel': 0.5928495992113423, 'colsample_bytree': 0.8738523124455179, 'optional_gamma': False, 'optional_lambda': False, 'learning_rate': 0.02086352839312599, 'max_depth': 10, 'min_child_weight': 2.998221463479522, 'subsample': 0.9461460067638133, 'n_bins': 161}. Best is trial 42 with value: 152.81576295295122.[0m
[32m[I 2025-04-08 23:10:07,726][0m Trial 44 finished with value: 155.7454658141269 and parameters: {'optional_alpha': True, 'alpha': 9.250278317610192e-05, 'colsample_bylevel': 0.622908727808863, 'colsample_bytree': 0.8286676005381745, 'optional_gamma': False, 'optional_lambda': False, 'learning_rate': 0.10996582852538685, 'max_depth': 10, 'min_child_weight': 0.8722522744543112, 'subsample': 0.9978767951887724, 'n_bins': 109}. Best is trial 42 with value: 152.81576295295122.[0m
[32m[I 2025-04-08 23:10:50,886][0m Trial 45 finished with value: 153.74794444926755 and parameters: {'optional_alpha': True, 'alpha': 8.125098545539274e-05, 'colsample_bylevel': 0.534925135837608, 'colsample_bytree': 0.8284933713765228, 'optional_gamma': False, 'optional_lambda': False, 'learning_rate': 0.12399526960731787, 'max_depth': 10, 'min_child_weight': 1.664571367730456, 'subsample': 0.9901530672935575, 'n_bins': 133}. Best is trial 42 with value: 152.81576295295122.[0m
[32m[I 2025-04-08 23:11:21,597][0m Trial 46 finished with value: 446.2715713590906 and parameters: {'optional_alpha': True, 'alpha': 6.35584304239451e-05, 'colsample_bylevel': 0.5282894937605948, 'colsample_bytree': 0.821970371501005, 'optional_gamma': False, 'optional_lambda': False, 'learning_rate': 0.028436121201245515, 'max_depth': 4, 'min_child_weight': 0.0073539023346656344, 'subsample': 0.9727779859770088, 'n_bins': 109}. Best is trial 42 with value: 152.81576295295122.[0m
[32m[I 2025-04-08 23:11:59,117][0m Trial 47 finished with value: 174.95020820759117 and parameters: {'optional_alpha': True, 'alpha': 9.881242835815425e-06, 'colsample_bylevel': 0.5613976725617871, 'colsample_bytree': 0.8339172665572709, 'optional_gamma': False, 'optional_lambda': False, 'learning_rate': 0.09976089383288525, 'max_depth': 9, 'min_child_weight': 1.3451891032418617, 'subsample': 0.9895592838349943, 'n_bins': 111}. Best is trial 42 with value: 152.81576295295122.[0m
[32m[I 2025-04-08 23:12:42,457][0m Trial 48 finished with value: 197.99307299713615 and parameters: {'optional_alpha': True, 'alpha': 0.0003019545482153558, 'colsample_bylevel': 0.592674063427969, 'colsample_bytree': 0.8723885612300281, 'optional_gamma': False, 'optional_lambda': False, 'learning_rate': 0.05569327611859903, 'max_depth': 10, 'min_child_weight': 0.015668912267488073, 'subsample': 0.9988274634342256, 'n_bins': 157}. Best is trial 42 with value: 152.81576295295122.[0m
[32m[I 2025-04-08 23:13:20,667][0m Trial 49 finished with value: 873.9395847596223 and parameters: {'optional_alpha': True, 'alpha': 3.1978198745293204e-05, 'colsample_bylevel': 0.5353593747146866, 'colsample_bytree': 0.7745414169385536, 'optional_gamma': False, 'optional_lambda': True, 'lambda': 1.2539702328296833, 'learning_rate': 0.0002953634225993592, 'max_depth': 9, 'min_child_weight': 0.0014737888587338982, 'subsample': 0.9580623380807528, 'n_bins': 135}. Best is trial 42 with value: 152.81576295295122.[0m
Best Hyper-Parameters
{'model': {'alpha': 0.00264175557883567, 'colsample_bylevel': 0.5988828755780155, 'colsample_bytree': 0.8726220269894921, 'gamma': 0, 'lambda': 0, 'learning_rate': 0.12200502851389745, 'max_depth': 10, 'min_child_weight': 1.1526134455662418, 'subsample': 0.939071962750876, 'tree_method': 'gpu_hist', 'gpu_id': '0'}, 'fit': {'n_bins': 114, 'verbose': False}}
{'model': {'alpha': 0.00264175557883567, 'colsample_bylevel': 0.5988828755780155, 'colsample_bytree': 0.8726220269894921, 'gamma': 0, 'lambda': 0, 'learning_rate': 0.12200502851389745, 'max_depth': 10, 'min_child_weight': 1.1526134455662418, 'subsample': 0.939071962750876, 'tree_method': 'gpu_hist', 'gpu_id': '0'}, 'fit': {'n_bins': 114, 'verbose': False}}
xgboost: 1 Trials
MAE Results: 1.04329929e+02
MAE MEAN = 1.04329929e+02 ± 0.00000000e+00
R2 Results: 9.71821888e-01
R2 MEAN = 9.71821888e-01 ± 0.00000000e+00
RMSE Results: 1.49565023e+02
RMSE MEAN = 1.49565023e+02 ± 0.00000000e+00
Time Results: 23.19280958
Time MEAN = 23.19280958 ± 0.00000000
-------------------- GPU info --------------------
1 GPU Available.
GPU 0: NVIDIA A100-PCIE-40GB MIG 7g.40gb
  Total Memory:          40339.3125 MB
  Multi Processor Count: 98
  Compute Capability:    8.0
--------------------------------------------------
