[32m[I 2025-04-10 19:17:23,022][0m Trial 43 finished with value: 248.52097797032604 and parameters: {'num_leaves': 68, 'max_depth': 8, 'learning_rate': 0.07016537869092665, 'min_child_weight': 0.010627093123263912, 'min_child_samples': 68, 'subsample': 0.9432956977411759, 'colsample_bytree': 0.9268233243225127, 'optional_reg_lambda': False, 'n_bins': 152}. Best is trial 41 with value: 174.1428989645851.[0m
[LightGBM] [Info] Auto-choosing col-wise multi-threading, the overhead of testing was 1.607834 seconds.
You can set `force_col_wise=true` to remove the overhead.
[LightGBM] [Info] Total Bins 816000
[LightGBM] [Info] Number of data points in the train set: 214203, number of used features: 3200
[LightGBM] [Info] Start training from score 0.000000
[LightGBM] [Warning] No further splits with positive gain, best gain: -inf
[LightGBM] [Warning] No further splits with positive gain, best gain: -inf
[LightGBM] [Warning] No further splits with positive gain, best gain: -inf
[32m[I 2025-04-10 19:19:01,920][0m Trial 44 finished with value: 238.793888155983 and parameters: {'num_leaves': 90, 'max_depth': 9, 'learning_rate': 0.7258685586870768, 'min_child_weight': 0.0017713093979132464, 'min_child_samples': 57, 'subsample': 0.9394903033068285, 'colsample_bytree': 0.9995581326649685, 'optional_reg_lambda': False, 'n_bins': 118}. Best is trial 41 with value: 174.1428989645851.[0m
[LightGBM] [Info] Auto-choosing col-wise multi-threading, the overhead of testing was 1.684350 seconds.
You can set `force_col_wise=true` to remove the overhead.
[LightGBM] [Info] Total Bins 816000
[LightGBM] [Info] Number of data points in the train set: 214203, number of used features: 3200
[LightGBM] [Info] Start training from score 0.000000
[32m[I 2025-04-10 19:20:08,148][0m Trial 45 finished with value: 311.57676996216793 and parameters: {'num_leaves': 61, 'max_depth': 3, 'learning_rate': 0.26803665398058335, 'min_child_weight': 0.0011487508646772146, 'min_child_samples': 78, 'subsample': 0.991693481157646, 'colsample_bytree': 0.956691029592872, 'optional_reg_lambda': False, 'n_bins': 171}. Best is trial 41 with value: 174.1428989645851.[0m
[LightGBM] [Info] Auto-choosing col-wise multi-threading, the overhead of testing was 1.664587 seconds.
You can set `force_col_wise=true` to remove the overhead.
[LightGBM] [Info] Total Bins 816000
[LightGBM] [Info] Number of data points in the train set: 214203, number of used features: 3200
[LightGBM] [Info] Start training from score 0.000000
[32m[I 2025-04-10 19:21:53,963][0m Trial 46 finished with value: 208.6116561232541 and parameters: {'num_leaves': 94, 'max_depth': 10, 'learning_rate': 0.0886586662385315, 'min_child_weight': 0.002638973830710417, 'min_child_samples': 73, 'subsample': 0.9605765291956747, 'colsample_bytree': 0.980695203934953, 'optional_reg_lambda': False, 'n_bins': 76}. Best is trial 41 with value: 174.1428989645851.[0m
[LightGBM] [Info] Auto-choosing col-wise multi-threading, the overhead of testing was 1.532630 seconds.
You can set `force_col_wise=true` to remove the overhead.
[LightGBM] [Info] Total Bins 816000
[LightGBM] [Info] Number of data points in the train set: 214203, number of used features: 3200
[LightGBM] [Info] Start training from score 0.000000
[LightGBM] [Warning] No further splits with positive gain, best gain: -inf
[LightGBM] [Warning] No further splits with positive gain, best gain: -inf
[LightGBM] [Warning] No further splits with positive gain, best gain: -inf
[LightGBM] [Warning] No further splits with positive gain, best gain: -inf
[LightGBM] [Warning] No further splits with positive gain, best gain: -inf
[LightGBM] [Warning] No further splits with positive gain, best gain: -inf
[LightGBM] [Warning] No further splits with positive gain, best gain: -inf
[LightGBM] [Warning] No further splits with positive gain, best gain: -inf
[LightGBM] [Warning] No further splits with positive gain, best gain: -inf
[LightGBM] [Warning] No further splits with positive gain, best gain: -inf
[LightGBM] [Warning] No further splits with positive gain, best gain: -inf
[LightGBM] [Warning] No further splits with positive gain, best gain: -inf
[LightGBM] [Warning] No further splits with positive gain, best gain: -inf
[32m[I 2025-04-10 19:23:12,534][0m Trial 47 finished with value: 201.42199801742606 and parameters: {'num_leaves': 84, 'max_depth': 7, 'learning_rate': 0.4989566725101527, 'min_child_weight': 0.005693057568918551, 'min_child_samples': 64, 'subsample': 0.9129329303445521, 'colsample_bytree': 0.9356447067696896, 'optional_reg_lambda': False, 'n_bins': 136}. Best is trial 41 with value: 174.1428989645851.[0m
[LightGBM] [Info] Auto-choosing col-wise multi-threading, the overhead of testing was 1.518129 seconds.
You can set `force_col_wise=true` to remove the overhead.
[LightGBM] [Info] Total Bins 816000
[LightGBM] [Info] Number of data points in the train set: 214203, number of used features: 3200
[LightGBM] [Info] Start training from score 0.000000
[32m[I 2025-04-10 19:24:45,641][0m Trial 48 finished with value: 261.9664526494724 and parameters: {'num_leaves': 87, 'max_depth': 9, 'learning_rate': 0.05044293624553429, 'min_child_weight': 0.0037476158776409327, 'min_child_samples': 83, 'subsample': 0.8821507562576416, 'colsample_bytree': 0.8450949672401267, 'optional_reg_lambda': False, 'n_bins': 86}. Best is trial 41 with value: 174.1428989645851.[0m
[LightGBM] [Info] Auto-choosing col-wise multi-threading, the overhead of testing was 1.130197 seconds.
You can set `force_col_wise=true` to remove the overhead.
[LightGBM] [Info] Total Bins 816000
[LightGBM] [Info] Number of data points in the train set: 214203, number of used features: 3200
[LightGBM] [Info] Start training from score 0.000000
[32m[I 2025-04-10 19:25:49,873][0m Trial 49 finished with value: 212.4866601582857 and parameters: {'num_leaves': 27, 'max_depth': 10, 'learning_rate': 0.4223722964526581, 'min_child_weight': 0.014883398678344716, 'min_child_samples': 64, 'subsample': 0.9713876399755262, 'colsample_bytree': 0.5099232081543912, 'optional_reg_lambda': False, 'n_bins': 41}. Best is trial 41 with value: 174.1428989645851.[0m
Best Hyper-Parameters
{'model': {'num_leaves': 82, 'max_depth': 9, 'learning_rate': 0.2631805559811906, 'min_child_weight': 0.0016546703254623238, 'min_child_samples': 58, 'subsample': 0.9935700838821857, 'colsample_bytree': 0.9625454015261858, 'reg_lambda': 0.0}, 'fit': {'n_bins': 123}}
{'model': {'num_leaves': 82, 'max_depth': 9, 'learning_rate': 0.2631805559811906, 'min_child_weight': 0.0016546703254623238, 'min_child_samples': 58, 'subsample': 0.9935700838821857, 'colsample_bytree': 0.9625454015261858, 'reg_lambda': 0.0}, 'fit': {'n_bins': 123}}
[LightGBM] [Info] Auto-choosing col-wise multi-threading, the overhead of testing was 1.475750 seconds.
You can set `force_col_wise=true` to remove the overhead.
[LightGBM] [Info] Total Bins 816000
[LightGBM] [Info] Number of data points in the train set: 214203, number of used features: 3200
[LightGBM] [Info] Start training from score 0.000000
lightgbm: 1 Trials
MAE Results: 1.31286249e+02
MAE MEAN = 1.31286249e+02 ± 0.00000000e+00
R2 Results: 9.57927711e-01
R2 MEAN = 9.57927711e-01 ± 0.00000000e+00
RMSE Results: 1.75021905e+02
RMSE MEAN = 1.75021905e+02 ± 0.00000000e+00
Time Results: 79.56663156
Time MEAN = 79.56663156 ± 0.00000000
-------------------- GPU info --------------------
1 GPU Available.
GPU 0: NVIDIA A100-PCIE-40GB MIG 7g.40gb
  Total Memory:          40326.375 MB
  Multi Processor Count: 98
  Compute Capability:    8.0
--------------------------------------------------
