using gpu: 0
{'cat_min_frequency': 0.0,
 'cat_nan_policy': 'new',
 'cat_policy': 'indices',
 'config': {'fit': {'logging_level': 'Silent'},
            'model': {'early_stopping_rounds': 50,
                      'loss_function': 'MultiRMSE',
                      'n_estimators': 2000,
                      'od_pval': 0.001}},
 'dataset': 'DIS_lab_LoS_8_X',
 'dataset_path': 'data',
 'evaluate_option': 'best-val',
 'gpu': '0',
 'model_path': 'results_model',
 'model_type': 'catboost',
 'n_bins': 2,
 'n_trials': 20,
 'normalization': 'standard',
 'num_nan_policy': 'mean',
 'num_policy': 'none',
 'retune': False,
 'save_path': 'results_model/DIS_lab_LoS_8_X-catboost-Tune/Norm-standard-Nan-mean-new-Cat-indices',
 'seed': 0,
 'seed_num': 1,
 'tune': True}
{'fit': {'logging_level': 'Silent', 'n_bins': 2}, 'model': {'early_stopping_rounds': 50, 'n_estimators': 2000, 'od_pval': 0.001, 'loss_function': 'MultiRMSE'}}
[32m[I 2025-04-09 08:57:48,478][0m Trial 0 finished with value: 494.8377671104813 and parameters: {'bagging_temperature': 0.5488135039273248, 'depth': 8, 'l2_leaf_reg': 4.006483661964395, 'leaf_estimation_iterations': 6, 'learning_rate': 0.0013130280280658588, 'n_bins': 166}. Best is trial 0 with value: 494.8377671104813.[0m
[32m[I 2025-04-09 09:07:17,257][0m Trial 1 finished with value: 124.27658863068919 and parameters: {'bagging_temperature': 0.4375872112626925, 'depth': 10, 'l2_leaf_reg': 9.197350992568118, 'leaf_estimation_iterations': 4, 'learning_rate': 0.09091283280651452, 'n_bins': 136}. Best is trial 1 with value: 124.27658863068919.[0m
[32m[I 2025-04-09 09:18:28,652][0m Trial 2 finished with value: 844.5685241882303 and parameters: {'bagging_temperature': 0.5680445610939323, 'depth': 10, 'l2_leaf_reg': 1.177703750752171, 'leaf_estimation_iterations': 1, 'learning_rate': 1.2620948285169303e-05, 'n_bins': 214}. Best is trial 1 with value: 124.27658863068919.[0m
[32m[I 2025-04-09 09:24:14,475][0m Trial 3 finished with value: 425.654657007904 and parameters: {'bagging_temperature': 0.7781567509498505, 'depth': 9, 'l2_leaf_reg': 9.519592150539829, 'leaf_estimation_iterations': 8, 'learning_rate': 0.002029536243043473, 'n_bins': 201}. Best is trial 1 with value: 124.27658863068919.[0m
[32m[I 2025-04-09 09:29:58,481][0m Trial 4 finished with value: 387.5295285373657 and parameters: {'bagging_temperature': 0.11827442586893322, 'depth': 8, 'l2_leaf_reg': 1.3910837820057878, 'leaf_estimation_iterations': 10, 'learning_rate': 0.0040666950653938435, 'n_bins': 107}. Best is trial 1 with value: 124.27658863068919.[0m
[32m[I 2025-04-09 09:35:19,476][0m Trial 5 finished with value: 844.8378589773897 and parameters: {'bagging_temperature': 0.26455561210462697, 'depth': 9, 'l2_leaf_reg': 2.858579877336973, 'leaf_estimation_iterations': 6, 'learning_rate': 1.2415065128756008e-05, 'n_bins': 159}. Best is trial 1 with value: 124.27658863068919.[0m
[32m[I 2025-04-09 09:39:30,805][0m Trial 6 finished with value: 624.0282995192495 and parameters: {'bagging_temperature': 0.6120957227224214, 'depth': 7, 'l2_leaf_reg': 8.785127695211985, 'leaf_estimation_iterations': 7, 'learning_rate': 0.0006273927602293597, 'n_bins': 113}. Best is trial 1 with value: 124.27658863068919.[0m
[32m[I 2025-04-09 09:43:47,042][0m Trial 7 finished with value: 809.0181715367142 and parameters: {'bagging_temperature': 0.6976311959272649, 'depth': 3, 'l2_leaf_reg': 4.642658243447122, 'leaf_estimation_iterations': 7, 'learning_rate': 0.00011269711680133673, 'n_bins': 34}. Best is trial 1 with value: 124.27658863068919.[0m
[32m[I 2025-04-09 09:45:16,061][0m Trial 8 finished with value: 185.0710855917872 and parameters: {'bagging_temperature': 0.31542835092418386, 'depth': 5, 'l2_leaf_reg': 3.717036026537111, 'leaf_estimation_iterations': 5, 'learning_rate': 0.8747202693855005, 'n_bins': 28}. Best is trial 1 with value: 124.27658863068919.[0m
[32m[I 2025-04-09 09:51:32,779][0m Trial 9 finished with value: 501.7665705229258 and parameters: {'bagging_temperature': 0.2088767560948347, 'depth': 4, 'l2_leaf_reg': 4.498920568462264, 'leaf_estimation_iterations': 3, 'learning_rate': 0.0021456252149689046, 'n_bins': 64}. Best is trial 1 with value: 124.27658863068919.[0m
[32m[I 2025-04-09 09:57:08,149][0m Trial 10 finished with value: 181.3080563532783 and parameters: {'bagging_temperature': 0.9406721260474019, 'depth': 6, 'l2_leaf_reg': 2.1726151738890094, 'leaf_estimation_iterations': 3, 'learning_rate': 0.13209343650657318, 'n_bins': 250}. Best is trial 1 with value: 124.27658863068919.[0m
[32m[I 2025-04-09 10:02:47,914][0m Trial 11 finished with value: 175.7495979968125 and parameters: {'bagging_temperature': 0.9170695369245536, 'depth': 6, 'l2_leaf_reg': 2.0226545861479037, 'leaf_estimation_iterations': 3, 'learning_rate': 0.1490235231179998, 'n_bins': 251}. Best is trial 1 with value: 124.27658863068919.[0m
[32m[I 2025-04-09 10:07:09,148][0m Trial 12 finished with value: 281.81970253413596 and parameters: {'bagging_temperature': 0.4204592667166979, 'depth': 6, 'l2_leaf_reg': 1.904078018235992, 'leaf_estimation_iterations': 3, 'learning_rate': 0.02988879384876776, 'n_bins': 245}. Best is trial 1 with value: 124.27658863068919.[0m
[32m[I 2025-04-09 10:13:51,503][0m Trial 13 finished with value: 257.4194070421768 and parameters: {'bagging_temperature': 0.9207916848524236, 'depth': 5, 'l2_leaf_reg': 6.37719188982155, 'leaf_estimation_iterations': 1, 'learning_rate': 0.05442549663054823, 'n_bins': 78}. Best is trial 1 with value: 124.27658863068919.[0m
[32m[I 2025-04-09 10:18:27,120][0m Trial 14 finished with value: 173.04689693684347 and parameters: {'bagging_temperature': 0.02105872283772492, 'depth': 7, 'l2_leaf_reg': 2.1926977891368065, 'leaf_estimation_iterations': 4, 'learning_rate': 0.6975112621728748, 'n_bins': 168}. Best is trial 1 with value: 124.27658863068919.[0m
[32m[I 2025-04-09 10:28:01,555][0m Trial 15 finished with value: 211.124436057026 and parameters: {'bagging_temperature': 0.017600636416721716, 'depth': 10, 'l2_leaf_reg': 2.848508899251728, 'leaf_estimation_iterations': 4, 'learning_rate': 0.7249981497414637, 'n_bins': 133}. Best is trial 1 with value: 124.27658863068919.[0m
[32m[I 2025-04-09 10:32:07,420][0m Trial 16 finished with value: 269.05151347482087 and parameters: {'bagging_temperature': 0.443555120375618, 'depth': 8, 'l2_leaf_reg': 1.4902846068637832, 'leaf_estimation_iterations': 5, 'learning_rate': 0.017967781924505245, 'n_bins': 162}. Best is trial 1 with value: 124.27658863068919.[0m
[32m[I 2025-04-09 10:35:51,375][0m Trial 17 finished with value: 149.81944561496502 and parameters: {'bagging_temperature': 8.015780612891099e-05, 'depth': 7, 'l2_leaf_reg': 6.440951987750793, 'leaf_estimation_iterations': 2, 'learning_rate': 0.200199448832011, 'n_bins': 190}. Best is trial 1 with value: 124.27658863068919.[0m
[32m[I 2025-04-09 10:42:31,757][0m Trial 18 finished with value: 288.2594082768465 and parameters: {'bagging_temperature': 0.37113711656191883, 'depth': 9, 'l2_leaf_reg': 6.764808433635305, 'leaf_estimation_iterations': 2, 'learning_rate': 0.01124050233401267, 'n_bins': 204}. Best is trial 1 with value: 124.27658863068919.[0m
[32m[I 2025-04-09 10:51:02,648][0m Trial 19 finished with value: 121.24333825578606 and parameters: {'bagging_temperature': 0.17768898802769995, 'depth': 10, 'l2_leaf_reg': 6.386066505634595, 'leaf_estimation_iterations': 2, 'learning_rate': 0.12291540652528196, 'n_bins': 123}. Best is trial 19 with value: 121.24333825578606.[0m
Best Hyper-Parameters
{'model': {'bagging_temperature': 0.17768898802769995, 'depth': 10, 'l2_leaf_reg': 6.386066505634595, 'leaf_estimation_iterations': 2, 'learning_rate': 0.12291540652528196}, 'fit': {'n_bins': 123, 'logging_level': 'Silent'}}
{'model': {'bagging_temperature': 0.17768898802769995, 'depth': 10, 'l2_leaf_reg': 6.386066505634595, 'leaf_estimation_iterations': 2, 'learning_rate': 0.12291540652528196}, 'fit': {'n_bins': 123, 'logging_level': 'Silent'}}
catboost: 1 Trials
MAE Results: 9.02676274e+01
MAE MEAN = 9.02676274e+01 Â± 0.00000000e+00
R2 Results: 9.80082962e-01
R2 MEAN = 9.80082962e-01 Â± 0.00000000e+00
RMSE Results: 1.20422242e+02
RMSE MEAN = 1.20422242e+02 Â± 0.00000000e+00
Time Results: 359.33391857
Time MEAN = 359.33391857 Â± 0.00000000
-------------------- GPU info --------------------
1 GPU Available.
GPU 0: NVIDIA A100-PCIE-40GB MIG 7g.40gb
  Total Memory:          40339.3125 MB
  Multi Processor Count: 98
  Compute Capability:    8.0
--------------------------------------------------
