[32m[I 2025-04-08 22:35:10,297][0m Trial 41 finished with value: 142.3380425973886 and parameters: {'optional_alpha': True, 'alpha': 0.00018147558296268155, 'colsample_bylevel': 0.807906201480018, 'colsample_bytree': 0.8733513822334436, 'optional_gamma': True, 'gamma': 5.2718526413194635e-06, 'optional_lambda': True, 'lambda': 0.0008123129252055943, 'learning_rate': 0.10183092301775594, 'max_depth': 10, 'min_child_weight': 0.1054289976012284, 'subsample': 0.8450002055813304, 'n_bins': 14}. Best is trial 41 with value: 142.3380425973886.[0m
[32m[I 2025-04-08 22:35:49,670][0m Trial 42 finished with value: 238.41866853173 and parameters: {'optional_alpha': True, 'alpha': 6.308065984736903e-05, 'colsample_bylevel': 0.7272504332452615, 'colsample_bytree': 0.8711583053197991, 'optional_gamma': True, 'gamma': 4.630393498276569e-06, 'optional_lambda': True, 'lambda': 0.0016259734530069021, 'learning_rate': 0.5466324247758207, 'max_depth': 10, 'min_child_weight': 0.06269800003899183, 'subsample': 0.8074676813519736, 'n_bins': 12}. Best is trial 41 with value: 142.3380425973886.[0m
[32m[I 2025-04-08 22:36:33,230][0m Trial 43 finished with value: 142.4688209258652 and parameters: {'optional_alpha': True, 'alpha': 0.0004117186285123789, 'colsample_bylevel': 0.8044925300818349, 'colsample_bytree': 0.8174972553149119, 'optional_gamma': True, 'gamma': 4.0016910173576986e-07, 'optional_lambda': True, 'lambda': 0.0004882919310616071, 'learning_rate': 0.10995305379441965, 'max_depth': 10, 'min_child_weight': 0.0019097542625750247, 'subsample': 0.7631598057216228, 'n_bins': 63}. Best is trial 41 with value: 142.3380425973886.[0m
[32m[I 2025-04-08 22:37:11,135][0m Trial 44 finished with value: 151.99055261435322 and parameters: {'optional_alpha': True, 'alpha': 0.0003083341019557152, 'colsample_bylevel': 0.808296046196135, 'colsample_bytree': 0.8245431152889563, 'optional_gamma': True, 'gamma': 2.872932275756514e-07, 'optional_lambda': True, 'lambda': 0.004041564126624253, 'learning_rate': 0.11905028829281065, 'max_depth': 9, 'min_child_weight': 0.00041718876839642454, 'subsample': 0.7610503815154639, 'n_bins': 63}. Best is trial 41 with value: 142.3380425973886.[0m
[32m[I 2025-04-08 22:37:48,443][0m Trial 45 finished with value: 461.7791658029501 and parameters: {'optional_alpha': True, 'alpha': 5.068861484639126e-06, 'colsample_bylevel': 0.766242179422254, 'colsample_bytree': 0.8825810040283146, 'optional_gamma': True, 'gamma': 8.873155577818561e-05, 'optional_lambda': True, 'lambda': 0.00043085171279627247, 'learning_rate': 0.912380054597576, 'max_depth': 10, 'min_child_weight': 0.0020761740375147587, 'subsample': 0.6976168198491304, 'n_bins': 76}. Best is trial 41 with value: 142.3380425973886.[0m
[32m[I 2025-04-08 22:38:19,049][0m Trial 46 finished with value: 280.7228706284287 and parameters: {'optional_alpha': True, 'alpha': 2.9086193924648513e-06, 'colsample_bylevel': 0.8448107934284336, 'colsample_bytree': 0.8360411767855936, 'optional_gamma': True, 'gamma': 7.638750623590254e-07, 'optional_lambda': True, 'lambda': 2.2743851043048522e-05, 'learning_rate': 0.21179284521683805, 'max_depth': 4, 'min_child_weight': 0.00023699847820504353, 'subsample': 0.663834021958322, 'n_bins': 210}. Best is trial 41 with value: 142.3380425973886.[0m
[32m[I 2025-04-08 22:38:57,139][0m Trial 47 finished with value: 272.83621294719995 and parameters: {'optional_alpha': True, 'alpha': 0.00041378710363515475, 'colsample_bylevel': 0.8064889807908499, 'colsample_bytree': 0.7965028241832639, 'optional_gamma': True, 'gamma': 1.564787188590282e-05, 'optional_lambda': True, 'lambda': 3.260624117804676e-05, 'learning_rate': 0.02389408240118169, 'max_depth': 9, 'min_child_weight': 0.014423717399320747, 'subsample': 0.7776930645923843, 'n_bins': 102}. Best is trial 41 with value: 142.3380425973886.[0m
[32m[I 2025-04-08 22:39:41,951][0m Trial 48 finished with value: 398.66157316043876 and parameters: {'optional_alpha': True, 'alpha': 0.01135591359999425, 'colsample_bylevel': 0.7334459308591543, 'colsample_bytree': 0.7321754637415002, 'optional_gamma': True, 'gamma': 1.567994324410128e-08, 'optional_lambda': True, 'lambda': 6.467986197177186e-07, 'learning_rate': 0.0111458581571665, 'max_depth': 10, 'min_child_weight': 0.02190606284087572, 'subsample': 0.8307106699268653, 'n_bins': 54}. Best is trial 41 with value: 142.3380425973886.[0m
[32m[I 2025-04-08 22:40:23,920][0m Trial 49 finished with value: 827.3207812799355 and parameters: {'optional_alpha': True, 'alpha': 5.9919042201642077e-05, 'colsample_bylevel': 0.6445995081032722, 'colsample_bytree': 0.9134943813484359, 'optional_gamma': True, 'gamma': 4.820583488983582e-07, 'optional_lambda': True, 'lambda': 0.008547228318830874, 'learning_rate': 0.00039527945780458114, 'max_depth': 8, 'min_child_weight': 6.727036027692862e-06, 'subsample': 0.6170597718115389, 'n_bins': 31}. Best is trial 41 with value: 142.3380425973886.[0m
Best Hyper-Parameters
{'model': {'alpha': 0.00018147558296268155, 'colsample_bylevel': 0.807906201480018, 'colsample_bytree': 0.8733513822334436, 'gamma': 5.2718526413194635e-06, 'lambda': 0.0008123129252055943, 'learning_rate': 0.10183092301775594, 'max_depth': 10, 'min_child_weight': 0.1054289976012284, 'subsample': 0.8450002055813304, 'tree_method': 'gpu_hist', 'gpu_id': '0'}, 'fit': {'n_bins': 14, 'verbose': False}}
{'model': {'alpha': 0.00018147558296268155, 'colsample_bylevel': 0.807906201480018, 'colsample_bytree': 0.8733513822334436, 'gamma': 5.2718526413194635e-06, 'lambda': 0.0008123129252055943, 'learning_rate': 0.10183092301775594, 'max_depth': 10, 'min_child_weight': 0.1054289976012284, 'subsample': 0.8450002055813304, 'tree_method': 'gpu_hist', 'gpu_id': '0'}, 'fit': {'n_bins': 14, 'verbose': False}}
xgboost: 1 Trials
MAE Results: 1.00306031e+02
MAE MEAN = 1.00306031e+02 ± 0.00000000e+00
R2 Results: 9.71975397e-01
R2 MEAN = 9.71975397e-01 ± 0.00000000e+00
RMSE Results: 1.42844679e+02
RMSE MEAN = 1.42844679e+02 ± 0.00000000e+00
Time Results: 24.04286480
Time MEAN = 24.04286480 ± 0.00000000
-------------------- GPU info --------------------
1 GPU Available.
GPU 0: NVIDIA A100-PCIE-40GB MIG 7g.40gb
  Total Memory:          40339.3125 MB
  Multi Processor Count: 98
  Compute Capability:    8.0
--------------------------------------------------
