[32m[I 2025-04-10 17:37:36,079][0m Trial 43 finished with value: 241.1634592658129 and parameters: {'num_leaves': 77, 'max_depth': 9, 'learning_rate': 0.5694975709691786, 'min_child_weight': 0.0039920126311231196, 'min_child_samples': 50, 'subsample': 0.7987077080276894, 'colsample_bytree': 0.5089140145721643, 'optional_reg_lambda': True, 'reg_lambda': 0.0005369387330493847, 'n_bins': 31}. Best is trial 13 with value: 212.3505266355638.[0m
[LightGBM] [Info] Auto-choosing col-wise multi-threading, the overhead of testing was 0.770430 seconds.
You can set `force_col_wise=true` to remove the overhead.
[LightGBM] [Info] Total Bins 408000
[LightGBM] [Info] Number of data points in the train set: 214203, number of used features: 1600
[LightGBM] [Info] Start training from score 0.000000
[LightGBM] [Warning] No further splits with positive gain, best gain: -inf
[32m[I 2025-04-10 17:38:12,170][0m Trial 44 finished with value: 281.8521211006574 and parameters: {'num_leaves': 83, 'max_depth': 10, 'learning_rate': 0.8012511028923215, 'min_child_weight': 0.08880482658599914, 'min_child_samples': 79, 'subsample': 0.8553038359788594, 'colsample_bytree': 0.9296298660207839, 'optional_reg_lambda': True, 'reg_lambda': 4.861802530096402e-05, 'n_bins': 20}. Best is trial 13 with value: 212.3505266355638.[0m
[LightGBM] [Info] Auto-choosing col-wise multi-threading, the overhead of testing was 0.743970 seconds.
You can set `force_col_wise=true` to remove the overhead.
[LightGBM] [Info] Total Bins 408000
[LightGBM] [Info] Number of data points in the train set: 214203, number of used features: 1600
[LightGBM] [Info] Start training from score 0.000000
[32m[I 2025-04-10 17:38:52,557][0m Trial 45 finished with value: 217.68664972183697 and parameters: {'num_leaves': 92, 'max_depth': 10, 'learning_rate': 0.1805692602103599, 'min_child_weight': 0.0017068650470845389, 'min_child_samples': 36, 'subsample': 0.7092772881296066, 'colsample_bytree': 0.965736167779166, 'optional_reg_lambda': True, 'reg_lambda': 0.0007026812047433179, 'n_bins': 119}. Best is trial 13 with value: 212.3505266355638.[0m
[LightGBM] [Info] Auto-choosing col-wise multi-threading, the overhead of testing was 0.757598 seconds.
You can set `force_col_wise=true` to remove the overhead.
[LightGBM] [Info] Total Bins 408000
[LightGBM] [Info] Number of data points in the train set: 214203, number of used features: 1600
[LightGBM] [Info] Start training from score 0.000000
[LightGBM] [Warning] No further splits with positive gain, best gain: -inf
[32m[I 2025-04-10 17:39:18,936][0m Trial 46 finished with value: 327.87203983767927 and parameters: {'num_leaves': 57, 'max_depth': 3, 'learning_rate': 0.5146794293645265, 'min_child_weight': 0.00016692534248733987, 'min_child_samples': 88, 'subsample': 0.7492748565307049, 'colsample_bytree': 0.9047313760925654, 'optional_reg_lambda': True, 'reg_lambda': 0.24804059303996923, 'n_bins': 80}. Best is trial 13 with value: 212.3505266355638.[0m
[LightGBM] [Info] Auto-choosing col-wise multi-threading, the overhead of testing was 0.703292 seconds.
You can set `force_col_wise=true` to remove the overhead.
[LightGBM] [Info] Total Bins 408000
[LightGBM] [Info] Number of data points in the train set: 214203, number of used features: 1600
[LightGBM] [Info] Start training from score 0.000000
[LightGBM] [Warning] No further splits with positive gain, best gain: -inf
[32m[I 2025-04-10 17:39:57,108][0m Trial 47 finished with value: 224.94761424364066 and parameters: {'num_leaves': 68, 'max_depth': 9, 'learning_rate': 0.3832118387461717, 'min_child_weight': 0.007690515248786145, 'min_child_samples': 70, 'subsample': 0.8886088139430917, 'colsample_bytree': 0.8844506405661782, 'optional_reg_lambda': True, 'reg_lambda': 4.3716287954004194e-05, 'n_bins': 186}. Best is trial 13 with value: 212.3505266355638.[0m
[LightGBM] [Info] Auto-choosing col-wise multi-threading, the overhead of testing was 0.680507 seconds.
You can set `force_col_wise=true` to remove the overhead.
[LightGBM] [Info] Total Bins 408000
[LightGBM] [Info] Number of data points in the train set: 214203, number of used features: 1600
[LightGBM] [Info] Start training from score 0.000000
[32m[I 2025-04-10 17:40:34,860][0m Trial 48 finished with value: 238.35886857859157 and parameters: {'num_leaves': 82, 'max_depth': 10, 'learning_rate': 0.1318087714741609, 'min_child_weight': 1.7747844696271342e-05, 'min_child_samples': 52, 'subsample': 0.9867024739758764, 'colsample_bytree': 0.8216311488290291, 'optional_reg_lambda': False, 'n_bins': 104}. Best is trial 13 with value: 212.3505266355638.[0m
[LightGBM] [Info] Auto-choosing col-wise multi-threading, the overhead of testing was 0.760766 seconds.
You can set `force_col_wise=true` to remove the overhead.
[LightGBM] [Info] Total Bins 408000
[LightGBM] [Info] Number of data points in the train set: 214203, number of used features: 1600
[LightGBM] [Info] Start training from score 0.000000
[32m[I 2025-04-10 17:41:15,041][0m Trial 49 finished with value: 273.1473406714225 and parameters: {'num_leaves': 91, 'max_depth': 9, 'learning_rate': 0.08081698721667545, 'min_child_weight': 3.651476448188278e-05, 'min_child_samples': 42, 'subsample': 0.7784309668363045, 'colsample_bytree': 0.7828106940838332, 'optional_reg_lambda': True, 'reg_lambda': 0.0003117273515303895, 'n_bins': 55}. Best is trial 13 with value: 212.3505266355638.[0m
Best Hyper-Parameters
{'model': {'num_leaves': 82, 'max_depth': 10, 'learning_rate': 0.31321153450176475, 'min_child_weight': 4.48588488438161e-05, 'min_child_samples': 40, 'subsample': 0.6467244905993274, 'colsample_bytree': 0.8882630222006828, 'reg_lambda': 0.05583730654512241}, 'fit': {'n_bins': 125}}
{'model': {'num_leaves': 82, 'max_depth': 10, 'learning_rate': 0.31321153450176475, 'min_child_weight': 4.48588488438161e-05, 'min_child_samples': 40, 'subsample': 0.6467244905993274, 'colsample_bytree': 0.8882630222006828, 'reg_lambda': 0.05583730654512241}, 'fit': {'n_bins': 125}}
[LightGBM] [Info] Auto-choosing col-wise multi-threading, the overhead of testing was 0.720787 seconds.
You can set `force_col_wise=true` to remove the overhead.
[LightGBM] [Info] Total Bins 408000
[LightGBM] [Info] Number of data points in the train set: 214203, number of used features: 1600
[LightGBM] [Info] Start training from score 0.000000
lightgbm: 1 Trials
MAE Results: 1.59581922e+02
MAE MEAN = 1.59581922e+02 ± 0.00000000e+00
R2 Results: 9.39198888e-01
R2 MEAN = 9.39198888e-01 ± 0.00000000e+00
RMSE Results: 2.10402113e+02
RMSE MEAN = 2.10402113e+02 ± 0.00000000e+00
Time Results: 30.57440257
Time MEAN = 30.57440257 ± 0.00000000
-------------------- GPU info --------------------
1 GPU Available.
GPU 0: NVIDIA A100-PCIE-40GB MIG 7g.40gb
  Total Memory:          40326.375 MB
  Multi Processor Count: 98
  Compute Capability:    8.0
--------------------------------------------------
