[32m[I 2025-04-10 18:08:20,394][0m Trial 42 finished with value: 242.285693549388 and parameters: {'num_leaves': 84, 'max_depth': 10, 'learning_rate': 0.26612005886392043, 'min_child_weight': 0.0009134156955536485, 'min_child_samples': 41, 'subsample': 0.7584887418237737, 'colsample_bytree': 0.9004703753161647, 'optional_reg_lambda': True, 'reg_lambda': 1.2591687739518845e-05, 'n_bins': 60}. Best is trial 33 with value: 239.983169955838.[0m
[LightGBM] [Info] Auto-choosing col-wise multi-threading, the overhead of testing was 0.430808 seconds.
You can set `force_col_wise=true` to remove the overhead.
[LightGBM] [Info] Total Bins 408000
[LightGBM] [Info] Number of data points in the train set: 214203, number of used features: 1600
[LightGBM] [Info] Start training from score 0.000000
[32m[I 2025-04-10 18:08:49,675][0m Trial 43 finished with value: 287.34210899824393 and parameters: {'num_leaves': 85, 'max_depth': 10, 'learning_rate': 0.696287454127124, 'min_child_weight': 0.0007726443940660058, 'min_child_samples': 40, 'subsample': 0.7537889028924791, 'colsample_bytree': 0.5089140145721643, 'optional_reg_lambda': True, 'reg_lambda': 1.1825974077457606e-05, 'n_bins': 59}. Best is trial 33 with value: 239.983169955838.[0m
[LightGBM] [Info] Auto-choosing col-wise multi-threading, the overhead of testing was 0.707579 seconds.
You can set `force_col_wise=true` to remove the overhead.
[LightGBM] [Info] Total Bins 408000
[LightGBM] [Info] Number of data points in the train set: 214203, number of used features: 1600
[LightGBM] [Info] Start training from score 0.000000
[32m[I 2025-04-10 18:09:14,789][0m Trial 44 finished with value: 380.3713397207936 and parameters: {'num_leaves': 83, 'max_depth': 3, 'learning_rate': 0.5225930136128815, 'min_child_weight': 0.0022854922699186175, 'min_child_samples': 45, 'subsample': 0.8780364763657451, 'colsample_bytree': 0.964136610187675, 'optional_reg_lambda': True, 'reg_lambda': 3.685224128092285e-05, 'n_bins': 34}. Best is trial 33 with value: 239.983169955838.[0m
[LightGBM] [Info] Auto-choosing col-wise multi-threading, the overhead of testing was 0.647246 seconds.
You can set `force_col_wise=true` to remove the overhead.
[LightGBM] [Info] Total Bins 408000
[LightGBM] [Info] Number of data points in the train set: 214203, number of used features: 1600
[LightGBM] [Info] Start training from score 0.000000
[32m[I 2025-04-10 18:09:55,894][0m Trial 45 finished with value: 235.3904798498793 and parameters: {'num_leaves': 94, 'max_depth': 10, 'learning_rate': 0.31744145317066025, 'min_child_weight': 0.0057957336114087925, 'min_child_samples': 33, 'subsample': 0.7922541876922284, 'colsample_bytree': 0.9328071740407733, 'optional_reg_lambda': True, 'reg_lambda': 1.9491016766731978e-05, 'n_bins': 2}. Best is trial 45 with value: 235.3904798498793.[0m
[LightGBM] [Info] Auto-choosing col-wise multi-threading, the overhead of testing was 0.705454 seconds.
You can set `force_col_wise=true` to remove the overhead.
[LightGBM] [Info] Total Bins 408000
[LightGBM] [Info] Number of data points in the train set: 214203, number of used features: 1600
[LightGBM] [Info] Start training from score 0.000000
[32m[I 2025-04-10 18:10:39,638][0m Trial 46 finished with value: 246.71449997838312 and parameters: {'num_leaves': 94, 'max_depth': 10, 'learning_rate': 0.17446157611233903, 'min_child_weight': 0.005775802219407251, 'min_child_samples': 30, 'subsample': 0.7903709729418479, 'colsample_bytree': 0.9318049655933248, 'optional_reg_lambda': True, 'reg_lambda': 2.155601206527313e-05, 'n_bins': 8}. Best is trial 45 with value: 235.3904798498793.[0m
[LightGBM] [Info] Auto-choosing col-wise multi-threading, the overhead of testing was 0.643972 seconds.
You can set `force_col_wise=true` to remove the overhead.
[LightGBM] [Info] Total Bins 408000
[LightGBM] [Info] Number of data points in the train set: 214203, number of used features: 1600
[LightGBM] [Info] Start training from score 0.000000
[32m[I 2025-04-10 18:11:21,762][0m Trial 47 finished with value: 299.8834572929089 and parameters: {'num_leaves': 90, 'max_depth': 9, 'learning_rate': 0.09300771460644416, 'min_child_weight': 0.005986295604150489, 'min_child_samples': 25, 'subsample': 0.9528402764499193, 'colsample_bytree': 0.9046065858736457, 'optional_reg_lambda': True, 'reg_lambda': 6.124920571561602e-05, 'n_bins': 22}. Best is trial 45 with value: 235.3904798498793.[0m
[LightGBM] [Info] Auto-choosing col-wise multi-threading, the overhead of testing was 0.587225 seconds.
You can set `force_col_wise=true` to remove the overhead.
[LightGBM] [Info] Total Bins 408000
[LightGBM] [Info] Number of data points in the train set: 214203, number of used features: 1600
[LightGBM] [Info] Start training from score 0.000000
[LightGBM] [Warning] No further splits with positive gain, best gain: -inf
[LightGBM] [Warning] No further splits with positive gain, best gain: -inf
[LightGBM] [Warning] No further splits with positive gain, best gain: -inf
[LightGBM] [Warning] No further splits with positive gain, best gain: -inf
[LightGBM] [Warning] No further splits with positive gain, best gain: -inf
[LightGBM] [Warning] No further splits with positive gain, best gain: -inf
[LightGBM] [Warning] No further splits with positive gain, best gain: -inf
[LightGBM] [Warning] No further splits with positive gain, best gain: -inf
[LightGBM] [Warning] No further splits with positive gain, best gain: -inf
[LightGBM] [Warning] No further splits with positive gain, best gain: -inf
[LightGBM] [Warning] No further splits with positive gain, best gain: -inf
[LightGBM] [Warning] No further splits with positive gain, best gain: -inf
[LightGBM] [Warning] No further splits with positive gain, best gain: -inf
[LightGBM] [Warning] No further splits with positive gain, best gain: -inf
[LightGBM] [Warning] No further splits with positive gain, best gain: -inf
[LightGBM] [Warning] No further splits with positive gain, best gain: -inf
[LightGBM] [Warning] No further splits with positive gain, best gain: -inf
[LightGBM] [Warning] No further splits with positive gain, best gain: -inf
[LightGBM] [Warning] No further splits with positive gain, best gain: -inf
[LightGBM] [Warning] No further splits with positive gain, best gain: -inf
[LightGBM] [Warning] No further splits with positive gain, best gain: -inf
[LightGBM] [Warning] No further splits with positive gain, best gain: -inf
[LightGBM] [Warning] No further splits with positive gain, best gain: -inf
[LightGBM] [Warning] No further splits with positive gain, best gain: -inf
[LightGBM] [Warning] No further splits with positive gain, best gain: -inf
[LightGBM] [Warning] No further splits with positive gain, best gain: -inf
[LightGBM] [Warning] No further splits with positive gain, best gain: -inf
[LightGBM] [Warning] No further splits with positive gain, best gain: -inf
[LightGBM] [Warning] No further splits with positive gain, best gain: -inf
[LightGBM] [Warning] No further splits with positive gain, best gain: -inf
[LightGBM] [Warning] No further splits with positive gain, best gain: -inf
[LightGBM] [Warning] No further splits with positive gain, best gain: -inf
[LightGBM] [Warning] No further splits with positive gain, best gain: -inf
[LightGBM] [Warning] No further splits with positive gain, best gain: -inf
[LightGBM] [Warning] No further splits with positive gain, best gain: -inf
[LightGBM] [Warning] No further splits with positive gain, best gain: -inf
[LightGBM] [Warning] No further splits with positive gain, best gain: -inf
[LightGBM] [Warning] No further splits with positive gain, best gain: -inf
[LightGBM] [Warning] No further splits with positive gain, best gain: -inf
[LightGBM] [Warning] No further splits with positive gain, best gain: -inf
[LightGBM] [Warning] No further splits with positive gain, best gain: -inf
[LightGBM] [Warning] No further splits with positive gain, best gain: -inf
[LightGBM] [Warning] No further splits with positive gain, best gain: -inf
[LightGBM] [Warning] No further splits with positive gain, best gain: -inf
[LightGBM] [Warning] No further splits with positive gain, best gain: -inf
[LightGBM] [Warning] No further splits with positive gain, best gain: -inf
[LightGBM] [Warning] No further splits with positive gain, best gain: -inf
[LightGBM] [Warning] No further splits with positive gain, best gain: -inf
[LightGBM] [Warning] No further splits with positive gain, best gain: -inf
[LightGBM] [Warning] No further splits with positive gain, best gain: -inf
[LightGBM] [Warning] No further splits with positive gain, best gain: -inf
[32m[I 2025-04-10 18:11:49,956][0m Trial 48 finished with value: 343.01677148343197 and parameters: {'num_leaves': 76, 'max_depth': 5, 'learning_rate': 0.905313665500711, 'min_child_weight': 0.0009317575083996791, 'min_child_samples': 58, 'subsample': 0.8129236550300388, 'colsample_bytree': 0.9800774016396282, 'optional_reg_lambda': False, 'n_bins': 68}. Best is trial 45 with value: 235.3904798498793.[0m
[LightGBM] [Info] Auto-choosing col-wise multi-threading, the overhead of testing was 0.493842 seconds.
You can set `force_col_wise=true` to remove the overhead.
[LightGBM] [Info] Total Bins 408000
[LightGBM] [Info] Number of data points in the train set: 214203, number of used features: 1600
[LightGBM] [Info] Start training from score 0.000000
[32m[I 2025-04-10 18:12:29,601][0m Trial 49 finished with value: 241.55267697345312 and parameters: {'num_leaves': 95, 'max_depth': 10, 'learning_rate': 0.21835590894837129, 'min_child_weight': 0.0030371610275799436, 'min_child_samples': 34, 'subsample': 0.9963431487348354, 'colsample_bytree': 0.9607483637489593, 'optional_reg_lambda': True, 'reg_lambda': 1.7994469432444818e-05, 'n_bins': 53}. Best is trial 45 with value: 235.3904798498793.[0m
Best Hyper-Parameters
{'model': {'num_leaves': 94, 'max_depth': 10, 'learning_rate': 0.31744145317066025, 'min_child_weight': 0.0057957336114087925, 'min_child_samples': 33, 'subsample': 0.7922541876922284, 'colsample_bytree': 0.9328071740407733, 'reg_lambda': 1.9491016766731978e-05}, 'fit': {'n_bins': 2}}
{'model': {'num_leaves': 94, 'max_depth': 10, 'learning_rate': 0.31744145317066025, 'min_child_weight': 0.0057957336114087925, 'min_child_samples': 33, 'subsample': 0.7922541876922284, 'colsample_bytree': 0.9328071740407733, 'reg_lambda': 1.9491016766731978e-05}, 'fit': {'n_bins': 2}}
[LightGBM] [Info] Auto-choosing col-wise multi-threading, the overhead of testing was 0.743824 seconds.
You can set `force_col_wise=true` to remove the overhead.
[LightGBM] [Info] Total Bins 408000
[LightGBM] [Info] Number of data points in the train set: 214203, number of used features: 1600
[LightGBM] [Info] Start training from score 0.000000
lightgbm: 1 Trials
MAE Results: 1.74595964e+02
MAE MEAN = 1.74595964e+02 ± 0.00000000e+00
R2 Results: 9.32346226e-01
R2 MEAN = 9.32346226e-01 ± 0.00000000e+00
RMSE Results: 2.31750198e+02
RMSE MEAN = 2.31750198e+02 ± 0.00000000e+00
Time Results: 44.22620630
Time MEAN = 44.22620630 ± 0.00000000
-------------------- GPU info --------------------
1 GPU Available.
GPU 0: NVIDIA A100-PCIE-40GB MIG 7g.40gb
  Total Memory:          40326.375 MB
  Multi Processor Count: 98
  Compute Capability:    8.0
--------------------------------------------------
