[32m[I 2025-04-10 19:56:07,337][0m Trial 17 finished with value: 452.0832770803924 and parameters: {'num_leaves': 84, 'max_depth': 9, 'learning_rate': 0.014027862420459683, 'min_child_weight': 5.9242720830619626e-05, 'min_child_samples': 48, 'subsample': 0.7023570083234187, 'colsample_bytree': 0.7637750015422761, 'optional_reg_lambda': True, 'reg_lambda': 0.005679225269889374, 'n_bins': 149}. Best is trial 13 with value: 187.73306174650415.[0m
[LightGBM] [Info] Auto-choosing col-wise multi-threading, the overhead of testing was 1.895930 seconds.
You can set `force_col_wise=true` to remove the overhead.
[LightGBM] [Info] Total Bins 816000
[LightGBM] [Info] Number of data points in the train set: 214203, number of used features: 3200
[LightGBM] [Info] Start training from score 0.000000
[32m[I 2025-04-10 19:57:32,281][0m Trial 18 finished with value: 200.72516629230148 and parameters: {'num_leaves': 71, 'max_depth': 10, 'learning_rate': 0.37266635074385396, 'min_child_weight': 0.0006568753979860421, 'min_child_samples': 61, 'subsample': 0.8101772739819002, 'colsample_bytree': 0.861784180795439, 'optional_reg_lambda': True, 'reg_lambda': 0.00025640145471889574, 'n_bins': 60}. Best is trial 13 with value: 187.73306174650415.[0m
[LightGBM] [Info] Auto-choosing col-wise multi-threading, the overhead of testing was 1.812308 seconds.
You can set `force_col_wise=true` to remove the overhead.
[LightGBM] [Info] Total Bins 816000
[LightGBM] [Info] Number of data points in the train set: 214203, number of used features: 3200
[LightGBM] [Info] Start training from score 0.000000
[32m[I 2025-04-10 19:58:59,058][0m Trial 19 finished with value: 205.41127837906416 and parameters: {'num_leaves': 87, 'max_depth': 8, 'learning_rate': 0.1456758385425545, 'min_child_weight': 0.04647181884652555, 'min_child_samples': 31, 'subsample': 0.6852288376230457, 'colsample_bytree': 0.7950299100729171, 'optional_reg_lambda': True, 'reg_lambda': 0.09252835656440932, 'n_bins': 94}. Best is trial 13 with value: 187.73306174650415.[0m
[LightGBM] [Info] Auto-choosing col-wise multi-threading, the overhead of testing was 1.793386 seconds.
You can set `force_col_wise=true` to remove the overhead.
[LightGBM] [Info] Total Bins 816000
[LightGBM] [Info] Number of data points in the train set: 214203, number of used features: 3200
[LightGBM] [Info] Start training from score 0.000000
[32m[I 2025-04-10 20:00:19,088][0m Trial 20 finished with value: 216.49130088683518 and parameters: {'num_leaves': 39, 'max_depth': 9, 'learning_rate': 0.34020091997429686, 'min_child_weight': 1.0413100123787604e-05, 'min_child_samples': 53, 'subsample': 0.5894293709580682, 'colsample_bytree': 0.7163929390978533, 'optional_reg_lambda': True, 'reg_lambda': 0.10007978492253954, 'n_bins': 140}. Best is trial 13 with value: 187.73306174650415.[0m
[LightGBM] [Info] Auto-choosing col-wise multi-threading, the overhead of testing was 1.740874 seconds.
You can set `force_col_wise=true` to remove the overhead.
[LightGBM] [Info] Total Bins 816000
[LightGBM] [Info] Number of data points in the train set: 214203, number of used features: 3200
[LightGBM] [Info] Start training from score 0.000000
[32m[I 2025-04-10 20:01:50,509][0m Trial 21 finished with value: 200.12339521343785 and parameters: {'num_leaves': 77, 'max_depth': 9, 'learning_rate': 0.17243478633765905, 'min_child_weight': 0.0004271882717392165, 'min_child_samples': 37, 'subsample': 0.745516414955017, 'colsample_bytree': 0.8796928027755953, 'optional_reg_lambda': True, 'reg_lambda': 0.011469401537420768, 'n_bins': 74}. Best is trial 13 with value: 187.73306174650415.[0m
[LightGBM] [Info] Auto-choosing col-wise multi-threading, the overhead of testing was 1.770159 seconds.
You can set `force_col_wise=true` to remove the overhead.
[LightGBM] [Info] Total Bins 816000
[LightGBM] [Info] Number of data points in the train set: 214203, number of used features: 3200
[LightGBM] [Info] Start training from score 0.000000
[32m[I 2025-04-10 20:03:12,741][0m Trial 22 finished with value: 185.38192027795176 and parameters: {'num_leaves': 86, 'max_depth': 10, 'learning_rate': 0.20021891167711012, 'min_child_weight': 5.305258911518011e-05, 'min_child_samples': 33, 'subsample': 0.7623351924400813, 'colsample_bytree': 0.8104730136301287, 'optional_reg_lambda': True, 'reg_lambda': 0.025370802523926646, 'n_bins': 95}. Best is trial 22 with value: 185.38192027795176.[0m
[LightGBM] [Info] Auto-choosing col-wise multi-threading, the overhead of testing was 1.726461 seconds.
You can set `force_col_wise=true` to remove the overhead.
[LightGBM] [Info] Total Bins 816000
[LightGBM] [Info] Number of data points in the train set: 214203, number of used features: 3200
[LightGBM] [Info] Start training from score 0.000000
[32m[I 2025-04-10 20:04:32,945][0m Trial 23 finished with value: 198.0012847256253 and parameters: {'num_leaves': 88, 'max_depth': 10, 'learning_rate': 0.40061736139382026, 'min_child_weight': 4.848744685171503e-05, 'min_child_samples': 25, 'subsample': 0.8556353003830643, 'colsample_bytree': 0.7930416296337837, 'optional_reg_lambda': True, 'reg_lambda': 0.05470898389886771, 'n_bins': 40}. Best is trial 22 with value: 185.38192027795176.[0m
[LightGBM] [Info] Auto-choosing col-wise multi-threading, the overhead of testing was 1.802512 seconds.
You can set `force_col_wise=true` to remove the overhead.
[LightGBM] [Info] Total Bins 816000
[LightGBM] [Info] Number of data points in the train set: 214203, number of used features: 3200
[LightGBM] [Info] Start training from score 0.000000
[32m[I 2025-04-10 20:06:13,261][0m Trial 24 finished with value: 240.66703950363615 and parameters: {'num_leaves': 71, 'max_depth': 10, 'learning_rate': 0.0943462668772445, 'min_child_weight': 6.885120025200365e-05, 'min_child_samples': 50, 'subsample': 0.6923432090878021, 'colsample_bytree': 0.9075809624946605, 'optional_reg_lambda': True, 'reg_lambda': 0.0035063975397334963, 'n_bins': 106}. Best is trial 22 with value: 185.38192027795176.[0m
[LightGBM] [Info] Auto-choosing col-wise multi-threading, the overhead of testing was 2.209336 seconds.
You can set `force_col_wise=true` to remove the overhead.
[LightGBM] [Info] Total Bins 816000
[LightGBM] [Info] Number of data points in the train set: 214203, number of used features: 3200
[LightGBM] [Info] Start training from score 0.000000
[32m[I 2025-04-10 20:08:10,429][0m Trial 25 finished with value: 396.55122180711805 and parameters: {'num_leaves': 90, 'max_depth': 8, 'learning_rate': 0.019454033038983097, 'min_child_weight': 0.00030057629456884137, 'min_child_samples': 5, 'subsample': 0.7744106740016482, 'colsample_bytree': 0.7108232151948233, 'optional_reg_lambda': True, 'reg_lambda': 0.2767561525638811, 'n_bins': 143}. Best is trial 22 with value: 185.38192027795176.[0m
[LightGBM] [Info] Auto-choosing col-wise multi-threading, the overhead of testing was 2.154919 seconds.
You can set `force_col_wise=true` to remove the overhead.
[LightGBM] [Info] Total Bins 816000
[LightGBM] [Info] Number of data points in the train set: 214203, number of used features: 3200
[LightGBM] [Info] Start training from score 0.000000
[LightGBM] [Warning] No further splits with positive gain, best gain: -inf
[LightGBM] [Warning] No further splits with positive gain, best gain: -inf
[32m[I 2025-04-10 20:09:53,565][0m Trial 26 finished with value: 209.065352325449 and parameters: {'num_leaves': 99, 'max_depth': 10, 'learning_rate': 0.4902394346951111, 'min_child_weight': 2.972678443972709e-05, 'min_child_samples': 70, 'subsample': 0.8589177751060681, 'colsample_bytree': 0.9485741415992351, 'optional_reg_lambda': False, 'n_bins': 129}. Best is trial 22 with value: 185.38192027795176.[0m
[LightGBM] [Info] Auto-choosing col-wise multi-threading, the overhead of testing was 1.897600 seconds.
You can set `force_col_wise=true` to remove the overhead.
[LightGBM] [Info] Total Bins 816000
[LightGBM] [Info] Number of data points in the train set: 214203, number of used features: 3200
[LightGBM] [Info] Start training from score 0.000000
[32m[I 2025-04-10 20:11:29,238][0m Trial 27 finished with value: 195.50327639594107 and parameters: {'num_leaves': 66, 'max_depth': 9, 'learning_rate': 0.23159858222046842, 'min_child_weight': 9.680342046432059e-05, 'min_child_samples': 43, 'subsample': 0.7707877283367105, 'colsample_bytree': 0.8135504949000552, 'optional_reg_lambda': True, 'reg_lambda': 0.010303557738218616, 'n_bins': 97}. Best is trial 22 with value: 185.38192027795176.[0m
[LightGBM] [Info] Auto-choosing col-wise multi-threading, the overhead of testing was 1.663005 seconds.
You can set `force_col_wise=true` to remove the overhead.
[LightGBM] [Info] Total Bins 816000
[LightGBM] [Info] Number of data points in the train set: 214203, number of used features: 3200
[LightGBM] [Info] Start training from score 0.000000
[32m[I 2025-04-10 20:12:33,574][0m Trial 28 finished with value: 358.091993574378 and parameters: {'num_leaves': 11, 'max_depth': 6, 'learning_rate': 0.11714085950393703, 'min_child_weight': 0.001208197533519488, 'min_child_samples': 20, 'subsample': 0.618344810552685, 'colsample_bytree': 0.8581021021149914, 'optional_reg_lambda': True, 'reg_lambda': 0.1779381195606989, 'n_bins': 158}. Best is trial 22 with value: 185.38192027795176.[0m
[LightGBM] [Info] Auto-choosing col-wise multi-threading, the overhead of testing was 1.997597 seconds.
You can set `force_col_wise=true` to remove the overhead.
[LightGBM] [Info] Total Bins 816000
[LightGBM] [Info] Number of data points in the train set: 214203, number of used features: 3200
[LightGBM] [Info] Start training from score 0.000000
[32m[I 2025-04-10 20:13:58,341][0m Trial 29 finished with value: 291.69957778235295 and parameters: {'num_leaves': 80, 'max_depth': 8, 'learning_rate': 0.05571695414225112, 'min_child_weight': 1.925034464834296e-05, 'min_child_samples': 32, 'subsample': 0.6740573026588969, 'colsample_bytree': 0.7493197844847921, 'optional_reg_lambda': True, 'reg_lambda': 0.03184320697758874, 'n_bins': 80}. Best is trial 22 with value: 185.38192027795176.[0m
[LightGBM] [Info] Auto-choosing col-wise multi-threading, the overhead of testing was 1.980168 seconds.
You can set `force_col_wise=true` to remove the overhead.
[LightGBM] [Info] Total Bins 816000
[LightGBM] [Info] Number of data points in the train set: 214203, number of used features: 3200
[LightGBM] [Info] Start training from score 0.000000
[32m[I 2025-04-10 20:15:14,603][0m Trial 30 finished with value: 397.7193252725693 and parameters: {'num_leaves': 44, 'max_depth': 10, 'learning_rate': 0.023424746748915332, 'min_child_weight': 0.00027864201582831956, 'min_child_samples': 47, 'subsample': 0.7167575343733337, 'colsample_bytree': 0.6797556165244691, 'optional_reg_lambda': True, 'reg_lambda': 0.0005271276869786429, 'n_bins': 54}. Best is trial 22 with value: 185.38192027795176.[0m
[LightGBM] [Info] Auto-choosing col-wise multi-threading, the overhead of testing was 2.239577 seconds.
You can set `force_col_wise=true` to remove the overhead.
[LightGBM] [Info] Total Bins 816000
[LightGBM] [Info] Number of data points in the train set: 214203, number of used features: 3200
[LightGBM] [Info] Start training from score 0.000000
[32m[I 2025-04-10 20:16:36,190][0m Trial 31 finished with value: 190.2643769452188 and parameters: {'num_leaves': 81, 'max_depth': 9, 'learning_rate': 0.2137905034209257, 'min_child_weight': 0.0005957151717191918, 'min_child_samples': 38, 'subsample': 0.7832475584206435, 'colsample_bytree': 0.8195681325888288, 'optional_reg_lambda': True, 'reg_lambda': 0.02353075042821072, 'n_bins': 95}. Best is trial 22 with value: 185.38192027795176.[0m
[LightGBM] [Info] Auto-choosing col-wise multi-threading, the overhead of testing was 1.910422 seconds.
You can set `force_col_wise=true` to remove the overhead.
[LightGBM] [Info] Total Bins 816000
[LightGBM] [Info] Number of data points in the train set: 214203, number of used features: 3200
[LightGBM] [Info] Start training from score 0.000000
[32m[I 2025-04-10 20:17:59,154][0m Trial 32 finished with value: 191.17066692421932 and parameters: {'num_leaves': 84, 'max_depth': 9, 'learning_rate': 0.2269169390244758, 'min_child_weight': 6.184050984307152e-05, 'min_child_samples': 44, 'subsample': 0.8489845272666622, 'colsample_bytree': 0.7768287460545396, 'optional_reg_lambda': True, 'reg_lambda': 0.007222793908023939, 'n_bins': 114}. Best is trial 22 with value: 185.38192027795176.[0m
[LightGBM] [Info] Auto-choosing col-wise multi-threading, the overhead of testing was 1.780237 seconds.
You can set `force_col_wise=true` to remove the overhead.
[LightGBM] [Info] Total Bins 816000
[LightGBM] [Info] Number of data points in the train set: 214203, number of used features: 3200
[LightGBM] [Info] Start training from score 0.000000
[32m[I 2025-04-10 20:19:16,505][0m Trial 33 finished with value: 223.24805038443753 and parameters: {'num_leaves': 85, 'max_depth': 9, 'learning_rate': 0.5350423687308126, 'min_child_weight': 0.009857295055610957, 'min_child_samples': 43, 'subsample': 0.8534392407518013, 'colsample_bytree': 0.7508988397595189, 'optional_reg_lambda': True, 'reg_lambda': 0.006480983291666496, 'n_bins': 106}. Best is trial 22 with value: 185.38192027795176.[0m
[LightGBM] [Info] Auto-choosing col-wise multi-threading, the overhead of testing was 1.736528 seconds.
You can set `force_col_wise=true` to remove the overhead.
[LightGBM] [Info] Total Bins 816000
[LightGBM] [Info] Number of data points in the train set: 214203, number of used features: 3200
[LightGBM] [Info] Start training from score 0.000000
[LightGBM] [Warning] No further splits with positive gain, best gain: -inf
[32m[I 2025-04-10 20:20:42,448][0m Trial 34 finished with value: 248.70872201275412 and parameters: {'num_leaves': 92, 'max_depth': 7, 'learning_rate': 0.09395828529033916, 'min_child_weight': 0.0018077023121714465, 'min_child_samples': 56, 'subsample': 0.9014707617790408, 'colsample_bytree': 0.9060555518131872, 'optional_reg_lambda': True, 'reg_lambda': 0.0029820057741616643, 'n_bins': 133}. Best is trial 22 with value: 185.38192027795176.[0m
[LightGBM] [Info] Auto-choosing col-wise multi-threading, the overhead of testing was 1.716276 seconds.
You can set `force_col_wise=true` to remove the overhead.
[LightGBM] [Info] Total Bins 816000
[LightGBM] [Info] Number of data points in the train set: 214203, number of used features: 3200
[LightGBM] [Info] Start training from score 0.000000
[32m[I 2025-04-10 20:21:59,422][0m Trial 35 finished with value: 342.3100075045243 and parameters: {'num_leaves': 57, 'max_depth': 8, 'learning_rate': 0.03766443844960091, 'min_child_weight': 9.030341302258679e-05, 'min_child_samples': 66, 'subsample': 0.770195074712261, 'colsample_bytree': 0.7716922619545367, 'optional_reg_lambda': False, 'n_bins': 39}. Best is trial 22 with value: 185.38192027795176.[0m
[LightGBM] [Info] Auto-choosing col-wise multi-threading, the overhead of testing was 1.561329 seconds.
You can set `force_col_wise=true` to remove the overhead.
[LightGBM] [Info] Total Bins 816000
[LightGBM] [Info] Number of data points in the train set: 214203, number of used features: 3200
[LightGBM] [Info] Start training from score 0.000000
[32m[I 2025-04-10 20:23:22,372][0m Trial 36 finished with value: 261.845664237111 and parameters: {'num_leaves': 67, 'max_depth': 10, 'learning_rate': 0.07817414237291427, 'min_child_weight': 0.0009334048036714465, 'min_child_samples': 18, 'subsample': 0.8340929977214302, 'colsample_bytree': 0.8450318502839228, 'optional_reg_lambda': True, 'reg_lambda': 0.20106676624738415, 'n_bins': 117}. Best is trial 22 with value: 185.38192027795176.[0m
[LightGBM] [Info] Auto-choosing col-wise multi-threading, the overhead of testing was 1.857823 seconds.
You can set `force_col_wise=true` to remove the overhead.
[LightGBM] [Info] Total Bins 816000
[LightGBM] [Info] Number of data points in the train set: 214203, number of used features: 3200
[LightGBM] [Info] Start training from score 0.000000
[32m[I 2025-04-10 20:24:50,138][0m Trial 37 finished with value: 180.43460836029885 and parameters: {'num_leaves': 100, 'max_depth': 9, 'learning_rate': 0.2433063176292983, 'min_child_weight': 1.765589538947677e-05, 'min_child_samples': 25, 'subsample': 0.7985786480264264, 'colsample_bytree': 0.7291241641832171, 'optional_reg_lambda': False, 'n_bins': 100}. Best is trial 37 with value: 180.43460836029885.[0m
[LightGBM] [Info] Auto-choosing col-wise multi-threading, the overhead of testing was 1.849545 seconds.
You can set `force_col_wise=true` to remove the overhead.
[LightGBM] [Info] Total Bins 816000
[LightGBM] [Info] Number of data points in the train set: 214203, number of used features: 3200
[LightGBM] [Info] Start training from score 0.000000
[32m[I 2025-04-10 20:26:15,325][0m Trial 38 finished with value: 198.9111082966246 and parameters: {'num_leaves': 99, 'max_depth': 8, 'learning_rate': 0.14101865038101352, 'min_child_weight': 1.4946723841115216e-05, 'min_child_samples': 30, 'subsample': 0.7881626366718945, 'colsample_bytree': 0.6107793507018697, 'optional_reg_lambda': False, 'n_bins': 226}. Best is trial 37 with value: 180.43460836029885.[0m
[LightGBM] [Info] Auto-choosing col-wise multi-threading, the overhead of testing was 1.202582 seconds.
You can set `force_col_wise=true` to remove the overhead.
[LightGBM] [Info] Total Bins 816000
[LightGBM] [Info] Number of data points in the train set: 214203, number of used features: 3200
[LightGBM] [Info] Start training from score 0.000000
[32m[I 2025-04-10 20:27:24,604][0m Trial 39 finished with value: 193.04397429969427 and parameters: {'num_leaves': 74, 'max_depth': 10, 'learning_rate': 0.3166498249024196, 'min_child_weight': 2.814251909160476e-05, 'min_child_samples': 25, 'subsample': 0.8879696160475004, 'colsample_bytree': 0.5135940443598321, 'optional_reg_lambda': False, 'n_bins': 73}. Best is trial 37 with value: 180.43460836029885.[0m
[LightGBM] [Info] Auto-choosing col-wise multi-threading, the overhead of testing was 2.013791 seconds.
You can set `force_col_wise=true` to remove the overhead.
[LightGBM] [Info] Total Bins 816000
[LightGBM] [Info] Number of data points in the train set: 214203, number of used features: 3200
[LightGBM] [Info] Start training from score 0.000000
[32m[I 2025-04-10 20:28:55,341][0m Trial 40 finished with value: 575.9760970051522 and parameters: {'num_leaves': 93, 'max_depth': 9, 'learning_rate': 0.007570022433487832, 'min_child_weight': 1.8018507780453138e-05, 'min_child_samples': 5, 'subsample': 0.5385049734868768, 'colsample_bytree': 0.7309230388547794, 'optional_reg_lambda': False, 'n_bins': 99}. Best is trial 37 with value: 180.43460836029885.[0m
[LightGBM] [Info] Auto-choosing col-wise multi-threading, the overhead of testing was 1.790017 seconds.
You can set `force_col_wise=true` to remove the overhead.
[LightGBM] [Info] Total Bins 816000
[LightGBM] [Info] Number of data points in the train set: 214203, number of used features: 3200
[LightGBM] [Info] Start training from score 0.000000
[32m[I 2025-04-10 20:30:20,167][0m Trial 41 finished with value: 189.51861892208825 and parameters: {'num_leaves': 84, 'max_depth': 9, 'learning_rate': 0.2079855134691906, 'min_child_weight': 3.106550173550609e-05, 'min_child_samples': 40, 'subsample': 0.8334059643720472, 'colsample_bytree': 0.781587137579314, 'optional_reg_lambda': False, 'n_bins': 86}. Best is trial 37 with value: 180.43460836029885.[0m
[LightGBM] [Info] Auto-choosing col-wise multi-threading, the overhead of testing was 2.003767 seconds.
You can set `force_col_wise=true` to remove the overhead.
[LightGBM] [Info] Total Bins 816000
[LightGBM] [Info] Number of data points in the train set: 214203, number of used features: 3200
[LightGBM] [Info] Start training from score 0.000000
[32m[I 2025-04-10 20:31:41,936][0m Trial 42 finished with value: 239.08974160329257 and parameters: {'num_leaves': 100, 'max_depth': 10, 'learning_rate': 0.6410647516336293, 'min_child_weight': 2.9354080763035345e-05, 'min_child_samples': 33, 'subsample': 0.7992198845583645, 'colsample_bytree': 0.825300394039958, 'optional_reg_lambda': False, 'n_bins': 90}. Best is trial 37 with value: 180.43460836029885.[0m
[LightGBM] [Info] Auto-choosing col-wise multi-threading, the overhead of testing was 1.796650 seconds.
You can set `force_col_wise=true` to remove the overhead.
[LightGBM] [Info] Total Bins 816000
[LightGBM] [Info] Number of data points in the train set: 214203, number of used features: 3200
[LightGBM] [Info] Start training from score 0.000000
[32m[I 2025-04-10 20:32:53,020][0m Trial 43 finished with value: 217.8414049889335 and parameters: {'num_leaves': 51, 'max_depth': 8, 'learning_rate': 0.18901282459238414, 'min_child_weight': 0.0025947549742216776, 'min_child_samples': 41, 'subsample': 0.8234686325467743, 'colsample_bytree': 0.6747708686588213, 'optional_reg_lambda': False, 'n_bins': 51}. Best is trial 37 with value: 180.43460836029885.[0m
[LightGBM] [Info] Auto-choosing col-wise multi-threading, the overhead of testing was 1.781833 seconds.
You can set `force_col_wise=true` to remove the overhead.
[LightGBM] [Info] Total Bins 816000
[LightGBM] [Info] Number of data points in the train set: 214203, number of used features: 3200
[LightGBM] [Info] Start training from score 0.000000
