using gpu: 0
{'cat_min_frequency': 0.0,
 'cat_nan_policy': 'new',
 'cat_policy': 'indices',
 'config': {'fit': {'logging_level': 'Silent'},
            'model': {'early_stopping_rounds': 50,
                      'loss_function': 'MultiRMSE',
                      'n_estimators': 2000,
                      'od_pval': 0.001}},
 'dataset': 'DIS_lab_LoS_16_Y',
 'dataset_path': 'data',
 'evaluate_option': 'best-val',
 'gpu': '0',
 'model_path': 'results_model',
 'model_type': 'catboost',
 'n_bins': 2,
 'n_trials': 20,
 'normalization': 'standard',
 'num_nan_policy': 'mean',
 'num_policy': 'none',
 'retune': False,
 'save_path': 'results_model/DIS_lab_LoS_16_Y-catboost-Tune/Norm-standard-Nan-mean-new-Cat-indices',
 'seed': 0,
 'seed_num': 1,
 'tune': True}
{'fit': {'logging_level': 'Silent', 'n_bins': 2}, 'model': {'early_stopping_rounds': 50, 'n_estimators': 2000, 'od_pval': 0.001, 'loss_function': 'MultiRMSE'}}
[32m[I 2025-04-09 18:44:56,179][0m Trial 0 finished with value: 521.8659676629414 and parameters: {'bagging_temperature': 0.5488135039273248, 'depth': 8, 'l2_leaf_reg': 4.006483661964395, 'leaf_estimation_iterations': 6, 'learning_rate': 0.0013130280280658588, 'n_bins': 166}. Best is trial 0 with value: 521.8659676629414.[0m
[32m[I 2025-04-09 18:57:06,604][0m Trial 1 finished with value: 94.19033870827766 and parameters: {'bagging_temperature': 0.4375872112626925, 'depth': 10, 'l2_leaf_reg': 9.197350992568118, 'leaf_estimation_iterations': 4, 'learning_rate': 0.09091283280651452, 'n_bins': 136}. Best is trial 1 with value: 94.19033870827766.[0m
[32m[I 2025-04-09 19:11:04,848][0m Trial 2 finished with value: 885.888193270263 and parameters: {'bagging_temperature': 0.5680445610939323, 'depth': 10, 'l2_leaf_reg': 1.177703750752171, 'leaf_estimation_iterations': 1, 'learning_rate': 1.2620948285169303e-05, 'n_bins': 214}. Best is trial 1 with value: 94.19033870827766.[0m
[32m[I 2025-04-09 19:18:57,454][0m Trial 3 finished with value: 440.9206051407566 and parameters: {'bagging_temperature': 0.7781567509498505, 'depth': 9, 'l2_leaf_reg': 9.519592150539829, 'leaf_estimation_iterations': 8, 'learning_rate': 0.002029536243043473, 'n_bins': 201}. Best is trial 1 with value: 94.19033870827766.[0m
[32m[I 2025-04-09 19:23:32,664][0m Trial 4 finished with value: 393.5000300190596 and parameters: {'bagging_temperature': 0.11827442586893322, 'depth': 8, 'l2_leaf_reg': 1.3910837820057878, 'leaf_estimation_iterations': 10, 'learning_rate': 0.0040666950653938435, 'n_bins': 107}. Best is trial 1 with value: 94.19033870827766.[0m
[32m[I 2025-04-09 19:31:47,262][0m Trial 5 finished with value: 886.2041250450936 and parameters: {'bagging_temperature': 0.26455561210462697, 'depth': 9, 'l2_leaf_reg': 2.858579877336973, 'leaf_estimation_iterations': 6, 'learning_rate': 1.2415065128756008e-05, 'n_bins': 159}. Best is trial 1 with value: 94.19033870827766.[0m
[32m[I 2025-04-09 19:34:34,953][0m Trial 6 finished with value: 664.0036214989833 and parameters: {'bagging_temperature': 0.6120957227224214, 'depth': 7, 'l2_leaf_reg': 8.785127695211985, 'leaf_estimation_iterations': 7, 'learning_rate': 0.0006273927602293597, 'n_bins': 113}. Best is trial 1 with value: 94.19033870827766.[0m
[32m[I 2025-04-09 19:35:43,468][0m Trial 7 finished with value: 856.4862892320839 and parameters: {'bagging_temperature': 0.6976311959272649, 'depth': 3, 'l2_leaf_reg': 4.642658243447122, 'leaf_estimation_iterations': 7, 'learning_rate': 0.00011269711680133673, 'n_bins': 34}. Best is trial 1 with value: 94.19033870827766.[0m
[32m[I 2025-04-09 19:37:23,750][0m Trial 8 finished with value: 146.55164210387426 and parameters: {'bagging_temperature': 0.31542835092418386, 'depth': 5, 'l2_leaf_reg': 3.717036026537111, 'leaf_estimation_iterations': 5, 'learning_rate': 0.8747202693855005, 'n_bins': 28}. Best is trial 1 with value: 94.19033870827766.[0m
[32m[I 2025-04-09 19:38:46,900][0m Trial 9 finished with value: 533.2696092817631 and parameters: {'bagging_temperature': 0.2088767560948347, 'depth': 4, 'l2_leaf_reg': 4.498920568462264, 'leaf_estimation_iterations': 3, 'learning_rate': 0.0021456252149689046, 'n_bins': 64}. Best is trial 1 with value: 94.19033870827766.[0m
[32m[I 2025-04-09 19:40:50,916][0m Trial 10 finished with value: 129.88852307499974 and parameters: {'bagging_temperature': 0.9406721260474019, 'depth': 6, 'l2_leaf_reg': 2.1726151738890094, 'leaf_estimation_iterations': 3, 'learning_rate': 0.13209343650657318, 'n_bins': 250}. Best is trial 1 with value: 94.19033870827766.[0m
[32m[I 2025-04-09 19:42:56,205][0m Trial 11 finished with value: 127.9278167616474 and parameters: {'bagging_temperature': 0.9170695369245536, 'depth': 6, 'l2_leaf_reg': 2.0226545861479037, 'leaf_estimation_iterations': 3, 'learning_rate': 0.1490235231179998, 'n_bins': 251}. Best is trial 1 with value: 94.19033870827766.[0m
[32m[I 2025-04-09 19:44:58,723][0m Trial 12 finished with value: 249.18144338343515 and parameters: {'bagging_temperature': 0.4204592667166979, 'depth': 6, 'l2_leaf_reg': 1.904078018235992, 'leaf_estimation_iterations': 3, 'learning_rate': 0.02988879384876776, 'n_bins': 245}. Best is trial 1 with value: 94.19033870827766.[0m
[32m[I 2025-04-09 19:46:34,999][0m Trial 13 finished with value: 224.49188919964783 and parameters: {'bagging_temperature': 0.9207916848524236, 'depth': 5, 'l2_leaf_reg': 6.37719188982155, 'leaf_estimation_iterations': 1, 'learning_rate': 0.05442549663054823, 'n_bins': 78}. Best is trial 1 with value: 94.19033870827766.[0m
[32m[I 2025-04-09 19:49:17,452][0m Trial 14 finished with value: 139.976803544199 and parameters: {'bagging_temperature': 0.02105872283772492, 'depth': 7, 'l2_leaf_reg': 2.1926977891368065, 'leaf_estimation_iterations': 4, 'learning_rate': 0.6975112621728748, 'n_bins': 168}. Best is trial 1 with value: 94.19033870827766.[0m
[32m[I 2025-04-09 20:02:01,441][0m Trial 15 finished with value: 205.04782390499815 and parameters: {'bagging_temperature': 0.7941269897025685, 'depth': 10, 'l2_leaf_reg': 5.934841380976807, 'leaf_estimation_iterations': 2, 'learning_rate': 0.01412912961164752, 'n_bins': 3}. Best is trial 1 with value: 94.19033870827766.[0m
[32m[I 2025-04-09 20:03:40,224][0m Trial 16 finished with value: 130.87665114852948 and parameters: {'bagging_temperature': 0.4155834690629373, 'depth': 5, 'l2_leaf_reg': 1.6502550187787532, 'leaf_estimation_iterations': 4, 'learning_rate': 0.24312010978990237, 'n_bins': 201}. Best is trial 1 with value: 94.19033870827766.[0m
[32m[I 2025-04-09 20:07:52,297][0m Trial 17 finished with value: 267.1153161446142 and parameters: {'bagging_temperature': 0.39772242854894535, 'depth': 8, 'l2_leaf_reg': 2.666168799823795, 'leaf_estimation_iterations': 5, 'learning_rate': 0.014101133111972473, 'n_bins': 138}. Best is trial 1 with value: 94.19033870827766.[0m
[32m[I 2025-04-09 20:09:13,679][0m Trial 18 finished with value: 170.70579469511537 and parameters: {'bagging_temperature': 0.9943091332528209, 'depth': 4, 'l2_leaf_reg': 1.014784976916903, 'leaf_estimation_iterations': 2, 'learning_rate': 0.15986281586084583, 'n_bins': 228}. Best is trial 1 with value: 94.19033870827766.[0m
[32m[I 2025-04-09 20:17:02,587][0m Trial 19 finished with value: 107.12115102836333 and parameters: {'bagging_temperature': 0.6578946990989776, 'depth': 9, 'l2_leaf_reg': 7.162752026505829, 'leaf_estimation_iterations': 4, 'learning_rate': 0.06536185560481614, 'n_bins': 87}. Best is trial 1 with value: 94.19033870827766.[0m
Best Hyper-Parameters
{'model': {'bagging_temperature': 0.4375872112626925, 'depth': 10, 'l2_leaf_reg': 9.197350992568118, 'leaf_estimation_iterations': 4, 'learning_rate': 0.09091283280651452}, 'fit': {'n_bins': 136, 'logging_level': 'Silent'}}
{'model': {'bagging_temperature': 0.4375872112626925, 'depth': 10, 'l2_leaf_reg': 9.197350992568118, 'leaf_estimation_iterations': 4, 'learning_rate': 0.09091283280651452}, 'fit': {'n_bins': 136, 'logging_level': 'Silent'}}
catboost: 1 Trials
MAE Results: 7.12337929e+01
MAE MEAN = 7.12337929e+01 Â± 0.00000000e+00
R2 Results: 9.88924463e-01
R2 MEAN = 9.88924463e-01 Â± 0.00000000e+00
RMSE Results: 9.37683954e+01
RMSE MEAN = 9.37683954e+01 Â± 0.00000000e+00
Time Results: 706.42850399
Time MEAN = 706.42850399 Â± 0.00000000
-------------------- GPU info --------------------
1 GPU Available.
GPU 0: NVIDIA A100-PCIE-40GB MIG 7g.40gb
  Total Memory:          40326.375 MB
  Multi Processor Count: 98
  Compute Capability:    8.0
--------------------------------------------------
