[32m[I 2025-04-08 22:06:00,473][0m Trial 43 finished with value: 412.5098660130276 and parameters: {'optional_alpha': False, 'colsample_bylevel': 0.6219100337689134, 'colsample_bytree': 0.8337849147815818, 'optional_gamma': True, 'gamma': 0.01209096387919457, 'optional_lambda': True, 'lambda': 0.00811390810903993, 'learning_rate': 0.2309215006852042, 'max_depth': 9, 'min_child_weight': 10960.698063081445, 'subsample': 0.6905829515681267, 'n_bins': 163}. Best is trial 19 with value: 202.46196970852964.[0m
[32m[I 2025-04-08 22:06:17,554][0m Trial 44 finished with value: 299.2976658372113 and parameters: {'optional_alpha': False, 'colsample_bylevel': 0.6108082036513905, 'colsample_bytree': 0.7226772958154198, 'optional_gamma': True, 'gamma': 6.187291454980125e-07, 'optional_lambda': True, 'lambda': 1.2998168975061448, 'learning_rate': 0.5971507815679069, 'max_depth': 10, 'min_child_weight': 39.92420942605691, 'subsample': 0.7473852307119855, 'n_bins': 183}. Best is trial 19 with value: 202.46196970852964.[0m
[32m[I 2025-04-08 22:06:34,048][0m Trial 45 finished with value: 343.4381187590412 and parameters: {'optional_alpha': False, 'colsample_bylevel': 0.5826770033001047, 'colsample_bytree': 0.6268886250255341, 'optional_gamma': True, 'gamma': 0.6222099805329812, 'optional_lambda': True, 'lambda': 0.004697652441945771, 'learning_rate': 0.048741772953075566, 'max_depth': 8, 'min_child_weight': 0.022004282448819697, 'subsample': 0.5779168685774552, 'n_bins': 132}. Best is trial 19 with value: 202.46196970852964.[0m
[32m[I 2025-04-08 22:06:52,115][0m Trial 46 finished with value: 873.088643075297 and parameters: {'optional_alpha': True, 'alpha': 1.895307994029175e-06, 'colsample_bylevel': 0.5304642340460097, 'colsample_bytree': 0.7490381842936852, 'optional_gamma': True, 'gamma': 1.4610602116958008e-06, 'optional_lambda': True, 'lambda': 13.510084106500683, 'learning_rate': 0.0003287319980873544, 'max_depth': 9, 'min_child_weight': 3.623132859300035, 'subsample': 0.7762429400611762, 'n_bins': 143}. Best is trial 19 with value: 202.46196970852964.[0m
[32m[I 2025-04-08 22:07:12,420][0m Trial 47 finished with value: 770.8081751120516 and parameters: {'optional_alpha': False, 'colsample_bylevel': 0.7385522562336034, 'colsample_bytree': 0.5029603362648326, 'optional_gamma': True, 'gamma': 0.0008502527775736898, 'optional_lambda': True, 'lambda': 0.10796895651639328, 'learning_rate': 0.002083535043948163, 'max_depth': 10, 'min_child_weight': 0.0029010183904046257, 'subsample': 0.6682825874835127, 'n_bins': 199}. Best is trial 19 with value: 202.46196970852964.[0m
[32m[I 2025-04-08 22:07:30,693][0m Trial 48 finished with value: 258.0394053827555 and parameters: {'optional_alpha': True, 'alpha': 0.14161756805694942, 'colsample_bylevel': 0.8587717374664121, 'colsample_bytree': 0.7972728909662571, 'optional_gamma': True, 'gamma': 1.1651972154744157, 'optional_lambda': True, 'lambda': 0.0008358546391616735, 'learning_rate': 0.11807249525602462, 'max_depth': 9, 'min_child_weight': 153.13469167368396, 'subsample': 0.7126671470263284, 'n_bins': 254}. Best is trial 19 with value: 202.46196970852964.[0m
[32m[I 2025-04-08 22:07:45,515][0m Trial 49 finished with value: 374.277851036235 and parameters: {'optional_alpha': False, 'colsample_bylevel': 0.6821831136837608, 'colsample_bytree': 0.831968064368335, 'optional_gamma': True, 'gamma': 0.047096468896745874, 'optional_lambda': True, 'lambda': 2.3520811274040114, 'learning_rate': 0.993816992874659, 'max_depth': 4, 'min_child_weight': 9.330252537134905e-05, 'subsample': 0.9762436138987244, 'n_bins': 222}. Best is trial 19 with value: 202.46196970852964.[0m
Best Hyper-Parameters
{'model': {'alpha': 0, 'colsample_bylevel': 0.9853767412458537, 'colsample_bytree': 0.7967009667270486, 'gamma': 0, 'lambda': 0, 'learning_rate': 0.19316026964939925, 'max_depth': 10, 'min_child_weight': 5.3041385350928714e-05, 'subsample': 0.919115534078912, 'tree_method': 'gpu_hist', 'gpu_id': '0'}, 'fit': {'n_bins': 89, 'verbose': False}}
{'model': {'alpha': 0, 'colsample_bylevel': 0.9853767412458537, 'colsample_bytree': 0.7967009667270486, 'gamma': 0, 'lambda': 0, 'learning_rate': 0.19316026964939925, 'max_depth': 10, 'min_child_weight': 5.3041385350928714e-05, 'subsample': 0.919115534078912, 'tree_method': 'gpu_hist', 'gpu_id': '0'}, 'fit': {'n_bins': 89, 'verbose': False}}
xgboost: 1 Trials
MAE Results: 1.40768355e+02
MAE MEAN = 1.40768355e+02 ± 0.00000000e+00
R2 Results: 9.48491392e-01
R2 MEAN = 9.48491392e-01 ± 0.00000000e+00
RMSE Results: 2.02215296e+02
RMSE MEAN = 2.02215296e+02 ± 0.00000000e+00
Time Results: 11.64712143
Time MEAN = 11.64712143 ± 0.00000000
-------------------- GPU info --------------------
1 GPU Available.
GPU 0: NVIDIA A100-PCIE-40GB MIG 7g.40gb
  Total Memory:          40339.3125 MB
  Multi Processor Count: 98
  Compute Capability:    8.0
--------------------------------------------------
