[32m[I 2025-04-11 01:13:54,751][0m Trial 34 finished with value: 287.8365368827992 and parameters: {'num_leaves': 85, 'max_depth': 9, 'learning_rate': 0.5075717967776228, 'min_child_weight': 0.00010299157958637956, 'min_child_samples': 44, 'subsample': 0.600146697388121, 'colsample_bytree': 0.8417363500777822, 'optional_reg_lambda': True, 'reg_lambda': 0.03223520711442939, 'n_bins': 132}. Best is trial 13 with value: 255.49825707573424.[0m
[LightGBM] [Info] Auto-choosing col-wise multi-threading, the overhead of testing was 0.735509 seconds.
You can set `force_col_wise=true` to remove the overhead.
[LightGBM] [Info] Total Bins 408000
[LightGBM] [Info] Number of data points in the train set: 214203, number of used features: 1600
[LightGBM] [Info] Start training from score 0.000000
[32m[I 2025-04-11 01:14:31,723][0m Trial 35 finished with value: 315.3703750141927 and parameters: {'num_leaves': 50, 'max_depth': 10, 'learning_rate': 0.1642548803628856, 'min_child_weight': 2.9875017034468384e-05, 'min_child_samples': 27, 'subsample': 0.7172278949805513, 'colsample_bytree': 0.9204672257294239, 'optional_reg_lambda': False, 'n_bins': 111}. Best is trial 13 with value: 255.49825707573424.[0m
[LightGBM] [Info] Auto-choosing col-wise multi-threading, the overhead of testing was 0.825601 seconds.
You can set `force_col_wise=true` to remove the overhead.
[LightGBM] [Info] Total Bins 408000
[LightGBM] [Info] Number of data points in the train set: 214203, number of used features: 1600
[LightGBM] [Info] Start training from score 0.000000
[32m[I 2025-04-11 01:15:07,431][0m Trial 36 finished with value: 249.84313947822514 and parameters: {'num_leaves': 91, 'max_depth': 9, 'learning_rate': 0.27591823876007016, 'min_child_weight': 8.262095919418673e-05, 'min_child_samples': 18, 'subsample': 0.7638407470436273, 'colsample_bytree': 0.7041141557856347, 'optional_reg_lambda': True, 'reg_lambda': 0.20106676624738415, 'n_bins': 71}. Best is trial 36 with value: 249.84313947822514.[0m
[LightGBM] [Info] Auto-choosing col-wise multi-threading, the overhead of testing was 0.668465 seconds.
You can set `force_col_wise=true` to remove the overhead.
[LightGBM] [Info] Total Bins 408000
[LightGBM] [Info] Number of data points in the train set: 214203, number of used features: 1600
[LightGBM] [Info] Start training from score 0.000000
[32m[I 2025-04-11 01:15:40,156][0m Trial 37 finished with value: 422.3516515034475 and parameters: {'num_leaves': 100, 'max_depth': 7, 'learning_rate': 0.07364459127353079, 'min_child_weight': 7.371624139328684e-05, 'min_child_samples': 4, 'subsample': 0.8403966538604556, 'colsample_bytree': 0.6771116517741935, 'optional_reg_lambda': False, 'n_bins': 72}. Best is trial 36 with value: 249.84313947822514.[0m
[LightGBM] [Info] Auto-choosing col-wise multi-threading, the overhead of testing was 0.725486 seconds.
You can set `force_col_wise=true` to remove the overhead.
[LightGBM] [Info] Total Bins 408000
[LightGBM] [Info] Number of data points in the train set: 214203, number of used features: 1600
[LightGBM] [Info] Start training from score 0.000000
[32m[I 2025-04-11 01:16:10,241][0m Trial 38 finished with value: 323.70152590474015 and parameters: {'num_leaves': 71, 'max_depth': 8, 'learning_rate': 0.6580695876882582, 'min_child_weight': 0.0024947895202132135, 'min_child_samples': 18, 'subsample': 0.7686404936570981, 'colsample_bytree': 0.6025338423580271, 'optional_reg_lambda': True, 'reg_lambda': 0.24968560439481083, 'n_bins': 219}. Best is trial 36 with value: 249.84313947822514.[0m
[LightGBM] [Info] Auto-choosing col-wise multi-threading, the overhead of testing was 0.775084 seconds.
You can set `force_col_wise=true` to remove the overhead.
[LightGBM] [Info] Total Bins 408000
[LightGBM] [Info] Number of data points in the train set: 214203, number of used features: 1600
[LightGBM] [Info] Start training from score 0.000000
[32m[I 2025-04-11 01:16:44,387][0m Trial 39 finished with value: 727.3520242278323 and parameters: {'num_leaves': 53, 'max_depth': 9, 'learning_rate': 0.008869809682330598, 'min_child_weight': 0.006882839056805078, 'min_child_samples': 57, 'subsample': 0.7500259332916025, 'colsample_bytree': 0.6839121638935127, 'optional_reg_lambda': True, 'reg_lambda': 0.10423760437097024, 'n_bins': 159}. Best is trial 36 with value: 249.84313947822514.[0m
[LightGBM] [Info] Auto-choosing col-wise multi-threading, the overhead of testing was 0.750447 seconds.
You can set `force_col_wise=true` to remove the overhead.
[LightGBM] [Info] Total Bins 408000
[LightGBM] [Info] Number of data points in the train set: 214203, number of used features: 1600
[LightGBM] [Info] Start training from score 0.000000
[32m[I 2025-04-11 01:17:20,194][0m Trial 40 finished with value: 601.8695490964695 and parameters: {'num_leaves': 82, 'max_depth': 8, 'learning_rate': 0.023639228274849863, 'min_child_weight': 0.00023169744492874484, 'min_child_samples': 66, 'subsample': 0.9075255102411166, 'colsample_bytree': 0.7589976154635931, 'optional_reg_lambda': False, 'n_bins': 35}. Best is trial 36 with value: 249.84313947822514.[0m
[LightGBM] [Info] Auto-choosing col-wise multi-threading, the overhead of testing was 0.648064 seconds.
You can set `force_col_wise=true` to remove the overhead.
[LightGBM] [Info] Total Bins 408000
[LightGBM] [Info] Number of data points in the train set: 214203, number of used features: 1600
[LightGBM] [Info] Start training from score 0.000000
[32m[I 2025-04-11 01:17:55,977][0m Trial 41 finished with value: 264.2128288383068 and parameters: {'num_leaves': 91, 'max_depth': 10, 'learning_rate': 0.31617015578431135, 'min_child_weight': 1.6608133348112352e-05, 'min_child_samples': 34, 'subsample': 0.5285709642193874, 'colsample_bytree': 0.7003684773757037, 'optional_reg_lambda': True, 'reg_lambda': 0.015892135438757525, 'n_bins': 98}. Best is trial 36 with value: 249.84313947822514.[0m
[LightGBM] [Info] Auto-choosing col-wise multi-threading, the overhead of testing was 0.723439 seconds.
You can set `force_col_wise=true` to remove the overhead.
[LightGBM] [Info] Total Bins 408000
[LightGBM] [Info] Number of data points in the train set: 214203, number of used features: 1600
[LightGBM] [Info] Start training from score 0.000000
[32m[I 2025-04-11 01:18:22,288][0m Trial 42 finished with value: 416.3189874449933 and parameters: {'num_leaves': 10, 'max_depth': 9, 'learning_rate': 0.21247532071569075, 'min_child_weight': 1.7100587293983494e-05, 'min_child_samples': 35, 'subsample': 0.7926982045953544, 'colsample_bytree': 0.701481294849913, 'optional_reg_lambda': True, 'reg_lambda': 0.012497972831864984, 'n_bins': 117}. Best is trial 36 with value: 249.84313947822514.[0m
[LightGBM] [Info] Auto-choosing col-wise multi-threading, the overhead of testing was 0.791428 seconds.
You can set `force_col_wise=true` to remove the overhead.
[LightGBM] [Info] Total Bins 408000
[LightGBM] [Info] Number of data points in the train set: 214203, number of used features: 1600
[LightGBM] [Info] Start training from score 0.000000
[32m[I 2025-04-11 01:18:57,286][0m Trial 43 finished with value: 318.56800962795114 and parameters: {'num_leaves': 93, 'max_depth': 10, 'learning_rate': 0.11973045464407524, 'min_child_weight': 1.7933899916748433e-05, 'min_child_samples': 14, 'subsample': 0.7259024354785001, 'colsample_bytree': 0.636296551744481, 'optional_reg_lambda': True, 'reg_lambda': 0.0012445046662602779, 'n_bins': 52}. Best is trial 36 with value: 249.84313947822514.[0m
[LightGBM] [Info] Auto-choosing col-wise multi-threading, the overhead of testing was 0.728701 seconds.
You can set `force_col_wise=true` to remove the overhead.
[LightGBM] [Info] Total Bins 408000
[LightGBM] [Info] Number of data points in the train set: 214203, number of used features: 1600
[LightGBM] [Info] Start training from score 0.000000
[32m[I 2025-04-11 01:19:37,205][0m Trial 44 finished with value: 754.5896859043089 and parameters: {'num_leaves': 92, 'max_depth': 9, 'learning_rate': 0.005744550241908424, 'min_child_weight': 0.0001558450445606937, 'min_child_samples': 43, 'subsample': 0.5237493530075003, 'colsample_bytree': 0.7323716670564467, 'optional_reg_lambda': True, 'reg_lambda': 0.050794063869849505, 'n_bins': 72}. Best is trial 36 with value: 249.84313947822514.[0m
[LightGBM] [Info] Auto-choosing col-wise multi-threading, the overhead of testing was 0.664796 seconds.
You can set `force_col_wise=true` to remove the overhead.
[LightGBM] [Info] Total Bins 408000
[LightGBM] [Info] Number of data points in the train set: 214203, number of used features: 1600
[LightGBM] [Info] Start training from score 0.000000
[32m[I 2025-04-11 01:20:12,191][0m Trial 45 finished with value: 272.77732272353376 and parameters: {'num_leaves': 76, 'max_depth': 10, 'learning_rate': 0.4224923972545315, 'min_child_weight': 2.9435605977397017e-05, 'min_child_samples': 30, 'subsample': 0.6375349091714804, 'colsample_bytree': 0.7671189199994723, 'optional_reg_lambda': True, 'reg_lambda': 0.0039780637081387495, 'n_bins': 91}. Best is trial 36 with value: 249.84313947822514.[0m
[LightGBM] [Info] Auto-choosing col-wise multi-threading, the overhead of testing was 0.841114 seconds.
You can set `force_col_wise=true` to remove the overhead.
[LightGBM] [Info] Total Bins 408000
[LightGBM] [Info] Number of data points in the train set: 214203, number of used features: 1600
[LightGBM] [Info] Start training from score 0.000000
[32m[I 2025-04-11 01:20:38,108][0m Trial 46 finished with value: 420.9605537181339 and parameters: {'num_leaves': 67, 'max_depth': 3, 'learning_rate': 0.2910874410102992, 'min_child_weight': 8.238456861195592e-05, 'min_child_samples': 22, 'subsample': 0.6620711510642744, 'colsample_bytree': 0.6999126531932602, 'optional_reg_lambda': True, 'reg_lambda': 1.4325464264979961e-05, 'n_bins': 149}. Best is trial 36 with value: 249.84313947822514.[0m
[LightGBM] [Info] Auto-choosing col-wise multi-threading, the overhead of testing was 0.726457 seconds.
You can set `force_col_wise=true` to remove the overhead.
[LightGBM] [Info] Total Bins 408000
[LightGBM] [Info] Number of data points in the train set: 214203, number of used features: 1600
[LightGBM] [Info] Start training from score 0.000000
[32m[I 2025-04-11 01:21:07,914][0m Trial 47 finished with value: 294.2272993423103 and parameters: {'num_leaves': 61, 'max_depth': 9, 'learning_rate': 0.6566679325776462, 'min_child_weight': 0.0003961465750867018, 'min_child_samples': 8, 'subsample': 0.7483934993075082, 'colsample_bytree': 0.6049362202052363, 'optional_reg_lambda': True, 'reg_lambda': 0.4537465434181029, 'n_bins': 186}. Best is trial 36 with value: 249.84313947822514.[0m
[LightGBM] [Info] Auto-choosing col-wise multi-threading, the overhead of testing was 0.418068 seconds.
You can set `force_col_wise=true` to remove the overhead.
[LightGBM] [Info] Total Bins 408000
[LightGBM] [Info] Number of data points in the train set: 214203, number of used features: 1600
[LightGBM] [Info] Start training from score 0.000000
[LightGBM] [Warning] No further splits with positive gain, best gain: -inf
[LightGBM] [Warning] No further splits with positive gain, best gain: -inf
[32m[I 2025-04-11 01:21:37,053][0m Trial 48 finished with value: 389.3107625460934 and parameters: {'num_leaves': 84, 'max_depth': 8, 'learning_rate': 0.8902701785309884, 'min_child_weight': 0.00013709495960877041, 'min_child_samples': 16, 'subsample': 0.5844938255823704, 'colsample_bytree': 0.5207219297492747, 'optional_reg_lambda': False, 'n_bins': 121}. Best is trial 36 with value: 249.84313947822514.[0m
[LightGBM] [Info] Auto-choosing col-wise multi-threading, the overhead of testing was 0.744056 seconds.
You can set `force_col_wise=true` to remove the overhead.
[LightGBM] [Info] Total Bins 408000
[LightGBM] [Info] Number of data points in the train set: 214203, number of used features: 1600
[LightGBM] [Info] Start training from score 0.000000
[LightGBM] [Warning] No further splits with positive gain, best gain: -inf
[LightGBM] [Warning] No further splits with positive gain, best gain: -inf
[LightGBM] [Warning] No further splits with positive gain, best gain: -inf
[LightGBM] [Warning] No further splits with positive gain, best gain: -inf
[LightGBM] [Warning] No further splits with positive gain, best gain: -inf
[LightGBM] [Warning] No further splits with positive gain, best gain: -inf
[LightGBM] [Warning] No further splits with positive gain, best gain: -inf
[LightGBM] [Warning] No further splits with positive gain, best gain: -inf
[LightGBM] [Warning] No further splits with positive gain, best gain: -inf
[LightGBM] [Warning] No further splits with positive gain, best gain: -inf
[LightGBM] [Warning] No further splits with positive gain, best gain: -inf
[LightGBM] [Warning] No further splits with positive gain, best gain: -inf
[LightGBM] [Warning] No further splits with positive gain, best gain: -inf
[LightGBM] [Warning] No further splits with positive gain, best gain: -inf
[LightGBM] [Warning] No further splits with positive gain, best gain: -inf
[LightGBM] [Warning] No further splits with positive gain, best gain: -inf
[LightGBM] [Warning] No further splits with positive gain, best gain: -inf
[LightGBM] [Warning] No further splits with positive gain, best gain: -inf
[LightGBM] [Warning] No further splits with positive gain, best gain: -inf
[LightGBM] [Warning] No further splits with positive gain, best gain: -inf
[LightGBM] [Warning] No further splits with positive gain, best gain: -inf
[LightGBM] [Warning] No further splits with positive gain, best gain: -inf
[LightGBM] [Warning] No further splits with positive gain, best gain: -inf
[32m[I 2025-04-11 01:22:04,200][0m Trial 49 finished with value: 333.393032151757 and parameters: {'num_leaves': 95, 'max_depth': 5, 'learning_rate': 0.1831903350018285, 'min_child_weight': 1.0435970523478868e-05, 'min_child_samples': 36, 'subsample': 0.691127666013824, 'colsample_bytree': 0.6534209127504406, 'optional_reg_lambda': True, 'reg_lambda': 0.00012087432364633102, 'n_bins': 62}. Best is trial 36 with value: 249.84313947822514.[0m
Best Hyper-Parameters
{'model': {'num_leaves': 91, 'max_depth': 9, 'learning_rate': 0.27591823876007016, 'min_child_weight': 8.262095919418673e-05, 'min_child_samples': 18, 'subsample': 0.7638407470436273, 'colsample_bytree': 0.7041141557856347, 'reg_lambda': 0.20106676624738415}, 'fit': {'n_bins': 71}}
{'model': {'num_leaves': 91, 'max_depth': 9, 'learning_rate': 0.27591823876007016, 'min_child_weight': 8.262095919418673e-05, 'min_child_samples': 18, 'subsample': 0.7638407470436273, 'colsample_bytree': 0.7041141557856347, 'reg_lambda': 0.20106676624738415}, 'fit': {'n_bins': 71}}
[LightGBM] [Info] Auto-choosing col-wise multi-threading, the overhead of testing was 0.727494 seconds.
You can set `force_col_wise=true` to remove the overhead.
[LightGBM] [Info] Total Bins 408000
[LightGBM] [Info] Number of data points in the train set: 214203, number of used features: 1600
[LightGBM] [Info] Start training from score 0.000000
lightgbm: 1 Trials
MAE Results: 1.95635101e+02
MAE MEAN = 1.95635101e+02 ± 0.00000000e+00
R2 Results: 9.20068336e-01
R2 MEAN = 9.20068336e-01 ± 0.00000000e+00
RMSE Results: 2.51903107e+02
RMSE MEAN = 2.51903107e+02 ± 0.00000000e+00
Time Results: 28.80720329
Time MEAN = 28.80720329 ± 0.00000000
-------------------- GPU info --------------------
1 GPU Available.
GPU 0: NVIDIA A100-PCIE-40GB MIG 7g.40gb
  Total Memory:          40326.375 MB
  Multi Processor Count: 98
  Compute Capability:    8.0
--------------------------------------------------
