[32m[I 2025-04-08 23:42:52,205][0m Trial 44 finished with value: 263.100719908701 and parameters: {'optional_alpha': False, 'colsample_bylevel': 0.8804991836182641, 'colsample_bytree': 0.9213165440496601, 'optional_gamma': False, 'optional_lambda': False, 'learning_rate': 0.22242245958595763, 'max_depth': 9, 'min_child_weight': 0.008195478845139824, 'subsample': 0.973951494035, 'n_bins': 123}. Best is trial 32 with value: 251.58405518434452.[0m
[32m[I 2025-04-08 23:43:08,741][0m Trial 45 finished with value: 892.6538781923613 and parameters: {'optional_alpha': False, 'colsample_bylevel': 0.9672780893407134, 'colsample_bytree': 0.8846288177474266, 'optional_gamma': False, 'optional_lambda': False, 'learning_rate': 1.5783826338479306e-05, 'max_depth': 7, 'min_child_weight': 0.00033433127522650337, 'subsample': 0.918450257279181, 'n_bins': 172}. Best is trial 32 with value: 251.58405518434452.[0m
[32m[I 2025-04-08 23:43:29,166][0m Trial 46 finished with value: 350.9048808833938 and parameters: {'optional_alpha': True, 'alpha': 1.756946438665746e-06, 'colsample_bylevel': 0.7648099701030536, 'colsample_bytree': 0.5263069878801685, 'optional_gamma': False, 'optional_lambda': False, 'learning_rate': 0.05363655973763063, 'max_depth': 10, 'min_child_weight': 0.28839500097003495, 'subsample': 0.9895579248010099, 'n_bins': 159}. Best is trial 32 with value: 251.58405518434452.[0m
[32m[I 2025-04-08 23:43:46,018][0m Trial 47 finished with value: 325.8422234936409 and parameters: {'optional_alpha': False, 'colsample_bylevel': 0.8242467081945996, 'colsample_bytree': 0.8286676005381745, 'optional_gamma': False, 'optional_lambda': False, 'learning_rate': 0.11042066614375097, 'max_depth': 8, 'min_child_weight': 0.0376703244563525, 'subsample': 0.7772622242600203, 'n_bins': 185}. Best is trial 32 with value: 251.58405518434452.[0m
[32m[I 2025-04-08 23:44:03,731][0m Trial 48 finished with value: 343.85676937175435 and parameters: {'optional_alpha': False, 'colsample_bylevel': 0.8465081601020773, 'colsample_bytree': 0.907886352669486, 'optional_gamma': False, 'optional_lambda': True, 'lambda': 0.10452780078382046, 'learning_rate': 0.5038778546737472, 'max_depth': 9, 'min_child_weight': 0.009792436541710995, 'subsample': 0.8853473242935951, 'n_bins': 146}. Best is trial 32 with value: 251.58405518434452.[0m
[32m[I 2025-04-08 23:44:22,757][0m Trial 49 finished with value: 808.1812162029654 and parameters: {'optional_alpha': True, 'alpha': 0.058800235645006825, 'colsample_bylevel': 0.9310247244561047, 'colsample_bytree': 0.9804443354563847, 'optional_gamma': False, 'optional_lambda': False, 'learning_rate': 0.002433951344438888, 'max_depth': 9, 'min_child_weight': 8.05546567395668e-05, 'subsample': 0.5587721466507642, 'n_bins': 230}. Best is trial 32 with value: 251.58405518434452.[0m
Best Hyper-Parameters
{'model': {'alpha': 0, 'colsample_bylevel': 0.8137877717621119, 'colsample_bytree': 0.969019327434176, 'gamma': 0, 'lambda': 0, 'learning_rate': 0.19047252156165775, 'max_depth': 9, 'min_child_weight': 0.022301710133953406, 'subsample': 0.9139513926868905, 'tree_method': 'gpu_hist', 'gpu_id': '0'}, 'fit': {'n_bins': 221, 'verbose': False}}
{'model': {'alpha': 0, 'colsample_bylevel': 0.8137877717621119, 'colsample_bytree': 0.969019327434176, 'gamma': 0, 'lambda': 0, 'learning_rate': 0.19047252156165775, 'max_depth': 9, 'min_child_weight': 0.022301710133953406, 'subsample': 0.9139513926868905, 'tree_method': 'gpu_hist', 'gpu_id': '0'}, 'fit': {'n_bins': 221, 'verbose': False}}
xgboost: 1 Trials
MAE Results: 1.88370377e+02
MAE MEAN = 1.88370377e+02 ± 0.00000000e+00
R2 Results: 9.21609799e-01
R2 MEAN = 9.21609799e-01 ± 0.00000000e+00
RMSE Results: 2.49462337e+02
RMSE MEAN = 2.49462337e+02 ± 0.00000000e+00
Time Results: 8.61626101
Time MEAN = 8.61626101 ± 0.00000000
-------------------- GPU info --------------------
1 GPU Available.
GPU 0: NVIDIA A100-PCIE-40GB MIG 7g.40gb
  Total Memory:          40339.3125 MB
  Multi Processor Count: 98
  Compute Capability:    8.0
--------------------------------------------------
