[32m[I 2025-04-11 01:00:46,536][0m Trial 14 finished with value: 269.50383931245307 and parameters: {'num_leaves': 79, 'max_depth': 7, 'learning_rate': 0.2566300296835481, 'min_child_weight': 3.8820047079601927e-05, 'min_child_samples': 38, 'subsample': 0.5719994418156998, 'colsample_bytree': 0.8155480698204522, 'optional_reg_lambda': True, 'reg_lambda': 0.020003590318161478, 'n_bins': 121}. Best is trial 13 with value: 255.49825707573424.[0m
[LightGBM] [Info] Auto-choosing col-wise multi-threading, the overhead of testing was 0.733178 seconds.
You can set `force_col_wise=true` to remove the overhead.
[LightGBM] [Info] Total Bins 408000
[LightGBM] [Info] Number of data points in the train set: 214203, number of used features: 1600
[LightGBM] [Info] Start training from score 0.000000
[32m[I 2025-04-11 01:01:24,714][0m Trial 15 finished with value: 263.0280634535923 and parameters: {'num_leaves': 78, 'max_depth': 9, 'learning_rate': 0.2551604159901272, 'min_child_weight': 4.949133181572869e-05, 'min_child_samples': 37, 'subsample': 0.7158998594096244, 'colsample_bytree': 0.8040608591736728, 'optional_reg_lambda': True, 'reg_lambda': 0.020055071580562057, 'n_bins': 123}. Best is trial 13 with value: 255.49825707573424.[0m
[LightGBM] [Info] Auto-choosing col-wise multi-threading, the overhead of testing was 0.663787 seconds.
You can set `force_col_wise=true` to remove the overhead.
[LightGBM] [Info] Total Bins 408000
[LightGBM] [Info] Number of data points in the train set: 214203, number of used features: 1600
[LightGBM] [Info] Start training from score 0.000000
[32m[I 2025-04-11 01:02:04,307][0m Trial 16 finished with value: 285.69029210673233 and parameters: {'num_leaves': 80, 'max_depth': 9, 'learning_rate': 0.18100881874600078, 'min_child_weight': 0.0004337043408467618, 'min_child_samples': 36, 'subsample': 0.7404399856185908, 'colsample_bytree': 0.8409567874457935, 'optional_reg_lambda': True, 'reg_lambda': 0.021911007822311358, 'n_bins': 87}. Best is trial 13 with value: 255.49825707573424.[0m
[LightGBM] [Info] Auto-choosing col-wise multi-threading, the overhead of testing was 0.673421 seconds.
You can set `force_col_wise=true` to remove the overhead.
[LightGBM] [Info] Total Bins 408000
[LightGBM] [Info] Number of data points in the train set: 214203, number of used features: 1600
[LightGBM] [Info] Start training from score 0.000000
[32m[I 2025-04-11 01:02:45,183][0m Trial 17 finished with value: 657.9138397516438 and parameters: {'num_leaves': 84, 'max_depth': 9, 'learning_rate': 0.014027862420459683, 'min_child_weight': 5.9242720830619626e-05, 'min_child_samples': 48, 'subsample': 0.7023570083234187, 'colsample_bytree': 0.7637750015422761, 'optional_reg_lambda': True, 'reg_lambda': 0.005679225269889374, 'n_bins': 149}. Best is trial 13 with value: 255.49825707573424.[0m
[LightGBM] [Info] Auto-choosing col-wise multi-threading, the overhead of testing was 0.689002 seconds.
You can set `force_col_wise=true` to remove the overhead.
[LightGBM] [Info] Total Bins 408000
[LightGBM] [Info] Number of data points in the train set: 214203, number of used features: 1600
[LightGBM] [Info] Start training from score 0.000000
[32m[I 2025-04-11 01:03:25,539][0m Trial 18 finished with value: 274.2142541825217 and parameters: {'num_leaves': 71, 'max_depth': 10, 'learning_rate': 0.37266635074385396, 'min_child_weight': 0.0006568753979860421, 'min_child_samples': 61, 'subsample': 0.8101772739819002, 'colsample_bytree': 0.861784180795439, 'optional_reg_lambda': True, 'reg_lambda': 0.00025640145471889574, 'n_bins': 60}. Best is trial 13 with value: 255.49825707573424.[0m
[LightGBM] [Info] Auto-choosing col-wise multi-threading, the overhead of testing was 0.651563 seconds.
You can set `force_col_wise=true` to remove the overhead.
[LightGBM] [Info] Total Bins 408000
[LightGBM] [Info] Number of data points in the train set: 214203, number of used features: 1600
[LightGBM] [Info] Start training from score 0.000000
[32m[I 2025-04-11 01:04:05,909][0m Trial 19 finished with value: 307.1261388842115 and parameters: {'num_leaves': 87, 'max_depth': 8, 'learning_rate': 0.1456758385425545, 'min_child_weight': 0.04647181884652555, 'min_child_samples': 31, 'subsample': 0.6852288376230457, 'colsample_bytree': 0.7950299100729171, 'optional_reg_lambda': True, 'reg_lambda': 0.09252835656440932, 'n_bins': 94}. Best is trial 13 with value: 255.49825707573424.[0m
[LightGBM] [Info] Auto-choosing col-wise multi-threading, the overhead of testing was 0.935596 seconds.
You can set `force_col_wise=true` to remove the overhead.
[LightGBM] [Info] Total Bins 408000
[LightGBM] [Info] Number of data points in the train set: 214203, number of used features: 1600
[LightGBM] [Info] Start training from score 0.000000
[32m[I 2025-04-11 01:04:43,953][0m Trial 20 finished with value: 277.8626785591254 and parameters: {'num_leaves': 39, 'max_depth': 9, 'learning_rate': 0.34020091997429686, 'min_child_weight': 1.0413100123787604e-05, 'min_child_samples': 53, 'subsample': 0.5894293709580682, 'colsample_bytree': 0.7163929390978533, 'optional_reg_lambda': True, 'reg_lambda': 0.10007978492253954, 'n_bins': 140}. Best is trial 13 with value: 255.49825707573424.[0m
[LightGBM] [Info] Auto-choosing col-wise multi-threading, the overhead of testing was 0.803571 seconds.
You can set `force_col_wise=true` to remove the overhead.
[LightGBM] [Info] Total Bins 408000
[LightGBM] [Info] Number of data points in the train set: 214203, number of used features: 1600
[LightGBM] [Info] Start training from score 0.000000
[LightGBM] [Warning] No further splits with positive gain, best gain: -inf
[LightGBM] [Warning] No further splits with positive gain, best gain: -inf
[LightGBM] [Warning] No further splits with positive gain, best gain: -inf
[LightGBM] [Warning] No further splits with positive gain, best gain: -inf
[LightGBM] [Warning] No further splits with positive gain, best gain: -inf
[LightGBM] [Warning] No further splits with positive gain, best gain: -inf
[LightGBM] [Warning] No further splits with positive gain, best gain: -inf
[LightGBM] [Warning] No further splits with positive gain, best gain: -inf
[LightGBM] [Warning] No further splits with positive gain, best gain: -inf
[LightGBM] [Warning] No further splits with positive gain, best gain: -inf
[LightGBM] [Warning] No further splits with positive gain, best gain: -inf
[LightGBM] [Warning] No further splits with positive gain, best gain: -inf
[LightGBM] [Warning] No further splits with positive gain, best gain: -inf
[LightGBM] [Warning] No further splits with positive gain, best gain: -inf
[LightGBM] [Warning] No further splits with positive gain, best gain: -inf
[LightGBM] [Warning] No further splits with positive gain, best gain: -inf
[LightGBM] [Warning] No further splits with positive gain, best gain: -inf
[LightGBM] [Warning] No further splits with positive gain, best gain: -inf
[LightGBM] [Warning] No further splits with positive gain, best gain: -inf
[LightGBM] [Warning] No further splits with positive gain, best gain: -inf
[LightGBM] [Warning] No further splits with positive gain, best gain: -inf
[LightGBM] [Warning] No further splits with positive gain, best gain: -inf
[LightGBM] [Warning] No further splits with positive gain, best gain: -inf
[LightGBM] [Warning] No further splits with positive gain, best gain: -inf
[LightGBM] [Warning] No further splits with positive gain, best gain: -inf
[LightGBM] [Warning] No further splits with positive gain, best gain: -inf
[LightGBM] [Warning] No further splits with positive gain, best gain: -inf
[LightGBM] [Warning] No further splits with positive gain, best gain: -inf
[LightGBM] [Warning] No further splits with positive gain, best gain: -inf
[LightGBM] [Warning] No further splits with positive gain, best gain: -inf
[LightGBM] [Warning] No further splits with positive gain, best gain: -inf
[LightGBM] [Warning] No further splits with positive gain, best gain: -inf
[LightGBM] [Warning] No further splits with positive gain, best gain: -inf
[LightGBM] [Warning] No further splits with positive gain, best gain: -inf
[LightGBM] [Warning] No further splits with positive gain, best gain: -inf
[LightGBM] [Warning] No further splits with positive gain, best gain: -inf
[LightGBM] [Warning] No further splits with positive gain, best gain: -inf
[LightGBM] [Warning] No further splits with positive gain, best gain: -inf
[LightGBM] [Warning] No further splits with positive gain, best gain: -inf
[LightGBM] [Warning] No further splits with positive gain, best gain: -inf
[LightGBM] [Warning] No further splits with positive gain, best gain: -inf
[LightGBM] [Warning] No further splits with positive gain, best gain: -inf
[LightGBM] [Warning] No further splits with positive gain, best gain: -inf
[LightGBM] [Warning] No further splits with positive gain, best gain: -inf
[LightGBM] [Warning] No further splits with positive gain, best gain: -inf
[LightGBM] [Warning] No further splits with positive gain, best gain: -inf
[LightGBM] [Warning] No further splits with positive gain, best gain: -inf
[LightGBM] [Warning] No further splits with positive gain, best gain: -inf
[LightGBM] [Warning] No further splits with positive gain, best gain: -inf
[LightGBM] [Warning] No further splits with positive gain, best gain: -inf
[LightGBM] [Warning] No further splits with positive gain, best gain: -inf
[LightGBM] [Warning] No further splits with positive gain, best gain: -inf
[LightGBM] [Warning] No further splits with positive gain, best gain: -inf
[LightGBM] [Warning] No further splits with positive gain, best gain: -inf
[LightGBM] [Warning] No further splits with positive gain, best gain: -inf
[LightGBM] [Warning] No further splits with positive gain, best gain: -inf
[LightGBM] [Warning] No further splits with positive gain, best gain: -inf
[LightGBM] [Warning] No further splits with positive gain, best gain: -inf
[LightGBM] [Warning] No further splits with positive gain, best gain: -inf
[LightGBM] [Warning] No further splits with positive gain, best gain: -inf
[LightGBM] [Warning] No further splits with positive gain, best gain: -inf
[LightGBM] [Warning] No further splits with positive gain, best gain: -inf
[LightGBM] [Warning] No further splits with positive gain, best gain: -inf
[LightGBM] [Warning] No further splits with positive gain, best gain: -inf
[LightGBM] [Warning] No further splits with positive gain, best gain: -inf
[LightGBM] [Warning] No further splits with positive gain, best gain: -inf
[LightGBM] [Warning] No further splits with positive gain, best gain: -inf
[LightGBM] [Warning] No further splits with positive gain, best gain: -inf
[LightGBM] [Warning] No further splits with positive gain, best gain: -inf
[LightGBM] [Warning] No further splits with positive gain, best gain: -inf
[LightGBM] [Warning] No further splits with positive gain, best gain: -inf
[LightGBM] [Warning] No further splits with positive gain, best gain: -inf
[LightGBM] [Warning] No further splits with positive gain, best gain: -inf
[LightGBM] [Warning] No further splits with positive gain, best gain: -inf
[LightGBM] [Warning] No further splits with positive gain, best gain: -inf
[32m[I 2025-04-11 01:05:21,648][0m Trial 21 finished with value: 301.3031054479847 and parameters: {'num_leaves': 77, 'max_depth': 6, 'learning_rate': 0.2218508313582892, 'min_child_weight': 5.034932527763581e-05, 'min_child_samples': 39, 'subsample': 0.6070902971817641, 'colsample_bytree': 0.8127307354120764, 'optional_reg_lambda': True, 'reg_lambda': 0.01144306187850936, 'n_bins': 122}. Best is trial 13 with value: 255.49825707573424.[0m
[LightGBM] [Info] Auto-choosing col-wise multi-threading, the overhead of testing was 0.782464 seconds.
You can set `force_col_wise=true` to remove the overhead.
[LightGBM] [Info] Total Bins 408000
[LightGBM] [Info] Number of data points in the train set: 214203, number of used features: 1600
[LightGBM] [Info] Start training from score 0.000000
[32m[I 2025-04-11 01:06:05,082][0m Trial 22 finished with value: 265.8616021312419 and parameters: {'num_leaves': 88, 'max_depth': 10, 'learning_rate': 0.322663100420286, 'min_child_weight': 4.206918417686294e-05, 'min_child_samples': 25, 'subsample': 0.5596998938440038, 'colsample_bytree': 0.8931250193687251, 'optional_reg_lambda': True, 'reg_lambda': 0.025370802523926646, 'n_bins': 101}. Best is trial 13 with value: 255.49825707573424.[0m
[LightGBM] [Info] Auto-choosing col-wise multi-threading, the overhead of testing was 0.838551 seconds.
You can set `force_col_wise=true` to remove the overhead.
[LightGBM] [Info] Total Bins 408000
[LightGBM] [Info] Number of data points in the train set: 214203, number of used features: 1600
[LightGBM] [Info] Start training from score 0.000000
[32m[I 2025-04-11 01:06:49,458][0m Trial 23 finished with value: 296.2027848010591 and parameters: {'num_leaves': 88, 'max_depth': 10, 'learning_rate': 0.4807882025837112, 'min_child_weight': 0.00032679165793251717, 'min_child_samples': 24, 'subsample': 0.6852683448005354, 'colsample_bytree': 0.9000892681318661, 'optional_reg_lambda': True, 'reg_lambda': 0.05470898389886771, 'n_bins': 93}. Best is trial 13 with value: 255.49825707573424.[0m
[LightGBM] [Info] Auto-choosing col-wise multi-threading, the overhead of testing was 0.722809 seconds.
You can set `force_col_wise=true` to remove the overhead.
[LightGBM] [Info] Total Bins 408000
[LightGBM] [Info] Number of data points in the train set: 214203, number of used features: 1600
[LightGBM] [Info] Start training from score 0.000000
[32m[I 2025-04-11 01:07:28,086][0m Trial 24 finished with value: 362.0410344207298 and parameters: {'num_leaves': 71, 'max_depth': 10, 'learning_rate': 0.1000730423203541, 'min_child_weight': 6.885120025200365e-05, 'min_child_samples': 5, 'subsample': 0.547073638476384, 'colsample_bytree': 0.8675994376058915, 'optional_reg_lambda': True, 'reg_lambda': 0.0035063975397334963, 'n_bins': 53}. Best is trial 13 with value: 255.49825707573424.[0m
[LightGBM] [Info] Auto-choosing col-wise multi-threading, the overhead of testing was 0.893754 seconds.
You can set `force_col_wise=true` to remove the overhead.
[LightGBM] [Info] Total Bins 408000
[LightGBM] [Info] Number of data points in the train set: 214203, number of used features: 1600
[LightGBM] [Info] Start training from score 0.000000
[32m[I 2025-04-11 01:08:08,443][0m Trial 25 finished with value: 310.1291609804445 and parameters: {'num_leaves': 90, 'max_depth': 9, 'learning_rate': 0.12694902687929305, 'min_child_weight': 4.1213739918258716e-05, 'min_child_samples': 49, 'subsample': 0.7744106740016482, 'colsample_bytree': 0.9198952660860633, 'optional_reg_lambda': True, 'reg_lambda': 0.2767561525638811, 'n_bins': 157}. Best is trial 13 with value: 255.49825707573424.[0m
[LightGBM] [Info] Auto-choosing col-wise multi-threading, the overhead of testing was 0.951732 seconds.
You can set `force_col_wise=true` to remove the overhead.
[LightGBM] [Info] Total Bins 408000
[LightGBM] [Info] Number of data points in the train set: 214203, number of used features: 1600
[LightGBM] [Info] Start training from score 0.000000
[32m[I 2025-04-11 01:08:56,643][0m Trial 26 finished with value: 639.402277257469 and parameters: {'num_leaves': 99, 'max_depth': 8, 'learning_rate': 0.015708224888618533, 'min_child_weight': 2.2666432855273356e-05, 'min_child_samples': 20, 'subsample': 0.8589177751060681, 'colsample_bytree': 0.9485741415992351, 'optional_reg_lambda': False, 'n_bins': 105}. Best is trial 13 with value: 255.49825707573424.[0m
[LightGBM] [Info] Auto-choosing col-wise multi-threading, the overhead of testing was 0.649904 seconds.
You can set `force_col_wise=true` to remove the overhead.
[LightGBM] [Info] Total Bins 408000
[LightGBM] [Info] Number of data points in the train set: 214203, number of used features: 1600
[LightGBM] [Info] Start training from score 0.000000
[32m[I 2025-04-11 01:09:32,862][0m Trial 27 finished with value: 265.99537333955965 and parameters: {'num_leaves': 67, 'max_depth': 10, 'learning_rate': 0.36674871770296985, 'min_child_weight': 9.480034371966146e-05, 'min_child_samples': 31, 'subsample': 0.6605114746960605, 'colsample_bytree': 0.793937416674426, 'optional_reg_lambda': True, 'reg_lambda': 0.010303557738218616, 'n_bins': 77}. Best is trial 13 with value: 255.49825707573424.[0m
[LightGBM] [Info] Auto-choosing col-wise multi-threading, the overhead of testing was 0.640867 seconds.
You can set `force_col_wise=true` to remove the overhead.
[LightGBM] [Info] Total Bins 408000
[LightGBM] [Info] Number of data points in the train set: 214203, number of used features: 1600
[LightGBM] [Info] Start training from score 0.000000
[32m[I 2025-04-11 01:10:11,343][0m Trial 28 finished with value: 550.2159098532668 and parameters: {'num_leaves': 81, 'max_depth': 9, 'learning_rate': 0.03410204897568356, 'min_child_weight': 0.00027817414213683866, 'min_child_samples': 72, 'subsample': 0.618344810552685, 'colsample_bytree': 0.723075346067666, 'optional_reg_lambda': True, 'reg_lambda': 0.1779381195606989, 'n_bins': 39}. Best is trial 13 with value: 255.49825707573424.[0m
[LightGBM] [Info] Auto-choosing col-wise multi-threading, the overhead of testing was 0.816727 seconds.
You can set `force_col_wise=true` to remove the overhead.
[LightGBM] [Info] Total Bins 408000
[LightGBM] [Info] Number of data points in the train set: 214203, number of used features: 1600
[LightGBM] [Info] Start training from score 0.000000
[32m[I 2025-04-11 01:10:46,447][0m Trial 29 finished with value: 490.7292554480716 and parameters: {'num_leaves': 42, 'max_depth': 8, 'learning_rate': 0.0576134738560528, 'min_child_weight': 0.0013571466939719325, 'min_child_samples': 46, 'subsample': 0.7082800644032382, 'colsample_bytree': 0.8803340027063756, 'optional_reg_lambda': True, 'reg_lambda': 0.03184320697758874, 'n_bins': 133}. Best is trial 13 with value: 255.49825707573424.[0m
[LightGBM] [Info] Auto-choosing col-wise multi-threading, the overhead of testing was 0.807559 seconds.
You can set `force_col_wise=true` to remove the overhead.
[LightGBM] [Info] Total Bins 408000
[LightGBM] [Info] Number of data points in the train set: 214203, number of used features: 1600
[LightGBM] [Info] Start training from score 0.000000
[32m[I 2025-04-11 01:11:27,675][0m Trial 30 finished with value: 366.3120820868458 and parameters: {'num_leaves': 75, 'max_depth': 10, 'learning_rate': 0.08517288628947649, 'min_child_weight': 0.0008805991248754685, 'min_child_samples': 32, 'subsample': 0.7748409719605206, 'colsample_bytree': 0.9565525734992595, 'optional_reg_lambda': True, 'reg_lambda': 0.0005271276869786429, 'n_bins': 103}. Best is trial 13 with value: 255.49825707573424.[0m
[LightGBM] [Info] Auto-choosing col-wise multi-threading, the overhead of testing was 0.819081 seconds.
You can set `force_col_wise=true` to remove the overhead.
[LightGBM] [Info] Total Bins 408000
[LightGBM] [Info] Number of data points in the train set: 214203, number of used features: 1600
[LightGBM] [Info] Start training from score 0.000000
[32m[I 2025-04-11 01:12:05,145][0m Trial 31 finished with value: 258.3311866780114 and parameters: {'num_leaves': 65, 'max_depth': 10, 'learning_rate': 0.3152501055900323, 'min_child_weight': 8.917835566850743e-05, 'min_child_samples': 43, 'subsample': 0.6655109157309134, 'colsample_bytree': 0.7826293238509937, 'optional_reg_lambda': True, 'reg_lambda': 0.008287017224205807, 'n_bins': 78}. Best is trial 13 with value: 255.49825707573424.[0m
[LightGBM] [Info] Auto-choosing col-wise multi-threading, the overhead of testing was 0.692407 seconds.
You can set `force_col_wise=true` to remove the overhead.
[LightGBM] [Info] Total Bins 408000
[LightGBM] [Info] Number of data points in the train set: 214203, number of used features: 1600
[LightGBM] [Info] Start training from score 0.000000
[32m[I 2025-04-11 01:12:39,288][0m Trial 32 finished with value: 291.72936420503754 and parameters: {'num_leaves': 65, 'max_depth': 9, 'learning_rate': 0.5630776294321199, 'min_child_weight': 2.8394847365675504e-05, 'min_child_samples': 53, 'subsample': 0.6740825234287523, 'colsample_bytree': 0.7407171138804599, 'optional_reg_lambda': True, 'reg_lambda': 0.007218108419735437, 'n_bins': 81}. Best is trial 13 with value: 255.49825707573424.[0m
[LightGBM] [Info] Auto-choosing col-wise multi-threading, the overhead of testing was 0.802271 seconds.
You can set `force_col_wise=true` to remove the overhead.
[LightGBM] [Info] Total Bins 408000
[LightGBM] [Info] Number of data points in the train set: 214203, number of used features: 1600
[LightGBM] [Info] Start training from score 0.000000
[32m[I 2025-04-11 01:13:17,618][0m Trial 33 finished with value: 270.90588413265624 and parameters: {'num_leaves': 57, 'max_depth': 10, 'learning_rate': 0.24282413245047668, 'min_child_weight': 1.4016197721757138e-05, 'min_child_samples': 41, 'subsample': 0.5388598861541838, 'colsample_bytree': 0.7844295593565696, 'optional_reg_lambda': True, 'reg_lambda': 0.0025489855662054893, 'n_bins': 42}. Best is trial 13 with value: 255.49825707573424.[0m
[LightGBM] [Info] Auto-choosing col-wise multi-threading, the overhead of testing was 0.778855 seconds.
You can set `force_col_wise=true` to remove the overhead.
[LightGBM] [Info] Total Bins 408000
[LightGBM] [Info] Number of data points in the train set: 214203, number of used features: 1600
[LightGBM] [Info] Start training from score 0.000000
