using gpu: 0
{'cat_min_frequency': 0.0,
 'cat_nan_policy': 'new',
 'cat_policy': 'ordinal',
 'config': {'fit': {'verbose': False},
            'model': {'booster': 'gbtree',
                      'colsample_bytree': 0.8,
                      'early_stopping_rounds': 50,
                      'n_estimators': 2000,
                      'n_jobs': -1,
                      'subsample': 0.8,
                      'tree_method': 'hist'}},
 'dataset': 'ULA_lab_LoS_16_X',
 'dataset_path': 'data',
 'evaluate_option': 'best-val',
 'gpu': '0',
 'model_path': 'results_model',
 'model_type': 'xgboost',
 'n_bins': 2,
 'n_trials': 50,
 'normalization': 'standard',
 'num_nan_policy': 'mean',
 'num_policy': 'none',
 'retune': False,
 'save_path': 'results_model/ULA_lab_LoS_16_X-xgboost-Tune/Norm-standard-Nan-mean-new-Cat-ordinal',
 'seed': 0,
 'seed_num': 1,
 'tune': True}
{'fit': {'verbose': False, 'n_bins': 2}, 'model': {'subsample': 0.8, 'colsample_bytree': 0.8, 'early_stopping_rounds': 50, 'booster': 'gbtree', 'n_estimators': 2000, 'n_jobs': -1, 'tree_method': 'hist'}}
[32m[I 2025-04-08 23:46:16,473][0m Trial 0 finished with value: 261.9345644774794 and parameters: {'optional_alpha': True, 'alpha': 0.010656970429469137, 'colsample_bylevel': 0.7724415914984484, 'colsample_bytree': 0.7118273996694524, 'optional_gamma': False, 'optional_lambda': True, 'lambda': 6.829913261377665e-05, 'learning_rate': 0.09091283280651452, 'max_depth': 7, 'min_child_weight': 0.2424260549741265, 'subsample': 0.9627983191463305, 'n_bins': 20}. Best is trial 0 with value: 261.9345644774794.[0m
[32m[I 2025-04-08 23:46:48,618][0m Trial 1 finished with value: 645.2051519423984 and parameters: {'optional_alpha': False, 'colsample_bylevel': 0.916309922773969, 'colsample_bytree': 0.8890783754749252, 'optional_gamma': True, 'gamma': 0.9808117097306164, 'optional_lambda': True, 'lambda': 1.5231555549417795e-07, 'learning_rate': 0.015834527427829734, 'max_depth': 4, 'min_child_weight': 19085.16511726201, 'subsample': 0.7609241608750359, 'n_bins': 107}. Best is trial 0 with value: 261.9345644774794.[0m
[32m[I 2025-04-08 23:47:21,767][0m Trial 2 finished with value: 826.3603361907959 and parameters: {'optional_alpha': True, 'alpha': 0.00036433703707904036, 'colsample_bylevel': 0.7842169744343243, 'colsample_bytree': 0.5093949002181776, 'optional_gamma': False, 'optional_lambda': True, 'lambda': 0.06579653011946039, 'learning_rate': 0.0006273927602293597, 'max_depth': 6, 'min_child_weight': 11.72750284712809, 'subsample': 0.5301127358146349, 'n_bins': 172}. Best is trial 0 with value: 261.9345644774794.[0m
[32m[I 2025-04-08 23:47:52,998][0m Trial 3 finished with value: 847.7501134745434 and parameters: {'optional_alpha': False, 'colsample_bylevel': 0.5644631488274267, 'colsample_bytree': 0.6577141754620919, 'optional_gamma': True, 'gamma': 0.00024322887698390846, 'optional_lambda': False, 'learning_rate': 0.00011076021254597257, 'max_depth': 4, 'min_child_weight': 3.0932016348957663, 'subsample': 0.626645801269891, 'n_bins': 120}. Best is trial 0 with value: 261.9345644774794.[0m
[32m[I 2025-04-08 23:48:22,537][0m Trial 4 finished with value: 611.5988272248505 and parameters: {'optional_alpha': False, 'colsample_bylevel': 0.5551875705821525, 'colsample_bytree': 0.8281647947326367, 'optional_gamma': True, 'gamma': 4.866891972890964e-05, 'optional_lambda': False, 'learning_rate': 0.1547834553402764, 'max_depth': 3, 'min_child_weight': 49428.00081604498, 'subsample': 0.7343256008238508, 'n_bins': 251}. Best is trial 0 with value: 261.9345644774794.[0m
[32m[I 2025-04-08 23:48:55,477][0m Trial 5 finished with value: 442.7233309183622 and parameters: {'optional_alpha': True, 'alpha': 2.465346246449571e-08, 'colsample_bylevel': 0.6414034812882048, 'colsample_bytree': 0.5600982806065844, 'optional_gamma': False, 'optional_lambda': True, 'lambda': 4.3800086026247575e-08, 'learning_rate': 0.02899750265370691, 'max_depth': 7, 'min_child_weight': 2.818794284367099e-05, 'subsample': 0.7616240267333498, 'n_bins': 25}. Best is trial 0 with value: 261.9345644774794.[0m
[32m[I 2025-04-08 23:49:25,026][0m Trial 6 finished with value: 473.7692248326779 and parameters: {'optional_alpha': True, 'alpha': 1.533520282967531e-05, 'colsample_bylevel': 0.8337051899818408, 'colsample_bytree': 0.565898931202196, 'optional_gamma': False, 'optional_lambda': True, 'lambda': 1.5888227943138278e-08, 'learning_rate': 0.13954045864229964, 'max_depth': 3, 'min_child_weight': 6.480596446891043, 'subsample': 0.6350039865960824, 'n_bins': 189}. Best is trial 0 with value: 261.9345644774794.[0m
[32m[I 2025-04-08 23:49:59,371][0m Trial 7 finished with value: 191.16527060561833 and parameters: {'optional_alpha': False, 'colsample_bylevel': 0.7880786672089184, 'colsample_bytree': 0.7960209656359195, 'optional_gamma': False, 'optional_lambda': False, 'learning_rate': 0.17062527421800122, 'max_depth': 8, 'min_child_weight': 7.356654515652415e-05, 'subsample': 0.9068989098512386, 'n_bins': 103}. Best is trial 7 with value: 191.16527060561833.[0m
[32m[I 2025-04-08 23:50:32,870][0m Trial 8 finished with value: 796.6374661443646 and parameters: {'optional_alpha': False, 'colsample_bylevel': 0.9408676809274263, 'colsample_bytree': 0.846265795038883, 'optional_gamma': False, 'optional_lambda': False, 'learning_rate': 0.0013160586463600646, 'max_depth': 7, 'min_child_weight': 1.7762806221961337e-08, 'subsample': 0.6507874083372747, 'n_bins': 170}. Best is trial 7 with value: 191.16527060561833.[0m
[32m[I 2025-04-08 23:51:15,431][0m Trial 9 finished with value: 779.0091987891184 and parameters: {'optional_alpha': True, 'alpha': 0.00019394876095968973, 'colsample_bylevel': 0.5677370321112252, 'colsample_bytree': 0.6491411629780154, 'optional_gamma': True, 'gamma': 0.005536719073590977, 'optional_lambda': False, 'learning_rate': 0.0014357941422596275, 'max_depth': 10, 'min_child_weight': 0.0006002114978021492, 'subsample': 0.7179324626328134, 'n_bins': 229}. Best is trial 7 with value: 191.16527060561833.[0m
[32m[I 2025-04-08 23:51:49,741][0m Trial 10 finished with value: 419.630554424036 and parameters: {'optional_alpha': False, 'colsample_bylevel': 0.6855390787918278, 'colsample_bytree': 0.9763891304300578, 'optional_gamma': False, 'optional_lambda': False, 'learning_rate': 0.8762371399341778, 'max_depth': 9, 'min_child_weight': 5.841121553528072e-07, 'subsample': 0.9912690321304675, 'n_bins': 73}. Best is trial 7 with value: 191.16527060561833.[0m
[32m[I 2025-04-08 23:52:23,912][0m Trial 11 finished with value: 851.2387882423501 and parameters: {'optional_alpha': True, 'alpha': 61.641239987057375, 'colsample_bylevel': 0.8372975269020799, 'colsample_bytree': 0.7420211857927421, 'optional_gamma': False, 'optional_lambda': True, 'lambda': 54.87517190870796, 'learning_rate': 1.0665571721000139e-05, 'max_depth': 8, 'min_child_weight': 0.010743229079568397, 'subsample': 0.9750907775336648, 'n_bins': 3}. Best is trial 7 with value: 191.16527060561833.[0m
[32m[I 2025-04-08 23:52:55,572][0m Trial 12 finished with value: 277.8236112953169 and parameters: {'optional_alpha': True, 'alpha': 0.6924502981061265, 'colsample_bylevel': 0.7157316013493222, 'colsample_bytree': 0.7299396291380444, 'optional_gamma': False, 'optional_lambda': False, 'learning_rate': 0.7089392199034127, 'max_depth': 6, 'min_child_weight': 0.04833602327583868, 'subsample': 0.8909608917398528, 'n_bins': 56}. Best is trial 7 with value: 191.16527060561833.[0m
[32m[I 2025-04-08 23:53:30,221][0m Trial 13 finished with value: 480.0116387282222 and parameters: {'optional_alpha': False, 'colsample_bylevel': 0.7858277735129392, 'colsample_bytree': 0.6796535064127054, 'optional_gamma': False, 'optional_lambda': True, 'lambda': 7.987930356165417e-05, 'learning_rate': 0.01651338434871955, 'max_depth': 8, 'min_child_weight': 4.228195402675383e-05, 'subsample': 0.8805682683374314, 'n_bins': 74}. Best is trial 7 with value: 191.16527060561833.[0m
[32m[I 2025-04-08 23:54:13,520][0m Trial 14 finished with value: 180.62812302240695 and parameters: {'optional_alpha': True, 'alpha': 0.05722711226756444, 'colsample_bylevel': 0.9924587385659037, 'colsample_bytree': 0.7995138830171545, 'optional_gamma': False, 'optional_lambda': True, 'lambda': 0.00043902308103618116, 'learning_rate': 0.10063428176821157, 'max_depth': 10, 'min_child_weight': 0.08438730259717137, 'subsample': 0.8784015029201728, 'n_bins': 50}. Best is trial 14 with value: 180.62812302240695.[0m
[32m[I 2025-04-08 23:54:57,579][0m Trial 15 finished with value: 617.5220247605034 and parameters: {'optional_alpha': False, 'colsample_bylevel': 0.8735904491046036, 'colsample_bytree': 0.8045661070787121, 'optional_gamma': False, 'optional_lambda': False, 'learning_rate': 0.005652685888568566, 'max_depth': 10, 'min_child_weight': 0.0010587941859306442, 'subsample': 0.8512763084764623, 'n_bins': 108}. Best is trial 14 with value: 180.62812302240695.[0m
[32m[I 2025-04-08 23:55:32,217][0m Trial 16 finished with value: 196.85274649881816 and parameters: {'optional_alpha': True, 'alpha': 0.5463386004865959, 'colsample_bylevel': 0.9597212632609384, 'colsample_bytree': 0.8997573046628451, 'optional_gamma': False, 'optional_lambda': False, 'learning_rate': 0.28584360000282266, 'max_depth': 9, 'min_child_weight': 160.29950653893843, 'subsample': 0.8291740573749555, 'n_bins': 54}. Best is trial 14 with value: 180.62812302240695.[0m
[32m[I 2025-04-08 23:56:10,053][0m Trial 17 finished with value: 318.79792810096774 and parameters: {'optional_alpha': False, 'colsample_bylevel': 0.9887136641302041, 'colsample_bytree': 0.7894847023400996, 'optional_gamma': False, 'optional_lambda': True, 'lambda': 0.03449683986682951, 'learning_rate': 0.03542250720098207, 'max_depth': 9, 'min_child_weight': 2.4215640797677795e-06, 'subsample': 0.9201272737564832, 'n_bins': 149}. Best is trial 14 with value: 180.62812302240695.[0m
[32m[I 2025-04-08 23:56:52,670][0m Trial 18 finished with value: 219.68847036525474 and parameters: {'optional_alpha': False, 'colsample_bylevel': 0.5040654995974045, 'colsample_bytree': 0.9747215609487249, 'optional_gamma': True, 'gamma': 2.737055107792795e-08, 'optional_lambda': True, 'lambda': 25.321127077883048, 'learning_rate': 0.059905900702708625, 'max_depth': 10, 'min_child_weight': 0.004346906155238069, 'subsample': 0.8161727701972971, 'n_bins': 90}. Best is trial 14 with value: 180.62812302240695.[0m
[32m[I 2025-04-08 23:57:27,635][0m Trial 19 finished with value: 649.8898494150266 and parameters: {'optional_alpha': True, 'alpha': 6.833495448237342e-07, 'colsample_bylevel': 0.9013514853057494, 'colsample_bytree': 0.9057014277373537, 'optional_gamma': False, 'optional_lambda': False, 'learning_rate': 0.006116713974526741, 'max_depth': 8, 'min_child_weight': 349.19737262798986, 'subsample': 0.9269929290300458, 'n_bins': 142}. Best is trial 14 with value: 180.62812302240695.[0m
[32m[I 2025-04-08 23:58:03,743][0m Trial 20 finished with value: 235.71797100010872 and parameters: {'optional_alpha': False, 'colsample_bylevel': 0.9975460409815256, 'colsample_bytree': 0.7772665145113711, 'optional_gamma': False, 'optional_lambda': False, 'learning_rate': 0.3692434939908306, 'max_depth': 9, 'min_child_weight': 1.714982366868768e-08, 'subsample': 0.7878583442468889, 'n_bins': 41}. Best is trial 14 with value: 180.62812302240695.[0m
[32m[I 2025-04-08 23:58:37,108][0m Trial 21 finished with value: 212.43989463766286 and parameters: {'optional_alpha': True, 'alpha': 0.07751592450561635, 'colsample_bylevel': 0.9410419590814715, 'colsample_bytree': 0.885762812204786, 'optional_gamma': False, 'optional_lambda': False, 'learning_rate': 0.31809667584379564, 'max_depth': 9, 'min_child_weight': 485.10222013892144, 'subsample': 0.833199450845466, 'n_bins': 67}. Best is trial 14 with value: 180.62812302240695.[0m
[32m[I 2025-04-08 23:59:19,598][0m Trial 22 finished with value: 187.7541928695825 and parameters: {'optional_alpha': True, 'alpha': 2.455561224074547, 'colsample_bylevel': 0.9682149194209083, 'colsample_bytree': 0.9273354684094263, 'optional_gamma': False, 'optional_lambda': False, 'learning_rate': 0.23622184028595905, 'max_depth': 10, 'min_child_weight': 0.3529715517430991, 'subsample': 0.8712919296427544, 'n_bins': 48}. Best is trial 14 with value: 180.62812302240695.[0m
[32m[I 2025-04-09 00:00:03,367][0m Trial 23 finished with value: 189.23580671685647 and parameters: {'optional_alpha': True, 'alpha': 3.4171529814347963, 'colsample_bylevel': 0.8761094345347792, 'colsample_bytree': 0.9393139719903563, 'optional_gamma': False, 'optional_lambda': False, 'learning_rate': 0.07825970935497137, 'max_depth': 10, 'min_child_weight': 0.26960478019183104, 'subsample': 0.933997778785097, 'n_bins': 90}. Best is trial 14 with value: 180.62812302240695.[0m
[32m[I 2025-04-09 00:00:44,870][0m Trial 24 finished with value: 264.4046882120757 and parameters: {'optional_alpha': True, 'alpha': 32.29922513960703, 'colsample_bylevel': 0.8691667267164225, 'colsample_bytree': 0.9428226715136049, 'optional_gamma': False, 'optional_lambda': False, 'learning_rate': 0.05850451730158845, 'max_depth': 10, 'min_child_weight': 0.37292021268657854, 'subsample': 0.9466514337403698, 'n_bins': 89}. Best is trial 14 with value: 180.62812302240695.[0m
[32m[I 2025-04-09 00:01:29,431][0m Trial 25 finished with value: 481.624472909593 and parameters: {'optional_alpha': True, 'alpha': 2.4756664777858894, 'colsample_bylevel': 0.9710514176466584, 'colsample_bytree': 0.9377556062422412, 'optional_gamma': False, 'optional_lambda': False, 'learning_rate': 0.011658794131665585, 'max_depth': 10, 'min_child_weight': 0.12632322147993555, 'subsample': 0.8689994045212789, 'n_bins': 35}. Best is trial 14 with value: 180.62812302240695.[0m
[32m[I 2025-04-09 00:02:07,939][0m Trial 26 finished with value: 322.75663259333936 and parameters: {'optional_alpha': True, 'alpha': 0.02117232646037939, 'colsample_bylevel': 0.9062555106836412, 'colsample_bytree': 0.9972799736335126, 'optional_gamma': False, 'optional_lambda': True, 'lambda': 5.3785170467828385e-06, 'learning_rate': 0.5542704557570786, 'max_depth': 10, 'min_child_weight': 0.6328401293936984, 'subsample': 0.8000569508702882, 'n_bins': 11}. Best is trial 14 with value: 180.62812302240695.[0m
[32m[I 2025-04-09 00:02:40,647][0m Trial 27 finished with value: 443.7099681090194 and parameters: {'optional_alpha': True, 'alpha': 5.8789345800947865, 'colsample_bylevel': 0.8376087730893701, 'colsample_bytree': 0.831461959303395, 'optional_gamma': True, 'gamma': 79.39952489632844, 'optional_lambda': False, 'learning_rate': 0.03861647183795228, 'max_depth': 9, 'min_child_weight': 61.05317294074035, 'subsample': 0.946293455000447, 'n_bins': 44}. Best is trial 14 with value: 180.62812302240695.[0m
[32m[I 2025-04-09 00:03:12,168][0m Trial 28 finished with value: 846.2347511243877 and parameters: {'optional_alpha': True, 'alpha': 0.06653195623576735, 'colsample_bylevel': 0.9401979104114512, 'colsample_bytree': 0.9395921481641629, 'optional_gamma': False, 'optional_lambda': True, 'lambda': 0.02302787791206652, 'learning_rate': 0.00013972708346620357, 'max_depth': 5, 'min_child_weight': 0.009031012262906176, 'subsample': 0.6818910324131301, 'n_bins': 82}. Best is trial 14 with value: 180.62812302240695.[0m
[32m[I 2025-04-09 00:03:55,737][0m Trial 29 finished with value: 177.82810238226904 and parameters: {'optional_alpha': True, 'alpha': 0.0036713610307871013, 'colsample_bylevel': 0.8835582897322865, 'colsample_bytree': 0.8441343508665177, 'optional_gamma': False, 'optional_lambda': True, 'lambda': 1.1022287026976294, 'learning_rate': 0.08367021118977581, 'max_depth': 10, 'min_child_weight': 0.7906014460228455, 'subsample': 0.9991617620935738, 'n_bins': 21}. Best is trial 29 with value: 177.82810238226904.[0m
[32m[I 2025-04-09 00:04:27,658][0m Trial 30 finished with value: 293.2987765650454 and parameters: {'optional_alpha': True, 'alpha': 0.003711885778154886, 'colsample_bylevel': 0.9976576869793146, 'colsample_bytree': 0.858286866558677, 'optional_gamma': False, 'optional_lambda': True, 'lambda': 1.2341096272054222, 'learning_rate': 0.14033725197499686, 'max_depth': 7, 'min_child_weight': 4425.9996975774675, 'subsample': 0.9994441816793646, 'n_bins': 24}. Best is trial 29 with value: 177.82810238226904.[0m
[32m[I 2025-04-09 00:05:11,225][0m Trial 31 finished with value: 192.70144049218993 and parameters: {'optional_alpha': True, 'alpha': 0.2863010957553264, 'colsample_bylevel': 0.8861090184801698, 'colsample_bytree': 0.8618174032967187, 'optional_gamma': False, 'optional_lambda': True, 'lambda': 0.004393567305469853, 'learning_rate': 0.07054158504552824, 'max_depth': 10, 'min_child_weight': 1.062417063530992, 'subsample': 0.9649001925695698, 'n_bins': 61}. Best is trial 29 with value: 177.82810238226904.[0m
[32m[I 2025-04-09 00:05:49,264][0m Trial 32 finished with value: 408.19318031436643 and parameters: {'optional_alpha': True, 'alpha': 7.972806010130096, 'colsample_bylevel': 0.9226915186280376, 'colsample_bytree': 0.9214732789860844, 'optional_gamma': False, 'optional_lambda': True, 'lambda': 1.3002464930764215, 'learning_rate': 0.02132432882306142, 'max_depth': 9, 'min_child_weight': 0.03504243542263579, 'subsample': 0.9315061556173593, 'n_bins': 21}. Best is trial 29 with value: 177.82810238226904.[0m
[32m[I 2025-04-09 00:06:31,133][0m Trial 33 finished with value: 174.30886393997346 and parameters: {'optional_alpha': True, 'alpha': 0.00192296924605113, 'colsample_bylevel': 0.9624560918936943, 'colsample_bytree': 0.7638407470436273, 'optional_gamma': False, 'optional_lambda': True, 'lambda': 0.00023288200878856383, 'learning_rate': 0.09183872875700755, 'max_depth': 10, 'min_child_weight': 23.222324875773264, 'subsample': 0.8596579850827967, 'n_bins': 43}. Best is trial 33 with value: 174.30886393997346.[0m
[32m[I 2025-04-09 00:07:08,441][0m Trial 34 finished with value: 224.33703369881275 and parameters: {'optional_alpha': True, 'alpha': 4.1458816010372895e-05, 'colsample_bylevel': 0.9605566887870196, 'colsample_bytree': 0.7644745389297706, 'optional_gamma': True, 'gamma': 7.362373342627551e-08, 'optional_lambda': True, 'lambda': 0.00018204507460332816, 'learning_rate': 0.34099717929675993, 'max_depth': 10, 'min_child_weight': 24.71722319516001, 'subsample': 0.8572531305290835, 'n_bins': 3}. Best is trial 33 with value: 174.30886393997346.[0m
[32m[I 2025-04-09 00:07:43,669][0m Trial 35 finished with value: 621.2918245071563 and parameters: {'optional_alpha': True, 'alpha': 0.001208168076744814, 'colsample_bylevel': 0.9645445319724026, 'colsample_bytree': 0.7081231809974144, 'optional_gamma': False, 'optional_lambda': True, 'lambda': 3.763160538326999e-06, 'learning_rate': 0.00685705452670344, 'max_depth': 8, 'min_child_weight': 2.3535488384957737, 'subsample': 0.7759994849566376, 'n_bins': 39}. Best is trial 33 with value: 174.30886393997346.[0m
[32m[I 2025-04-09 00:08:16,840][0m Trial 36 finished with value: 224.57267912088773 and parameters: {'optional_alpha': True, 'alpha': 0.001645805330436362, 'colsample_bylevel': 0.9223503856593742, 'colsample_bytree': 0.7019016834905709, 'optional_gamma': False, 'optional_lambda': True, 'lambda': 0.0010814462073076875, 'learning_rate': 0.1839558455597649, 'max_depth': 9, 'min_child_weight': 2312.5100047900796, 'subsample': 0.8937807538840119, 'n_bins': 30}. Best is trial 33 with value: 174.30886393997346.[0m
[32m[I 2025-04-09 00:08:59,105][0m Trial 37 finished with value: 176.09776249711692 and parameters: {'optional_alpha': True, 'alpha': 0.010910005013965156, 'colsample_bylevel': 0.8126899376082749, 'colsample_bytree': 0.8176813494822753, 'optional_gamma': True, 'gamma': 3.3208339277041427e-06, 'optional_lambda': True, 'lambda': 4.267914742803793e-06, 'learning_rate': 0.10656623577569556, 'max_depth': 10, 'min_child_weight': 3.8566593124292945, 'subsample': 0.7402458439277968, 'n_bins': 50}. Best is trial 33 with value: 174.30886393997346.[0m
[32m[I 2025-04-09 00:09:30,393][0m Trial 38 finished with value: 765.3868107583752 and parameters: {'optional_alpha': True, 'alpha': 0.009183078558010671, 'colsample_bylevel': 0.7623497717119653, 'colsample_bytree': 0.745627201880996, 'optional_gamma': True, 'gamma': 2.580038401667601e-06, 'optional_lambda': True, 'lambda': 3.674887468545057e-06, 'learning_rate': 0.0025821579109029276, 'max_depth': 5, 'min_child_weight': 10.700659556928267, 'subsample': 0.557887542937596, 'n_bins': 16}. Best is trial 33 with value: 174.30886393997346.[0m
[32m[I 2025-04-09 00:10:07,508][0m Trial 39 finished with value: 185.54674975148282 and parameters: {'optional_alpha': True, 'alpha': 0.052171884681519475, 'colsample_bylevel': 0.8115029911103246, 'colsample_bytree': 0.8206220975072553, 'optional_gamma': True, 'gamma': 0.031218580979863946, 'optional_lambda': True, 'lambda': 2.2750090261427002e-05, 'learning_rate': 0.10511672317792488, 'max_depth': 9, 'min_child_weight': 2.772777748281861, 'subsample': 0.7149275859467028, 'n_bins': 106}. Best is trial 33 with value: 174.30886393997346.[0m
[32m[I 2025-04-09 00:10:41,962][0m Trial 40 finished with value: 545.4083629280741 and parameters: {'optional_alpha': True, 'alpha': 0.00016669197797031013, 'colsample_bylevel': 0.7400474939602567, 'colsample_bytree': 0.8727263264084969, 'optional_gamma': True, 'gamma': 2.203127281476336e-06, 'optional_lambda': True, 'lambda': 0.0004761023429809575, 'learning_rate': 0.011093060461846462, 'max_depth': 8, 'min_child_weight': 27.09591634363747, 'subsample': 0.7387332664506823, 'n_bins': 131}. Best is trial 33 with value: 174.30886393997346.[0m
