using gpu: 0
{'cat_min_frequency': 0.0,
 'cat_nan_policy': 'new',
 'cat_policy': 'ordinal',
 'config': {'fit': {'verbose': False},
            'model': {'booster': 'gbtree',
                      'colsample_bytree': 0.8,
                      'early_stopping_rounds': 50,
                      'n_estimators': 2000,
                      'n_jobs': -1,
                      'subsample': 0.8,
                      'tree_method': 'hist'}},
 'dataset': 'ULA_lab_LoS_8_Y',
 'dataset_path': 'data',
 'evaluate_option': 'best-val',
 'gpu': '0',
 'model_path': 'results_model',
 'model_type': 'xgboost',
 'n_bins': 2,
 'n_trials': 50,
 'normalization': 'standard',
 'num_nan_policy': 'mean',
 'num_policy': 'none',
 'retune': False,
 'save_path': 'results_model/ULA_lab_LoS_8_Y-xgboost-Tune/Norm-standard-Nan-mean-new-Cat-ordinal',
 'seed': 0,
 'seed_num': 1,
 'tune': True}
{'fit': {'verbose': False, 'n_bins': 2}, 'model': {'subsample': 0.8, 'colsample_bytree': 0.8, 'early_stopping_rounds': 50, 'booster': 'gbtree', 'n_estimators': 2000, 'n_jobs': -1, 'tree_method': 'hist'}}
[32m[I 2025-04-08 23:30:17,465][0m Trial 0 finished with value: 391.1757252067284 and parameters: {'optional_alpha': True, 'alpha': 0.010656970429469137, 'colsample_bylevel': 0.7724415914984484, 'colsample_bytree': 0.7118273996694524, 'optional_gamma': False, 'optional_lambda': True, 'lambda': 6.829913261377665e-05, 'learning_rate': 0.09091283280651452, 'max_depth': 7, 'min_child_weight': 0.2424260549741265, 'subsample': 0.9627983191463305, 'n_bins': 20}. Best is trial 0 with value: 391.1757252067284.[0m
[32m[I 2025-04-08 23:30:33,178][0m Trial 1 finished with value: 753.0063468299483 and parameters: {'optional_alpha': False, 'colsample_bylevel': 0.916309922773969, 'colsample_bytree': 0.8890783754749252, 'optional_gamma': True, 'gamma': 0.9808117097306164, 'optional_lambda': True, 'lambda': 1.5231555549417795e-07, 'learning_rate': 0.015834527427829734, 'max_depth': 4, 'min_child_weight': 19085.16511726201, 'subsample': 0.7609241608750359, 'n_bins': 107}. Best is trial 0 with value: 391.1757252067284.[0m
[32m[I 2025-04-08 23:30:49,266][0m Trial 2 finished with value: 875.1438456952278 and parameters: {'optional_alpha': True, 'alpha': 0.00036433703707904036, 'colsample_bylevel': 0.7842169744343243, 'colsample_bytree': 0.5093949002181776, 'optional_gamma': False, 'optional_lambda': True, 'lambda': 0.06579653011946039, 'learning_rate': 0.0006273927602293597, 'max_depth': 6, 'min_child_weight': 11.72750284712809, 'subsample': 0.5301127358146349, 'n_bins': 172}. Best is trial 0 with value: 391.1757252067284.[0m
[32m[I 2025-04-08 23:31:04,511][0m Trial 3 finished with value: 890.4716056757347 and parameters: {'optional_alpha': False, 'colsample_bylevel': 0.5644631488274267, 'colsample_bytree': 0.6577141754620919, 'optional_gamma': True, 'gamma': 0.00024322887698390846, 'optional_lambda': False, 'learning_rate': 0.00011076021254597257, 'max_depth': 4, 'min_child_weight': 3.0932016348957663, 'subsample': 0.626645801269891, 'n_bins': 120}. Best is trial 0 with value: 391.1757252067284.[0m
[32m[I 2025-04-08 23:31:18,811][0m Trial 4 finished with value: 739.9368350219754 and parameters: {'optional_alpha': False, 'colsample_bylevel': 0.5551875705821525, 'colsample_bytree': 0.8281647947326367, 'optional_gamma': True, 'gamma': 4.866891972890964e-05, 'optional_lambda': False, 'learning_rate': 0.1547834553402764, 'max_depth': 3, 'min_child_weight': 49428.00081604498, 'subsample': 0.7343256008238508, 'n_bins': 251}. Best is trial 0 with value: 391.1757252067284.[0m
[32m[I 2025-04-08 23:31:34,916][0m Trial 5 finished with value: 577.87198094752 and parameters: {'optional_alpha': True, 'alpha': 2.465346246449571e-08, 'colsample_bylevel': 0.6414034812882048, 'colsample_bytree': 0.5600982806065844, 'optional_gamma': False, 'optional_lambda': True, 'lambda': 4.3800086026247575e-08, 'learning_rate': 0.02899750265370691, 'max_depth': 7, 'min_child_weight': 2.818794284367099e-05, 'subsample': 0.7616240267333498, 'n_bins': 25}. Best is trial 0 with value: 391.1757252067284.[0m
[32m[I 2025-04-08 23:31:49,108][0m Trial 6 finished with value: 562.9851684231179 and parameters: {'optional_alpha': True, 'alpha': 1.533520282967531e-05, 'colsample_bylevel': 0.8337051899818408, 'colsample_bytree': 0.565898931202196, 'optional_gamma': False, 'optional_lambda': True, 'lambda': 1.5888227943138278e-08, 'learning_rate': 0.13954045864229964, 'max_depth': 3, 'min_child_weight': 6.480596446891043, 'subsample': 0.6350039865960824, 'n_bins': 189}. Best is trial 0 with value: 391.1757252067284.[0m
[32m[I 2025-04-08 23:32:05,841][0m Trial 7 finished with value: 269.6145021321059 and parameters: {'optional_alpha': False, 'colsample_bylevel': 0.7880786672089184, 'colsample_bytree': 0.7960209656359195, 'optional_gamma': False, 'optional_lambda': False, 'learning_rate': 0.17062527421800122, 'max_depth': 8, 'min_child_weight': 7.356654515652415e-05, 'subsample': 0.9068989098512386, 'n_bins': 103}. Best is trial 7 with value: 269.6145021321059.[0m
[32m[I 2025-04-08 23:32:22,063][0m Trial 8 finished with value: 853.0346200400547 and parameters: {'optional_alpha': False, 'colsample_bylevel': 0.9408676809274263, 'colsample_bytree': 0.846265795038883, 'optional_gamma': False, 'optional_lambda': False, 'learning_rate': 0.0013160586463600646, 'max_depth': 7, 'min_child_weight': 1.7762806221961337e-08, 'subsample': 0.6507874083372747, 'n_bins': 170}. Best is trial 7 with value: 269.6145021321059.[0m
[32m[I 2025-04-08 23:32:42,416][0m Trial 9 finished with value: 835.6901513546583 and parameters: {'optional_alpha': True, 'alpha': 0.00019394876095968973, 'colsample_bylevel': 0.5677370321112252, 'colsample_bytree': 0.6491411629780154, 'optional_gamma': True, 'gamma': 0.005536719073590977, 'optional_lambda': False, 'learning_rate': 0.0014357941422596275, 'max_depth': 10, 'min_child_weight': 0.0006002114978021492, 'subsample': 0.7179324626328134, 'n_bins': 229}. Best is trial 7 with value: 269.6145021321059.[0m
[32m[I 2025-04-08 23:32:59,164][0m Trial 10 finished with value: 484.3466348690655 and parameters: {'optional_alpha': False, 'colsample_bylevel': 0.6855390787918278, 'colsample_bytree': 0.9763891304300578, 'optional_gamma': False, 'optional_lambda': False, 'learning_rate': 0.8762371399341778, 'max_depth': 9, 'min_child_weight': 5.841121553528072e-07, 'subsample': 0.9912690321304675, 'n_bins': 73}. Best is trial 7 with value: 269.6145021321059.[0m
[32m[I 2025-04-08 23:33:15,981][0m Trial 11 finished with value: 892.8292435735027 and parameters: {'optional_alpha': True, 'alpha': 61.641239987057375, 'colsample_bylevel': 0.8372975269020799, 'colsample_bytree': 0.7420211857927421, 'optional_gamma': False, 'optional_lambda': True, 'lambda': 54.87517190870796, 'learning_rate': 1.0665571721000139e-05, 'max_depth': 8, 'min_child_weight': 0.010743229079568397, 'subsample': 0.9750907775336648, 'n_bins': 3}. Best is trial 7 with value: 269.6145021321059.[0m
[32m[I 2025-04-08 23:33:31,287][0m Trial 12 finished with value: 335.409699703854 and parameters: {'optional_alpha': True, 'alpha': 0.6924502981061265, 'colsample_bylevel': 0.7157316013493222, 'colsample_bytree': 0.7299396291380444, 'optional_gamma': False, 'optional_lambda': False, 'learning_rate': 0.7089392199034127, 'max_depth': 6, 'min_child_weight': 0.04833602327583868, 'subsample': 0.8909608917398528, 'n_bins': 56}. Best is trial 7 with value: 269.6145021321059.[0m
[32m[I 2025-04-08 23:33:46,037][0m Trial 13 finished with value: 319.76554843827114 and parameters: {'optional_alpha': False, 'colsample_bylevel': 0.6908674265363048, 'colsample_bytree': 0.7574069984147719, 'optional_gamma': False, 'optional_lambda': False, 'learning_rate': 0.722372577145198, 'max_depth': 5, 'min_child_weight': 8.090978044065159e-05, 'subsample': 0.8656968219310414, 'n_bins': 68}. Best is trial 7 with value: 269.6145021321059.[0m
[32m[I 2025-04-08 23:34:01,046][0m Trial 14 finished with value: 706.2439372784505 and parameters: {'optional_alpha': False, 'colsample_bylevel': 0.6463210348465369, 'colsample_bytree': 0.8134742056188247, 'optional_gamma': False, 'optional_lambda': False, 'learning_rate': 0.015295640399208681, 'max_depth': 5, 'min_child_weight': 2.2203658215319706e-05, 'subsample': 0.8595386095875168, 'n_bins': 82}. Best is trial 7 with value: 269.6145021321059.[0m
[32m[I 2025-04-08 23:34:18,756][0m Trial 15 finished with value: 323.1173071020889 and parameters: {'optional_alpha': False, 'colsample_bylevel': 0.997734804999753, 'colsample_bytree': 0.9145309432878883, 'optional_gamma': False, 'optional_lambda': False, 'learning_rate': 0.44226119873296277, 'max_depth': 9, 'min_child_weight': 0.00014039315553323657, 'subsample': 0.8669835911605328, 'n_bins': 135}. Best is trial 7 with value: 269.6145021321059.[0m
[32m[I 2025-04-08 23:34:34,207][0m Trial 16 finished with value: 769.270662031787 and parameters: {'optional_alpha': False, 'colsample_bylevel': 0.841260009602011, 'colsample_bytree': 0.7791846128396288, 'optional_gamma': False, 'optional_lambda': False, 'learning_rate': 0.006965330656611201, 'max_depth': 5, 'min_child_weight': 1.4730259785606274e-07, 'subsample': 0.8219859739564381, 'n_bins': 55}. Best is trial 7 with value: 269.6145021321059.[0m
[32m[I 2025-04-08 23:34:50,979][0m Trial 17 finished with value: 367.132519015732 and parameters: {'optional_alpha': False, 'colsample_bylevel': 0.7235926519874087, 'colsample_bytree': 0.6654844694352232, 'optional_gamma': False, 'optional_lambda': False, 'learning_rate': 0.08074343153655555, 'max_depth': 8, 'min_child_weight': 1.7608781297912394e-06, 'subsample': 0.9311849996561317, 'n_bins': 97}. Best is trial 7 with value: 269.6145021321059.[0m
[32m[I 2025-04-08 23:35:05,171][0m Trial 18 finished with value: 489.64745166529747 and parameters: {'optional_alpha': False, 'colsample_bylevel': 0.6311030258266783, 'colsample_bytree': 0.9021279374963416, 'optional_gamma': True, 'gamma': 59.51133893354849, 'optional_lambda': False, 'learning_rate': 0.3687311186939362, 'max_depth': 5, 'min_child_weight': 0.0033484349185043108, 'subsample': 0.8088781898201725, 'n_bins': 139}. Best is trial 7 with value: 269.6145021321059.[0m
[32m[I 2025-04-08 23:35:21,559][0m Trial 19 finished with value: 491.948771304024 and parameters: {'optional_alpha': False, 'colsample_bylevel': 0.5076939955422031, 'colsample_bytree': 0.7843248361376786, 'optional_gamma': False, 'optional_lambda': False, 'learning_rate': 0.05109593986220433, 'max_depth': 8, 'min_child_weight': 382.61787830653964, 'subsample': 0.9107061830445343, 'n_bins': 50}. Best is trial 7 with value: 269.6145021321059.[0m
[32m[I 2025-04-08 23:35:42,533][0m Trial 20 finished with value: 721.0941322995138 and parameters: {'optional_alpha': False, 'colsample_bylevel': 0.7957647358986112, 'colsample_bytree': 0.6966779990092589, 'optional_gamma': False, 'optional_lambda': False, 'learning_rate': 0.005166292380942826, 'max_depth': 10, 'min_child_weight': 1.8479156951621466e-05, 'subsample': 0.8143586185305829, 'n_bins': 84}. Best is trial 7 with value: 269.6145021321059.[0m
[32m[I 2025-04-08 23:36:00,748][0m Trial 21 finished with value: 273.87444467937047 and parameters: {'optional_alpha': False, 'colsample_bylevel': 0.9820907945451203, 'colsample_bytree': 0.9848350637478435, 'optional_gamma': False, 'optional_lambda': False, 'learning_rate': 0.31173418827471033, 'max_depth': 9, 'min_child_weight': 0.00028770712088609015, 'subsample': 0.8623757197850397, 'n_bins': 149}. Best is trial 7 with value: 269.6145021321059.[0m
[32m[I 2025-04-08 23:36:18,834][0m Trial 22 finished with value: 259.4954466458819 and parameters: {'optional_alpha': False, 'colsample_bylevel': 0.9179608476997441, 'colsample_bytree': 0.9794370393178131, 'optional_gamma': False, 'optional_lambda': False, 'learning_rate': 0.21617843641773615, 'max_depth': 9, 'min_child_weight': 0.0008920097432690731, 'subsample': 0.9223971152021312, 'n_bins': 143}. Best is trial 22 with value: 259.4954466458819.[0m
[32m[I 2025-04-08 23:36:36,849][0m Trial 23 finished with value: 260.4584965820817 and parameters: {'optional_alpha': False, 'colsample_bylevel': 0.9068318525573217, 'colsample_bytree': 0.991901710710499, 'optional_gamma': False, 'optional_lambda': False, 'learning_rate': 0.2182344574948224, 'max_depth': 9, 'min_child_weight': 0.0017170804282565337, 'subsample': 0.9362616590288819, 'n_bins': 163}. Best is trial 22 with value: 259.4954466458819.[0m
[32m[I 2025-04-08 23:36:54,680][0m Trial 24 finished with value: 270.97665909577836 and parameters: {'optional_alpha': False, 'colsample_bylevel': 0.8946284813965628, 'colsample_bytree': 0.9406119849874893, 'optional_gamma': False, 'optional_lambda': False, 'learning_rate': 0.166274398793713, 'max_depth': 9, 'min_child_weight': 0.0025842280807192863, 'subsample': 0.942461273641112, 'n_bins': 203}. Best is trial 22 with value: 259.4954466458819.[0m
[32m[I 2025-04-08 23:37:16,040][0m Trial 25 finished with value: 421.7874617669626 and parameters: {'optional_alpha': False, 'colsample_bylevel': 0.8792769179308944, 'colsample_bytree': 0.9993775363484495, 'optional_gamma': False, 'optional_lambda': False, 'learning_rate': 0.034811771055388165, 'max_depth': 10, 'min_child_weight': 0.128213367216842, 'subsample': 0.9999228619644388, 'n_bins': 158}. Best is trial 22 with value: 259.4954466458819.[0m
[32m[I 2025-04-08 23:37:33,103][0m Trial 26 finished with value: 611.0595192997554 and parameters: {'optional_alpha': False, 'colsample_bylevel': 0.9445271926986489, 'colsample_bytree': 0.9506248886527151, 'optional_gamma': False, 'optional_lambda': False, 'learning_rate': 0.0160209586491867, 'max_depth': 8, 'min_child_weight': 1.618456933165517e-06, 'subsample': 0.9060094806527327, 'n_bins': 113}. Best is trial 22 with value: 259.4954466458819.[0m
[32m[I 2025-04-08 23:37:50,827][0m Trial 27 finished with value: 273.33650677607324 and parameters: {'optional_alpha': False, 'colsample_bylevel': 0.8707290026805377, 'colsample_bytree': 0.8644309405009888, 'optional_gamma': True, 'gamma': 1.0892929691175825e-08, 'optional_lambda': False, 'learning_rate': 0.24626946223831064, 'max_depth': 9, 'min_child_weight': 0.45583785159294715, 'subsample': 0.9448881000881544, 'n_bins': 196}. Best is trial 22 with value: 259.4954466458819.[0m
[32m[I 2025-04-08 23:38:08,343][0m Trial 28 finished with value: 886.2455594639853 and parameters: {'optional_alpha': False, 'colsample_bylevel': 0.957941060097651, 'colsample_bytree': 0.9469701188316529, 'optional_gamma': False, 'optional_lambda': False, 'learning_rate': 0.00019117318715212086, 'max_depth': 8, 'min_child_weight': 0.005011391016503454, 'subsample': 0.8332735701865192, 'n_bins': 133}. Best is trial 22 with value: 259.4954466458819.[0m
[32m[I 2025-04-08 23:38:24,153][0m Trial 29 finished with value: 473.9687777855478 and parameters: {'optional_alpha': False, 'colsample_bylevel': 0.7574302913539778, 'colsample_bytree': 0.8779801490914366, 'optional_gamma': False, 'optional_lambda': True, 'lambda': 32.6489897657939, 'learning_rate': 0.06405516605369767, 'max_depth': 7, 'min_child_weight': 0.0008139776345151069, 'subsample': 0.9547095949186135, 'n_bins': 212}. Best is trial 22 with value: 259.4954466458819.[0m
[32m[I 2025-04-08 23:38:44,930][0m Trial 30 finished with value: 281.24442070774217 and parameters: {'optional_alpha': False, 'colsample_bylevel': 0.904170995168849, 'colsample_bytree': 0.9294863952780995, 'optional_gamma': False, 'optional_lambda': False, 'learning_rate': 0.092256753337063, 'max_depth': 10, 'min_child_weight': 0.51299751103917, 'subsample': 0.7832475584206435, 'n_bins': 172}. Best is trial 22 with value: 259.4954466458819.[0m
[32m[I 2025-04-08 23:39:03,044][0m Trial 31 finished with value: 263.0732842949754 and parameters: {'optional_alpha': False, 'colsample_bylevel': 0.9066968409231554, 'colsample_bytree': 0.965076514699289, 'optional_gamma': False, 'optional_lambda': False, 'learning_rate': 0.13979681130235755, 'max_depth': 9, 'min_child_weight': 0.0015926226686036264, 'subsample': 0.9336952283725419, 'n_bins': 198}. Best is trial 22 with value: 259.4954466458819.[0m
[32m[I 2025-04-08 23:39:20,871][0m Trial 32 finished with value: 251.58405518434452 and parameters: {'optional_alpha': False, 'colsample_bylevel': 0.8137877717621119, 'colsample_bytree': 0.969019327434176, 'optional_gamma': False, 'optional_lambda': False, 'learning_rate': 0.19047252156165775, 'max_depth': 9, 'min_child_weight': 0.022301710133953406, 'subsample': 0.9139513926868905, 'n_bins': 221}. Best is trial 32 with value: 251.58405518434452.[0m
[32m[I 2025-04-08 23:39:42,130][0m Trial 33 finished with value: 446.99619872295034 and parameters: {'optional_alpha': False, 'colsample_bylevel': 0.8616129749931314, 'colsample_bytree': 0.9670920245153288, 'optional_gamma': False, 'optional_lambda': False, 'learning_rate': 0.02837031304845764, 'max_depth': 10, 'min_child_weight': 0.024786093782169377, 'subsample': 0.9649649180713815, 'n_bins': 227}. Best is trial 32 with value: 251.58405518434452.[0m
[32m[I 2025-04-08 23:39:58,592][0m Trial 34 finished with value: 275.5493797839728 and parameters: {'optional_alpha': False, 'colsample_bylevel': 0.8081157540387188, 'colsample_bytree': 0.9974995734379333, 'optional_gamma': True, 'gamma': 5.1943459233128343e-08, 'optional_lambda': True, 'lambda': 0.00033845971081184156, 'learning_rate': 0.3621414098375136, 'max_depth': 9, 'min_child_weight': 229.1772240026189, 'subsample': 0.9263000298902367, 'n_bins': 184}. Best is trial 32 with value: 251.58405518434452.[0m
[32m[I 2025-04-08 23:40:17,371][0m Trial 35 finished with value: 647.6934570559622 and parameters: {'optional_alpha': False, 'colsample_bylevel': 0.9219773024284339, 'colsample_bytree': 0.8949779297627705, 'optional_gamma': False, 'optional_lambda': False, 'learning_rate': 0.010032609989338673, 'max_depth': 9, 'min_child_weight': 0.07995721558718644, 'subsample': 0.8863996449244843, 'n_bins': 254}. Best is trial 32 with value: 251.58405518434452.[0m
[32m[I 2025-04-08 23:40:37,895][0m Trial 36 finished with value: 291.2296132678683 and parameters: {'optional_alpha': True, 'alpha': 6.351080218071906e-08, 'colsample_bylevel': 0.9239862352477154, 'colsample_bytree': 0.9207360737596451, 'optional_gamma': False, 'optional_lambda': False, 'learning_rate': 0.08917856677713078, 'max_depth': 10, 'min_child_weight': 1.6410070809411188, 'subsample': 0.5433508918273056, 'n_bins': 240}. Best is trial 32 with value: 251.58405518434452.[0m
[32m[I 2025-04-08 23:40:56,154][0m Trial 37 finished with value: 467.6424927089619 and parameters: {'optional_alpha': False, 'colsample_bylevel': 0.9704403382126878, 'colsample_bytree': 0.9499957500393694, 'optional_gamma': True, 'gamma': 0.12753642801939621, 'optional_lambda': True, 'lambda': 0.06646863080553944, 'learning_rate': 0.03387275915427149, 'max_depth': 9, 'min_child_weight': 0.0012158610665929657, 'subsample': 0.6719274684703026, 'n_bins': 211}. Best is trial 32 with value: 251.58405518434452.[0m
[32m[I 2025-04-08 23:41:12,812][0m Trial 38 finished with value: 264.2865369365858 and parameters: {'optional_alpha': False, 'colsample_bylevel': 0.8976209367096704, 'colsample_bytree': 0.970075349068908, 'optional_gamma': False, 'optional_lambda': False, 'learning_rate': 0.16592122928482944, 'max_depth': 8, 'min_child_weight': 0.01846714678980995, 'subsample': 0.9739944718806556, 'n_bins': 179}. Best is trial 32 with value: 251.58405518434452.[0m
[32m[I 2025-04-08 23:41:28,657][0m Trial 39 finished with value: 292.5604310430339 and parameters: {'optional_alpha': True, 'alpha': 66.81654119149134, 'colsample_bylevel': 0.8167114467583048, 'colsample_bytree': 0.8556610661576595, 'optional_gamma': False, 'optional_lambda': True, 'lambda': 5.109623407670852e-06, 'learning_rate': 0.5368358623730459, 'max_depth': 7, 'min_child_weight': 136.3660679482511, 'subsample': 0.837332736006924, 'n_bins': 161}. Best is trial 32 with value: 251.58405518434452.[0m
[32m[I 2025-04-08 23:41:43,541][0m Trial 40 finished with value: 438.14749840182753 and parameters: {'optional_alpha': False, 'colsample_bylevel': 0.8553428558046692, 'colsample_bytree': 0.9673766104939819, 'optional_gamma': True, 'gamma': 1.0399563581991928e-05, 'optional_lambda': False, 'learning_rate': 0.981913409437472, 'max_depth': 6, 'min_child_weight': 1.4360259693518512e-05, 'subsample': 0.7066312098944797, 'n_bins': 216}. Best is trial 32 with value: 251.58405518434452.[0m
[32m[I 2025-04-08 23:42:00,169][0m Trial 41 finished with value: 257.9099550915857 and parameters: {'optional_alpha': False, 'colsample_bylevel': 0.8920907829207996, 'colsample_bytree': 0.9665965548260003, 'optional_gamma': False, 'optional_lambda': False, 'learning_rate': 0.19724656097946955, 'max_depth': 8, 'min_child_weight': 0.01708741056024025, 'subsample': 0.9676793371778093, 'n_bins': 183}. Best is trial 32 with value: 251.58405518434452.[0m
[32m[I 2025-04-08 23:42:17,833][0m Trial 42 finished with value: 256.4171539996018 and parameters: {'optional_alpha': False, 'colsample_bylevel': 0.9269576660437951, 'colsample_bytree': 0.9226558137426006, 'optional_gamma': False, 'optional_lambda': False, 'learning_rate': 0.21092874651937263, 'max_depth': 9, 'min_child_weight': 0.008605385192944747, 'subsample': 0.9127627395769905, 'n_bins': 150}. Best is trial 32 with value: 251.58405518434452.[0m
[32m[I 2025-04-08 23:42:34,296][0m Trial 43 finished with value: 269.5891184413277 and parameters: {'optional_alpha': False, 'colsample_bylevel': 0.9377318074281692, 'colsample_bytree': 0.9992608806087272, 'optional_gamma': False, 'optional_lambda': False, 'learning_rate': 0.28313313855112543, 'max_depth': 8, 'min_child_weight': 14.308351041849363, 'subsample': 0.8897150306002659, 'n_bins': 147}. Best is trial 32 with value: 251.58405518434452.[0m
