[32m[I 2025-04-11 02:57:38,716][0m Trial 15 finished with value: 234.0800278378868 and parameters: {'num_leaves': 78, 'max_depth': 9, 'learning_rate': 0.2551604159901272, 'min_child_weight': 4.949133181572869e-05, 'min_child_samples': 37, 'subsample': 0.7158998594096244, 'colsample_bytree': 0.8040608591736728, 'optional_reg_lambda': True, 'reg_lambda': 0.020055071580562057, 'n_bins': 123}. Best is trial 15 with value: 234.0800278378868.[0m
[LightGBM] [Info] Auto-choosing col-wise multi-threading, the overhead of testing was 1.761294 seconds.
You can set `force_col_wise=true` to remove the overhead.
[LightGBM] [Info] Total Bins 816000
[LightGBM] [Info] Number of data points in the train set: 214203, number of used features: 3200
[LightGBM] [Info] Start training from score 0.000000
[32m[I 2025-04-11 02:59:04,771][0m Trial 16 finished with value: 243.36253641311313 and parameters: {'num_leaves': 80, 'max_depth': 9, 'learning_rate': 0.18100881874600078, 'min_child_weight': 0.0004337043408467618, 'min_child_samples': 36, 'subsample': 0.7404399856185908, 'colsample_bytree': 0.8409567874457935, 'optional_reg_lambda': True, 'reg_lambda': 0.021911007822311358, 'n_bins': 87}. Best is trial 15 with value: 234.0800278378868.[0m
[LightGBM] [Info] Auto-choosing col-wise multi-threading, the overhead of testing was 1.910440 seconds.
You can set `force_col_wise=true` to remove the overhead.
[LightGBM] [Info] Total Bins 816000
[LightGBM] [Info] Number of data points in the train set: 214203, number of used features: 3200
[LightGBM] [Info] Start training from score 0.000000
[32m[I 2025-04-11 03:00:34,576][0m Trial 17 finished with value: 547.0003806513078 and parameters: {'num_leaves': 84, 'max_depth': 9, 'learning_rate': 0.014027862420459683, 'min_child_weight': 5.9242720830619626e-05, 'min_child_samples': 48, 'subsample': 0.7023570083234187, 'colsample_bytree': 0.7637750015422761, 'optional_reg_lambda': True, 'reg_lambda': 0.005679225269889374, 'n_bins': 149}. Best is trial 15 with value: 234.0800278378868.[0m
[LightGBM] [Info] Auto-choosing col-wise multi-threading, the overhead of testing was 1.757060 seconds.
You can set `force_col_wise=true` to remove the overhead.
[LightGBM] [Info] Total Bins 816000
[LightGBM] [Info] Number of data points in the train set: 214203, number of used features: 3200
[LightGBM] [Info] Start training from score 0.000000
[32m[I 2025-04-11 03:02:02,180][0m Trial 18 finished with value: 243.83432261291154 and parameters: {'num_leaves': 71, 'max_depth': 10, 'learning_rate': 0.37266635074385396, 'min_child_weight': 0.0006568753979860421, 'min_child_samples': 61, 'subsample': 0.8101772739819002, 'colsample_bytree': 0.861784180795439, 'optional_reg_lambda': True, 'reg_lambda': 0.00025640145471889574, 'n_bins': 60}. Best is trial 15 with value: 234.0800278378868.[0m
[LightGBM] [Info] Auto-choosing col-wise multi-threading, the overhead of testing was 1.519277 seconds.
You can set `force_col_wise=true` to remove the overhead.
[LightGBM] [Info] Total Bins 816000
[LightGBM] [Info] Number of data points in the train set: 214203, number of used features: 3200
[LightGBM] [Info] Start training from score 0.000000
[32m[I 2025-04-11 03:03:24,954][0m Trial 19 finished with value: 258.01807001361544 and parameters: {'num_leaves': 87, 'max_depth': 8, 'learning_rate': 0.1456758385425545, 'min_child_weight': 0.04647181884652555, 'min_child_samples': 31, 'subsample': 0.6852288376230457, 'colsample_bytree': 0.7950299100729171, 'optional_reg_lambda': True, 'reg_lambda': 0.09252835656440932, 'n_bins': 94}. Best is trial 15 with value: 234.0800278378868.[0m
[LightGBM] [Info] Auto-choosing col-wise multi-threading, the overhead of testing was 2.039187 seconds.
You can set `force_col_wise=true` to remove the overhead.
[LightGBM] [Info] Total Bins 816000
[LightGBM] [Info] Number of data points in the train set: 214203, number of used features: 3200
[LightGBM] [Info] Start training from score 0.000000
[32m[I 2025-04-11 03:04:36,527][0m Trial 20 finished with value: 260.6980376937834 and parameters: {'num_leaves': 39, 'max_depth': 9, 'learning_rate': 0.34020091997429686, 'min_child_weight': 1.0413100123787604e-05, 'min_child_samples': 53, 'subsample': 0.5894293709580682, 'colsample_bytree': 0.7163929390978533, 'optional_reg_lambda': True, 'reg_lambda': 0.10007978492253954, 'n_bins': 140}. Best is trial 15 with value: 234.0800278378868.[0m
[LightGBM] [Info] Auto-choosing col-wise multi-threading, the overhead of testing was 1.767438 seconds.
You can set `force_col_wise=true` to remove the overhead.
[LightGBM] [Info] Total Bins 816000
[LightGBM] [Info] Number of data points in the train set: 214203, number of used features: 3200
[LightGBM] [Info] Start training from score 0.000000
[LightGBM] [Warning] No further splits with positive gain, best gain: -inf
[LightGBM] [Warning] No further splits with positive gain, best gain: -inf
[LightGBM] [Warning] No further splits with positive gain, best gain: -inf
[LightGBM] [Warning] No further splits with positive gain, best gain: -inf
[LightGBM] [Warning] No further splits with positive gain, best gain: -inf
[LightGBM] [Warning] No further splits with positive gain, best gain: -inf
[LightGBM] [Warning] No further splits with positive gain, best gain: -inf
[LightGBM] [Warning] No further splits with positive gain, best gain: -inf
[LightGBM] [Warning] No further splits with positive gain, best gain: -inf
[LightGBM] [Warning] No further splits with positive gain, best gain: -inf
[LightGBM] [Warning] No further splits with positive gain, best gain: -inf
[LightGBM] [Warning] No further splits with positive gain, best gain: -inf
[LightGBM] [Warning] No further splits with positive gain, best gain: -inf
[LightGBM] [Warning] No further splits with positive gain, best gain: -inf
[LightGBM] [Warning] No further splits with positive gain, best gain: -inf
[LightGBM] [Warning] No further splits with positive gain, best gain: -inf
[LightGBM] [Warning] No further splits with positive gain, best gain: -inf
[LightGBM] [Warning] No further splits with positive gain, best gain: -inf
[LightGBM] [Warning] No further splits with positive gain, best gain: -inf
[LightGBM] [Warning] No further splits with positive gain, best gain: -inf
[LightGBM] [Warning] No further splits with positive gain, best gain: -inf
[LightGBM] [Warning] No further splits with positive gain, best gain: -inf
[LightGBM] [Warning] No further splits with positive gain, best gain: -inf
[LightGBM] [Warning] No further splits with positive gain, best gain: -inf
[LightGBM] [Warning] No further splits with positive gain, best gain: -inf
[LightGBM] [Warning] No further splits with positive gain, best gain: -inf
[LightGBM] [Warning] No further splits with positive gain, best gain: -inf
[LightGBM] [Warning] No further splits with positive gain, best gain: -inf
[LightGBM] [Warning] No further splits with positive gain, best gain: -inf
[LightGBM] [Warning] No further splits with positive gain, best gain: -inf
[LightGBM] [Warning] No further splits with positive gain, best gain: -inf
[LightGBM] [Warning] No further splits with positive gain, best gain: -inf
[LightGBM] [Warning] No further splits with positive gain, best gain: -inf
[LightGBM] [Warning] No further splits with positive gain, best gain: -inf
[LightGBM] [Warning] No further splits with positive gain, best gain: -inf
[LightGBM] [Warning] No further splits with positive gain, best gain: -inf
[LightGBM] [Warning] No further splits with positive gain, best gain: -inf
[LightGBM] [Warning] No further splits with positive gain, best gain: -inf
[LightGBM] [Warning] No further splits with positive gain, best gain: -inf
[LightGBM] [Warning] No further splits with positive gain, best gain: -inf
[LightGBM] [Warning] No further splits with positive gain, best gain: -inf
[LightGBM] [Warning] No further splits with positive gain, best gain: -inf
[LightGBM] [Warning] No further splits with positive gain, best gain: -inf
[LightGBM] [Warning] No further splits with positive gain, best gain: -inf
[LightGBM] [Warning] No further splits with positive gain, best gain: -inf
[LightGBM] [Warning] No further splits with positive gain, best gain: -inf
[LightGBM] [Warning] No further splits with positive gain, best gain: -inf
[LightGBM] [Warning] No further splits with positive gain, best gain: -inf
[LightGBM] [Warning] No further splits with positive gain, best gain: -inf
[LightGBM] [Warning] No further splits with positive gain, best gain: -inf
[LightGBM] [Warning] No further splits with positive gain, best gain: -inf
[LightGBM] [Warning] No further splits with positive gain, best gain: -inf
[LightGBM] [Warning] No further splits with positive gain, best gain: -inf
[LightGBM] [Warning] No further splits with positive gain, best gain: -inf
[LightGBM] [Warning] No further splits with positive gain, best gain: -inf
[LightGBM] [Warning] No further splits with positive gain, best gain: -inf
[LightGBM] [Warning] No further splits with positive gain, best gain: -inf
[LightGBM] [Warning] No further splits with positive gain, best gain: -inf
[LightGBM] [Warning] No further splits with positive gain, best gain: -inf
[LightGBM] [Warning] No further splits with positive gain, best gain: -inf
[LightGBM] [Warning] No further splits with positive gain, best gain: -inf
[LightGBM] [Warning] No further splits with positive gain, best gain: -inf
[LightGBM] [Warning] No further splits with positive gain, best gain: -inf
[LightGBM] [Warning] No further splits with positive gain, best gain: -inf
[LightGBM] [Warning] No further splits with positive gain, best gain: -inf
[LightGBM] [Warning] No further splits with positive gain, best gain: -inf
[LightGBM] [Warning] No further splits with positive gain, best gain: -inf
[LightGBM] [Warning] No further splits with positive gain, best gain: -inf
[LightGBM] [Warning] No further splits with positive gain, best gain: -inf
[LightGBM] [Warning] No further splits with positive gain, best gain: -inf
[LightGBM] [Warning] No further splits with positive gain, best gain: -inf
[LightGBM] [Warning] No further splits with positive gain, best gain: -inf
[LightGBM] [Warning] No further splits with positive gain, best gain: -inf
[LightGBM] [Warning] No further splits with positive gain, best gain: -inf
[32m[I 2025-04-11 03:05:50,007][0m Trial 21 finished with value: 265.09184852370123 and parameters: {'num_leaves': 77, 'max_depth': 6, 'learning_rate': 0.2218508313582892, 'min_child_weight': 5.034932527763581e-05, 'min_child_samples': 39, 'subsample': 0.6070902971817641, 'colsample_bytree': 0.8127307354120764, 'optional_reg_lambda': True, 'reg_lambda': 0.01144306187850936, 'n_bins': 122}. Best is trial 15 with value: 234.0800278378868.[0m
[LightGBM] [Info] Auto-choosing col-wise multi-threading, the overhead of testing was 1.892425 seconds.
You can set `force_col_wise=true` to remove the overhead.
[LightGBM] [Info] Total Bins 816000
[LightGBM] [Info] Number of data points in the train set: 214203, number of used features: 3200
[LightGBM] [Info] Start training from score 0.000000
[32m[I 2025-04-11 03:07:20,123][0m Trial 22 finished with value: 236.11865632092577 and parameters: {'num_leaves': 88, 'max_depth': 10, 'learning_rate': 0.322663100420286, 'min_child_weight': 4.206918417686294e-05, 'min_child_samples': 25, 'subsample': 0.5596998938440038, 'colsample_bytree': 0.8931250193687251, 'optional_reg_lambda': True, 'reg_lambda': 0.025370802523926646, 'n_bins': 101}. Best is trial 15 with value: 234.0800278378868.[0m
[LightGBM] [Info] Auto-choosing col-wise multi-threading, the overhead of testing was 1.649482 seconds.
You can set `force_col_wise=true` to remove the overhead.
[LightGBM] [Info] Total Bins 816000
[LightGBM] [Info] Number of data points in the train set: 214203, number of used features: 3200
[LightGBM] [Info] Start training from score 0.000000
[32m[I 2025-04-11 03:08:45,324][0m Trial 23 finished with value: 263.25346061548436 and parameters: {'num_leaves': 88, 'max_depth': 10, 'learning_rate': 0.4807882025837112, 'min_child_weight': 0.00032679165793251717, 'min_child_samples': 24, 'subsample': 0.6852683448005354, 'colsample_bytree': 0.9000892681318661, 'optional_reg_lambda': True, 'reg_lambda': 0.05470898389886771, 'n_bins': 93}. Best is trial 15 with value: 234.0800278378868.[0m
[LightGBM] [Info] Auto-choosing col-wise multi-threading, the overhead of testing was 1.885278 seconds.
You can set `force_col_wise=true` to remove the overhead.
[LightGBM] [Info] Total Bins 816000
[LightGBM] [Info] Number of data points in the train set: 214203, number of used features: 3200
[LightGBM] [Info] Start training from score 0.000000
[32m[I 2025-04-11 03:10:12,202][0m Trial 24 finished with value: 293.38616491816725 and parameters: {'num_leaves': 71, 'max_depth': 10, 'learning_rate': 0.1000730423203541, 'min_child_weight': 6.885120025200365e-05, 'min_child_samples': 5, 'subsample': 0.547073638476384, 'colsample_bytree': 0.8675994376058915, 'optional_reg_lambda': True, 'reg_lambda': 0.0035063975397334963, 'n_bins': 53}. Best is trial 15 with value: 234.0800278378868.[0m
[LightGBM] [Info] Auto-choosing col-wise multi-threading, the overhead of testing was 1.636968 seconds.
You can set `force_col_wise=true` to remove the overhead.
[LightGBM] [Info] Total Bins 816000
[LightGBM] [Info] Number of data points in the train set: 214203, number of used features: 3200
[LightGBM] [Info] Start training from score 0.000000
[32m[I 2025-04-11 03:11:38,288][0m Trial 25 finished with value: 262.8340362289432 and parameters: {'num_leaves': 90, 'max_depth': 9, 'learning_rate': 0.12694902687929305, 'min_child_weight': 4.1213739918258716e-05, 'min_child_samples': 49, 'subsample': 0.7744106740016482, 'colsample_bytree': 0.9198952660860633, 'optional_reg_lambda': True, 'reg_lambda': 0.2767561525638811, 'n_bins': 157}. Best is trial 15 with value: 234.0800278378868.[0m
[LightGBM] [Info] Auto-choosing col-wise multi-threading, the overhead of testing was 1.946024 seconds.
You can set `force_col_wise=true` to remove the overhead.
[LightGBM] [Info] Total Bins 816000
[LightGBM] [Info] Number of data points in the train set: 214203, number of used features: 3200
[LightGBM] [Info] Start training from score 0.000000
[32m[I 2025-04-11 03:13:11,906][0m Trial 26 finished with value: 524.6738877416832 and parameters: {'num_leaves': 99, 'max_depth': 8, 'learning_rate': 0.015708224888618533, 'min_child_weight': 2.2666432855273356e-05, 'min_child_samples': 20, 'subsample': 0.8589177751060681, 'colsample_bytree': 0.9485741415992351, 'optional_reg_lambda': False, 'n_bins': 105}. Best is trial 15 with value: 234.0800278378868.[0m
[LightGBM] [Info] Auto-choosing col-wise multi-threading, the overhead of testing was 1.732881 seconds.
You can set `force_col_wise=true` to remove the overhead.
[LightGBM] [Info] Total Bins 816000
[LightGBM] [Info] Number of data points in the train set: 214203, number of used features: 3200
[LightGBM] [Info] Start training from score 0.000000
[32m[I 2025-04-11 03:14:28,071][0m Trial 27 finished with value: 248.76047540763767 and parameters: {'num_leaves': 67, 'max_depth': 10, 'learning_rate': 0.36674871770296985, 'min_child_weight': 9.480034371966146e-05, 'min_child_samples': 31, 'subsample': 0.6605114746960605, 'colsample_bytree': 0.793937416674426, 'optional_reg_lambda': True, 'reg_lambda': 0.010303557738218616, 'n_bins': 77}. Best is trial 15 with value: 234.0800278378868.[0m
[LightGBM] [Info] Auto-choosing col-wise multi-threading, the overhead of testing was 1.827753 seconds.
You can set `force_col_wise=true` to remove the overhead.
[LightGBM] [Info] Total Bins 816000
[LightGBM] [Info] Number of data points in the train set: 214203, number of used features: 3200
[LightGBM] [Info] Start training from score 0.000000
[32m[I 2025-04-11 03:15:47,844][0m Trial 28 finished with value: 429.73167169402234 and parameters: {'num_leaves': 81, 'max_depth': 9, 'learning_rate': 0.03410204897568356, 'min_child_weight': 0.00027817414213683866, 'min_child_samples': 72, 'subsample': 0.618344810552685, 'colsample_bytree': 0.723075346067666, 'optional_reg_lambda': True, 'reg_lambda': 0.1779381195606989, 'n_bins': 39}. Best is trial 15 with value: 234.0800278378868.[0m
[LightGBM] [Info] Auto-choosing col-wise multi-threading, the overhead of testing was 1.640741 seconds.
You can set `force_col_wise=true` to remove the overhead.
[LightGBM] [Info] Total Bins 816000
[LightGBM] [Info] Number of data points in the train set: 214203, number of used features: 3200
[LightGBM] [Info] Start training from score 0.000000
[32m[I 2025-04-11 03:16:59,196][0m Trial 29 finished with value: 404.44695168709006 and parameters: {'num_leaves': 42, 'max_depth': 8, 'learning_rate': 0.0576134738560528, 'min_child_weight': 0.0013571466939719325, 'min_child_samples': 46, 'subsample': 0.7082800644032382, 'colsample_bytree': 0.8803340027063756, 'optional_reg_lambda': True, 'reg_lambda': 0.03184320697758874, 'n_bins': 133}. Best is trial 15 with value: 234.0800278378868.[0m
[LightGBM] [Info] Auto-choosing col-wise multi-threading, the overhead of testing was 1.552393 seconds.
You can set `force_col_wise=true` to remove the overhead.
[LightGBM] [Info] Total Bins 816000
[LightGBM] [Info] Number of data points in the train set: 214203, number of used features: 3200
[LightGBM] [Info] Start training from score 0.000000
[32m[I 2025-04-11 03:18:27,145][0m Trial 30 finished with value: 309.20362141750775 and parameters: {'num_leaves': 75, 'max_depth': 10, 'learning_rate': 0.08517288628947649, 'min_child_weight': 0.0008805991248754685, 'min_child_samples': 32, 'subsample': 0.7748409719605206, 'colsample_bytree': 0.9565525734992595, 'optional_reg_lambda': True, 'reg_lambda': 0.0005271276869786429, 'n_bins': 103}. Best is trial 15 with value: 234.0800278378868.[0m
[LightGBM] [Info] Auto-choosing col-wise multi-threading, the overhead of testing was 1.673053 seconds.
You can set `force_col_wise=true` to remove the overhead.
[LightGBM] [Info] Total Bins 816000
[LightGBM] [Info] Number of data points in the train set: 214203, number of used features: 3200
[LightGBM] [Info] Start training from score 0.000000
[LightGBM] [Warning] No further splits with positive gain, best gain: -inf
[32m[I 2025-04-11 03:19:44,070][0m Trial 31 finished with value: 244.09763978916646 and parameters: {'num_leaves': 81, 'max_depth': 7, 'learning_rate': 0.21471355921301574, 'min_child_weight': 3.375584239699307e-05, 'min_child_samples': 38, 'subsample': 0.5666072014893014, 'colsample_bytree': 0.8261927433094568, 'optional_reg_lambda': True, 'reg_lambda': 0.02353075042821072, 'n_bins': 124}. Best is trial 15 with value: 234.0800278378868.[0m
[LightGBM] [Info] Auto-choosing col-wise multi-threading, the overhead of testing was 1.842652 seconds.
You can set `force_col_wise=true` to remove the overhead.
[LightGBM] [Info] Total Bins 816000
[LightGBM] [Info] Number of data points in the train set: 214203, number of used features: 3200
[LightGBM] [Info] Start training from score 0.000000
[32m[I 2025-04-11 03:21:07,066][0m Trial 32 finished with value: 236.15112688518226 and parameters: {'num_leaves': 87, 'max_depth': 9, 'learning_rate': 0.22788368139288614, 'min_child_weight': 1.7348620217622798e-05, 'min_child_samples': 54, 'subsample': 0.543817982469198, 'colsample_bytree': 0.7913776836748388, 'optional_reg_lambda': True, 'reg_lambda': 0.008427991534812157, 'n_bins': 152}. Best is trial 15 with value: 234.0800278378868.[0m
[LightGBM] [Info] Auto-choosing col-wise multi-threading, the overhead of testing was 1.977709 seconds.
You can set `force_col_wise=true` to remove the overhead.
[LightGBM] [Info] Total Bins 816000
[LightGBM] [Info] Number of data points in the train set: 214203, number of used features: 3200
[LightGBM] [Info] Start training from score 0.000000
[32m[I 2025-04-11 03:22:22,829][0m Trial 33 finished with value: 273.97518889838295 and parameters: {'num_leaves': 90, 'max_depth': 9, 'learning_rate': 0.5231990698715493, 'min_child_weight': 1.538147510059077e-05, 'min_child_samples': 54, 'subsample': 0.5404600272024251, 'colsample_bytree': 0.7280453080260821, 'optional_reg_lambda': True, 'reg_lambda': 0.007538042688706117, 'n_bins': 159}. Best is trial 15 with value: 234.0800278378868.[0m
[LightGBM] [Info] Auto-choosing col-wise multi-threading, the overhead of testing was 1.737024 seconds.
You can set `force_col_wise=true` to remove the overhead.
[LightGBM] [Info] Total Bins 816000
[LightGBM] [Info] Number of data points in the train set: 214203, number of used features: 3200
[LightGBM] [Info] Start training from score 0.000000
[32m[I 2025-04-11 03:23:37,424][0m Trial 34 finished with value: 229.00520177631768 and parameters: {'num_leaves': 85, 'max_depth': 8, 'learning_rate': 0.2862913049827966, 'min_child_weight': 2.3141014475481026e-05, 'min_child_samples': 44, 'subsample': 0.5387120710216949, 'colsample_bytree': 0.7788649399312219, 'optional_reg_lambda': True, 'reg_lambda': 0.002377496449724785, 'n_bins': 208}. Best is trial 34 with value: 229.00520177631768.[0m
[LightGBM] [Info] Auto-choosing col-wise multi-threading, the overhead of testing was 1.869639 seconds.
You can set `force_col_wise=true` to remove the overhead.
[LightGBM] [Info] Total Bins 816000
[LightGBM] [Info] Number of data points in the train set: 214203, number of used features: 3200
[LightGBM] [Info] Start training from score 0.000000
[LightGBM] [Warning] No further splits with positive gain, best gain: -inf
