[32m[I 2025-04-08 23:27:21,968][0m Trial 43 finished with value: 334.4200536892711 and parameters: {'optional_alpha': False, 'colsample_bylevel': 0.9745888737628875, 'colsample_bytree': 0.5736868749023719, 'optional_gamma': True, 'gamma': 2.104367407198214e-06, 'optional_lambda': False, 'learning_rate': 0.12635810906219747, 'max_depth': 10, 'min_child_weight': 4132.420392417147, 'subsample': 0.7792328615104294, 'n_bins': 130}. Best is trial 35 with value: 203.11539111176828.[0m
[32m[I 2025-04-08 23:27:42,525][0m Trial 44 finished with value: 381.1379782406323 and parameters: {'optional_alpha': False, 'colsample_bylevel': 0.9052479978074556, 'colsample_bytree': 0.7202843292418385, 'optional_gamma': True, 'gamma': 5.229160070715671e-06, 'optional_lambda': False, 'learning_rate': 0.0317759867439952, 'max_depth': 10, 'min_child_weight': 4.028633094292076, 'subsample': 0.6619146940460876, 'n_bins': 157}. Best is trial 35 with value: 203.11539111176828.[0m
[32m[I 2025-04-08 23:27:59,399][0m Trial 45 finished with value: 321.10226135762105 and parameters: {'optional_alpha': False, 'colsample_bylevel': 0.9420138599790684, 'colsample_bytree': 0.6418768238266565, 'optional_gamma': True, 'gamma': 1.346747407051136e-07, 'optional_lambda': False, 'learning_rate': 0.47589937262865095, 'max_depth': 9, 'min_child_weight': 1.5302336157381073, 'subsample': 0.7016434163581923, 'n_bins': 86}. Best is trial 35 with value: 203.11539111176828.[0m
[32m[I 2025-04-08 23:28:16,265][0m Trial 46 finished with value: 580.0649002088383 and parameters: {'optional_alpha': True, 'alpha': 1.649718760606831e-06, 'colsample_bylevel': 0.8611105569504587, 'colsample_bytree': 0.5266254151451056, 'optional_gamma': True, 'gamma': 0.003890261927562821, 'optional_lambda': False, 'learning_rate': 0.9359353905536087, 'max_depth': 10, 'min_child_weight': 10.105099500738401, 'subsample': 0.7285825160439158, 'n_bins': 171}. Best is trial 35 with value: 203.11539111176828.[0m
[32m[I 2025-04-08 23:28:34,006][0m Trial 47 finished with value: 213.33350104113956 and parameters: {'optional_alpha': False, 'colsample_bylevel': 0.8220772719529095, 'colsample_bytree': 0.5505266260565721, 'optional_gamma': True, 'gamma': 5.095060015426481e-07, 'optional_lambda': False, 'learning_rate': 0.15904779973060607, 'max_depth': 9, 'min_child_weight': 0.11640605623595018, 'subsample': 0.6061501988949378, 'n_bins': 32}. Best is trial 35 with value: 203.11539111176828.[0m
[32m[I 2025-04-08 23:28:54,828][0m Trial 48 finished with value: 237.23524285748377 and parameters: {'optional_alpha': False, 'colsample_bylevel': 0.8941153814321299, 'colsample_bytree': 0.6956330176023743, 'optional_gamma': True, 'gamma': 3.5082023130826085e-05, 'optional_lambda': True, 'lambda': 0.08505849311444932, 'learning_rate': 0.06315778769014073, 'max_depth': 10, 'min_child_weight': 0.01625195312086153, 'subsample': 0.7685930539798719, 'n_bins': 203}. Best is trial 35 with value: 203.11539111176828.[0m
[32m[I 2025-04-08 23:29:10,458][0m Trial 49 finished with value: 846.341792838805 and parameters: {'optional_alpha': True, 'alpha': 0.06662254733560977, 'colsample_bylevel': 0.9505481854147734, 'colsample_bytree': 0.5019850756374442, 'optional_gamma': True, 'gamma': 0.000473489812004002, 'optional_lambda': False, 'learning_rate': 0.0002707046717706487, 'max_depth': 9, 'min_child_weight': 4014.9616570621547, 'subsample': 0.5452530535899769, 'n_bins': 72}. Best is trial 35 with value: 203.11539111176828.[0m
Best Hyper-Parameters
{'model': {'alpha': 0, 'colsample_bylevel': 0.8194222167242493, 'colsample_bytree': 0.5647789575309612, 'gamma': 0, 'lambda': 0, 'learning_rate': 0.12789160525911167, 'max_depth': 9, 'min_child_weight': 0.9582150261821564, 'subsample': 0.6807909258090165, 'tree_method': 'gpu_hist', 'gpu_id': '0'}, 'fit': {'n_bins': 131, 'verbose': False}}
{'model': {'alpha': 0, 'colsample_bylevel': 0.8194222167242493, 'colsample_bytree': 0.5647789575309612, 'gamma': 0, 'lambda': 0, 'learning_rate': 0.12789160525911167, 'max_depth': 9, 'min_child_weight': 0.9582150261821564, 'subsample': 0.6807909258090165, 'tree_method': 'gpu_hist', 'gpu_id': '0'}, 'fit': {'n_bins': 131, 'verbose': False}}
xgboost: 1 Trials
MAE Results: 1.48612984e+02
MAE MEAN = 1.48612984e+02 ± 0.00000000e+00
R2 Results: 9.43651075e-01
R2 MEAN = 9.43651075e-01 ± 0.00000000e+00
RMSE Results: 2.02552287e+02
RMSE MEAN = 2.02552287e+02 ± 0.00000000e+00
Time Results: 8.67022085
Time MEAN = 8.67022085 ± 0.00000000
-------------------- GPU info --------------------
1 GPU Available.
GPU 0: NVIDIA A100-PCIE-40GB MIG 7g.40gb
  Total Memory:          40339.3125 MB
  Multi Processor Count: 98
  Compute Capability:    8.0
--------------------------------------------------
