[32m[I 2025-04-09 00:11:23,879][0m Trial 41 finished with value: 172.2721477674371 and parameters: {'optional_alpha': True, 'alpha': 0.04837725041756925, 'colsample_bylevel': 0.8129878251743895, 'colsample_bytree': 0.8218802480361566, 'optional_gamma': True, 'gamma': 0.00815523820607757, 'optional_lambda': True, 'lambda': 3.0211474391766324e-05, 'learning_rate': 0.10514468143409873, 'max_depth': 10, 'min_child_weight': 4.312115351096214, 'subsample': 0.6968310611055968, 'n_bins': 111}. Best is trial 41 with value: 172.2721477674371.[0m
[32m[I 2025-04-09 00:12:06,171][0m Trial 42 finished with value: 261.6358240549021 and parameters: {'optional_alpha': True, 'alpha': 0.013407389850110168, 'colsample_bylevel': 0.8085054441781422, 'colsample_bytree': 0.8184734036818779, 'optional_gamma': True, 'gamma': 0.2798689320101714, 'optional_lambda': True, 'lambda': 0.0023071524962160568, 'learning_rate': 0.04033545382071681, 'max_depth': 10, 'min_child_weight': 3.1483422320464416, 'subsample': 0.6855548327037927, 'n_bins': 60}. Best is trial 41 with value: 172.2721477674371.[0m
[32m[I 2025-04-09 00:12:45,266][0m Trial 43 finished with value: 175.4933177806534 and parameters: {'optional_alpha': True, 'alpha': 0.003842643217340025, 'colsample_bylevel': 0.8587740126215129, 'colsample_bytree': 0.843789803380763, 'optional_gamma': True, 'gamma': 1.807918882290125e-05, 'optional_lambda': True, 'lambda': 2.8424065627514685e-07, 'learning_rate': 0.10995305379441965, 'max_depth': 10, 'min_child_weight': 86.60395521522227, 'subsample': 0.7631598057216228, 'n_bins': 186}. Best is trial 41 with value: 172.2721477674371.[0m
[32m[I 2025-04-09 00:13:18,707][0m Trial 44 finished with value: 836.2847853494198 and parameters: {'optional_alpha': True, 'alpha': 0.0038269535211929184, 'colsample_bylevel': 0.8606174125479624, 'colsample_bytree': 0.8410782327448938, 'optional_gamma': True, 'gamma': 1.11763050621374e-05, 'optional_lambda': True, 'lambda': 4.32131288698163e-07, 'learning_rate': 0.00039783669971342174, 'max_depth': 9, 'min_child_weight': 2163.8195259060512, 'subsample': 0.601971780362719, 'n_bins': 202}. Best is trial 41 with value: 172.2721477674371.[0m
[32m[I 2025-04-09 00:13:48,300][0m Trial 45 finished with value: 472.12593167574323 and parameters: {'optional_alpha': True, 'alpha': 0.0005610327253274083, 'colsample_bylevel': 0.8105104022535904, 'colsample_bytree': 0.7666815207199745, 'optional_gamma': True, 'gamma': 0.00021732376631024497, 'optional_lambda': True, 'lambda': 6.710109901220441e-07, 'learning_rate': 0.5224552833883215, 'max_depth': 10, 'min_child_weight': 42632.26591320517, 'subsample': 0.760956787594735, 'n_bins': 256}. Best is trial 41 with value: 172.2721477674371.[0m
[32m[I 2025-04-09 00:14:18,556][0m Trial 46 finished with value: 572.7640028043784 and parameters: {'optional_alpha': True, 'alpha': 1.872781415233227e-05, 'colsample_bylevel': 0.8493349256687807, 'colsample_bytree': 0.8466121478410431, 'optional_gamma': True, 'gamma': 2.8883129580358393e-07, 'optional_lambda': True, 'lambda': 1.352607627196861e-05, 'learning_rate': 0.021678287229809023, 'max_depth': 4, 'min_child_weight': 121.95248199482363, 'subsample': 0.6884864656701702, 'n_bins': 210}. Best is trial 41 with value: 172.2721477674371.[0m
[32m[I 2025-04-09 00:14:51,332][0m Trial 47 finished with value: 484.5217106810488 and parameters: {'optional_alpha': True, 'alpha': 0.0039201751107297055, 'colsample_bylevel': 0.7187405607038656, 'colsample_bytree': 0.6385511549796996, 'optional_gamma': True, 'gamma': 0.0029906675821623437, 'optional_lambda': True, 'lambda': 4.597511230032098e-07, 'learning_rate': 0.9136689889432198, 'max_depth': 9, 'min_child_weight': 9.141292753786814, 'subsample': 0.7191340602099985, 'n_bins': 169}. Best is trial 41 with value: 172.2721477674371.[0m
[32m[I 2025-04-09 00:15:25,331][0m Trial 48 finished with value: 196.92770202245543 and parameters: {'optional_alpha': True, 'alpha': 0.00011726075220993677, 'colsample_bylevel': 0.8249784408778992, 'colsample_bytree': 0.723871422705723, 'optional_gamma': True, 'gamma': 9.380188177686303e-07, 'optional_lambda': True, 'lambda': 3.149155416541865e-05, 'learning_rate': 0.13529381563379064, 'max_depth': 10, 'min_child_weight': 521.2884260326236, 'subsample': 0.6360258023786867, 'n_bins': 232}. Best is trial 41 with value: 172.2721477674371.[0m
[32m[I 2025-04-09 00:16:03,441][0m Trial 49 finished with value: 304.1557407471834 and parameters: {'optional_alpha': True, 'alpha': 0.0008217604627398085, 'colsample_bylevel': 0.6445995081032722, 'colsample_bytree': 0.8102335215267404, 'optional_gamma': True, 'gamma': 3.1039539014319776e-05, 'optional_lambda': True, 'lambda': 1.7609623302956375e-06, 'learning_rate': 0.054022145119545464, 'max_depth': 8, 'min_child_weight': 46.85123963811556, 'subsample': 0.5935209633883723, 'n_bins': 159}. Best is trial 41 with value: 172.2721477674371.[0m
Best Hyper-Parameters
{'model': {'alpha': 0.04837725041756925, 'colsample_bylevel': 0.8129878251743895, 'colsample_bytree': 0.8218802480361566, 'gamma': 0.00815523820607757, 'lambda': 3.0211474391766324e-05, 'learning_rate': 0.10514468143409873, 'max_depth': 10, 'min_child_weight': 4.312115351096214, 'subsample': 0.6968310611055968, 'tree_method': 'gpu_hist', 'gpu_id': '0'}, 'fit': {'n_bins': 111, 'verbose': False}}
{'model': {'alpha': 0.04837725041756925, 'colsample_bylevel': 0.8129878251743895, 'colsample_bytree': 0.8218802480361566, 'gamma': 0.00815523820607757, 'lambda': 3.0211474391766324e-05, 'learning_rate': 0.10514468143409873, 'max_depth': 10, 'min_child_weight': 4.312115351096214, 'subsample': 0.6968310611055968, 'tree_method': 'gpu_hist', 'gpu_id': '0'}, 'fit': {'n_bins': 111, 'verbose': False}}
xgboost: 1 Trials
MAE Results: 1.17254695e+02
MAE MEAN = 1.17254695e+02 ± 0.00000000e+00
R2 Results: 9.58781820e-01
R2 MEAN = 9.58781820e-01 ± 0.00000000e+00
RMSE Results: 1.73236236e+02
RMSE MEAN = 1.73236236e+02 ± 0.00000000e+00
Time Results: 22.22154093
Time MEAN = 22.22154093 ± 0.00000000
-------------------- GPU info --------------------
1 GPU Available.
GPU 0: NVIDIA A100-PCIE-40GB MIG 7g.40gb
  Total Memory:          40339.3125 MB
  Multi Processor Count: 98
  Compute Capability:    8.0
--------------------------------------------------
