using gpu: 0
{'cat_min_frequency': 0.0,
 'cat_nan_policy': 'new',
 'cat_policy': 'ordinal',
 'config': {'fit': {'verbose': False},
            'model': {'booster': 'gbtree',
                      'colsample_bytree': 0.8,
                      'early_stopping_rounds': 50,
                      'n_estimators': 2000,
                      'n_jobs': -1,
                      'subsample': 0.8,
                      'tree_method': 'hist'}},
 'dataset': 'ULA_lab_LoS_8_X',
 'dataset_path': 'data',
 'evaluate_option': 'best-val',
 'gpu': '0',
 'model_path': 'results_model',
 'model_type': 'xgboost',
 'n_bins': 2,
 'n_trials': 50,
 'normalization': 'standard',
 'num_nan_policy': 'mean',
 'num_policy': 'none',
 'retune': False,
 'save_path': 'results_model/ULA_lab_LoS_8_X-xgboost-Tune/Norm-standard-Nan-mean-new-Cat-ordinal',
 'seed': 0,
 'seed_num': 1,
 'tune': True}
{'fit': {'verbose': False, 'n_bins': 2}, 'model': {'subsample': 0.8, 'colsample_bytree': 0.8, 'early_stopping_rounds': 50, 'booster': 'gbtree', 'n_estimators': 2000, 'n_jobs': -1, 'tree_method': 'hist'}}
[32m[I 2025-04-08 23:14:54,338][0m Trial 0 finished with value: 314.3041670528399 and parameters: {'optional_alpha': True, 'alpha': 0.010656970429469137, 'colsample_bylevel': 0.7724415914984484, 'colsample_bytree': 0.7118273996694524, 'optional_gamma': False, 'optional_lambda': True, 'lambda': 6.829913261377665e-05, 'learning_rate': 0.09091283280651452, 'max_depth': 7, 'min_child_weight': 0.2424260549741265, 'subsample': 0.9627983191463305, 'n_bins': 20}. Best is trial 0 with value: 314.3041670528399.[0m
[32m[I 2025-04-08 23:15:10,058][0m Trial 1 finished with value: 748.1263069218176 and parameters: {'optional_alpha': False, 'colsample_bylevel': 0.916309922773969, 'colsample_bytree': 0.8890783754749252, 'optional_gamma': True, 'gamma': 0.9808117097306164, 'optional_lambda': True, 'lambda': 1.5231555549417795e-07, 'learning_rate': 0.015834527427829734, 'max_depth': 4, 'min_child_weight': 19085.16511726201, 'subsample': 0.7609241608750359, 'n_bins': 107}. Best is trial 0 with value: 314.3041670528399.[0m
[32m[I 2025-04-08 23:15:26,946][0m Trial 2 finished with value: 837.0381795257236 and parameters: {'optional_alpha': True, 'alpha': 0.00036433703707904036, 'colsample_bylevel': 0.7842169744343243, 'colsample_bytree': 0.5093949002181776, 'optional_gamma': False, 'optional_lambda': True, 'lambda': 0.06579653011946039, 'learning_rate': 0.0006273927602293597, 'max_depth': 6, 'min_child_weight': 11.72750284712809, 'subsample': 0.5301127358146349, 'n_bins': 172}. Best is trial 0 with value: 314.3041670528399.[0m
[32m[I 2025-04-08 23:15:44,128][0m Trial 3 finished with value: 849.6292417353731 and parameters: {'optional_alpha': False, 'colsample_bylevel': 0.5644631488274267, 'colsample_bytree': 0.6577141754620919, 'optional_gamma': True, 'gamma': 0.00024322887698390846, 'optional_lambda': False, 'learning_rate': 0.00011076021254597257, 'max_depth': 4, 'min_child_weight': 3.0932016348957663, 'subsample': 0.626645801269891, 'n_bins': 120}. Best is trial 0 with value: 314.3041670528399.[0m
[32m[I 2025-04-08 23:15:59,026][0m Trial 4 finished with value: 734.7193158424627 and parameters: {'optional_alpha': False, 'colsample_bylevel': 0.5551875705821525, 'colsample_bytree': 0.8281647947326367, 'optional_gamma': True, 'gamma': 4.866891972890964e-05, 'optional_lambda': False, 'learning_rate': 0.1547834553402764, 'max_depth': 3, 'min_child_weight': 49428.00081604498, 'subsample': 0.7343256008238508, 'n_bins': 251}. Best is trial 0 with value: 314.3041670528399.[0m
[32m[I 2025-04-08 23:16:15,722][0m Trial 5 finished with value: 569.9377811578889 and parameters: {'optional_alpha': True, 'alpha': 2.465346246449571e-08, 'colsample_bylevel': 0.6414034812882048, 'colsample_bytree': 0.5600982806065844, 'optional_gamma': False, 'optional_lambda': True, 'lambda': 4.3800086026247575e-08, 'learning_rate': 0.02899750265370691, 'max_depth': 7, 'min_child_weight': 2.818794284367099e-05, 'subsample': 0.7616240267333498, 'n_bins': 25}. Best is trial 0 with value: 314.3041670528399.[0m
[32m[I 2025-04-08 23:16:30,080][0m Trial 6 finished with value: 548.3206997932181 and parameters: {'optional_alpha': True, 'alpha': 1.533520282967531e-05, 'colsample_bylevel': 0.8337051899818408, 'colsample_bytree': 0.565898931202196, 'optional_gamma': False, 'optional_lambda': True, 'lambda': 1.5888227943138278e-08, 'learning_rate': 0.13954045864229964, 'max_depth': 3, 'min_child_weight': 6.480596446891043, 'subsample': 0.6350039865960824, 'n_bins': 189}. Best is trial 0 with value: 314.3041670528399.[0m
[32m[I 2025-04-08 23:16:47,127][0m Trial 7 finished with value: 212.78886157082226 and parameters: {'optional_alpha': False, 'colsample_bylevel': 0.7880786672089184, 'colsample_bytree': 0.7960209656359195, 'optional_gamma': False, 'optional_lambda': False, 'learning_rate': 0.17062527421800122, 'max_depth': 8, 'min_child_weight': 7.356654515652415e-05, 'subsample': 0.9068989098512386, 'n_bins': 103}. Best is trial 7 with value: 212.78886157082226.[0m
[32m[I 2025-04-08 23:17:03,677][0m Trial 8 finished with value: 818.3411836227432 and parameters: {'optional_alpha': False, 'colsample_bylevel': 0.9408676809274263, 'colsample_bytree': 0.846265795038883, 'optional_gamma': False, 'optional_lambda': False, 'learning_rate': 0.0013160586463600646, 'max_depth': 7, 'min_child_weight': 1.7762806221961337e-08, 'subsample': 0.6507874083372747, 'n_bins': 170}. Best is trial 7 with value: 212.78886157082226.[0m
[32m[I 2025-04-08 23:17:24,276][0m Trial 9 finished with value: 801.5456192464061 and parameters: {'optional_alpha': True, 'alpha': 0.00019394876095968973, 'colsample_bylevel': 0.5677370321112252, 'colsample_bytree': 0.6491411629780154, 'optional_gamma': True, 'gamma': 0.005536719073590977, 'optional_lambda': False, 'learning_rate': 0.0014357941422596275, 'max_depth': 10, 'min_child_weight': 0.0006002114978021492, 'subsample': 0.7179324626328134, 'n_bins': 229}. Best is trial 7 with value: 212.78886157082226.[0m
[32m[I 2025-04-08 23:17:41,062][0m Trial 10 finished with value: 469.23750275278735 and parameters: {'optional_alpha': False, 'colsample_bylevel': 0.6855390787918278, 'colsample_bytree': 0.9763891304300578, 'optional_gamma': False, 'optional_lambda': False, 'learning_rate': 0.8762371399341778, 'max_depth': 9, 'min_child_weight': 5.841121553528072e-07, 'subsample': 0.9912690321304675, 'n_bins': 73}. Best is trial 7 with value: 212.78886157082226.[0m
[32m[I 2025-04-08 23:17:58,179][0m Trial 11 finished with value: 851.4228407719505 and parameters: {'optional_alpha': True, 'alpha': 61.641239987057375, 'colsample_bylevel': 0.8372975269020799, 'colsample_bytree': 0.7420211857927421, 'optional_gamma': False, 'optional_lambda': True, 'lambda': 54.87517190870796, 'learning_rate': 1.0665571721000139e-05, 'max_depth': 8, 'min_child_weight': 0.010743229079568397, 'subsample': 0.9750907775336648, 'n_bins': 3}. Best is trial 7 with value: 212.78886157082226.[0m
[32m[I 2025-04-08 23:18:13,344][0m Trial 12 finished with value: 313.7082109599215 and parameters: {'optional_alpha': True, 'alpha': 0.6924502981061265, 'colsample_bylevel': 0.7157316013493222, 'colsample_bytree': 0.7299396291380444, 'optional_gamma': False, 'optional_lambda': False, 'learning_rate': 0.7089392199034127, 'max_depth': 6, 'min_child_weight': 0.04833602327583868, 'subsample': 0.8909608917398528, 'n_bins': 56}. Best is trial 7 with value: 212.78886157082226.[0m
[32m[I 2025-04-08 23:18:28,316][0m Trial 13 finished with value: 271.169465398022 and parameters: {'optional_alpha': False, 'colsample_bylevel': 0.6908674265363048, 'colsample_bytree': 0.7574069984147719, 'optional_gamma': False, 'optional_lambda': False, 'learning_rate': 0.722372577145198, 'max_depth': 5, 'min_child_weight': 8.090978044065159e-05, 'subsample': 0.8656968219310414, 'n_bins': 68}. Best is trial 7 with value: 212.78886157082226.[0m
[32m[I 2025-04-08 23:18:43,468][0m Trial 14 finished with value: 697.5838662001037 and parameters: {'optional_alpha': False, 'colsample_bylevel': 0.6463210348465369, 'colsample_bytree': 0.8134742056188247, 'optional_gamma': False, 'optional_lambda': False, 'learning_rate': 0.015295640399208681, 'max_depth': 5, 'min_child_weight': 2.2203658215319706e-05, 'subsample': 0.8595386095875168, 'n_bins': 82}. Best is trial 7 with value: 212.78886157082226.[0m
[32m[I 2025-04-08 23:19:00,927][0m Trial 15 finished with value: 303.9926385001605 and parameters: {'optional_alpha': False, 'colsample_bylevel': 0.997734804999753, 'colsample_bytree': 0.9145309432878883, 'optional_gamma': False, 'optional_lambda': False, 'learning_rate': 0.44226119873296277, 'max_depth': 9, 'min_child_weight': 0.00014039315553323657, 'subsample': 0.8669835911605328, 'n_bins': 135}. Best is trial 7 with value: 212.78886157082226.[0m
[32m[I 2025-04-08 23:19:16,093][0m Trial 16 finished with value: 752.5238808428816 and parameters: {'optional_alpha': False, 'colsample_bylevel': 0.841260009602011, 'colsample_bytree': 0.7791846128396288, 'optional_gamma': False, 'optional_lambda': False, 'learning_rate': 0.006965330656611201, 'max_depth': 5, 'min_child_weight': 1.4730259785606274e-07, 'subsample': 0.8219859739564381, 'n_bins': 55}. Best is trial 7 with value: 212.78886157082226.[0m
[32m[I 2025-04-08 23:19:33,053][0m Trial 17 finished with value: 286.1814396508771 and parameters: {'optional_alpha': False, 'colsample_bylevel': 0.7235926519874087, 'colsample_bytree': 0.6654844694352232, 'optional_gamma': False, 'optional_lambda': False, 'learning_rate': 0.08074343153655555, 'max_depth': 8, 'min_child_weight': 1.7608781297912394e-06, 'subsample': 0.9311849996561317, 'n_bins': 97}. Best is trial 7 with value: 212.78886157082226.[0m
[32m[I 2025-04-08 23:19:47,164][0m Trial 18 finished with value: 450.70027100604693 and parameters: {'optional_alpha': False, 'colsample_bylevel': 0.6311030258266783, 'colsample_bytree': 0.9021279374963416, 'optional_gamma': True, 'gamma': 59.51133893354849, 'optional_lambda': False, 'learning_rate': 0.3687311186939362, 'max_depth': 5, 'min_child_weight': 0.0033484349185043108, 'subsample': 0.8088781898201725, 'n_bins': 139}. Best is trial 7 with value: 212.78886157082226.[0m
[32m[I 2025-04-08 23:20:03,585][0m Trial 19 finished with value: 441.511752637209 and parameters: {'optional_alpha': False, 'colsample_bylevel': 0.5076939955422031, 'colsample_bytree': 0.7843248361376786, 'optional_gamma': False, 'optional_lambda': False, 'learning_rate': 0.05109593986220433, 'max_depth': 8, 'min_child_weight': 382.61787830653964, 'subsample': 0.9107061830445343, 'n_bins': 50}. Best is trial 7 with value: 212.78886157082226.[0m
[32m[I 2025-04-08 23:20:24,798][0m Trial 20 finished with value: 699.5073094190468 and parameters: {'optional_alpha': False, 'colsample_bylevel': 0.7957647358986112, 'colsample_bytree': 0.6966779990092589, 'optional_gamma': False, 'optional_lambda': False, 'learning_rate': 0.005166292380942826, 'max_depth': 10, 'min_child_weight': 1.8479156951621466e-05, 'subsample': 0.8143586185305829, 'n_bins': 84}. Best is trial 7 with value: 212.78886157082226.[0m
[32m[I 2025-04-08 23:20:41,528][0m Trial 21 finished with value: 217.56722879245407 and parameters: {'optional_alpha': False, 'colsample_bylevel': 0.7200644331990158, 'colsample_bytree': 0.663745146357989, 'optional_gamma': False, 'optional_lambda': False, 'learning_rate': 0.23690690594260952, 'max_depth': 8, 'min_child_weight': 1.3959696305067322e-06, 'subsample': 0.9333094975596202, 'n_bins': 94}. Best is trial 7 with value: 212.78886157082226.[0m
[32m[I 2025-04-08 23:20:59,194][0m Trial 22 finished with value: 213.09829193557601 and parameters: {'optional_alpha': False, 'colsample_bylevel': 0.6850172867858325, 'colsample_bytree': 0.5985807609682815, 'optional_gamma': False, 'optional_lambda': False, 'learning_rate': 0.21617843641773615, 'max_depth': 9, 'min_child_weight': 2.0577363151526285e-06, 'subsample': 0.9189634907922886, 'n_bins': 143}. Best is trial 7 with value: 212.78886157082226.[0m
[32m[I 2025-04-08 23:21:17,111][0m Trial 23 finished with value: 219.20403642147056 and parameters: {'optional_alpha': False, 'colsample_bylevel': 0.7581352640900232, 'colsample_bytree': 0.5976692831852918, 'optional_gamma': False, 'optional_lambda': False, 'learning_rate': 0.2182344574948224, 'max_depth': 9, 'min_child_weight': 2.343469446831738e-06, 'subsample': 0.949142445084769, 'n_bins': 152}. Best is trial 7 with value: 212.78886157082226.[0m
[32m[I 2025-04-08 23:21:34,177][0m Trial 24 finished with value: 532.6456185400959 and parameters: {'optional_alpha': False, 'colsample_bylevel': 0.8778492655677972, 'colsample_bytree': 0.6210884051904496, 'optional_gamma': False, 'optional_lambda': False, 'learning_rate': 0.026600704785442592, 'max_depth': 8, 'min_child_weight': 2.4189152646183632e-08, 'subsample': 0.9249417433915322, 'n_bins': 202}. Best is trial 7 with value: 212.78886157082226.[0m
[32m[I 2025-04-08 23:21:51,523][0m Trial 25 finished with value: 245.71149260817222 and parameters: {'optional_alpha': False, 'colsample_bylevel': 0.6743720780914558, 'colsample_bytree': 0.5042691564260952, 'optional_gamma': False, 'optional_lambda': False, 'learning_rate': 0.3165665544954107, 'max_depth': 9, 'min_child_weight': 0.0012851650366871655, 'subsample': 0.9999317591113971, 'n_bins': 115}. Best is trial 7 with value: 212.78886157082226.[0m
[32m[I 2025-04-08 23:22:12,319][0m Trial 26 finished with value: 278.4769316318239 and parameters: {'optional_alpha': False, 'colsample_bylevel': 0.7344020596817848, 'colsample_bytree': 0.5971104420643271, 'optional_gamma': False, 'optional_lambda': False, 'learning_rate': 0.04898309196695584, 'max_depth': 10, 'min_child_weight': 2.152169011056711e-07, 'subsample': 0.8978827281416216, 'n_bins': 97}. Best is trial 7 with value: 212.78886157082226.[0m
[32m[I 2025-04-08 23:22:29,436][0m Trial 27 finished with value: 845.596133842309 and parameters: {'optional_alpha': False, 'colsample_bylevel': 0.606824820133786, 'colsample_bytree': 0.6857942441862581, 'optional_gamma': True, 'gamma': 1.0892929691175825e-08, 'optional_lambda': False, 'learning_rate': 0.00020232122631585464, 'max_depth': 8, 'min_child_weight': 5.392985001334461e-06, 'subsample': 0.8394476954432314, 'n_bins': 147}. Best is trial 7 with value: 212.78886157082226.[0m
[32m[I 2025-04-08 23:22:47,399][0m Trial 28 finished with value: 209.370459793438 and parameters: {'optional_alpha': False, 'colsample_bylevel': 0.8082759089592642, 'colsample_bytree': 0.5432005777878409, 'optional_gamma': False, 'optional_lambda': False, 'learning_rate': 0.2019000125313874, 'max_depth': 9, 'min_child_weight': 0.00023564834761179263, 'subsample': 0.9453151549254872, 'n_bins': 157}. Best is trial 28 with value: 209.370459793438.[0m
[32m[I 2025-04-08 23:23:03,206][0m Trial 29 finished with value: 317.1102768459479 and parameters: {'optional_alpha': False, 'colsample_bylevel': 0.7897424198584196, 'colsample_bytree': 0.5413027622964286, 'optional_gamma': False, 'optional_lambda': True, 'lambda': 32.6489897657939, 'learning_rate': 0.09233693375315317, 'max_depth': 7, 'min_child_weight': 0.1019832348709058, 'subsample': 0.9547095949186135, 'n_bins': 159}. Best is trial 28 with value: 209.370459793438.[0m
[32m[I 2025-04-08 23:23:21,558][0m Trial 30 finished with value: 675.835086051337 and parameters: {'optional_alpha': False, 'colsample_bylevel': 0.8809057378694112, 'colsample_bytree': 0.6020545793745535, 'optional_gamma': False, 'optional_lambda': False, 'learning_rate': 0.007438686044963168, 'max_depth': 9, 'min_child_weight': 0.0006413340960648694, 'subsample': 0.7832475584206435, 'n_bins': 222}. Best is trial 28 with value: 209.370459793438.[0m
[32m[I 2025-04-08 23:23:39,199][0m Trial 31 finished with value: 223.94778649060578 and parameters: {'optional_alpha': False, 'colsample_bylevel': 0.7554420233452034, 'colsample_bytree': 0.6232642634574752, 'optional_gamma': False, 'optional_lambda': False, 'learning_rate': 0.2407232589316158, 'max_depth': 9, 'min_child_weight': 0.0002975865978173965, 'subsample': 0.9590963013550675, 'n_bins': 118}. Best is trial 28 with value: 209.370459793438.[0m
[32m[I 2025-04-08 23:23:59,864][0m Trial 32 finished with value: 206.6869613023501 and parameters: {'optional_alpha': False, 'colsample_bylevel': 0.8110612956521107, 'colsample_bytree': 0.5498458665677813, 'optional_gamma': False, 'optional_lambda': False, 'learning_rate': 0.09008996506707415, 'max_depth': 10, 'min_child_weight': 6.286195681772118e-06, 'subsample': 0.8856712854732909, 'n_bins': 129}. Best is trial 32 with value: 206.6869613023501.[0m
[32m[I 2025-04-08 23:24:20,555][0m Trial 33 finished with value: 219.2808510629957 and parameters: {'optional_alpha': False, 'colsample_bylevel': 0.8056701730775394, 'colsample_bytree': 0.5412511178448354, 'optional_gamma': False, 'optional_lambda': False, 'learning_rate': 0.07405709691584327, 'max_depth': 10, 'min_child_weight': 0.007041095441363003, 'subsample': 0.8866507252899141, 'n_bins': 188}. Best is trial 32 with value: 206.6869613023501.[0m
[32m[I 2025-04-08 23:24:41,354][0m Trial 34 finished with value: 492.7852475101929 and parameters: {'optional_alpha': False, 'colsample_bylevel': 0.8752553384372698, 'colsample_bytree': 0.515681638228238, 'optional_gamma': True, 'gamma': 5.1943459233128343e-08, 'optional_lambda': True, 'lambda': 0.00033845971081184156, 'learning_rate': 0.019133620497163377, 'max_depth': 10, 'min_child_weight': 6.7634831757697515e-06, 'subsample': 0.9075051924170198, 'n_bins': 165}. Best is trial 32 with value: 206.6869613023501.[0m
[32m[I 2025-04-08 23:24:59,237][0m Trial 35 finished with value: 203.11539111176828 and parameters: {'optional_alpha': False, 'colsample_bylevel': 0.8194222167242493, 'colsample_bytree': 0.5647789575309612, 'optional_gamma': False, 'optional_lambda': False, 'learning_rate': 0.12789160525911167, 'max_depth': 9, 'min_child_weight': 0.9582150261821564, 'subsample': 0.6807909258090165, 'n_bins': 131}. Best is trial 35 with value: 203.11539111176828.[0m
[32m[I 2025-04-08 23:25:19,835][0m Trial 36 finished with value: 301.1716613739729 and parameters: {'optional_alpha': True, 'alpha': 6.351080218071906e-08, 'colsample_bylevel': 0.9301047692752139, 'colsample_bytree': 0.5641408648475564, 'optional_gamma': False, 'optional_lambda': False, 'learning_rate': 0.044893563433896395, 'max_depth': 10, 'min_child_weight': 0.724764514142897, 'subsample': 0.5885544782771103, 'n_bins': 125}. Best is trial 35 with value: 203.11539111176828.[0m
[32m[I 2025-04-08 23:25:37,628][0m Trial 37 finished with value: 218.13327919123986 and parameters: {'optional_alpha': False, 'colsample_bylevel': 0.8125218114525782, 'colsample_bytree': 0.5323889828208112, 'optional_gamma': True, 'gamma': 0.12753642801939621, 'optional_lambda': True, 'lambda': 0.06646863080553944, 'learning_rate': 0.10707810261657862, 'max_depth': 9, 'min_child_weight': 0.46041589406732636, 'subsample': 0.6799109564207949, 'n_bins': 108}. Best is trial 35 with value: 203.11539111176828.[0m
[32m[I 2025-04-08 23:25:53,712][0m Trial 38 finished with value: 670.9488762897287 and parameters: {'optional_alpha': False, 'colsample_bylevel': 0.8550007560097792, 'colsample_bytree': 0.5778352360952426, 'optional_gamma': False, 'optional_lambda': False, 'learning_rate': 0.012304624016281783, 'max_depth': 7, 'min_child_weight': 113.18824047116877, 'subsample': 0.5808717458781855, 'n_bins': 181}. Best is trial 35 with value: 203.11539111176828.[0m
[32m[I 2025-04-08 23:26:09,439][0m Trial 39 finished with value: 795.9437654943612 and parameters: {'optional_alpha': True, 'alpha': 66.81654119149134, 'colsample_bylevel': 0.7714209714955853, 'colsample_bytree': 0.8556610661576595, 'optional_gamma': False, 'optional_lambda': True, 'lambda': 5.109623407670852e-06, 'learning_rate': 0.0028858704399130656, 'max_depth': 6, 'min_child_weight': 136.3660679482511, 'subsample': 0.6958798575569837, 'n_bins': 128}. Best is trial 35 with value: 203.11539111176828.[0m
[32m[I 2025-04-08 23:26:28,930][0m Trial 40 finished with value: 203.34523341056368 and parameters: {'optional_alpha': False, 'colsample_bylevel': 0.9080747854601151, 'colsample_bytree': 0.7070907428470037, 'optional_gamma': True, 'gamma': 1.0399563581991928e-05, 'optional_lambda': False, 'learning_rate': 0.13845948791604448, 'max_depth': 10, 'min_child_weight': 24.408557314867174, 'subsample': 0.7710779818528872, 'n_bins': 108}. Best is trial 35 with value: 203.11539111176828.[0m
[32m[I 2025-04-08 23:26:48,965][0m Trial 41 finished with value: 208.01791788111092 and parameters: {'optional_alpha': False, 'colsample_bylevel': 0.8999337805772203, 'colsample_bytree': 0.6306698049167375, 'optional_gamma': True, 'gamma': 1.7948735435812666e-06, 'optional_lambda': False, 'learning_rate': 0.1648023810481063, 'max_depth': 10, 'min_child_weight': 2.57300678991086, 'subsample': 0.7550790047434659, 'n_bins': 107}. Best is trial 35 with value: 203.11539111176828.[0m
[32m[I 2025-04-08 23:27:06,133][0m Trial 42 finished with value: 285.0053240029214 and parameters: {'optional_alpha': False, 'colsample_bylevel': 0.9032061539928943, 'colsample_bytree': 0.6305694371380755, 'optional_gamma': True, 'gamma': 3.437080671032618e-06, 'optional_lambda': False, 'learning_rate': 0.4215332049928927, 'max_depth': 10, 'min_child_weight': 29.09131007385807, 'subsample': 0.7464678418831722, 'n_bins': 112}. Best is trial 35 with value: 203.11539111176828.[0m
