[32m[I 2025-04-11 02:23:59,258][0m Trial 41 finished with value: 306.4786744597757 and parameters: {'num_leaves': 11, 'max_depth': 9, 'learning_rate': 0.2242040817175654, 'min_child_weight': 0.015090734555036428, 'min_child_samples': 61, 'subsample': 0.7207819892450334, 'colsample_bytree': 0.8013943935395781, 'optional_reg_lambda': True, 'reg_lambda': 0.008645614846207392, 'n_bins': 127}. Best is trial 24 with value: 192.44338729189383.[0m
[LightGBM] [Info] Auto-choosing col-wise multi-threading, the overhead of testing was 1.916239 seconds.
You can set `force_col_wise=true` to remove the overhead.
[LightGBM] [Info] Total Bins 816000
[LightGBM] [Info] Number of data points in the train set: 214203, number of used features: 3200
[LightGBM] [Info] Start training from score 0.000000
[32m[I 2025-04-11 02:25:25,245][0m Trial 42 finished with value: 196.0854511217023 and parameters: {'num_leaves': 76, 'max_depth': 9, 'learning_rate': 0.22905666196452468, 'min_child_weight': 0.0065935792416705625, 'min_child_samples': 27, 'subsample': 0.6656197026462478, 'colsample_bytree': 0.8646713765628131, 'optional_reg_lambda': True, 'reg_lambda': 0.004202403186672374, 'n_bins': 105}. Best is trial 24 with value: 192.44338729189383.[0m
[LightGBM] [Info] Auto-choosing col-wise multi-threading, the overhead of testing was 1.129979 seconds.
You can set `force_col_wise=true` to remove the overhead.
[LightGBM] [Info] Total Bins 816000
[LightGBM] [Info] Number of data points in the train set: 214203, number of used features: 3200
[LightGBM] [Info] Start training from score 0.000000
[32m[I 2025-04-11 02:26:43,177][0m Trial 43 finished with value: 257.4050009887692 and parameters: {'num_leaves': 93, 'max_depth': 9, 'learning_rate': 0.08084242718334694, 'min_child_weight': 1.0450660161046476e-05, 'min_child_samples': 44, 'subsample': 0.7837196497258687, 'colsample_bytree': 0.5089140145721643, 'optional_reg_lambda': True, 'reg_lambda': 0.0006896335715724923, 'n_bins': 119}. Best is trial 24 with value: 192.44338729189383.[0m
[LightGBM] [Info] Auto-choosing col-wise multi-threading, the overhead of testing was 1.799463 seconds.
You can set `force_col_wise=true` to remove the overhead.
[LightGBM] [Info] Total Bins 816000
[LightGBM] [Info] Number of data points in the train set: 214203, number of used features: 3200
[LightGBM] [Info] Start training from score 0.000000
[32m[I 2025-04-11 02:28:00,922][0m Trial 44 finished with value: 245.08635764049046 and parameters: {'num_leaves': 62, 'max_depth': 10, 'learning_rate': 0.5593204820236619, 'min_child_weight': 0.00285611894722748, 'min_child_samples': 30, 'subsample': 0.8744388049349809, 'colsample_bytree': 0.8330276106133798, 'optional_reg_lambda': True, 'reg_lambda': 0.001581890148864485, 'n_bins': 145}. Best is trial 24 with value: 192.44338729189383.[0m
[LightGBM] [Info] Auto-choosing col-wise multi-threading, the overhead of testing was 1.587282 seconds.
You can set `force_col_wise=true` to remove the overhead.
[LightGBM] [Info] Total Bins 816000
[LightGBM] [Info] Number of data points in the train set: 214203, number of used features: 3200
[LightGBM] [Info] Start training from score 0.000000
[32m[I 2025-04-11 02:29:28,544][0m Trial 45 finished with value: 207.21058318883138 and parameters: {'num_leaves': 94, 'max_depth': 8, 'learning_rate': 0.3185127408388762, 'min_child_weight': 0.0009624949550359768, 'min_child_samples': 52, 'subsample': 0.9940735375887577, 'colsample_bytree': 0.9094505095694241, 'optional_reg_lambda': True, 'reg_lambda': 0.00012447430637957122, 'n_bins': 75}. Best is trial 24 with value: 192.44338729189383.[0m
[LightGBM] [Info] Auto-choosing col-wise multi-threading, the overhead of testing was 1.748772 seconds.
You can set `force_col_wise=true` to remove the overhead.
[LightGBM] [Info] Total Bins 816000
[LightGBM] [Info] Number of data points in the train set: 214203, number of used features: 3200
[LightGBM] [Info] Start training from score 0.000000
[32m[I 2025-04-11 02:30:29,270][0m Trial 46 finished with value: 736.5498877300313 and parameters: {'num_leaves': 74, 'max_depth': 3, 'learning_rate': 0.004821867378856559, 'min_child_weight': 0.00021542234396992012, 'min_child_samples': 36, 'subsample': 0.7078348535694763, 'colsample_bytree': 0.774619018707663, 'optional_reg_lambda': True, 'reg_lambda': 0.0022680382059941, 'n_bins': 165}. Best is trial 24 with value: 192.44338729189383.[0m
[LightGBM] [Info] Auto-choosing col-wise multi-threading, the overhead of testing was 1.862239 seconds.
You can set `force_col_wise=true` to remove the overhead.
[LightGBM] [Info] Total Bins 816000
[LightGBM] [Info] Number of data points in the train set: 214203, number of used features: 3200
[LightGBM] [Info] Start training from score 0.000000
[32m[I 2025-04-11 02:32:01,997][0m Trial 47 finished with value: 440.87039242616265 and parameters: {'num_leaves': 88, 'max_depth': 10, 'learning_rate': 0.027010119331309465, 'min_child_weight': 0.022789725375201027, 'min_child_samples': 40, 'subsample': 0.6252488171547994, 'colsample_bytree': 0.9276910225469664, 'optional_reg_lambda': True, 'reg_lambda': 0.01323085412407478, 'n_bins': 132}. Best is trial 24 with value: 192.44338729189383.[0m
[LightGBM] [Info] Auto-choosing col-wise multi-threading, the overhead of testing was 1.856815 seconds.
You can set `force_col_wise=true` to remove the overhead.
[LightGBM] [Info] Total Bins 816000
[LightGBM] [Info] Number of data points in the train set: 214203, number of used features: 3200
[LightGBM] [Info] Start training from score 0.000000
[32m[I 2025-04-11 02:33:20,089][0m Trial 48 finished with value: 243.18916727602988 and parameters: {'num_leaves': 43, 'max_depth': 9, 'learning_rate': 0.14647603898626604, 'min_child_weight': 1.8774742465331163e-05, 'min_child_samples': 60, 'subsample': 0.9344461581189571, 'colsample_bytree': 0.8720352726316917, 'optional_reg_lambda': False, 'n_bins': 99}. Best is trial 24 with value: 192.44338729189383.[0m
[LightGBM] [Info] Auto-choosing col-wise multi-threading, the overhead of testing was 1.784519 seconds.
You can set `force_col_wise=true` to remove the overhead.
[LightGBM] [Info] Total Bins 816000
[LightGBM] [Info] Number of data points in the train set: 214203, number of used features: 3200
[LightGBM] [Info] Start training from score 0.000000
[LightGBM] [Warning] No further splits with positive gain, best gain: -inf
[LightGBM] [Warning] No further splits with positive gain, best gain: -inf
[LightGBM] [Warning] No further splits with positive gain, best gain: -inf
[LightGBM] [Warning] No further splits with positive gain, best gain: -inf
[LightGBM] [Warning] No further splits with positive gain, best gain: -inf
[LightGBM] [Warning] No further splits with positive gain, best gain: -inf
[LightGBM] [Warning] No further splits with positive gain, best gain: -inf
[LightGBM] [Warning] No further splits with positive gain, best gain: -inf
[LightGBM] [Warning] No further splits with positive gain, best gain: -inf
[LightGBM] [Warning] No further splits with positive gain, best gain: -inf
[LightGBM] [Warning] No further splits with positive gain, best gain: -inf
[LightGBM] [Warning] No further splits with positive gain, best gain: -inf
[LightGBM] [Warning] No further splits with positive gain, best gain: -inf
[LightGBM] [Warning] No further splits with positive gain, best gain: -inf
[LightGBM] [Warning] No further splits with positive gain, best gain: -inf
[LightGBM] [Warning] No further splits with positive gain, best gain: -inf
[LightGBM] [Warning] No further splits with positive gain, best gain: -inf
[LightGBM] [Warning] No further splits with positive gain, best gain: -inf
[LightGBM] [Warning] No further splits with positive gain, best gain: -inf
[LightGBM] [Warning] No further splits with positive gain, best gain: -inf
[LightGBM] [Warning] No further splits with positive gain, best gain: -inf
[LightGBM] [Warning] No further splits with positive gain, best gain: -inf
[LightGBM] [Warning] No further splits with positive gain, best gain: -inf
[LightGBM] [Warning] No further splits with positive gain, best gain: -inf
[LightGBM] [Warning] No further splits with positive gain, best gain: -inf
[LightGBM] [Warning] No further splits with positive gain, best gain: -inf
[LightGBM] [Warning] No further splits with positive gain, best gain: -inf
[LightGBM] [Warning] No further splits with positive gain, best gain: -inf
[LightGBM] [Warning] No further splits with positive gain, best gain: -inf
[LightGBM] [Warning] No further splits with positive gain, best gain: -inf
[LightGBM] [Warning] No further splits with positive gain, best gain: -inf
[LightGBM] [Warning] No further splits with positive gain, best gain: -inf
[LightGBM] [Warning] No further splits with positive gain, best gain: -inf
[LightGBM] [Warning] No further splits with positive gain, best gain: -inf
[LightGBM] [Warning] No further splits with positive gain, best gain: -inf
[LightGBM] [Warning] No further splits with positive gain, best gain: -inf
[LightGBM] [Warning] No further splits with positive gain, best gain: -inf
[LightGBM] [Warning] No further splits with positive gain, best gain: -inf
[LightGBM] [Warning] No further splits with positive gain, best gain: -inf
[LightGBM] [Warning] No further splits with positive gain, best gain: -inf
[LightGBM] [Warning] No further splits with positive gain, best gain: -inf
[LightGBM] [Warning] No further splits with positive gain, best gain: -inf
[LightGBM] [Warning] No further splits with positive gain, best gain: -inf
[LightGBM] [Warning] No further splits with positive gain, best gain: -inf
[LightGBM] [Warning] No further splits with positive gain, best gain: -inf
[LightGBM] [Warning] No further splits with positive gain, best gain: -inf
[LightGBM] [Warning] No further splits with positive gain, best gain: -inf
[LightGBM] [Warning] No further splits with positive gain, best gain: -inf
[LightGBM] [Warning] No further splits with positive gain, best gain: -inf
[LightGBM] [Warning] No further splits with positive gain, best gain: -inf
[LightGBM] [Warning] No further splits with positive gain, best gain: -inf
[LightGBM] [Warning] No further splits with positive gain, best gain: -inf
[LightGBM] [Warning] No further splits with positive gain, best gain: -inf
[LightGBM] [Warning] No further splits with positive gain, best gain: -inf
[LightGBM] [Warning] No further splits with positive gain, best gain: -inf
[LightGBM] [Warning] No further splits with positive gain, best gain: -inf
[LightGBM] [Warning] No further splits with positive gain, best gain: -inf
[LightGBM] [Warning] No further splits with positive gain, best gain: -inf
[LightGBM] [Warning] No further splits with positive gain, best gain: -inf
[LightGBM] [Warning] No further splits with positive gain, best gain: -inf
[LightGBM] [Warning] No further splits with positive gain, best gain: -inf
[LightGBM] [Warning] No further splits with positive gain, best gain: -inf
[LightGBM] [Warning] No further splits with positive gain, best gain: -inf
[LightGBM] [Warning] No further splits with positive gain, best gain: -inf
[LightGBM] [Warning] No further splits with positive gain, best gain: -inf
[LightGBM] [Warning] No further splits with positive gain, best gain: -inf
[LightGBM] [Warning] No further splits with positive gain, best gain: -inf
[LightGBM] [Warning] No further splits with positive gain, best gain: -inf
[LightGBM] [Warning] No further splits with positive gain, best gain: -inf
[LightGBM] [Warning] No further splits with positive gain, best gain: -inf
[LightGBM] [Warning] No further splits with positive gain, best gain: -inf
[LightGBM] [Warning] No further splits with positive gain, best gain: -inf
[LightGBM] [Warning] No further splits with positive gain, best gain: -inf
[LightGBM] [Warning] No further splits with positive gain, best gain: -inf
[LightGBM] [Warning] No further splits with positive gain, best gain: -inf
[LightGBM] [Warning] No further splits with positive gain, best gain: -inf
[LightGBM] [Warning] No further splits with positive gain, best gain: -inf
[LightGBM] [Warning] No further splits with positive gain, best gain: -inf
[LightGBM] [Warning] No further splits with positive gain, best gain: -inf
[LightGBM] [Warning] No further splits with positive gain, best gain: -inf
[LightGBM] [Warning] No further splits with positive gain, best gain: -inf
[LightGBM] [Warning] No further splits with positive gain, best gain: -inf
[LightGBM] [Warning] No further splits with positive gain, best gain: -inf
[LightGBM] [Warning] No further splits with positive gain, best gain: -inf
[LightGBM] [Warning] No further splits with positive gain, best gain: -inf
[LightGBM] [Warning] No further splits with positive gain, best gain: -inf
[LightGBM] [Warning] No further splits with positive gain, best gain: -inf
[LightGBM] [Warning] No further splits with positive gain, best gain: -inf
[LightGBM] [Warning] No further splits with positive gain, best gain: -inf
[32m[I 2025-04-11 02:34:31,663][0m Trial 49 finished with value: 290.58844091578794 and parameters: {'num_leaves': 81, 'max_depth': 6, 'learning_rate': 0.8004048161529063, 'min_child_weight': 0.00012071912721297486, 'min_child_samples': 72, 'subsample': 0.831672264266252, 'colsample_bytree': 0.8389287714468695, 'optional_reg_lambda': True, 'reg_lambda': 0.29156625076781173, 'n_bins': 118}. Best is trial 24 with value: 192.44338729189383.[0m
Best Hyper-Parameters
{'model': {'num_leaves': 90, 'max_depth': 9, 'learning_rate': 0.17249778702999086, 'min_child_weight': 0.00035472147968335126, 'min_child_samples': 52, 'subsample': 0.6859681771430295, 'colsample_bytree': 0.842043216474062, 'reg_lambda': 0.15397607889785922}, 'fit': {'n_bins': 138}}
{'model': {'num_leaves': 90, 'max_depth': 9, 'learning_rate': 0.17249778702999086, 'min_child_weight': 0.00035472147968335126, 'min_child_samples': 52, 'subsample': 0.6859681771430295, 'colsample_bytree': 0.842043216474062, 'reg_lambda': 0.15397607889785922}, 'fit': {'n_bins': 138}}
[LightGBM] [Info] Auto-choosing col-wise multi-threading, the overhead of testing was 1.763267 seconds.
You can set `force_col_wise=true` to remove the overhead.
[LightGBM] [Info] Total Bins 816000
[LightGBM] [Info] Number of data points in the train set: 214203, number of used features: 3200
[LightGBM] [Info] Start training from score 0.000000
lightgbm: 1 Trials
MAE Results: 1.42399561e+02
MAE MEAN = 1.42399561e+02 ± 0.00000000e+00
R2 Results: 9.49573383e-01
R2 MEAN = 9.49573383e-01 ± 0.00000000e+00
RMSE Results: 1.91612682e+02
RMSE MEAN = 1.91612682e+02 ± 0.00000000e+00
Time Results: 73.76693749
Time MEAN = 73.76693749 ± 0.00000000
-------------------- GPU info --------------------
1 GPU Available.
GPU 0: NVIDIA A100-PCIE-40GB MIG 7g.40gb
  Total Memory:          40326.375 MB
  Multi Processor Count: 98
  Compute Capability:    8.0
--------------------------------------------------
