[32m[I 2025-04-11 00:47:57,759][0m Trial 42 finished with value: 225.01037107718233 and parameters: {'num_leaves': 56, 'max_depth': 10, 'learning_rate': 0.29973622883596956, 'min_child_weight': 0.061806039591039245, 'min_child_samples': 66, 'subsample': 0.7955202598550852, 'colsample_bytree': 0.9003753923830068, 'optional_reg_lambda': False, 'n_bins': 97}. Best is trial 15 with value: 211.89547544046064.[0m
[LightGBM] [Info] Auto-choosing col-wise multi-threading, the overhead of testing was 0.765788 seconds.
You can set `force_col_wise=true` to remove the overhead.
[LightGBM] [Info] Total Bins 408000
[LightGBM] [Info] Number of data points in the train set: 214203, number of used features: 1600
[LightGBM] [Info] Start training from score 0.000000
[32m[I 2025-04-11 00:48:31,700][0m Trial 43 finished with value: 375.372731520173 and parameters: {'num_leaves': 61, 'max_depth': 8, 'learning_rate': 0.07226977213461913, 'min_child_weight': 0.00017067018974914147, 'min_child_samples': 57, 'subsample': 0.7213604740699818, 'colsample_bytree': 0.8115536209273349, 'optional_reg_lambda': False, 'n_bins': 175}. Best is trial 15 with value: 211.89547544046064.[0m
[LightGBM] [Info] Auto-choosing col-wise multi-threading, the overhead of testing was 0.765109 seconds.
You can set `force_col_wise=true` to remove the overhead.
[LightGBM] [Info] Total Bins 408000
[LightGBM] [Info] Number of data points in the train set: 214203, number of used features: 1600
[LightGBM] [Info] Start training from score 0.000000
[32m[I 2025-04-11 00:48:56,771][0m Trial 44 finished with value: 299.87696526147 and parameters: {'num_leaves': 67, 'max_depth': 3, 'learning_rate': 0.4587757517371691, 'min_child_weight': 1.546572598106466e-05, 'min_child_samples': 52, 'subsample': 0.7539944391592123, 'colsample_bytree': 0.996411229846846, 'optional_reg_lambda': True, 'reg_lambda': 0.0016948224433077875, 'n_bins': 153}. Best is trial 15 with value: 211.89547544046064.[0m
[LightGBM] [Info] Auto-choosing col-wise multi-threading, the overhead of testing was 0.703857 seconds.
You can set `force_col_wise=true` to remove the overhead.
[LightGBM] [Info] Total Bins 408000
[LightGBM] [Info] Number of data points in the train set: 214203, number of used features: 1600
[LightGBM] [Info] Start training from score 0.000000
[LightGBM] [Warning] No further splits with positive gain, best gain: -inf
[LightGBM] [Warning] No further splits with positive gain, best gain: -inf
[LightGBM] [Warning] No further splits with positive gain, best gain: -inf
[LightGBM] [Warning] No further splits with positive gain, best gain: -inf
[LightGBM] [Warning] No further splits with positive gain, best gain: -inf
[32m[I 2025-04-11 00:49:30,054][0m Trial 45 finished with value: 332.0096974449499 and parameters: {'num_leaves': 84, 'max_depth': 9, 'learning_rate': 0.7814300461506979, 'min_child_weight': 0.0008206555037666376, 'min_child_samples': 42, 'subsample': 0.9603563931330193, 'colsample_bytree': 0.8403795242843407, 'optional_reg_lambda': True, 'reg_lambda': 0.0063683343911743245, 'n_bins': 117}. Best is trial 15 with value: 211.89547544046064.[0m
[LightGBM] [Info] Auto-choosing col-wise multi-threading, the overhead of testing was 0.438792 seconds.
You can set `force_col_wise=true` to remove the overhead.
[LightGBM] [Info] Total Bins 408000
[LightGBM] [Info] Number of data points in the train set: 214203, number of used features: 1600
[LightGBM] [Info] Start training from score 0.000000
[32m[I 2025-04-11 00:49:58,660][0m Trial 46 finished with value: 234.91092009561478 and parameters: {'num_leaves': 49, 'max_depth': 10, 'learning_rate': 0.24675008508883187, 'min_child_weight': 0.001728617357046491, 'min_child_samples': 34, 'subsample': 0.6520670699544543, 'colsample_bytree': 0.5179707607766024, 'optional_reg_lambda': False, 'n_bins': 134}. Best is trial 15 with value: 211.89547544046064.[0m
[LightGBM] [Info] Auto-choosing col-wise multi-threading, the overhead of testing was 0.741521 seconds.
You can set `force_col_wise=true` to remove the overhead.
[LightGBM] [Info] Total Bins 408000
[LightGBM] [Info] Number of data points in the train set: 214203, number of used features: 1600
[LightGBM] [Info] Start training from score 0.000000
[32m[I 2025-04-11 00:50:32,741][0m Trial 47 finished with value: 322.0628155409547 and parameters: {'num_leaves': 57, 'max_depth': 7, 'learning_rate': 0.10004292266869888, 'min_child_weight': 0.015300829770743412, 'min_child_samples': 26, 'subsample': 0.8217154843361365, 'colsample_bytree': 0.9625447168739083, 'optional_reg_lambda': True, 'reg_lambda': 0.03586922363283321, 'n_bins': 74}. Best is trial 15 with value: 211.89547544046064.[0m
[LightGBM] [Info] Auto-choosing col-wise multi-threading, the overhead of testing was 0.735071 seconds.
You can set `force_col_wise=true` to remove the overhead.
[LightGBM] [Info] Total Bins 408000
[LightGBM] [Info] Number of data points in the train set: 214203, number of used features: 1600
[LightGBM] [Info] Start training from score 0.000000
[32m[I 2025-04-11 00:51:10,824][0m Trial 48 finished with value: 438.1705252906258 and parameters: {'num_leaves': 76, 'max_depth': 9, 'learning_rate': 0.047468965906135335, 'min_child_weight': 2.817014093128586e-05, 'min_child_samples': 14, 'subsample': 0.5317517951743481, 'colsample_bytree': 0.9282526328401981, 'optional_reg_lambda': True, 'reg_lambda': 8.683290053336203e-05, 'n_bins': 189}. Best is trial 15 with value: 211.89547544046064.[0m
[LightGBM] [Warning] Accuracy may be bad since you didn't explicitly set num_leaves OR 2^max_depth > num_leaves. (num_leaves=31).
[LightGBM] [Warning] Accuracy may be bad since you didn't explicitly set num_leaves OR 2^max_depth > num_leaves. (num_leaves=31).
[LightGBM] [Info] Auto-choosing col-wise multi-threading, the overhead of testing was 0.730232 seconds.
You can set `force_col_wise=true` to remove the overhead.
[LightGBM] [Info] Total Bins 408000
[LightGBM] [Info] Number of data points in the train set: 214203, number of used features: 1600
[LightGBM] [Warning] Accuracy may be bad since you didn't explicitly set num_leaves OR 2^max_depth > num_leaves. (num_leaves=31).
[LightGBM] [Info] Start training from score 0.000000
[LightGBM] [Warning] Accuracy may be bad since you didn't explicitly set num_leaves OR 2^max_depth > num_leaves. (num_leaves=31).
[32m[I 2025-04-11 00:51:39,104][0m Trial 49 finished with value: 796.2456810650712 and parameters: {'num_leaves': 31, 'max_depth': 5, 'learning_rate': 0.0032052327521760625, 'min_child_weight': 0.00013854077346581983, 'min_child_samples': 21, 'subsample': 0.7110463241984039, 'colsample_bytree': 0.8572707317974537, 'optional_reg_lambda': True, 'reg_lambda': 0.0015459195754175172, 'n_bins': 230}. Best is trial 15 with value: 211.89547544046064.[0m
Best Hyper-Parameters
{'model': {'num_leaves': 78, 'max_depth': 9, 'learning_rate': 0.2551604159901272, 'min_child_weight': 4.949133181572869e-05, 'min_child_samples': 37, 'subsample': 0.7158998594096244, 'colsample_bytree': 0.8040608591736728, 'reg_lambda': 0.020055071580562057}, 'fit': {'n_bins': 123}}
{'model': {'num_leaves': 78, 'max_depth': 9, 'learning_rate': 0.2551604159901272, 'min_child_weight': 4.949133181572869e-05, 'min_child_samples': 37, 'subsample': 0.7158998594096244, 'colsample_bytree': 0.8040608591736728, 'reg_lambda': 0.020055071580562057}, 'fit': {'n_bins': 123}}
[LightGBM] [Info] Auto-choosing col-wise multi-threading, the overhead of testing was 0.661378 seconds.
You can set `force_col_wise=true` to remove the overhead.
[LightGBM] [Info] Total Bins 408000
[LightGBM] [Info] Number of data points in the train set: 214203, number of used features: 1600
[LightGBM] [Info] Start training from score 0.000000
lightgbm: 1 Trials
MAE Results: 1.57975062e+02
MAE MEAN = 1.57975062e+02 ± 0.00000000e+00
R2 Results: 9.40078849e-01
R2 MEAN = 9.40078849e-01 ± 0.00000000e+00
RMSE Results: 2.08874011e+02
RMSE MEAN = 2.08874011e+02 ± 0.00000000e+00
Time Results: 30.04126763
Time MEAN = 30.04126763 ± 0.00000000
-------------------- GPU info --------------------
1 GPU Available.
GPU 0: NVIDIA A100-PCIE-40GB MIG 7g.40gb
  Total Memory:          40326.375 MB
  Multi Processor Count: 98
  Compute Capability:    8.0
--------------------------------------------------
