using gpu: 0
{'cat_min_frequency': 0.0,
 'cat_nan_policy': 'new',
 'cat_policy': 'ordinal',
 'config': {'fit': {}, 'model': {'n_estimators': 2000}},
 'dataset': 'ULA_lab_LoS_8_X',
 'dataset_path': 'data',
 'evaluate_option': 'best-val',
 'gpu': '0',
 'model_path': 'results_model',
 'model_type': 'lightgbm',
 'n_bins': 2,
 'n_trials': 50,
 'normalization': 'standard',
 'num_nan_policy': 'mean',
 'num_policy': 'none',
 'retune': False,
 'save_path': 'results_model/ULA_lab_LoS_8_X-lightgbm-Tune/Norm-standard-Nan-mean-new-Cat-ordinal',
 'seed': 0,
 'seed_num': 1,
 'tune': True}
{'model': {'n_estimators': 2000}, 'fit': {'n_bins': 2}}
[LightGBM] [Info] Auto-choosing col-wise multi-threading, the overhead of testing was 0.731956 seconds.
You can set `force_col_wise=true` to remove the overhead.
[LightGBM] [Info] Total Bins 408000
[LightGBM] [Info] Number of data points in the train set: 214203, number of used features: 1600
[LightGBM] [Info] Start training from score 0.000000
[32m[I 2025-04-11 00:23:05,110][0m Trial 0 finished with value: 405.1403071897037 and parameters: {'num_leaves': 59, 'max_depth': 8, 'learning_rate': 0.06431172050131989, 'min_child_weight': 0.0015119336467641006, 'min_child_samples': 43, 'subsample': 0.8229470565333281, 'colsample_bytree': 0.7187936056313462, 'optional_reg_lambda': True, 'reg_lambda': 0.0008264328927007723, 'n_bins': 203}. Best is trial 0 with value: 405.1403071897037.[0m
[LightGBM] [Info] Auto-choosing col-wise multi-threading, the overhead of testing was 0.750999 seconds.
You can set `force_col_wise=true` to remove the overhead.
[LightGBM] [Info] Total Bins 408000
[LightGBM] [Info] Number of data points in the train set: 214203, number of used features: 1600
[LightGBM] [Info] Start training from score 0.000000
[32m[I 2025-04-11 00:23:43,694][0m Trial 1 finished with value: 253.3250950867137 and parameters: {'num_leaves': 58, 'max_depth': 7, 'learning_rate': 0.5981221901152552, 'min_child_weight': 1.923730509654649e-05, 'min_child_samples': 10, 'subsample': 0.5101091987201629, 'colsample_bytree': 0.916309922773969, 'optional_reg_lambda': True, 'reg_lambda': 0.7817928805172362, 'n_bins': 205}. Best is trial 1 with value: 253.3250950867137.[0m
[LightGBM] [Info] Auto-choosing col-wise multi-threading, the overhead of testing was 0.815594 seconds.
You can set `force_col_wise=true` to remove the overhead.
[LightGBM] [Info] Total Bins 408000
[LightGBM] [Info] Number of data points in the train set: 214203, number of used features: 1600
[LightGBM] [Info] Start training from score 0.000000
[32m[I 2025-04-11 00:24:26,379][0m Trial 2 finished with value: 802.9431830422592 and parameters: {'num_leaves': 51, 'max_depth': 9, 'learning_rate': 0.0022637229697395483, 'min_child_weight': 0.0036281404040243792, 'min_child_samples': 16, 'subsample': 0.972334458524792, 'colsample_bytree': 0.7609241608750359, 'optional_reg_lambda': False, 'n_bins': 199}. Best is trial 1 with value: 253.3250950867137.[0m
[LightGBM] [Info] Auto-choosing col-wise multi-threading, the overhead of testing was 0.915154 seconds.
You can set `force_col_wise=true` to remove the overhead.
[LightGBM] [Info] Total Bins 408000
[LightGBM] [Info] Number of data points in the train set: 214203, number of used features: 1600
[LightGBM] [Info] Start training from score 0.000000
[32m[I 2025-04-11 00:25:14,457][0m Trial 3 finished with value: 825.5545324291268 and parameters: {'num_leaves': 51, 'max_depth': 7, 'learning_rate': 0.0011385953381489414, 'min_child_weight': 0.002954894558726684, 'min_child_samples': 62, 'subsample': 0.8084669984373785, 'colsample_bytree': 0.9718740392573121, 'optional_reg_lambda': False, 'n_bins': 113}. Best is trial 1 with value: 253.3250950867137.[0m
[LightGBM] [Info] Auto-choosing col-wise multi-threading, the overhead of testing was 0.698435 seconds.
You can set `force_col_wise=true` to remove the overhead.
[LightGBM] [Info] Total Bins 408000
[LightGBM] [Info] Number of data points in the train set: 214203, number of used features: 1600
[LightGBM] [Info] Start training from score 0.000000
[32m[I 2025-04-11 00:25:44,647][0m Trial 4 finished with value: 617.8040275827918 and parameters: {'num_leaves': 73, 'max_depth': 3, 'learning_rate': 0.10006913513545575, 'min_child_weight': 0.004814503186400559, 'min_child_samples': 22, 'subsample': 0.5644631488274267, 'colsample_bytree': 0.6577141754620919, 'optional_reg_lambda': True, 'reg_lambda': 0.0015595796772974067, 'n_bins': 254}. Best is trial 1 with value: 253.3250950867137.[0m
[LightGBM] [Info] Auto-choosing col-wise multi-threading, the overhead of testing was 0.735300 seconds.
You can set `force_col_wise=true` to remove the overhead.
[LightGBM] [Info] Total Bins 408000
[LightGBM] [Info] Number of data points in the train set: 214203, number of used features: 1600
[LightGBM] [Info] Start training from score 0.000000
[32m[I 2025-04-11 00:26:13,774][0m Trial 5 finished with value: 805.1511563273751 and parameters: {'num_leaves': 19, 'max_depth': 4, 'learning_rate': 0.003047393617736388, 'min_child_weight': 0.004096691887503096, 'min_child_samples': 27, 'subsample': 0.7331553864281531, 'colsample_bytree': 0.6222127960008014, 'optional_reg_lambda': False, 'n_bins': 169}. Best is trial 1 with value: 253.3250950867137.[0m
[LightGBM] [Info] Auto-choosing col-wise multi-threading, the overhead of testing was 0.399061 seconds.
You can set `force_col_wise=true` to remove the overhead.
[LightGBM] [Info] Total Bins 408000
[LightGBM] [Info] Number of data points in the train set: 214203, number of used features: 1600
[LightGBM] [Info] Start training from score 0.000000
[32m[I 2025-04-11 00:26:41,104][0m Trial 6 finished with value: 729.9103253153634 and parameters: {'num_leaves': 22, 'max_depth': 4, 'learning_rate': 0.01276954761904551, 'min_child_weight': 0.01922971817485369, 'min_child_samples': 11, 'subsample': 0.918972453749402, 'colsample_bytree': 0.5480492039469815, 'optional_reg_lambda': False, 'n_bins': 251}. Best is trial 1 with value: 253.3250950867137.[0m
[LightGBM] [Info] Auto-choosing col-wise multi-threading, the overhead of testing was 0.396609 seconds.
You can set `force_col_wise=true` to remove the overhead.
[LightGBM] [Info] Total Bins 408000
[LightGBM] [Info] Number of data points in the train set: 214203, number of used features: 1600
[LightGBM] [Info] Start training from score 0.000000
[32m[I 2025-04-11 00:27:14,922][0m Trial 7 finished with value: 820.4782054425255 and parameters: {'num_leaves': 65, 'max_depth': 8, 'learning_rate': 0.001310881325831351, 'min_child_weight': 0.00013527821070347636, 'min_child_samples': 13, 'subsample': 0.6480700987610725, 'colsample_bytree': 0.559363859477122, 'optional_reg_lambda': True, 'reg_lambda': 2.092847008891181e-05, 'n_bins': 178}. Best is trial 1 with value: 253.3250950867137.[0m
[LightGBM] [Info] Auto-choosing col-wise multi-threading, the overhead of testing was 0.766622 seconds.
You can set `force_col_wise=true` to remove the overhead.
[LightGBM] [Info] Total Bins 408000
[LightGBM] [Info] Number of data points in the train set: 214203, number of used features: 1600
[LightGBM] [Info] Start training from score 0.000000
[LightGBM] [Warning] No further splits with positive gain, best gain: -inf
[LightGBM] [Warning] No further splits with positive gain, best gain: -inf
[LightGBM] [Warning] No further splits with positive gain, best gain: -inf
[LightGBM] [Warning] No further splits with positive gain, best gain: -inf
[LightGBM] [Warning] No further splits with positive gain, best gain: -inf
[LightGBM] [Warning] No further splits with positive gain, best gain: -inf
[LightGBM] [Warning] No further splits with positive gain, best gain: -inf
[LightGBM] [Warning] No further splits with positive gain, best gain: -inf
[LightGBM] [Warning] No further splits with positive gain, best gain: -inf
[LightGBM] [Warning] No further splits with positive gain, best gain: -inf
[LightGBM] [Warning] No further splits with positive gain, best gain: -inf
[LightGBM] [Warning] No further splits with positive gain, best gain: -inf
[LightGBM] [Warning] No further splits with positive gain, best gain: -inf
[LightGBM] [Warning] No further splits with positive gain, best gain: -inf
[LightGBM] [Warning] No further splits with positive gain, best gain: -inf
[32m[I 2025-04-11 00:27:43,484][0m Trial 8 finished with value: 630.1826685037623 and parameters: {'num_leaves': 61, 'max_depth': 5, 'learning_rate': 0.03713164249534621, 'min_child_weight': 2.3755383341274175e-05, 'min_child_samples': 59, 'subsample': 0.964648098788107, 'colsample_bytree': 0.6592844762256618, 'optional_reg_lambda': False, 'n_bins': 184}. Best is trial 1 with value: 253.3250950867137.[0m
[LightGBM] [Info] Auto-choosing col-wise multi-threading, the overhead of testing was 0.798324 seconds.
You can set `force_col_wise=true` to remove the overhead.
[LightGBM] [Info] Total Bins 408000
[LightGBM] [Info] Number of data points in the train set: 214203, number of used features: 1600
[LightGBM] [Info] Start training from score 0.000000
[LightGBM] [Warning] No further splits with positive gain, best gain: -inf
[LightGBM] [Warning] No further splits with positive gain, best gain: -inf
[32m[I 2025-04-11 00:28:11,816][0m Trial 9 finished with value: 612.1311052366073 and parameters: {'num_leaves': 36, 'max_depth': 4, 'learning_rate': 0.05748291778269796, 'min_child_weight': 1.2034559120184986e-05, 'min_child_samples': 84, 'subsample': 0.5023477380962735, 'colsample_bytree': 0.838908268398115, 'optional_reg_lambda': True, 'reg_lambda': 0.6470572767195607, 'n_bins': 65}. Best is trial 1 with value: 253.3250950867137.[0m
[LightGBM] [Info] Auto-choosing col-wise multi-threading, the overhead of testing was 0.676308 seconds.
You can set `force_col_wise=true` to remove the overhead.
[LightGBM] [Info] Total Bins 408000
[LightGBM] [Info] Number of data points in the train set: 214203, number of used features: 1600
[LightGBM] [Info] Start training from score 0.000000
[LightGBM] [Warning] No further splits with positive gain, best gain: -inf
[LightGBM] [Warning] No further splits with positive gain, best gain: -inf
[LightGBM] [Warning] No further splits with positive gain, best gain: -inf
[LightGBM] [Warning] No further splits with positive gain, best gain: -inf
[32m[I 2025-04-11 00:28:51,461][0m Trial 10 finished with value: 330.3258452572908 and parameters: {'num_leaves': 95, 'max_depth': 10, 'learning_rate': 0.7216635702812186, 'min_child_weight': 0.00018793823354596264, 'min_child_samples': 95, 'subsample': 0.6444684511398371, 'colsample_bytree': 0.9360600493172312, 'optional_reg_lambda': True, 'reg_lambda': 0.9357767816066499, 'n_bins': 17}. Best is trial 1 with value: 253.3250950867137.[0m
[LightGBM] [Info] Auto-choosing col-wise multi-threading, the overhead of testing was 0.619449 seconds.
You can set `force_col_wise=true` to remove the overhead.
[LightGBM] [Info] Total Bins 408000
[LightGBM] [Info] Number of data points in the train set: 214203, number of used features: 1600
[LightGBM] [Info] Start training from score 0.000000
[LightGBM] [Warning] No further splits with positive gain, best gain: -inf
[LightGBM] [Warning] No further splits with positive gain, best gain: -inf
[LightGBM] [Warning] No further splits with positive gain, best gain: -inf
[LightGBM] [Warning] No further splits with positive gain, best gain: -inf
[32m[I 2025-04-11 00:29:29,300][0m Trial 11 finished with value: 420.0851036832993 and parameters: {'num_leaves': 93, 'max_depth': 10, 'learning_rate': 0.9945911393063654, 'min_child_weight': 0.0001753149702840301, 'min_child_samples': 92, 'subsample': 0.6306519907555425, 'colsample_bytree': 0.986968794688829, 'optional_reg_lambda': True, 'reg_lambda': 0.6120842326638262, 'n_bins': 20}. Best is trial 1 with value: 253.3250950867137.[0m
[LightGBM] [Info] Auto-choosing col-wise multi-threading, the overhead of testing was 0.786528 seconds.
You can set `force_col_wise=true` to remove the overhead.
[LightGBM] [Info] Total Bins 408000
[LightGBM] [Info] Number of data points in the train set: 214203, number of used features: 1600
[LightGBM] [Info] Start training from score 0.000000
[LightGBM] [Warning] No further splits with positive gain, best gain: -inf
[LightGBM] [Warning] No further splits with positive gain, best gain: -inf
[LightGBM] [Warning] No further splits with positive gain, best gain: -inf
[LightGBM] [Warning] No further splits with positive gain, best gain: -inf
[LightGBM] [Warning] No further splits with positive gain, best gain: -inf
[LightGBM] [Warning] No further splits with positive gain, best gain: -inf
[LightGBM] [Warning] No further splits with positive gain, best gain: -inf
[LightGBM] [Warning] No further splits with positive gain, best gain: -inf
[LightGBM] [Warning] No further splits with positive gain, best gain: -inf
[LightGBM] [Warning] No further splits with positive gain, best gain: -inf
[LightGBM] [Warning] No further splits with positive gain, best gain: -inf
[LightGBM] [Warning] No further splits with positive gain, best gain: -inf
[LightGBM] [Warning] No further splits with positive gain, best gain: -inf
[LightGBM] [Warning] No further splits with positive gain, best gain: -inf
[LightGBM] [Warning] No further splits with positive gain, best gain: -inf
[LightGBM] [Warning] No further splits with positive gain, best gain: -inf
[LightGBM] [Warning] No further splits with positive gain, best gain: -inf
[LightGBM] [Warning] No further splits with positive gain, best gain: -inf
[LightGBM] [Warning] No further splits with positive gain, best gain: -inf
[LightGBM] [Warning] No further splits with positive gain, best gain: -inf
[LightGBM] [Warning] No further splits with positive gain, best gain: -inf
[LightGBM] [Warning] No further splits with positive gain, best gain: -inf
[LightGBM] [Warning] No further splits with positive gain, best gain: -inf
[LightGBM] [Warning] No further splits with positive gain, best gain: -inf
[LightGBM] [Warning] No further splits with positive gain, best gain: -inf
[LightGBM] [Warning] No further splits with positive gain, best gain: -inf
[LightGBM] [Warning] No further splits with positive gain, best gain: -inf
[LightGBM] [Warning] No further splits with positive gain, best gain: -inf
[LightGBM] [Warning] No further splits with positive gain, best gain: -inf
[LightGBM] [Warning] No further splits with positive gain, best gain: -inf
[LightGBM] [Warning] No further splits with positive gain, best gain: -inf
[LightGBM] [Warning] No further splits with positive gain, best gain: -inf
[LightGBM] [Warning] No further splits with positive gain, best gain: -inf
[LightGBM] [Warning] No further splits with positive gain, best gain: -inf
[LightGBM] [Warning] No further splits with positive gain, best gain: -inf
[LightGBM] [Warning] No further splits with positive gain, best gain: -inf
[LightGBM] [Warning] No further splits with positive gain, best gain: -inf
[LightGBM] [Warning] No further splits with positive gain, best gain: -inf
[LightGBM] [Warning] No further splits with positive gain, best gain: -inf
[LightGBM] [Warning] No further splits with positive gain, best gain: -inf
[LightGBM] [Warning] No further splits with positive gain, best gain: -inf
[LightGBM] [Warning] No further splits with positive gain, best gain: -inf
[LightGBM] [Warning] No further splits with positive gain, best gain: -inf
[LightGBM] [Warning] No further splits with positive gain, best gain: -inf
[LightGBM] [Warning] No further splits with positive gain, best gain: -inf
[LightGBM] [Warning] No further splits with positive gain, best gain: -inf
[LightGBM] [Warning] No further splits with positive gain, best gain: -inf
[LightGBM] [Warning] No further splits with positive gain, best gain: -inf
[LightGBM] [Warning] No further splits with positive gain, best gain: -inf
[LightGBM] [Warning] No further splits with positive gain, best gain: -inf
[LightGBM] [Warning] No further splits with positive gain, best gain: -inf
[LightGBM] [Warning] No further splits with positive gain, best gain: -inf
[LightGBM] [Warning] No further splits with positive gain, best gain: -inf
[LightGBM] [Warning] No further splits with positive gain, best gain: -inf
[LightGBM] [Warning] No further splits with positive gain, best gain: -inf
[LightGBM] [Warning] No further splits with positive gain, best gain: -inf
[LightGBM] [Warning] No further splits with positive gain, best gain: -inf
[LightGBM] [Warning] No further splits with positive gain, best gain: -inf
[LightGBM] [Warning] No further splits with positive gain, best gain: -inf
[LightGBM] [Warning] No further splits with positive gain, best gain: -inf
[LightGBM] [Warning] No further splits with positive gain, best gain: -inf
[LightGBM] [Warning] No further splits with positive gain, best gain: -inf
[LightGBM] [Warning] No further splits with positive gain, best gain: -inf
[LightGBM] [Warning] No further splits with positive gain, best gain: -inf
[LightGBM] [Warning] No further splits with positive gain, best gain: -inf
[LightGBM] [Warning] No further splits with positive gain, best gain: -inf
[LightGBM] [Warning] No further splits with positive gain, best gain: -inf
[LightGBM] [Warning] No further splits with positive gain, best gain: -inf
[LightGBM] [Warning] No further splits with positive gain, best gain: -inf
[LightGBM] [Warning] No further splits with positive gain, best gain: -inf
[LightGBM] [Warning] No further splits with positive gain, best gain: -inf
[LightGBM] [Warning] No further splits with positive gain, best gain: -inf
[LightGBM] [Warning] No further splits with positive gain, best gain: -inf
[LightGBM] [Warning] No further splits with positive gain, best gain: -inf
[LightGBM] [Warning] No further splits with positive gain, best gain: -inf
[LightGBM] [Warning] No further splits with positive gain, best gain: -inf
[LightGBM] [Warning] No further splits with positive gain, best gain: -inf
[LightGBM] [Warning] No further splits with positive gain, best gain: -inf
[LightGBM] [Warning] No further splits with positive gain, best gain: -inf
[LightGBM] [Warning] No further splits with positive gain, best gain: -inf
[LightGBM] [Warning] No further splits with positive gain, best gain: -inf
[LightGBM] [Warning] No further splits with positive gain, best gain: -inf
[LightGBM] [Warning] No further splits with positive gain, best gain: -inf
[LightGBM] [Warning] No further splits with positive gain, best gain: -inf
[LightGBM] [Warning] No further splits with positive gain, best gain: -inf
[LightGBM] [Warning] No further splits with positive gain, best gain: -inf
[LightGBM] [Warning] No further splits with positive gain, best gain: -inf
[LightGBM] [Warning] No further splits with positive gain, best gain: -inf
[LightGBM] [Warning] No further splits with positive gain, best gain: -inf
[LightGBM] [Warning] No further splits with positive gain, best gain: -inf
[LightGBM] [Warning] No further splits with positive gain, best gain: -inf
[LightGBM] [Warning] No further splits with positive gain, best gain: -inf
[32m[I 2025-04-11 00:30:04,211][0m Trial 12 finished with value: 359.15985072249765 and parameters: {'num_leaves': 97, 'max_depth': 6, 'learning_rate': 0.9209059274716836, 'min_child_weight': 0.0001143974986319474, 'min_child_samples': 76, 'subsample': 0.5008328174795822, 'colsample_bytree': 0.8876716956816, 'optional_reg_lambda': True, 'reg_lambda': 0.0639671207403584, 'n_bins': 9}. Best is trial 1 with value: 253.3250950867137.[0m
[LightGBM] [Info] Auto-choosing col-wise multi-threading, the overhead of testing was 0.736428 seconds.
You can set `force_col_wise=true` to remove the overhead.
[LightGBM] [Info] Total Bins 408000
[LightGBM] [Info] Number of data points in the train set: 214203, number of used features: 1600
[LightGBM] [Info] Start training from score 0.000000
[32m[I 2025-04-11 00:30:45,347][0m Trial 13 finished with value: 217.8518661762028 and parameters: {'num_leaves': 82, 'max_depth': 10, 'learning_rate': 0.31321153450176475, 'min_child_weight': 4.48588488438161e-05, 'min_child_samples': 40, 'subsample': 0.6467244905993274, 'colsample_bytree': 0.8882630222006828, 'optional_reg_lambda': True, 'reg_lambda': 0.05583730654512241, 'n_bins': 125}. Best is trial 13 with value: 217.8518661762028.[0m
[LightGBM] [Info] Auto-choosing col-wise multi-threading, the overhead of testing was 0.753561 seconds.
You can set `force_col_wise=true` to remove the overhead.
[LightGBM] [Info] Total Bins 408000
[LightGBM] [Info] Number of data points in the train set: 214203, number of used features: 1600
[LightGBM] [Info] Start training from score 0.000000
[LightGBM] [Warning] No further splits with positive gain, best gain: -inf
[LightGBM] [Warning] No further splits with positive gain, best gain: -inf
[32m[I 2025-04-11 00:31:20,271][0m Trial 14 finished with value: 235.06116318275676 and parameters: {'num_leaves': 79, 'max_depth': 7, 'learning_rate': 0.2566300296835481, 'min_child_weight': 3.8820047079601927e-05, 'min_child_samples': 38, 'subsample': 0.5719994418156998, 'colsample_bytree': 0.8155480698204522, 'optional_reg_lambda': True, 'reg_lambda': 0.020003590318161478, 'n_bins': 121}. Best is trial 13 with value: 217.8518661762028.[0m
[LightGBM] [Info] Auto-choosing col-wise multi-threading, the overhead of testing was 0.740970 seconds.
You can set `force_col_wise=true` to remove the overhead.
[LightGBM] [Info] Total Bins 408000
[LightGBM] [Info] Number of data points in the train set: 214203, number of used features: 1600
[LightGBM] [Info] Start training from score 0.000000
