[32m[I 2025-04-11 03:24:49,847][0m Trial 35 finished with value: 286.4165665690007 and parameters: {'num_leaves': 66, 'max_depth': 8, 'learning_rate': 0.6085734754143669, 'min_child_weight': 8.165246058158505e-05, 'min_child_samples': 68, 'subsample': 0.588503695106433, 'colsample_bytree': 0.7610109565918948, 'optional_reg_lambda': False, 'n_bins': 226}. Best is trial 34 with value: 229.00520177631768.[0m
[LightGBM] [Info] Auto-choosing col-wise multi-threading, the overhead of testing was 1.694739 seconds.
You can set `force_col_wise=true` to remove the overhead.
[LightGBM] [Info] Total Bins 816000
[LightGBM] [Info] Number of data points in the train set: 214203, number of used features: 3200
[LightGBM] [Info] Start training from score 0.000000
[32m[I 2025-04-11 03:26:01,324][0m Trial 36 finished with value: 254.69107771272766 and parameters: {'num_leaves': 49, 'max_depth': 8, 'learning_rate': 0.3368803950272625, 'min_child_weight': 2.760419390442534e-05, 'min_child_samples': 43, 'subsample': 0.6684166649675064, 'colsample_bytree': 0.9053418253226869, 'optional_reg_lambda': True, 'reg_lambda': 0.001969933512727093, 'n_bins': 199}. Best is trial 34 with value: 229.00520177631768.[0m
[LightGBM] [Info] Auto-choosing col-wise multi-threading, the overhead of testing was 1.730181 seconds.
You can set `force_col_wise=true` to remove the overhead.
[LightGBM] [Info] Total Bins 816000
[LightGBM] [Info] Number of data points in the train set: 214203, number of used features: 3200
[LightGBM] [Info] Start training from score 0.000000
[32m[I 2025-04-11 03:27:17,663][0m Trial 37 finished with value: 244.41068708529988 and parameters: {'num_leaves': 100, 'max_depth': 9, 'learning_rate': 0.14012791698456417, 'min_child_weight': 6.027359931585448e-05, 'min_child_samples': 17, 'subsample': 0.532420174155456, 'colsample_bytree': 0.6874603248187187, 'optional_reg_lambda': False, 'n_bins': 226}. Best is trial 34 with value: 229.00520177631768.[0m
[LightGBM] [Info] Auto-choosing col-wise multi-threading, the overhead of testing was 1.841870 seconds.
You can set `force_col_wise=true` to remove the overhead.
[LightGBM] [Info] Total Bins 816000
[LightGBM] [Info] Number of data points in the train set: 214203, number of used features: 3200
[LightGBM] [Info] Start training from score 0.000000
[32m[I 2025-04-11 03:28:38,890][0m Trial 38 finished with value: 254.76498289029928 and parameters: {'num_leaves': 83, 'max_depth': 10, 'learning_rate': 0.46895808301463365, 'min_child_weight': 1.0117710631348932e-05, 'min_child_samples': 28, 'subsample': 0.6074626322872035, 'colsample_bytree': 0.9982439342055833, 'optional_reg_lambda': True, 'reg_lambda': 0.0006481224063008233, 'n_bins': 76}. Best is trial 34 with value: 229.00520177631768.[0m
[LightGBM] [Info] Auto-choosing col-wise multi-threading, the overhead of testing was 1.547451 seconds.
You can set `force_col_wise=true` to remove the overhead.
[LightGBM] [Info] Total Bins 816000
[LightGBM] [Info] Number of data points in the train set: 214203, number of used features: 3200
[LightGBM] [Info] Start training from score 0.000000
[32m[I 2025-04-11 03:29:53,478][0m Trial 39 finished with value: 637.9362000485597 and parameters: {'num_leaves': 55, 'max_depth': 8, 'learning_rate': 0.008869809682330598, 'min_child_weight': 0.006882839056805078, 'min_child_samples': 43, 'subsample': 0.7216084364859784, 'colsample_bytree': 0.845963266203682, 'optional_reg_lambda': True, 'reg_lambda': 0.0001593156923390002, 'n_bins': 217}. Best is trial 34 with value: 229.00520177631768.[0m
[LightGBM] [Info] Auto-choosing col-wise multi-threading, the overhead of testing was 1.703037 seconds.
You can set `force_col_wise=true` to remove the overhead.
[LightGBM] [Info] Total Bins 816000
[LightGBM] [Info] Number of data points in the train set: 214203, number of used features: 3200
[LightGBM] [Info] Start training from score 0.000000
[32m[I 2025-04-11 03:31:12,562][0m Trial 40 finished with value: 488.4530620921243 and parameters: {'num_leaves': 74, 'max_depth': 7, 'learning_rate': 0.023639228274849863, 'min_child_weight': 0.0022438713264340314, 'min_child_samples': 5, 'subsample': 0.770280068590506, 'colsample_bytree': 0.9210101435440523, 'optional_reg_lambda': False, 'n_bins': 174}. Best is trial 34 with value: 229.00520177631768.[0m
[LightGBM] [Info] Auto-choosing col-wise multi-threading, the overhead of testing was 1.629014 seconds.
You can set `force_col_wise=true` to remove the overhead.
[LightGBM] [Info] Total Bins 816000
[LightGBM] [Info] Number of data points in the train set: 214203, number of used features: 3200
[LightGBM] [Info] Start training from score 0.000000
[32m[I 2025-04-11 03:32:09,849][0m Trial 41 finished with value: 351.8721759665248 and parameters: {'num_leaves': 11, 'max_depth': 9, 'learning_rate': 0.2696964755971492, 'min_child_weight': 2.5737106229750326e-05, 'min_child_samples': 58, 'subsample': 0.52647407476014, 'colsample_bytree': 0.781561144916343, 'optional_reg_lambda': True, 'reg_lambda': 0.0030147474186722313, 'n_bins': 140}. Best is trial 34 with value: 229.00520177631768.[0m
[LightGBM] [Info] Auto-choosing col-wise multi-threading, the overhead of testing was 1.805138 seconds.
You can set `force_col_wise=true` to remove the overhead.
[LightGBM] [Info] Total Bins 816000
[LightGBM] [Info] Number of data points in the train set: 214203, number of used features: 3200
[LightGBM] [Info] Start training from score 0.000000
[32m[I 2025-04-11 03:33:33,352][0m Trial 42 finished with value: 315.7230842254686 and parameters: {'num_leaves': 84, 'max_depth': 10, 'learning_rate': 0.07375337223954684, 'min_child_weight': 1.71887770003196e-05, 'min_child_samples': 55, 'subsample': 0.5588000531054367, 'colsample_bytree': 0.7796715776570694, 'optional_reg_lambda': True, 'reg_lambda': 0.038295701835311606, 'n_bins': 188}. Best is trial 34 with value: 229.00520177631768.[0m
[LightGBM] [Info] Auto-choosing col-wise multi-threading, the overhead of testing was 1.049309 seconds.
You can set `force_col_wise=true` to remove the overhead.
[LightGBM] [Info] Total Bins 816000
[LightGBM] [Info] Number of data points in the train set: 214203, number of used features: 3200
[LightGBM] [Info] Start training from score 0.000000
[32m[I 2025-04-11 03:34:42,348][0m Trial 43 finished with value: 240.56224031045554 and parameters: {'num_leaves': 93, 'max_depth': 9, 'learning_rate': 0.17751526758561847, 'min_child_weight': 1.6908435105732698e-05, 'min_child_samples': 24, 'subsample': 0.5251560657266519, 'colsample_bytree': 0.5089140145721643, 'optional_reg_lambda': True, 'reg_lambda': 0.012917533486161262, 'n_bins': 108}. Best is trial 34 with value: 229.00520177631768.[0m
[LightGBM] [Info] Auto-choosing col-wise multi-threading, the overhead of testing was 1.695481 seconds.
You can set `force_col_wise=true` to remove the overhead.
[LightGBM] [Info] Total Bins 816000
[LightGBM] [Info] Number of data points in the train set: 214203, number of used features: 3200
[LightGBM] [Info] Start training from score 0.000000
[32m[I 2025-04-11 03:35:54,172][0m Trial 44 finished with value: 314.4495622503846 and parameters: {'num_leaves': 88, 'max_depth': 10, 'learning_rate': 0.7162391048251652, 'min_child_weight': 0.000193615643428822, 'min_child_samples': 43, 'subsample': 0.588002176064688, 'colsample_bytree': 0.7445775467312121, 'optional_reg_lambda': True, 'reg_lambda': 0.00408132948509468, 'n_bins': 245}. Best is trial 34 with value: 229.00520177631768.[0m
[LightGBM] [Info] Auto-choosing col-wise multi-threading, the overhead of testing was 1.845007 seconds.
You can set `force_col_wise=true` to remove the overhead.
[LightGBM] [Info] Total Bins 816000
[LightGBM] [Info] Number of data points in the train set: 214203, number of used features: 3200
[LightGBM] [Info] Start training from score 0.000000
[32m[I 2025-04-11 03:37:15,735][0m Trial 45 finished with value: 271.2067141002392 and parameters: {'num_leaves': 94, 'max_depth': 9, 'learning_rate': 0.11781286799529644, 'min_child_weight': 3.3044352694011594e-05, 'min_child_samples': 33, 'subsample': 0.6347900761695847, 'colsample_bytree': 0.8593305149142973, 'optional_reg_lambda': True, 'reg_lambda': 0.0012136816879540122, 'n_bins': 156}. Best is trial 34 with value: 229.00520177631768.[0m
[LightGBM] [Info] Auto-choosing col-wise multi-threading, the overhead of testing was 1.520696 seconds.
You can set `force_col_wise=true` to remove the overhead.
[LightGBM] [Info] Total Bins 816000
[LightGBM] [Info] Number of data points in the train set: 214203, number of used features: 3200
[LightGBM] [Info] Start training from score 0.000000
[32m[I 2025-04-11 03:38:10,741][0m Trial 46 finished with value: 782.1379173555233 and parameters: {'num_leaves': 60, 'max_depth': 3, 'learning_rate': 0.004821867378856559, 'min_child_weight': 0.0001451251012696007, 'min_child_samples': 27, 'subsample': 0.5832976472250914, 'colsample_bytree': 0.6794620053125735, 'optional_reg_lambda': True, 'reg_lambda': 0.19103273778297955, 'n_bins': 116}. Best is trial 34 with value: 229.00520177631768.[0m
[LightGBM] [Info] Auto-choosing col-wise multi-threading, the overhead of testing was 1.891019 seconds.
You can set `force_col_wise=true` to remove the overhead.
[LightGBM] [Info] Total Bins 816000
[LightGBM] [Info] Number of data points in the train set: 214203, number of used features: 3200
[LightGBM] [Info] Start training from score 0.000000
[32m[I 2025-04-11 03:39:26,234][0m Trial 47 finished with value: 231.7217880141682 and parameters: {'num_leaves': 86, 'max_depth': 8, 'learning_rate': 0.2695317213348362, 'min_child_weight': 1.5960658397763785e-05, 'min_child_samples': 65, 'subsample': 0.8636190831874742, 'colsample_bytree': 0.8192485502284905, 'optional_reg_lambda': True, 'reg_lambda': 0.015378615052554284, 'n_bins': 136}. Best is trial 34 with value: 229.00520177631768.[0m
[LightGBM] [Info] Auto-choosing col-wise multi-threading, the overhead of testing was 1.707840 seconds.
You can set `force_col_wise=true` to remove the overhead.
[LightGBM] [Info] Total Bins 816000
[LightGBM] [Info] Number of data points in the train set: 214203, number of used features: 3200
[LightGBM] [Info] Start training from score 0.000000
[LightGBM] [Warning] No further splits with positive gain, best gain: -inf
[LightGBM] [Warning] No further splits with positive gain, best gain: -inf
[LightGBM] [Warning] No further splits with positive gain, best gain: -inf
[LightGBM] [Warning] No further splits with positive gain, best gain: -inf
[LightGBM] [Warning] No further splits with positive gain, best gain: -inf
[LightGBM] [Warning] No further splits with positive gain, best gain: -inf
[LightGBM] [Warning] No further splits with positive gain, best gain: -inf
[LightGBM] [Warning] No further splits with positive gain, best gain: -inf
[LightGBM] [Warning] No further splits with positive gain, best gain: -inf
[LightGBM] [Warning] No further splits with positive gain, best gain: -inf
[LightGBM] [Warning] No further splits with positive gain, best gain: -inf
[LightGBM] [Warning] No further splits with positive gain, best gain: -inf
[LightGBM] [Warning] No further splits with positive gain, best gain: -inf
[LightGBM] [Warning] No further splits with positive gain, best gain: -inf
[LightGBM] [Warning] No further splits with positive gain, best gain: -inf
[LightGBM] [Warning] No further splits with positive gain, best gain: -inf
[LightGBM] [Warning] No further splits with positive gain, best gain: -inf
[LightGBM] [Warning] No further splits with positive gain, best gain: -inf
[LightGBM] [Warning] No further splits with positive gain, best gain: -inf
[LightGBM] [Warning] No further splits with positive gain, best gain: -inf
[LightGBM] [Warning] No further splits with positive gain, best gain: -inf
[LightGBM] [Warning] No further splits with positive gain, best gain: -inf
[LightGBM] [Warning] No further splits with positive gain, best gain: -inf
[LightGBM] [Warning] No further splits with positive gain, best gain: -inf
[LightGBM] [Warning] No further splits with positive gain, best gain: -inf
[LightGBM] [Warning] No further splits with positive gain, best gain: -inf
[LightGBM] [Warning] No further splits with positive gain, best gain: -inf
[LightGBM] [Warning] No further splits with positive gain, best gain: -inf
[LightGBM] [Warning] No further splits with positive gain, best gain: -inf
[LightGBM] [Warning] No further splits with positive gain, best gain: -inf
[LightGBM] [Warning] No further splits with positive gain, best gain: -inf
[LightGBM] [Warning] No further splits with positive gain, best gain: -inf
[LightGBM] [Warning] No further splits with positive gain, best gain: -inf
[LightGBM] [Warning] No further splits with positive gain, best gain: -inf
[LightGBM] [Warning] No further splits with positive gain, best gain: -inf
[LightGBM] [Warning] No further splits with positive gain, best gain: -inf
[LightGBM] [Warning] No further splits with positive gain, best gain: -inf
[LightGBM] [Warning] No further splits with positive gain, best gain: -inf
[LightGBM] [Warning] No further splits with positive gain, best gain: -inf
[LightGBM] [Warning] No further splits with positive gain, best gain: -inf
[LightGBM] [Warning] No further splits with positive gain, best gain: -inf
[LightGBM] [Warning] No further splits with positive gain, best gain: -inf
[LightGBM] [Warning] No further splits with positive gain, best gain: -inf
[LightGBM] [Warning] No further splits with positive gain, best gain: -inf
[LightGBM] [Warning] No further splits with positive gain, best gain: -inf
[LightGBM] [Warning] No further splits with positive gain, best gain: -inf
[LightGBM] [Warning] No further splits with positive gain, best gain: -inf
[LightGBM] [Warning] No further splits with positive gain, best gain: -inf
[LightGBM] [Warning] No further splits with positive gain, best gain: -inf
[LightGBM] [Warning] No further splits with positive gain, best gain: -inf
[LightGBM] [Warning] No further splits with positive gain, best gain: -inf
[LightGBM] [Warning] No further splits with positive gain, best gain: -inf
[LightGBM] [Warning] No further splits with positive gain, best gain: -inf
[LightGBM] [Warning] No further splits with positive gain, best gain: -inf
[LightGBM] [Warning] No further splits with positive gain, best gain: -inf
[LightGBM] [Warning] No further splits with positive gain, best gain: -inf
[LightGBM] [Warning] No further splits with positive gain, best gain: -inf
[LightGBM] [Warning] No further splits with positive gain, best gain: -inf
[LightGBM] [Warning] No further splits with positive gain, best gain: -inf
[LightGBM] [Warning] No further splits with positive gain, best gain: -inf
[LightGBM] [Warning] No further splits with positive gain, best gain: -inf
[LightGBM] [Warning] No further splits with positive gain, best gain: -inf
[LightGBM] [Warning] No further splits with positive gain, best gain: -inf
[LightGBM] [Warning] No further splits with positive gain, best gain: -inf
[LightGBM] [Warning] No further splits with positive gain, best gain: -inf
[LightGBM] [Warning] No further splits with positive gain, best gain: -inf
[LightGBM] [Warning] No further splits with positive gain, best gain: -inf
[LightGBM] [Warning] No further splits with positive gain, best gain: -inf
[LightGBM] [Warning] No further splits with positive gain, best gain: -inf
[LightGBM] [Warning] No further splits with positive gain, best gain: -inf
[LightGBM] [Warning] No further splits with positive gain, best gain: -inf
[LightGBM] [Warning] No further splits with positive gain, best gain: -inf
[LightGBM] [Warning] No further splits with positive gain, best gain: -inf
[LightGBM] [Warning] No further splits with positive gain, best gain: -inf
[LightGBM] [Warning] No further splits with positive gain, best gain: -inf
[LightGBM] [Warning] No further splits with positive gain, best gain: -inf
[LightGBM] [Warning] No further splits with positive gain, best gain: -inf
[LightGBM] [Warning] No further splits with positive gain, best gain: -inf
[LightGBM] [Warning] No further splits with positive gain, best gain: -inf
[LightGBM] [Warning] No further splits with positive gain, best gain: -inf
[LightGBM] [Warning] No further splits with positive gain, best gain: -inf
[LightGBM] [Warning] No further splits with positive gain, best gain: -inf
[LightGBM] [Warning] No further splits with positive gain, best gain: -inf
[LightGBM] [Warning] No further splits with positive gain, best gain: -inf
[LightGBM] [Warning] No further splits with positive gain, best gain: -inf
[LightGBM] [Warning] No further splits with positive gain, best gain: -inf
[LightGBM] [Warning] No further splits with positive gain, best gain: -inf
[LightGBM] [Warning] No further splits with positive gain, best gain: -inf
[LightGBM] [Warning] No further splits with positive gain, best gain: -inf
[LightGBM] [Warning] No further splits with positive gain, best gain: -inf
[LightGBM] [Warning] No further splits with positive gain, best gain: -inf
[LightGBM] [Warning] No further splits with positive gain, best gain: -inf
[32m[I 2025-04-11 03:40:31,403][0m Trial 48 finished with value: 265.55563471418566 and parameters: {'num_leaves': 77, 'max_depth': 6, 'learning_rate': 0.29144842639846213, 'min_child_weight': 0.00010653740146334172, 'min_child_samples': 76, 'subsample': 0.9344461581189571, 'colsample_bytree': 0.8216311488290291, 'optional_reg_lambda': False, 'n_bins': 134}. Best is trial 34 with value: 229.00520177631768.[0m
[LightGBM] [Info] Auto-choosing col-wise multi-threading, the overhead of testing was 1.119633 seconds.
You can set `force_col_wise=true` to remove the overhead.
[LightGBM] [Info] Total Bins 816000
[LightGBM] [Info] Number of data points in the train set: 214203, number of used features: 3200
[LightGBM] [Info] Start training from score 0.000000
[32m[I 2025-04-11 03:41:36,405][0m Trial 49 finished with value: 415.66877769779524 and parameters: {'num_leaves': 70, 'max_depth': 7, 'learning_rate': 0.04489957497334065, 'min_child_weight': 5.110879814149451e-05, 'min_child_samples': 64, 'subsample': 0.8493675553749098, 'colsample_bytree': 0.5991460420509696, 'optional_reg_lambda': True, 'reg_lambda': 0.04831159262623626, 'n_bins': 80}. Best is trial 34 with value: 229.00520177631768.[0m
Best Hyper-Parameters
{'model': {'num_leaves': 85, 'max_depth': 8, 'learning_rate': 0.2862913049827966, 'min_child_weight': 2.3141014475481026e-05, 'min_child_samples': 44, 'subsample': 0.5387120710216949, 'colsample_bytree': 0.7788649399312219, 'reg_lambda': 0.002377496449724785}, 'fit': {'n_bins': 208}}
{'model': {'num_leaves': 85, 'max_depth': 8, 'learning_rate': 0.2862913049827966, 'min_child_weight': 2.3141014475481026e-05, 'min_child_samples': 44, 'subsample': 0.5387120710216949, 'colsample_bytree': 0.7788649399312219, 'reg_lambda': 0.002377496449724785}, 'fit': {'n_bins': 208}}
[LightGBM] [Info] Auto-choosing col-wise multi-threading, the overhead of testing was 1.864569 seconds.
You can set `force_col_wise=true` to remove the overhead.
[LightGBM] [Info] Total Bins 816000
[LightGBM] [Info] Number of data points in the train set: 214203, number of used features: 3200
[LightGBM] [Info] Start training from score 0.000000
lightgbm: 1 Trials
MAE Results: 1.75447747e+02
MAE MEAN = 1.75447747e+02 ± 0.00000000e+00
R2 Results: 9.33391913e-01
R2 MEAN = 9.33391913e-01 ± 0.00000000e+00
RMSE Results: 2.29952206e+02
RMSE MEAN = 2.29952206e+02 ± 0.00000000e+00
Time Results: 59.13045573
Time MEAN = 59.13045573 ± 0.00000000
-------------------- GPU info --------------------
1 GPU Available.
GPU 0: NVIDIA A100-PCIE-40GB MIG 7g.40gb
  Total Memory:          40326.375 MB
  Multi Processor Count: 98
  Compute Capability:    8.0
--------------------------------------------------
