using gpu: 0
{'cat_min_frequency': 0.0,
 'cat_nan_policy': 'new',
 'cat_policy': 'ordinal',
 'config': {'fit': {'verbose': False},
            'model': {'booster': 'gbtree',
                      'colsample_bytree': 0.8,
                      'early_stopping_rounds': 50,
                      'n_estimators': 2000,
                      'n_jobs': -1,
                      'subsample': 0.8,
                      'tree_method': 'hist'}},
 'dataset': 'ULA_lab_LoS_16_Y',
 'dataset_path': 'data',
 'evaluate_option': 'best-val',
 'gpu': '0',
 'model_path': 'results_model',
 'model_type': 'xgboost',
 'n_bins': 2,
 'n_trials': 50,
 'normalization': 'standard',
 'num_nan_policy': 'mean',
 'num_policy': 'none',
 'retune': False,
 'save_path': 'results_model/ULA_lab_LoS_16_Y-xgboost-Tune/Norm-standard-Nan-mean-new-Cat-ordinal',
 'seed': 0,
 'seed_num': 1,
 'tune': True}
{'fit': {'verbose': False, 'n_bins': 2}, 'model': {'subsample': 0.8, 'colsample_bytree': 0.8, 'early_stopping_rounds': 50, 'booster': 'gbtree', 'n_estimators': 2000, 'n_jobs': -1, 'tree_method': 'hist'}}
[32m[I 2025-04-09 00:18:33,730][0m Trial 0 finished with value: 299.58213800832635 and parameters: {'optional_alpha': True, 'alpha': 0.010656970429469137, 'colsample_bylevel': 0.7724415914984484, 'colsample_bytree': 0.7118273996694524, 'optional_gamma': False, 'optional_lambda': True, 'lambda': 6.829913261377665e-05, 'learning_rate': 0.09091283280651452, 'max_depth': 7, 'min_child_weight': 0.2424260549741265, 'subsample': 0.9627983191463305, 'n_bins': 20}. Best is trial 0 with value: 299.58213800832635.[0m
[32m[I 2025-04-09 00:19:05,063][0m Trial 1 finished with value: 683.771594676223 and parameters: {'optional_alpha': False, 'colsample_bylevel': 0.916309922773969, 'colsample_bytree': 0.8890783754749252, 'optional_gamma': True, 'gamma': 0.9808117097306164, 'optional_lambda': True, 'lambda': 1.5231555549417795e-07, 'learning_rate': 0.015834527427829734, 'max_depth': 4, 'min_child_weight': 19085.16511726201, 'subsample': 0.7609241608750359, 'n_bins': 107}. Best is trial 0 with value: 299.58213800832635.[0m
[32m[I 2025-04-09 00:19:37,442][0m Trial 2 finished with value: 866.3731646955641 and parameters: {'optional_alpha': True, 'alpha': 0.00036433703707904036, 'colsample_bylevel': 0.7842169744343243, 'colsample_bytree': 0.5093949002181776, 'optional_gamma': False, 'optional_lambda': True, 'lambda': 0.06579653011946039, 'learning_rate': 0.0006273927602293597, 'max_depth': 6, 'min_child_weight': 11.72750284712809, 'subsample': 0.5301127358146349, 'n_bins': 172}. Best is trial 0 with value: 299.58213800832635.[0m
[32m[I 2025-04-09 00:20:07,997][0m Trial 3 finished with value: 889.218497510945 and parameters: {'optional_alpha': False, 'colsample_bylevel': 0.5644631488274267, 'colsample_bytree': 0.6577141754620919, 'optional_gamma': True, 'gamma': 0.00024322887698390846, 'optional_lambda': False, 'learning_rate': 0.00011076021254597257, 'max_depth': 4, 'min_child_weight': 3.0932016348957663, 'subsample': 0.626645801269891, 'n_bins': 120}. Best is trial 0 with value: 299.58213800832635.[0m
[32m[I 2025-04-09 00:20:37,307][0m Trial 4 finished with value: 692.3010971215907 and parameters: {'optional_alpha': False, 'colsample_bylevel': 0.5551875705821525, 'colsample_bytree': 0.8281647947326367, 'optional_gamma': True, 'gamma': 4.866891972890964e-05, 'optional_lambda': False, 'learning_rate': 0.1547834553402764, 'max_depth': 3, 'min_child_weight': 49428.00081604498, 'subsample': 0.7343256008238508, 'n_bins': 251}. Best is trial 0 with value: 299.58213800832635.[0m
[32m[I 2025-04-09 00:21:12,743][0m Trial 5 finished with value: 452.43140039740274 and parameters: {'optional_alpha': True, 'alpha': 2.465346246449571e-08, 'colsample_bylevel': 0.6414034812882048, 'colsample_bytree': 0.5600982806065844, 'optional_gamma': False, 'optional_lambda': True, 'lambda': 4.3800086026247575e-08, 'learning_rate': 0.02899750265370691, 'max_depth': 7, 'min_child_weight': 2.818794284367099e-05, 'subsample': 0.7616240267333498, 'n_bins': 25}. Best is trial 0 with value: 299.58213800832635.[0m
[32m[I 2025-04-09 00:21:45,910][0m Trial 6 finished with value: 477.88402409900743 and parameters: {'optional_alpha': True, 'alpha': 1.533520282967531e-05, 'colsample_bylevel': 0.8337051899818408, 'colsample_bytree': 0.565898931202196, 'optional_gamma': False, 'optional_lambda': True, 'lambda': 1.5888227943138278e-08, 'learning_rate': 0.13954045864229964, 'max_depth': 3, 'min_child_weight': 6.480596446891043, 'subsample': 0.6350039865960824, 'n_bins': 189}. Best is trial 0 with value: 299.58213800832635.[0m
[32m[I 2025-04-09 00:22:19,844][0m Trial 7 finished with value: 223.92685365973472 and parameters: {'optional_alpha': False, 'colsample_bylevel': 0.7880786672089184, 'colsample_bytree': 0.7960209656359195, 'optional_gamma': False, 'optional_lambda': False, 'learning_rate': 0.17062527421800122, 'max_depth': 8, 'min_child_weight': 7.356654515652415e-05, 'subsample': 0.9068989098512386, 'n_bins': 103}. Best is trial 7 with value: 223.92685365973472.[0m
[32m[I 2025-04-09 00:22:53,574][0m Trial 8 finished with value: 834.3751479895744 and parameters: {'optional_alpha': False, 'colsample_bylevel': 0.9408676809274263, 'colsample_bytree': 0.846265795038883, 'optional_gamma': False, 'optional_lambda': False, 'learning_rate': 0.0013160586463600646, 'max_depth': 7, 'min_child_weight': 1.7762806221961337e-08, 'subsample': 0.6507874083372747, 'n_bins': 170}. Best is trial 7 with value: 223.92685365973472.[0m
[32m[I 2025-04-09 00:23:36,209][0m Trial 9 finished with value: 815.5984242859013 and parameters: {'optional_alpha': True, 'alpha': 0.00019394876095968973, 'colsample_bylevel': 0.5677370321112252, 'colsample_bytree': 0.6491411629780154, 'optional_gamma': True, 'gamma': 0.005536719073590977, 'optional_lambda': False, 'learning_rate': 0.0014357941422596275, 'max_depth': 10, 'min_child_weight': 0.0006002114978021492, 'subsample': 0.7179324626328134, 'n_bins': 229}. Best is trial 7 with value: 223.92685365973472.[0m
[32m[I 2025-04-09 00:24:10,860][0m Trial 10 finished with value: 430.6362363540198 and parameters: {'optional_alpha': False, 'colsample_bylevel': 0.6855390787918278, 'colsample_bytree': 0.9763891304300578, 'optional_gamma': False, 'optional_lambda': False, 'learning_rate': 0.8762371399341778, 'max_depth': 9, 'min_child_weight': 5.841121553528072e-07, 'subsample': 0.9912690321304675, 'n_bins': 73}. Best is trial 7 with value: 223.92685365973472.[0m
[32m[I 2025-04-09 00:24:44,929][0m Trial 11 finished with value: 892.6707194770379 and parameters: {'optional_alpha': True, 'alpha': 61.641239987057375, 'colsample_bylevel': 0.8372975269020799, 'colsample_bytree': 0.7420211857927421, 'optional_gamma': False, 'optional_lambda': True, 'lambda': 54.87517190870796, 'learning_rate': 1.0665571721000139e-05, 'max_depth': 8, 'min_child_weight': 0.010743229079568397, 'subsample': 0.9750907775336648, 'n_bins': 3}. Best is trial 7 with value: 223.92685365973472.[0m
[32m[I 2025-04-09 00:25:16,168][0m Trial 12 finished with value: 304.52617181989865 and parameters: {'optional_alpha': True, 'alpha': 0.6924502981061265, 'colsample_bylevel': 0.7157316013493222, 'colsample_bytree': 0.7299396291380444, 'optional_gamma': False, 'optional_lambda': False, 'learning_rate': 0.7089392199034127, 'max_depth': 6, 'min_child_weight': 0.04833602327583868, 'subsample': 0.8909608917398528, 'n_bins': 56}. Best is trial 7 with value: 223.92685365973472.[0m
[32m[I 2025-04-09 00:25:50,519][0m Trial 13 finished with value: 492.8418635686147 and parameters: {'optional_alpha': False, 'colsample_bylevel': 0.7858277735129392, 'colsample_bytree': 0.6796535064127054, 'optional_gamma': False, 'optional_lambda': True, 'lambda': 7.987930356165417e-05, 'learning_rate': 0.01651338434871955, 'max_depth': 8, 'min_child_weight': 4.228195402675383e-05, 'subsample': 0.8805682683374314, 'n_bins': 74}. Best is trial 7 with value: 223.92685365973472.[0m
[32m[I 2025-04-09 00:26:33,455][0m Trial 14 finished with value: 209.38934980063033 and parameters: {'optional_alpha': True, 'alpha': 0.05722711226756444, 'colsample_bylevel': 0.9924587385659037, 'colsample_bytree': 0.7995138830171545, 'optional_gamma': False, 'optional_lambda': True, 'lambda': 0.00043902308103618116, 'learning_rate': 0.10063428176821157, 'max_depth': 10, 'min_child_weight': 0.08438730259717137, 'subsample': 0.8784015029201728, 'n_bins': 50}. Best is trial 14 with value: 209.38934980063033.[0m
[32m[I 2025-04-09 00:27:17,139][0m Trial 15 finished with value: 644.5071052403715 and parameters: {'optional_alpha': False, 'colsample_bylevel': 0.8735904491046036, 'colsample_bytree': 0.8045661070787121, 'optional_gamma': False, 'optional_lambda': False, 'learning_rate': 0.005652685888568566, 'max_depth': 10, 'min_child_weight': 0.0010587941859306442, 'subsample': 0.8512763084764623, 'n_bins': 108}. Best is trial 14 with value: 209.38934980063033.[0m
[32m[I 2025-04-09 00:27:51,585][0m Trial 16 finished with value: 219.98352302698635 and parameters: {'optional_alpha': True, 'alpha': 0.5463386004865959, 'colsample_bylevel': 0.9597212632609384, 'colsample_bytree': 0.8997573046628451, 'optional_gamma': False, 'optional_lambda': False, 'learning_rate': 0.28584360000282266, 'max_depth': 9, 'min_child_weight': 160.29950653893843, 'subsample': 0.8291740573749555, 'n_bins': 54}. Best is trial 14 with value: 209.38934980063033.[0m
[32m[I 2025-04-09 00:28:27,411][0m Trial 17 finished with value: 316.5665850368659 and parameters: {'optional_alpha': True, 'alpha': 0.2743230238947616, 'colsample_bylevel': 0.9912106192818742, 'colsample_bytree': 0.9347831275607296, 'optional_gamma': False, 'optional_lambda': True, 'lambda': 0.03171532866183602, 'learning_rate': 0.052683279246206215, 'max_depth': 9, 'min_child_weight': 148.2235508768789, 'subsample': 0.8212308170902863, 'n_bins': 52}. Best is trial 14 with value: 209.38934980063033.[0m
[32m[I 2025-04-09 00:29:04,435][0m Trial 18 finished with value: 226.129829892196 and parameters: {'optional_alpha': True, 'alpha': 10.216414225490949, 'colsample_bylevel': 0.9730557260327835, 'colsample_bytree': 0.8880553528633934, 'optional_gamma': True, 'gamma': 2.2993564570718824e-07, 'optional_lambda': True, 'lambda': 41.60204261048793, 'learning_rate': 0.37582041838874103, 'max_depth': 10, 'min_child_weight': 274.38132876219856, 'subsample': 0.8070312647126988, 'n_bins': 145}. Best is trial 14 with value: 209.38934980063033.[0m
[32m[I 2025-04-09 00:29:39,783][0m Trial 19 finished with value: 697.1708202069941 and parameters: {'optional_alpha': True, 'alpha': 0.03111255100264873, 'colsample_bylevel': 0.9198544036492211, 'colsample_bytree': 0.9999852250701534, 'optional_gamma': False, 'optional_lambda': False, 'learning_rate': 0.005401174889183722, 'max_depth': 9, 'min_child_weight': 872.5943405319592, 'subsample': 0.9401718001023787, 'n_bins': 42}. Best is trial 14 with value: 209.38934980063033.[0m
[32m[I 2025-04-09 00:30:17,554][0m Trial 20 finished with value: 231.9417350370194 and parameters: {'optional_alpha': True, 'alpha': 2.6014381941544724, 'colsample_bylevel': 0.997819024943451, 'colsample_bytree': 0.9150539472902568, 'optional_gamma': False, 'optional_lambda': True, 'lambda': 3.601387627167247e-06, 'learning_rate': 0.3491118369567523, 'max_depth': 9, 'min_child_weight': 0.43585608905882484, 'subsample': 0.8107447544988534, 'n_bins': 81}. Best is trial 14 with value: 209.38934980063033.[0m
[32m[I 2025-04-09 00:30:52,298][0m Trial 21 finished with value: 219.64070174495802 and parameters: {'optional_alpha': False, 'colsample_bylevel': 0.8841198690805389, 'colsample_bytree': 0.7913755770978307, 'optional_gamma': False, 'optional_lambda': False, 'learning_rate': 0.2460780417699931, 'max_depth': 8, 'min_child_weight': 3.773266165903245e-06, 'subsample': 0.9182624440320785, 'n_bins': 94}. Best is trial 14 with value: 209.38934980063033.[0m
[32m[I 2025-04-09 00:31:35,968][0m Trial 22 finished with value: 275.37696633461246 and parameters: {'optional_alpha': True, 'alpha': 0.01522206163112393, 'colsample_bylevel': 0.8796865019613109, 'colsample_bytree': 0.7838236522209622, 'optional_gamma': False, 'optional_lambda': False, 'learning_rate': 0.04841485936768858, 'max_depth': 10, 'min_child_weight': 1.1421636010418349e-08, 'subsample': 0.9297659713252029, 'n_bins': 141}. Best is trial 14 with value: 209.38934980063033.[0m
[32m[I 2025-04-09 00:32:09,667][0m Trial 23 finished with value: 246.8058703944595 and parameters: {'optional_alpha': False, 'colsample_bylevel': 0.9509548096148425, 'colsample_bytree': 0.8433648641951474, 'optional_gamma': False, 'optional_lambda': False, 'learning_rate': 0.36267106737863347, 'max_depth': 8, 'min_child_weight': 5.333245605144171e-06, 'subsample': 0.8569448845840626, 'n_bins': 90}. Best is trial 14 with value: 209.38934980063033.[0m
[32m[I 2025-04-09 00:32:43,741][0m Trial 24 finished with value: 512.0194335435069 and parameters: {'optional_alpha': True, 'alpha': 3.6254516242112226e-06, 'colsample_bylevel': 0.8877416837301169, 'colsample_bytree': 0.7747618771378713, 'optional_gamma': False, 'optional_lambda': False, 'learning_rate': 0.9986220290390289, 'max_depth': 9, 'min_child_weight': 0.005329839244094793, 'subsample': 0.9186231965314867, 'n_bins': 41}. Best is trial 14 with value: 209.38934980063033.[0m
[32m[I 2025-04-09 00:33:27,852][0m Trial 25 finished with value: 435.5031313820114 and parameters: {'optional_alpha': True, 'alpha': 0.060756959294147324, 'colsample_bylevel': 0.9524765462021668, 'colsample_bytree': 0.94422368234015, 'optional_gamma': False, 'optional_lambda': False, 'learning_rate': 0.0161543676712544, 'max_depth': 10, 'min_child_weight': 4.7088673706659026e-07, 'subsample': 0.8368808497564224, 'n_bins': 65}. Best is trial 14 with value: 209.38934980063033.[0m
[32m[I 2025-04-09 00:33:59,997][0m Trial 26 finished with value: 385.3028874717017 and parameters: {'optional_alpha': False, 'colsample_bylevel': 0.8389078228754335, 'colsample_bytree': 0.8705975373166068, 'optional_gamma': True, 'gamma': 20.981563316975457, 'optional_lambda': False, 'learning_rate': 0.07984241812114014, 'max_depth': 8, 'min_child_weight': 2315.0961489537103, 'subsample': 0.7932886414971144, 'n_bins': 25}. Best is trial 14 with value: 209.38934980063033.[0m
[32m[I 2025-04-09 00:34:36,020][0m Trial 27 finished with value: 233.7960050607318 and parameters: {'optional_alpha': True, 'alpha': 0.0026397271201985843, 'colsample_bylevel': 0.5007051219363485, 'colsample_bytree': 0.7665783491353683, 'optional_gamma': False, 'optional_lambda': False, 'learning_rate': 0.318423359437702, 'max_depth': 9, 'min_child_weight': 0.1805212553640926, 'subsample': 0.8789676161682505, 'n_bins': 93}. Best is trial 14 with value: 209.38934980063033.[0m
[32m[I 2025-04-09 00:35:08,780][0m Trial 28 finished with value: 474.17286626048633 and parameters: {'optional_alpha': False, 'colsample_bylevel': 0.911124295512973, 'colsample_bytree': 0.8174261489863617, 'optional_gamma': False, 'optional_lambda': True, 'lambda': 0.033143198775485355, 'learning_rate': 0.03279580501621549, 'max_depth': 6, 'min_child_weight': 58.9109707947091, 'subsample': 0.7036883788206637, 'n_bins': 124}. Best is trial 14 with value: 209.38934980063033.[0m
[32m[I 2025-04-09 00:35:41,507][0m Trial 29 finished with value: 296.40985470586884 and parameters: {'optional_alpha': True, 'alpha': 13.947038815443213, 'colsample_bylevel': 0.9666188527184906, 'colsample_bytree': 0.7054184899089353, 'optional_gamma': False, 'optional_lambda': True, 'lambda': 0.0010045964697191242, 'learning_rate': 0.0991840825102615, 'max_depth': 7, 'min_child_weight': 0.4339869003369536, 'subsample': 0.9661108501074628, 'n_bins': 12}. Best is trial 14 with value: 209.38934980063033.[0m
[32m[I 2025-04-09 00:36:13,750][0m Trial 30 finished with value: 887.7885563877861 and parameters: {'optional_alpha': True, 'alpha': 0.3339077248170167, 'colsample_bylevel': 0.998777019742972, 'colsample_bytree': 0.877221410032123, 'optional_gamma': False, 'optional_lambda': False, 'learning_rate': 0.00014033412740284645, 'max_depth': 8, 'min_child_weight': 5832.232864438833, 'subsample': 0.9588326697373113, 'n_bins': 38}. Best is trial 14 with value: 209.38934980063033.[0m
[32m[I 2025-04-09 00:36:47,807][0m Trial 31 finished with value: 217.95635055566427 and parameters: {'optional_alpha': False, 'colsample_bylevel': 0.7462994711416004, 'colsample_bytree': 0.796160598946456, 'optional_gamma': False, 'optional_lambda': False, 'learning_rate': 0.20611702141302254, 'max_depth': 8, 'min_child_weight': 0.0002091276841083427, 'subsample': 0.9169861471631914, 'n_bins': 100}. Best is trial 14 with value: 209.38934980063033.[0m
[32m[I 2025-04-09 00:37:23,975][0m Trial 32 finished with value: 218.52994095094746 and parameters: {'optional_alpha': False, 'colsample_bylevel': 0.7347129007292458, 'colsample_bytree': 0.7067536229653169, 'optional_gamma': False, 'optional_lambda': False, 'learning_rate': 0.2525084209324726, 'max_depth': 9, 'min_child_weight': 2.636208954525976e-06, 'subsample': 0.8625059597416954, 'n_bins': 59}. Best is trial 14 with value: 209.38934980063033.[0m
[32m[I 2025-04-09 00:38:06,258][0m Trial 33 finished with value: 216.70965708451922 and parameters: {'optional_alpha': False, 'colsample_bylevel': 0.7325007667689065, 'colsample_bytree': 0.7194548911129288, 'optional_gamma': False, 'optional_lambda': False, 'learning_rate': 0.08696576187598123, 'max_depth': 10, 'min_child_weight': 1.0086428834145578e-06, 'subsample': 0.9420023095729267, 'n_bins': 94}. Best is trial 14 with value: 209.38934980063033.[0m
[32m[I 2025-04-09 00:38:48,201][0m Trial 34 finished with value: 221.7018501674809 and parameters: {'optional_alpha': False, 'colsample_bylevel': 0.7378070420568933, 'colsample_bytree': 0.7089871553224868, 'optional_gamma': True, 'gamma': 3.2462210807641406e-08, 'optional_lambda': False, 'learning_rate': 0.07720633377297934, 'max_depth': 10, 'min_child_weight': 1.1190881647793522e-07, 'subsample': 0.9968680700440117, 'n_bins': 116}. Best is trial 14 with value: 209.38934980063033.[0m
[32m[I 2025-04-09 00:39:19,192][0m Trial 35 finished with value: 522.6684557453611 and parameters: {'optional_alpha': False, 'colsample_bylevel': 0.6625821832170435, 'colsample_bytree': 0.6234519748550098, 'optional_gamma': False, 'optional_lambda': False, 'learning_rate': 0.030760694650904974, 'max_depth': 5, 'min_child_weight': 0.00029504878133423674, 'subsample': 0.8694520470671027, 'n_bins': 89}. Best is trial 14 with value: 209.38934980063033.[0m
[32m[I 2025-04-09 00:40:02,152][0m Trial 36 finished with value: 550.8513053124905 and parameters: {'optional_alpha': False, 'colsample_bylevel': 0.749047789147095, 'colsample_bytree': 0.7512035099437407, 'optional_gamma': False, 'optional_lambda': True, 'lambda': 0.0011703295269285012, 'learning_rate': 0.009182639051149605, 'max_depth': 10, 'min_child_weight': 6.668102090413189e-06, 'subsample': 0.5075828259520876, 'n_bins': 138}. Best is trial 14 with value: 209.38934980063033.[0m
[32m[I 2025-04-09 00:40:38,445][0m Trial 37 finished with value: 217.27166369021748 and parameters: {'optional_alpha': False, 'colsample_bylevel': 0.6069897042445382, 'colsample_bytree': 0.6793426932976596, 'optional_gamma': True, 'gamma': 0.05369803535291116, 'optional_lambda': False, 'learning_rate': 0.12412040905918686, 'max_depth': 9, 'min_child_weight': 4.069480420209223e-07, 'subsample': 0.7666308714358597, 'n_bins': 155}. Best is trial 14 with value: 209.38934980063033.[0m
[32m[I 2025-04-09 00:41:19,160][0m Trial 38 finished with value: 196.26301940104975 and parameters: {'optional_alpha': False, 'colsample_bylevel': 0.6054380930820462, 'colsample_bytree': 0.6417066807663399, 'optional_gamma': True, 'gamma': 0.0420667948863959, 'optional_lambda': True, 'lambda': 1.0662224771711506, 'learning_rate': 0.15229432678585686, 'max_depth': 10, 'min_child_weight': 7.617237744059568e-08, 'subsample': 0.7656448424248026, 'n_bins': 160}. Best is trial 38 with value: 196.26301940104975.[0m
[32m[I 2025-04-09 00:42:00,085][0m Trial 39 finished with value: 210.31471062202422 and parameters: {'optional_alpha': False, 'colsample_bylevel': 0.6319344107850774, 'colsample_bytree': 0.6027180758602817, 'optional_gamma': True, 'gamma': 0.05430863251216883, 'optional_lambda': True, 'lambda': 1.2773246405211516, 'learning_rate': 0.08950403630303919, 'max_depth': 10, 'min_child_weight': 4.669689492113536e-08, 'subsample': 0.7723269946056757, 'n_bins': 160}. Best is trial 38 with value: 196.26301940104975.[0m
[32m[I 2025-04-09 00:42:30,091][0m Trial 40 finished with value: 656.8227651224619 and parameters: {'optional_alpha': False, 'colsample_bylevel': 0.6113809135386257, 'colsample_bytree': 0.5981287102608251, 'optional_gamma': True, 'gamma': 0.2826896349314967, 'optional_lambda': True, 'lambda': 1.2253067585121213, 'learning_rate': 0.012496221108415638, 'max_depth': 4, 'min_child_weight': 5.379253092131731e-08, 'subsample': 0.6891655994566955, 'n_bins': 191}. Best is trial 38 with value: 196.26301940104975.[0m
[32m[I 2025-04-09 00:43:11,024][0m Trial 41 finished with value: 204.03463172783728 and parameters: {'optional_alpha': False, 'colsample_bylevel': 0.6154482842427536, 'colsample_bytree': 0.523122292300908, 'optional_gamma': True, 'gamma': 0.049970436026052986, 'optional_lambda': True, 'lambda': 1.2559669659748414, 'learning_rate': 0.10447822935739973, 'max_depth': 10, 'min_child_weight': 5.46849372110289e-07, 'subsample': 0.7695665704637253, 'n_bins': 184}. Best is trial 38 with value: 196.26301940104975.[0m
