[32m[I 2025-04-09 00:43:52,334][0m Trial 42 finished with value: 287.2463432511427 and parameters: {'optional_alpha': False, 'colsample_bylevel': 0.6206904499882185, 'colsample_bytree': 0.5179707607766024, 'optional_gamma': True, 'gamma': 0.0102053019833641, 'optional_lambda': True, 'lambda': 0.6967809931426225, 'learning_rate': 0.04522814244824165, 'max_depth': 10, 'min_child_weight': 6.13996387810882e-08, 'subsample': 0.7411580685629767, 'n_bins': 197}. Best is trial 38 with value: 196.26301940104975.[0m
[32m[I 2025-04-09 00:44:22,424][0m Trial 43 finished with value: 343.63701515162234 and parameters: {'optional_alpha': False, 'colsample_bylevel': 0.5759174113358698, 'colsample_bytree': 0.553024536894358, 'optional_gamma': True, 'gamma': 3.8704946745910984, 'optional_lambda': True, 'lambda': 3.047487662751387, 'learning_rate': 0.5933973160815426, 'max_depth': 10, 'min_child_weight': 2.5709155397406137e-07, 'subsample': 0.7770415731799397, 'n_bins': 169}. Best is trial 38 with value: 196.26301940104975.[0m
[32m[I 2025-04-09 00:45:04,135][0m Trial 44 finished with value: 199.29573336294214 and parameters: {'optional_alpha': False, 'colsample_bylevel': 0.6948874002810024, 'colsample_bytree': 0.6234432133097894, 'optional_gamma': True, 'gamma': 0.0010900268265119275, 'optional_lambda': True, 'lambda': 0.14715698777000263, 'learning_rate': 0.12717060709353195, 'max_depth': 10, 'min_child_weight': 1.3227403759627532e-06, 'subsample': 0.7298851411647507, 'n_bins': 212}. Best is trial 38 with value: 196.26301940104975.[0m
[32m[I 2025-04-09 00:45:45,823][0m Trial 45 finished with value: 197.40310766591367 and parameters: {'optional_alpha': False, 'colsample_bylevel': 0.68079577789585, 'colsample_bytree': 0.5913352327833791, 'optional_gamma': True, 'gamma': 0.0014146264884420826, 'optional_lambda': True, 'lambda': 0.4408184770473196, 'learning_rate': 0.14121779444234162, 'max_depth': 10, 'min_child_weight': 1.3202258420621971e-05, 'subsample': 0.5997210808131709, 'n_bins': 209}. Best is trial 38 with value: 196.26301940104975.[0m
[32m[I 2025-04-09 00:46:26,426][0m Trial 46 finished with value: 203.8682097800477 and parameters: {'optional_alpha': False, 'colsample_bylevel': 0.6948854480627005, 'colsample_bytree': 0.5224445560163345, 'optional_gamma': True, 'gamma': 1.9027271082365068e-05, 'optional_lambda': True, 'lambda': 0.1559777897303978, 'learning_rate': 0.1532744032478634, 'max_depth': 10, 'min_child_weight': 1.9841650400593675e-05, 'subsample': 0.5757040565050262, 'n_bins': 213}. Best is trial 38 with value: 196.26301940104975.[0m
[32m[I 2025-04-09 00:47:02,522][0m Trial 47 finished with value: 215.8298387924345 and parameters: {'optional_alpha': False, 'colsample_bylevel': 0.6855889618314001, 'colsample_bytree': 0.5013662741264054, 'optional_gamma': True, 'gamma': 1.8585550198521203e-05, 'optional_lambda': True, 'lambda': 0.12828266760279305, 'learning_rate': 0.16007196071610527, 'max_depth': 9, 'min_child_weight': 1.620133011606897e-05, 'subsample': 0.5481146341951556, 'n_bins': 213}. Best is trial 38 with value: 196.26301940104975.[0m
[32m[I 2025-04-09 00:47:41,413][0m Trial 48 finished with value: 316.0103504297587 and parameters: {'optional_alpha': False, 'colsample_bylevel': 0.693752486212339, 'colsample_bytree': 0.5334731610643966, 'optional_gamma': True, 'gamma': 0.0010511590322510856, 'optional_lambda': True, 'lambda': 12.090280529716896, 'learning_rate': 0.5614548821124294, 'max_depth': 10, 'min_child_weight': 7.012428226491002e-05, 'subsample': 0.5917124618802039, 'n_bins': 252}. Best is trial 38 with value: 196.26301940104975.[0m
[32m[I 2025-04-09 00:48:23,496][0m Trial 49 finished with value: 389.67012378413216 and parameters: {'optional_alpha': False, 'colsample_bylevel': 0.6649079906852161, 'colsample_bytree': 0.5791841731032775, 'optional_gamma': True, 'gamma': 4.419587631157176e-06, 'optional_lambda': True, 'lambda': 0.18737735920652554, 'learning_rate': 0.021166470579748985, 'max_depth': 10, 'min_child_weight': 1.8876400142586106e-06, 'subsample': 0.5999170772630245, 'n_bins': 231}. Best is trial 38 with value: 196.26301940104975.[0m
Best Hyper-Parameters
{'model': {'alpha': 0, 'colsample_bylevel': 0.6054380930820462, 'colsample_bytree': 0.6417066807663399, 'gamma': 0.0420667948863959, 'lambda': 1.0662224771711506, 'learning_rate': 0.15229432678585686, 'max_depth': 10, 'min_child_weight': 7.617237744059568e-08, 'subsample': 0.7656448424248026, 'tree_method': 'gpu_hist', 'gpu_id': '0'}, 'fit': {'n_bins': 160, 'verbose': False}}
{'model': {'alpha': 0, 'colsample_bylevel': 0.6054380930820462, 'colsample_bytree': 0.6417066807663399, 'gamma': 0.0420667948863959, 'lambda': 1.0662224771711506, 'learning_rate': 0.15229432678585686, 'max_depth': 10, 'min_child_weight': 7.617237744059568e-08, 'subsample': 0.7656448424248026, 'tree_method': 'gpu_hist', 'gpu_id': '0'}, 'fit': {'n_bins': 160, 'verbose': False}}
xgboost: 1 Trials
MAE Results: 1.42118776e+02
MAE MEAN = 1.42118776e+02 ± 0.00000000e+00
R2 Results: 9.50013485e-01
R2 MEAN = 9.50013485e-01 ± 0.00000000e+00
RMSE Results: 1.99205135e+02
RMSE MEAN = 1.99205135e+02 ± 0.00000000e+00
Time Results: 21.07101893
Time MEAN = 21.07101893 ± 0.00000000
-------------------- GPU info --------------------
1 GPU Available.
GPU 0: NVIDIA A100-PCIE-40GB MIG 7g.40gb
  Total Memory:          40339.3125 MB
  Multi Processor Count: 98
  Compute Capability:    8.0
--------------------------------------------------
