[32m[I 2025-04-10 21:23:37,922][0m Trial 15 finished with value: 250.0336573998428 and parameters: {'num_leaves': 78, 'max_depth': 9, 'learning_rate': 0.2551604159901272, 'min_child_weight': 4.949133181572869e-05, 'min_child_samples': 37, 'subsample': 0.7158998594096244, 'colsample_bytree': 0.8040608591736728, 'optional_reg_lambda': True, 'reg_lambda': 0.020055071580562057, 'n_bins': 123}. Best is trial 15 with value: 250.0336573998428.[0m
[LightGBM] [Info] Auto-choosing col-wise multi-threading, the overhead of testing was 0.710871 seconds.
You can set `force_col_wise=true` to remove the overhead.
[LightGBM] [Info] Total Bins 408000
[LightGBM] [Info] Number of data points in the train set: 214203, number of used features: 1600
[LightGBM] [Info] Start training from score 0.000000
[32m[I 2025-04-10 21:24:15,520][0m Trial 16 finished with value: 255.68294810058333 and parameters: {'num_leaves': 79, 'max_depth': 8, 'learning_rate': 0.16071119231351078, 'min_child_weight': 0.0006022440713635049, 'min_child_samples': 36, 'subsample': 0.7454578830450378, 'colsample_bytree': 0.7882827605227303, 'optional_reg_lambda': True, 'reg_lambda': 0.01711130726720915, 'n_bins': 87}. Best is trial 15 with value: 250.0336573998428.[0m
[LightGBM] [Info] Auto-choosing col-wise multi-threading, the overhead of testing was 0.639507 seconds.
You can set `force_col_wise=true` to remove the overhead.
[LightGBM] [Info] Total Bins 408000
[LightGBM] [Info] Number of data points in the train set: 214203, number of used features: 1600
[LightGBM] [Info] Start training from score 0.000000
[32m[I 2025-04-10 21:25:03,346][0m Trial 17 finished with value: 245.91805919428884 and parameters: {'num_leaves': 82, 'max_depth': 9, 'learning_rate': 0.18457712259657322, 'min_child_weight': 0.00044419948858537907, 'min_child_samples': 57, 'subsample': 0.7308595444804924, 'colsample_bytree': 0.7588188079559521, 'optional_reg_lambda': True, 'reg_lambda': 0.010384549772322269, 'n_bins': 88}. Best is trial 17 with value: 245.91805919428884.[0m
[LightGBM] [Info] Auto-choosing col-wise multi-threading, the overhead of testing was 0.698255 seconds.
You can set `force_col_wise=true` to remove the overhead.
[LightGBM] [Info] Total Bins 408000
[LightGBM] [Info] Number of data points in the train set: 214203, number of used features: 1600
[LightGBM] [Info] Start training from score 0.000000
[32m[I 2025-04-10 21:25:53,397][0m Trial 18 finished with value: 662.1362959466483 and parameters: {'num_leaves': 86, 'max_depth': 9, 'learning_rate': 0.014940903018475091, 'min_child_weight': 0.0005224105198602752, 'min_child_samples': 56, 'subsample': 0.8088164961312864, 'colsample_bytree': 0.724581557857215, 'optional_reg_lambda': True, 'reg_lambda': 0.0001554927362065838, 'n_bins': 58}. Best is trial 17 with value: 245.91805919428884.[0m
[LightGBM] [Info] Auto-choosing col-wise multi-threading, the overhead of testing was 0.612305 seconds.
You can set `force_col_wise=true` to remove the overhead.
[LightGBM] [Info] Total Bins 408000
[LightGBM] [Info] Number of data points in the train set: 214203, number of used features: 1600
[LightGBM] [Info] Start training from score 0.000000
[32m[I 2025-04-10 21:26:43,475][0m Trial 19 finished with value: 258.40006989441395 and parameters: {'num_leaves': 70, 'max_depth': 9, 'learning_rate': 0.3038144812091294, 'min_child_weight': 0.04647181884652555, 'min_child_samples': 68, 'subsample': 0.7041875008466019, 'colsample_bytree': 0.8471762658844233, 'optional_reg_lambda': True, 'reg_lambda': 0.006219536446624448, 'n_bins': 150}. Best is trial 17 with value: 245.91805919428884.[0m
[LightGBM] [Info] Auto-choosing col-wise multi-threading, the overhead of testing was 0.840634 seconds.
You can set `force_col_wise=true` to remove the overhead.
[LightGBM] [Info] Total Bins 408000
[LightGBM] [Info] Number of data points in the train set: 214203, number of used features: 1600
[LightGBM] [Info] Start training from score 0.000000
[32m[I 2025-04-10 21:27:20,904][0m Trial 20 finished with value: 302.173542010463 and parameters: {'num_leaves': 42, 'max_depth': 6, 'learning_rate': 0.13901972449680675, 'min_child_weight': 0.00037639346790014174, 'min_child_samples': 48, 'subsample': 0.8459479193560109, 'colsample_bytree': 0.697884091852525, 'optional_reg_lambda': True, 'reg_lambda': 0.0003802380009415919, 'n_bins': 89}. Best is trial 17 with value: 245.91805919428884.[0m
[LightGBM] [Info] Auto-choosing col-wise multi-threading, the overhead of testing was 0.693884 seconds.
You can set `force_col_wise=true` to remove the overhead.
[LightGBM] [Info] Total Bins 408000
[LightGBM] [Info] Number of data points in the train set: 214203, number of used features: 1600
[LightGBM] [Info] Start training from score 0.000000
[32m[I 2025-04-10 21:28:14,742][0m Trial 21 finished with value: 253.36024294539448 and parameters: {'num_leaves': 86, 'max_depth': 8, 'learning_rate': 0.16596999282207497, 'min_child_weight': 0.0007605447796006836, 'min_child_samples': 32, 'subsample': 0.7095045498032434, 'colsample_bytree': 0.7868067351871819, 'optional_reg_lambda': True, 'reg_lambda': 0.007685087816527742, 'n_bins': 83}. Best is trial 17 with value: 245.91805919428884.[0m
[LightGBM] [Info] Auto-choosing col-wise multi-threading, the overhead of testing was 0.668373 seconds.
You can set `force_col_wise=true` to remove the overhead.
[LightGBM] [Info] Total Bins 408000
[LightGBM] [Info] Number of data points in the train set: 214203, number of used features: 1600
[LightGBM] [Info] Start training from score 0.000000
[32m[I 2025-04-10 21:28:55,826][0m Trial 22 finished with value: 275.6047907917232 and parameters: {'num_leaves': 88, 'max_depth': 9, 'learning_rate': 0.44739855985865173, 'min_child_weight': 0.0012760454397176767, 'min_child_samples': 30, 'subsample': 0.700718014387651, 'colsample_bytree': 0.7757452649791793, 'optional_reg_lambda': True, 'reg_lambda': 0.006411099941524811, 'n_bins': 47}. Best is trial 17 with value: 245.91805919428884.[0m
[LightGBM] [Info] Auto-choosing col-wise multi-threading, the overhead of testing was 0.861612 seconds.
You can set `force_col_wise=true` to remove the overhead.
[LightGBM] [Info] Total Bins 408000
[LightGBM] [Info] Number of data points in the train set: 214203, number of used features: 1600
[LightGBM] [Info] Start training from score 0.000000
[32m[I 2025-04-10 21:29:34,009][0m Trial 23 finished with value: 248.54114408084274 and parameters: {'num_leaves': 100, 'max_depth': 8, 'learning_rate': 0.16759390703950353, 'min_child_weight': 6.883296405528049e-05, 'min_child_samples': 50, 'subsample': 0.7772324788927591, 'colsample_bytree': 0.8137353675600317, 'optional_reg_lambda': True, 'reg_lambda': 0.10360009247396242, 'n_bins': 91}. Best is trial 17 with value: 245.91805919428884.[0m
[LightGBM] [Info] Auto-choosing col-wise multi-threading, the overhead of testing was 0.653644 seconds.
You can set `force_col_wise=true` to remove the overhead.
[LightGBM] [Info] Total Bins 408000
[LightGBM] [Info] Number of data points in the train set: 214203, number of used features: 1600
[LightGBM] [Info] Start training from score 0.000000
[32m[I 2025-04-10 21:30:13,333][0m Trial 24 finished with value: 298.1351802084274 and parameters: {'num_leaves': 73, 'max_depth': 9, 'learning_rate': 0.08552375673875494, 'min_child_weight': 6.717266643365917e-05, 'min_child_samples': 50, 'subsample': 0.7743167827026812, 'colsample_bytree': 0.842043216474062, 'optional_reg_lambda': True, 'reg_lambda': 0.11988695068421533, 'n_bins': 103}. Best is trial 17 with value: 245.91805919428884.[0m
[LightGBM] [Info] Auto-choosing col-wise multi-threading, the overhead of testing was 0.655845 seconds.
You can set `force_col_wise=true` to remove the overhead.
[LightGBM] [Info] Total Bins 408000
[LightGBM] [Info] Number of data points in the train set: 214203, number of used features: 1600
[LightGBM] [Info] Start training from score 0.000000
[32m[I 2025-04-10 21:30:57,165][0m Trial 25 finished with value: 609.2522280524421 and parameters: {'num_leaves': 92, 'max_depth': 8, 'learning_rate': 0.021411624353558655, 'min_child_weight': 0.0002887932218664848, 'min_child_samples': 65, 'subsample': 0.8763781936042236, 'colsample_bytree': 0.817941011519061, 'optional_reg_lambda': True, 'reg_lambda': 0.1797671375067125, 'n_bins': 141}. Best is trial 17 with value: 245.91805919428884.[0m
[LightGBM] [Info] Auto-choosing col-wise multi-threading, the overhead of testing was 0.670138 seconds.
You can set `force_col_wise=true` to remove the overhead.
[LightGBM] [Info] Total Bins 408000
[LightGBM] [Info] Number of data points in the train set: 214203, number of used features: 1600
[LightGBM] [Info] Start training from score 0.000000
[32m[I 2025-04-10 21:31:49,675][0m Trial 26 finished with value: 383.5729878999788 and parameters: {'num_leaves': 100, 'max_depth': 10, 'learning_rate': 0.04560173672160193, 'min_child_weight': 8.498717126330633e-05, 'min_child_samples': 2, 'subsample': 0.7780914189435748, 'colsample_bytree': 0.8803500145398542, 'optional_reg_lambda': False, 'n_bins': 39}. Best is trial 17 with value: 245.91805919428884.[0m
[LightGBM] [Info] Auto-choosing col-wise multi-threading, the overhead of testing was 0.676494 seconds.
You can set `force_col_wise=true` to remove the overhead.
[LightGBM] [Info] Total Bins 408000
[LightGBM] [Info] Number of data points in the train set: 214203, number of used features: 1600
[LightGBM] [Info] Start training from score 0.000000
[32m[I 2025-04-10 21:32:33,897][0m Trial 27 finished with value: 770.0535604992288 and parameters: {'num_leaves': 78, 'max_depth': 9, 'learning_rate': 0.00660908410609009, 'min_child_weight': 1.1570024481850117e-05, 'min_child_samples': 71, 'subsample': 0.8712570907218171, 'colsample_bytree': 0.7385916693978071, 'optional_reg_lambda': True, 'reg_lambda': 0.026816025808045776, 'n_bins': 152}. Best is trial 17 with value: 245.91805919428884.[0m
[LightGBM] [Info] Auto-choosing col-wise multi-threading, the overhead of testing was 0.685727 seconds.
You can set `force_col_wise=true` to remove the overhead.
[LightGBM] [Info] Total Bins 408000
[LightGBM] [Info] Number of data points in the train set: 214203, number of used features: 1600
[LightGBM] [Info] Start training from score 0.000000
[32m[I 2025-04-10 21:33:00,905][0m Trial 28 finished with value: 363.43450542685605 and parameters: {'num_leaves': 11, 'max_depth': 7, 'learning_rate': 0.20602561017737012, 'min_child_weight': 4.671195218209972e-05, 'min_child_samples': 55, 'subsample': 0.6839034632491855, 'colsample_bytree': 0.6825971687832019, 'optional_reg_lambda': True, 'reg_lambda': 0.19383172410195634, 'n_bins': 72}. Best is trial 17 with value: 245.91805919428884.[0m
[LightGBM] [Info] Auto-choosing col-wise multi-threading, the overhead of testing was 0.651551 seconds.
You can set `force_col_wise=true` to remove the overhead.
[LightGBM] [Info] Total Bins 408000
[LightGBM] [Info] Number of data points in the train set: 214203, number of used features: 1600
[LightGBM] [Info] Start training from score 0.000000
[32m[I 2025-04-10 21:33:34,979][0m Trial 29 finished with value: 317.66732925716923 and parameters: {'num_leaves': 68, 'max_depth': 8, 'learning_rate': 0.08525498883137901, 'min_child_weight': 0.0002649426357030203, 'min_child_samples': 44, 'subsample': 0.758119943471861, 'colsample_bytree': 0.7538907730908043, 'optional_reg_lambda': True, 'reg_lambda': 0.04300588704343346, 'n_bins': 99}. Best is trial 17 with value: 245.91805919428884.[0m
[LightGBM] [Info] Auto-choosing col-wise multi-threading, the overhead of testing was 0.691878 seconds.
You can set `force_col_wise=true` to remove the overhead.
[LightGBM] [Info] Total Bins 408000
[LightGBM] [Info] Number of data points in the train set: 214203, number of used features: 1600
[LightGBM] [Info] Start training from score 0.000000
[LightGBM] [Warning] No further splits with positive gain, best gain: -inf
[32m[I 2025-04-10 21:34:09,737][0m Trial 30 finished with value: 262.25998342914613 and parameters: {'num_leaves': 87, 'max_depth': 8, 'learning_rate': 0.362244885929538, 'min_child_weight': 0.0019771531213165936, 'min_child_samples': 44, 'subsample': 0.793624232413811, 'colsample_bytree': 0.711438615288734, 'optional_reg_lambda': True, 'reg_lambda': 0.0032427504016558154, 'n_bins': 137}. Best is trial 17 with value: 245.91805919428884.[0m
[LightGBM] [Info] Auto-choosing col-wise multi-threading, the overhead of testing was 0.728749 seconds.
You can set `force_col_wise=true` to remove the overhead.
[LightGBM] [Info] Total Bins 408000
[LightGBM] [Info] Number of data points in the train set: 214203, number of used features: 1600
[LightGBM] [Info] Start training from score 0.000000
[32m[I 2025-04-10 21:34:47,486][0m Trial 31 finished with value: 253.12702839678803 and parameters: {'num_leaves': 100, 'max_depth': 8, 'learning_rate': 0.14393800765064405, 'min_child_weight': 0.0008732953024625385, 'min_child_samples': 33, 'subsample': 0.722313681580287, 'colsample_bytree': 0.801844527716698, 'optional_reg_lambda': True, 'reg_lambda': 0.009191926633744057, 'n_bins': 91}. Best is trial 17 with value: 245.91805919428884.[0m
[LightGBM] [Info] Auto-choosing col-wise multi-threading, the overhead of testing was 0.655711 seconds.
You can set `force_col_wise=true` to remove the overhead.
[LightGBM] [Info] Total Bins 408000
[LightGBM] [Info] Number of data points in the train set: 214203, number of used features: 1600
[LightGBM] [Info] Start training from score 0.000000
[32m[I 2025-04-10 21:35:23,406][0m Trial 32 finished with value: 292.2366741528907 and parameters: {'num_leaves': 93, 'max_depth': 9, 'learning_rate': 0.4989023530962643, 'min_child_weight': 0.009956245986660967, 'min_child_samples': 24, 'subsample': 0.7342208270456078, 'colsample_bytree': 0.8080966372445999, 'optional_reg_lambda': True, 'reg_lambda': 0.01986174217225057, 'n_bins': 106}. Best is trial 17 with value: 245.91805919428884.[0m
[LightGBM] [Info] Auto-choosing col-wise multi-threading, the overhead of testing was 0.740399 seconds.
You can set `force_col_wise=true` to remove the overhead.
[LightGBM] [Info] Total Bins 408000
[LightGBM] [Info] Number of data points in the train set: 214203, number of used features: 1600
[LightGBM] [Info] Start training from score 0.000000
[32m[I 2025-04-10 21:36:11,051][0m Trial 33 finished with value: 260.1461082648488 and parameters: {'num_leaves': 99, 'max_depth': 8, 'learning_rate': 0.11768390936007644, 'min_child_weight': 2.2490084479401254e-05, 'min_child_samples': 50, 'subsample': 0.8429428603771993, 'colsample_bytree': 0.7450966206144711, 'optional_reg_lambda': True, 'reg_lambda': 0.0028222853483887305, 'n_bins': 76}. Best is trial 17 with value: 245.91805919428884.[0m
[LightGBM] [Info] Auto-choosing col-wise multi-threading, the overhead of testing was 0.687191 seconds.
You can set `force_col_wise=true` to remove the overhead.
[LightGBM] [Info] Total Bins 408000
[LightGBM] [Info] Number of data points in the train set: 214203, number of used features: 1600
[LightGBM] [Info] Start training from score 0.000000
[32m[I 2025-04-10 21:36:48,503][0m Trial 34 finished with value: 366.3607515647966 and parameters: {'num_leaves': 90, 'max_depth': 7, 'learning_rate': 0.06151396148197797, 'min_child_weight': 0.0018077023121714465, 'min_child_samples': 36, 'subsample': 0.6744356767099292, 'colsample_bytree': 0.8651315769091598, 'optional_reg_lambda': True, 'reg_lambda': 0.10736113713152085, 'n_bins': 50}. Best is trial 17 with value: 245.91805919428884.[0m
[LightGBM] [Info] Auto-choosing col-wise multi-threading, the overhead of testing was 0.705065 seconds.
You can set `force_col_wise=true` to remove the overhead.
[LightGBM] [Info] Total Bins 408000
[LightGBM] [Info] Number of data points in the train set: 214203, number of used features: 1600
[LightGBM] [Info] Start training from score 0.000000
[32m[I 2025-04-10 21:37:30,759][0m Trial 35 finished with value: 239.1903090396768 and parameters: {'num_leaves': 100, 'max_depth': 9, 'learning_rate': 0.20860029888517748, 'min_child_weight': 0.0010331274628499986, 'min_child_samples': 19, 'subsample': 0.6024512932831131, 'colsample_bytree': 0.9482329843555024, 'optional_reg_lambda': False, 'n_bins': 116}. Best is trial 35 with value: 239.1903090396768.[0m
[LightGBM] [Info] Auto-choosing col-wise multi-threading, the overhead of testing was 0.739114 seconds.
You can set `force_col_wise=true` to remove the overhead.
[LightGBM] [Info] Total Bins 408000
[LightGBM] [Info] Number of data points in the train set: 214203, number of used features: 1600
[LightGBM] [Info] Start training from score 0.000000
[32m[I 2025-04-10 21:38:10,963][0m Trial 36 finished with value: 242.95908104585342 and parameters: {'num_leaves': 83, 'max_depth': 10, 'learning_rate': 0.21374000787985276, 'min_child_weight': 6.804856940648148e-05, 'min_child_samples': 19, 'subsample': 0.5815027183943487, 'colsample_bytree': 0.9212775235982977, 'optional_reg_lambda': False, 'n_bins': 123}. Best is trial 35 with value: 239.1903090396768.[0m
[LightGBM] [Info] Auto-choosing col-wise multi-threading, the overhead of testing was 0.824498 seconds.
You can set `force_col_wise=true` to remove the overhead.
[LightGBM] [Info] Total Bins 408000
[LightGBM] [Info] Number of data points in the train set: 214203, number of used features: 1600
[LightGBM] [Info] Start training from score 0.000000
[32m[I 2025-04-10 21:38:47,874][0m Trial 37 finished with value: 295.7796733606804 and parameters: {'num_leaves': 84, 'max_depth': 10, 'learning_rate': 0.5536578541641967, 'min_child_weight': 0.00042327088331655733, 'min_child_samples': 19, 'subsample': 0.5612873320330665, 'colsample_bytree': 0.9437162958122135, 'optional_reg_lambda': False, 'n_bins': 226}. Best is trial 35 with value: 239.1903090396768.[0m
[LightGBM] [Info] Auto-choosing col-wise multi-threading, the overhead of testing was 0.711212 seconds.
You can set `force_col_wise=true` to remove the overhead.
[LightGBM] [Info] Total Bins 408000
[LightGBM] [Info] Number of data points in the train set: 214203, number of used features: 1600
[LightGBM] [Info] Start training from score 0.000000
[32m[I 2025-04-10 21:39:25,401][0m Trial 38 finished with value: 557.8280060718117 and parameters: {'num_leaves': 56, 'max_depth': 10, 'learning_rate': 0.028542778071011392, 'min_child_weight': 0.009951165502265014, 'min_child_samples': 9, 'subsample': 0.6032849337557146, 'colsample_bytree': 0.9133777519873696, 'optional_reg_lambda': False, 'n_bins': 112}. Best is trial 35 with value: 239.1903090396768.[0m
[LightGBM] [Info] Auto-choosing col-wise multi-threading, the overhead of testing was 0.703397 seconds.
You can set `force_col_wise=true` to remove the overhead.
[LightGBM] [Info] Total Bins 408000
[LightGBM] [Info] Number of data points in the train set: 214203, number of used features: 1600
[LightGBM] [Info] Start training from score 0.000000
[32m[I 2025-04-10 21:40:01,379][0m Trial 39 finished with value: 258.2289071099913 and parameters: {'num_leaves': 46, 'max_depth': 10, 'learning_rate': 0.20568281298072671, 'min_child_weight': 0.0026161559712472365, 'min_child_samples': 2, 'subsample': 0.5288650334432408, 'colsample_bytree': 0.9985057397370233, 'optional_reg_lambda': False, 'n_bins': 156}. Best is trial 35 with value: 239.1903090396768.[0m
[LightGBM] [Info] Auto-choosing col-wise multi-threading, the overhead of testing was 0.592597 seconds.
You can set `force_col_wise=true` to remove the overhead.
[LightGBM] [Info] Total Bins 408000
[LightGBM] [Info] Number of data points in the train set: 214203, number of used features: 1600
[LightGBM] [Info] Start training from score 0.000000
[32m[I 2025-04-10 21:40:38,236][0m Trial 40 finished with value: 329.103214542194 and parameters: {'num_leaves': 63, 'max_depth': 9, 'learning_rate': 0.07151420256074839, 'min_child_weight': 0.00010658393856685346, 'min_child_samples': 77, 'subsample': 0.6110026580347527, 'colsample_bytree': 0.9582591911223732, 'optional_reg_lambda': False, 'n_bins': 133}. Best is trial 35 with value: 239.1903090396768.[0m
[LightGBM] [Info] Auto-choosing col-wise multi-threading, the overhead of testing was 0.751991 seconds.
You can set `force_col_wise=true` to remove the overhead.
[LightGBM] [Info] Total Bins 408000
[LightGBM] [Info] Number of data points in the train set: 214203, number of used features: 1600
[LightGBM] [Info] Start training from score 0.000000
[32m[I 2025-04-10 21:41:16,163][0m Trial 41 finished with value: 248.53784903012502 and parameters: {'num_leaves': 76, 'max_depth': 9, 'learning_rate': 0.21401463386215502, 'min_child_weight': 6.743471318794387e-05, 'min_child_samples': 18, 'subsample': 0.5851012529646222, 'colsample_bytree': 0.9155918836641828, 'optional_reg_lambda': False, 'n_bins': 118}. Best is trial 35 with value: 239.1903090396768.[0m
[LightGBM] [Info] Auto-choosing col-wise multi-threading, the overhead of testing was 0.720107 seconds.
You can set `force_col_wise=true` to remove the overhead.
[LightGBM] [Info] Total Bins 408000
[LightGBM] [Info] Number of data points in the train set: 214203, number of used features: 1600
[LightGBM] [Info] Start training from score 0.000000
