[32m[I 2025-04-11 00:09:57,332][0m Trial 42 finished with value: 216.7921747631262 and parameters: {'num_leaves': 76, 'max_depth': 9, 'learning_rate': 0.22905666196452468, 'min_child_weight': 0.0065935792416705625, 'min_child_samples': 27, 'subsample': 0.6656197026462478, 'colsample_bytree': 0.8646713765628131, 'optional_reg_lambda': True, 'reg_lambda': 0.004202403186672374, 'n_bins': 105}. Best is trial 24 with value: 216.01079119944953.[0m
[LightGBM] [Info] Auto-choosing col-wise multi-threading, the overhead of testing was 1.289834 seconds.
You can set `force_col_wise=true` to remove the overhead.
[LightGBM] [Info] Total Bins 816000
[LightGBM] [Info] Number of data points in the train set: 214203, number of used features: 3200
[LightGBM] [Info] Start training from score 0.000000
[32m[I 2025-04-11 00:11:19,653][0m Trial 43 finished with value: 282.2205570153889 and parameters: {'num_leaves': 75, 'max_depth': 10, 'learning_rate': 0.0755422471517785, 'min_child_weight': 0.006877402328935702, 'min_child_samples': 23, 'subsample': 0.668773675771444, 'colsample_bytree': 0.5089140145721643, 'optional_reg_lambda': True, 'reg_lambda': 0.000638295916584685, 'n_bins': 102}. Best is trial 24 with value: 216.01079119944953.[0m
[LightGBM] [Info] Auto-choosing col-wise multi-threading, the overhead of testing was 2.042191 seconds.
You can set `force_col_wise=true` to remove the overhead.
[LightGBM] [Info] Total Bins 816000
[LightGBM] [Info] Number of data points in the train set: 214203, number of used features: 3200
[LightGBM] [Info] Start training from score 0.000000
[32m[I 2025-04-11 00:13:35,893][0m Trial 44 finished with value: 757.3424113047926 and parameters: {'num_leaves': 95, 'max_depth': 8, 'learning_rate': 0.005744550241908424, 'min_child_weight': 0.0019897943696859746, 'min_child_samples': 29, 'subsample': 0.8850528556506696, 'colsample_bytree': 0.8700220462563661, 'optional_reg_lambda': True, 'reg_lambda': 0.00020006800788432906, 'n_bins': 73}. Best is trial 24 with value: 216.01079119944953.[0m
[LightGBM] [Info] Auto-choosing col-wise multi-threading, the overhead of testing was 1.881112 seconds.
You can set `force_col_wise=true` to remove the overhead.
[LightGBM] [Info] Total Bins 816000
[LightGBM] [Info] Number of data points in the train set: 214203, number of used features: 3200
[LightGBM] [Info] Start training from score 0.000000
[32m[I 2025-04-11 00:15:02,502][0m Trial 45 finished with value: 231.12388204724624 and parameters: {'num_leaves': 89, 'max_depth': 9, 'learning_rate': 0.12511785497496322, 'min_child_weight': 0.0033454595556580394, 'min_child_samples': 44, 'subsample': 0.9923141893379611, 'colsample_bytree': 0.9108654460099621, 'optional_reg_lambda': True, 'reg_lambda': 0.00175148346797282, 'n_bins': 114}. Best is trial 24 with value: 216.01079119944953.[0m
[LightGBM] [Info] Auto-choosing col-wise multi-threading, the overhead of testing was 2.015592 seconds.
You can set `force_col_wise=true` to remove the overhead.
[LightGBM] [Info] Total Bins 816000
[LightGBM] [Info] Number of data points in the train set: 214203, number of used features: 3200
[LightGBM] [Info] Start training from score 0.000000
[32m[I 2025-04-11 00:16:03,612][0m Trial 46 finished with value: 308.9957825904481 and parameters: {'num_leaves': 62, 'max_depth': 3, 'learning_rate': 0.6645226660825614, 'min_child_weight': 0.021106672630442375, 'min_child_samples': 52, 'subsample': 0.790332063180171, 'colsample_bytree': 0.8393954649141802, 'optional_reg_lambda': True, 'reg_lambda': 0.004377989926434398, 'n_bins': 143}. Best is trial 24 with value: 216.01079119944953.[0m
[LightGBM] [Info] Auto-choosing col-wise multi-threading, the overhead of testing was 1.810725 seconds.
You can set `force_col_wise=true` to remove the overhead.
[LightGBM] [Info] Total Bins 816000
[LightGBM] [Info] Number of data points in the train set: 214203, number of used features: 3200
[LightGBM] [Info] Start training from score 0.000000
[32m[I 2025-04-11 00:17:45,107][0m Trial 47 finished with value: 465.69682100164965 and parameters: {'num_leaves': 94, 'max_depth': 10, 'learning_rate': 0.027010119331309465, 'min_child_weight': 0.006093559938819281, 'min_child_samples': 4, 'subsample': 0.6437532134028418, 'colsample_bytree': 0.9276910225469664, 'optional_reg_lambda': True, 'reg_lambda': 4.2976836384404e-05, 'n_bins': 36}. Best is trial 24 with value: 216.01079119944953.[0m
[LightGBM] [Info] Auto-choosing col-wise multi-threading, the overhead of testing was 1.833779 seconds.
You can set `force_col_wise=true` to remove the overhead.
[LightGBM] [Info] Total Bins 816000
[LightGBM] [Info] Number of data points in the train set: 214203, number of used features: 3200
[LightGBM] [Info] Start training from score 0.000000
[LightGBM] [Warning] No further splits with positive gain, best gain: -inf
[32m[I 2025-04-11 00:19:21,121][0m Trial 48 finished with value: 236.69381889984473 and parameters: {'num_leaves': 82, 'max_depth': 9, 'learning_rate': 0.3302304878389515, 'min_child_weight': 0.009523177436409073, 'min_child_samples': 88, 'subsample': 0.9424746309188398, 'colsample_bytree': 0.9763684867566483, 'optional_reg_lambda': False, 'n_bins': 164}. Best is trial 24 with value: 216.01079119944953.[0m
[LightGBM] [Info] Auto-choosing col-wise multi-threading, the overhead of testing was 2.048321 seconds.
You can set `force_col_wise=true` to remove the overhead.
[LightGBM] [Info] Total Bins 816000
[LightGBM] [Info] Number of data points in the train set: 214203, number of used features: 3200
[LightGBM] [Info] Start training from score 0.000000
[LightGBM] [Warning] No further splits with positive gain, best gain: -inf
[LightGBM] [Warning] No further splits with positive gain, best gain: -inf
[LightGBM] [Warning] No further splits with positive gain, best gain: -inf
[LightGBM] [Warning] No further splits with positive gain, best gain: -inf
[LightGBM] [Warning] No further splits with positive gain, best gain: -inf
[LightGBM] [Warning] No further splits with positive gain, best gain: -inf
[LightGBM] [Warning] No further splits with positive gain, best gain: -inf
[LightGBM] [Warning] No further splits with positive gain, best gain: -inf
[LightGBM] [Warning] No further splits with positive gain, best gain: -inf
[LightGBM] [Warning] No further splits with positive gain, best gain: -inf
[LightGBM] [Warning] No further splits with positive gain, best gain: -inf
[LightGBM] [Warning] No further splits with positive gain, best gain: -inf
[LightGBM] [Warning] No further splits with positive gain, best gain: -inf
[LightGBM] [Warning] No further splits with positive gain, best gain: -inf
[32m[I 2025-04-11 00:20:30,954][0m Trial 49 finished with value: 269.69066633301856 and parameters: {'num_leaves': 46, 'max_depth': 5, 'learning_rate': 0.1669445214650698, 'min_child_weight': 0.0009172270992302841, 'min_child_samples': 72, 'subsample': 0.6162119250518859, 'colsample_bytree': 0.7711338625813778, 'optional_reg_lambda': True, 'reg_lambda': 0.0011202679058979431, 'n_bins': 130}. Best is trial 24 with value: 216.01079119944953.[0m
Best Hyper-Parameters
{'model': {'num_leaves': 90, 'max_depth': 9, 'learning_rate': 0.17249778702999086, 'min_child_weight': 0.00035472147968335126, 'min_child_samples': 52, 'subsample': 0.6859681771430295, 'colsample_bytree': 0.842043216474062, 'reg_lambda': 0.15397607889785922}, 'fit': {'n_bins': 138}}
{'model': {'num_leaves': 90, 'max_depth': 9, 'learning_rate': 0.17249778702999086, 'min_child_weight': 0.00035472147968335126, 'min_child_samples': 52, 'subsample': 0.6859681771430295, 'colsample_bytree': 0.842043216474062, 'reg_lambda': 0.15397607889785922}, 'fit': {'n_bins': 138}}
[LightGBM] [Info] Auto-choosing col-wise multi-threading, the overhead of testing was 2.120578 seconds.
You can set `force_col_wise=true` to remove the overhead.
[LightGBM] [Info] Total Bins 816000
[LightGBM] [Info] Number of data points in the train set: 214203, number of used features: 3200
[LightGBM] [Info] Start training from score 0.000000
lightgbm: 1 Trials
MAE Results: 1.66883923e+02
MAE MEAN = 1.66883923e+02 ± 0.00000000e+00
R2 Results: 9.41104742e-01
R2 MEAN = 9.41104742e-01 ± 0.00000000e+00
RMSE Results: 2.16229161e+02
RMSE MEAN = 2.16229161e+02 ± 0.00000000e+00
Time Results: 77.09905982
Time MEAN = 77.09905982 ± 0.00000000
-------------------- GPU info --------------------
1 GPU Available.
GPU 0: NVIDIA A100-PCIE-40GB MIG 7g.40gb
  Total Memory:          40326.375 MB
  Multi Processor Count: 98
  Compute Capability:    8.0
--------------------------------------------------
