[32m[I 2025-04-09 01:17:14,885][0m Trial 41 finished with value: 324.7959315955832 and parameters: {'optional_alpha': True, 'alpha': 0.003123827664043823, 'colsample_bylevel': 0.807906201480018, 'colsample_bytree': 0.8102645669136633, 'optional_gamma': True, 'gamma': 5.2718526413194635e-06, 'optional_lambda': True, 'lambda': 6.187291454980125e-07, 'learning_rate': 0.03794749341944582, 'max_depth': 10, 'min_child_weight': 0.1054289976012284, 'subsample': 0.8450002055813304, 'n_bins': 49}. Best is trial 37 with value: 208.6049095221754.[0m
[32m[I 2025-04-09 01:17:33,465][0m Trial 42 finished with value: 233.78975681972537 and parameters: {'optional_alpha': True, 'alpha': 0.010458426873967289, 'colsample_bylevel': 0.8507033136700131, 'colsample_bytree': 0.8386449220675644, 'optional_gamma': True, 'gamma': 0.2798689320101714, 'optional_lambda': True, 'lambda': 0.0028282111355125293, 'learning_rate': 0.20171404178992985, 'max_depth': 10, 'min_child_weight': 2.723444950294117, 'subsample': 0.6855548327037927, 'n_bins': 65}. Best is trial 37 with value: 208.6049095221754.[0m
[32m[I 2025-04-09 01:17:52,376][0m Trial 43 finished with value: 222.79501694953743 and parameters: {'optional_alpha': True, 'alpha': 0.1166941413332631, 'colsample_bylevel': 0.9290738046289131, 'colsample_bytree': 0.7641040274451292, 'optional_gamma': False, 'optional_lambda': True, 'lambda': 2.496720999352049e-05, 'learning_rate': 0.09595544492417672, 'max_depth': 10, 'min_child_weight': 89.35156683279993, 'subsample': 0.7526862832003504, 'n_bins': 31}. Best is trial 37 with value: 208.6049095221754.[0m
[32m[I 2025-04-09 01:18:08,660][0m Trial 44 finished with value: 321.7547016525566 and parameters: {'optional_alpha': True, 'alpha': 0.18319048007375316, 'colsample_bylevel': 0.9315071874490327, 'colsample_bytree': 0.766081478958185, 'optional_gamma': True, 'gamma': 0.0006557056842260557, 'optional_lambda': True, 'lambda': 1.043636479880234e-05, 'learning_rate': 0.09658929662383596, 'max_depth': 9, 'min_child_weight': 1212.5522856402035, 'subsample': 0.5852894948016987, 'n_bins': 31}. Best is trial 37 with value: 208.6049095221754.[0m
[32m[I 2025-04-09 01:18:22,731][0m Trial 45 finished with value: 813.0287232964787 and parameters: {'optional_alpha': True, 'alpha': 0.0003948018460128377, 'colsample_bylevel': 0.9092211508752047, 'colsample_bytree': 0.6556040886696022, 'optional_gamma': False, 'optional_lambda': True, 'lambda': 6.98118497735146e-07, 'learning_rate': 0.026425326868667515, 'max_depth': 10, 'min_child_weight': 68685.31919854875, 'subsample': 0.7523504017187359, 'n_bins': 214}. Best is trial 37 with value: 208.6049095221754.[0m
[32m[I 2025-04-09 01:18:37,385][0m Trial 46 finished with value: 357.6920048251183 and parameters: {'optional_alpha': True, 'alpha': 0.018008675908609727, 'colsample_bylevel': 0.8907642596878415, 'colsample_bytree': 0.78940074210746, 'optional_gamma': False, 'optional_lambda': True, 'lambda': 0.00040766906307782594, 'learning_rate': 0.49235410290970844, 'max_depth': 4, 'min_child_weight': 12820.240793820914, 'subsample': 0.7736709360438571, 'n_bins': 13}. Best is trial 37 with value: 208.6049095221754.[0m
[32m[I 2025-04-09 01:18:53,540][0m Trial 47 finished with value: 446.0451872151721 and parameters: {'optional_alpha': True, 'alpha': 6.644646810225364e-06, 'colsample_bylevel': 0.8643120723698038, 'colsample_bytree': 0.72467486357799, 'optional_gamma': False, 'optional_lambda': True, 'lambda': 1.4845443495659142e-05, 'learning_rate': 0.8469244332026008, 'max_depth': 9, 'min_child_weight': 74.1989525570144, 'subsample': 0.7033719306682238, 'n_bins': 77}. Best is trial 37 with value: 208.6049095221754.[0m
[32m[I 2025-04-09 01:19:14,393][0m Trial 48 finished with value: 883.8046970299943 and parameters: {'optional_alpha': True, 'alpha': 0.0006119508814710353, 'colsample_bylevel': 0.8133689338185254, 'colsample_bytree': 0.6186005478483121, 'optional_gamma': True, 'gamma': 1.3251011600973327e-07, 'optional_lambda': True, 'lambda': 4.750590776832156e-05, 'learning_rate': 0.00023910527861231313, 'max_depth': 10, 'min_child_weight': 8.501478491193415, 'subsample': 0.8071723390162214, 'n_bins': 53}. Best is trial 37 with value: 208.6049095221754.[0m
[32m[I 2025-04-09 01:19:29,629][0m Trial 49 finished with value: 469.88958783694187 and parameters: {'optional_alpha': True, 'alpha': 0.003556116804586281, 'colsample_bylevel': 0.6360258023786867, 'colsample_bytree': 0.7576718034614488, 'optional_gamma': False, 'optional_lambda': True, 'lambda': 0.0001180820983689533, 'learning_rate': 0.05414486809379703, 'max_depth': 6, 'min_child_weight': 138.72746637151073, 'subsample': 0.6189320297202033, 'n_bins': 2}. Best is trial 37 with value: 208.6049095221754.[0m
Best Hyper-Parameters
{'model': {'alpha': 0.010910005013965156, 'colsample_bylevel': 0.8126899376082749, 'colsample_bytree': 0.8176813494822753, 'gamma': 3.3208339277041427e-06, 'lambda': 4.267914742803793e-06, 'learning_rate': 0.10656623577569556, 'max_depth': 10, 'min_child_weight': 3.8566593124292945, 'subsample': 0.7402458439277968, 'tree_method': 'gpu_hist', 'gpu_id': '0'}, 'fit': {'n_bins': 50, 'verbose': False}}
{'model': {'alpha': 0.010910005013965156, 'colsample_bylevel': 0.8126899376082749, 'colsample_bytree': 0.8176813494822753, 'gamma': 3.3208339277041427e-06, 'lambda': 4.267914742803793e-06, 'learning_rate': 0.10656623577569556, 'max_depth': 10, 'min_child_weight': 3.8566593124292945, 'subsample': 0.7402458439277968, 'tree_method': 'gpu_hist', 'gpu_id': '0'}, 'fit': {'n_bins': 50, 'verbose': False}}
xgboost: 1 Trials
MAE Results: 1.58558893e+02
MAE MEAN = 1.58558893e+02 ± 0.00000000e+00
R2 Results: 9.45584192e-01
R2 MEAN = 9.45584192e-01 ± 0.00000000e+00
RMSE Results: 2.07843591e+02
RMSE MEAN = 2.07843591e+02 ± 0.00000000e+00
Time Results: 11.21696067
Time MEAN = 11.21696067 ± 0.00000000
-------------------- GPU info --------------------
1 GPU Available.
GPU 0: NVIDIA A100-PCIE-40GB MIG 7g.40gb
  Total Memory:          40339.3125 MB
  Multi Processor Count: 98
  Compute Capability:    8.0
--------------------------------------------------
