[32m[I 2025-04-10 21:09:36,993][0m Trial 43 finished with value: 197.95285054874623 and parameters: {'num_leaves': 87, 'max_depth': 9, 'learning_rate': 0.1663796524741039, 'min_child_weight': 9.472287986168028e-05, 'min_child_samples': 69, 'subsample': 0.9859327590451971, 'colsample_bytree': 0.9570805286034292, 'optional_reg_lambda': False, 'n_bins': 33}. Best is trial 35 with value: 185.01504292289027.[0m
[LightGBM] [Info] Auto-choosing col-wise multi-threading, the overhead of testing was 0.363090 seconds.
You can set `force_col_wise=true` to remove the overhead.
[LightGBM] [Info] Total Bins 408000
[LightGBM] [Info] Number of data points in the train set: 214203, number of used features: 1600
[LightGBM] [Info] Start training from score 0.000000
[32m[I 2025-04-10 21:10:09,133][0m Trial 44 finished with value: 184.22164776946312 and parameters: {'num_leaves': 88, 'max_depth': 10, 'learning_rate': 0.17401293620461145, 'min_child_weight': 9.666936786044991e-05, 'min_child_samples': 69, 'subsample': 0.976809664192662, 'colsample_bytree': 0.5025648461989745, 'optional_reg_lambda': False, 'n_bins': 34}. Best is trial 44 with value: 184.22164776946312.[0m
[LightGBM] [Info] Auto-choosing col-wise multi-threading, the overhead of testing was 0.512831 seconds.
You can set `force_col_wise=true` to remove the overhead.
[LightGBM] [Info] Total Bins 408000
[LightGBM] [Info] Number of data points in the train set: 214203, number of used features: 1600
[LightGBM] [Info] Start training from score 0.000000
[32m[I 2025-04-10 21:10:44,497][0m Trial 45 finished with value: 187.82548730935824 and parameters: {'num_leaves': 86, 'max_depth': 10, 'learning_rate': 0.18092240738574528, 'min_child_weight': 9.034630874080551e-05, 'min_child_samples': 68, 'subsample': 0.9997728579727316, 'colsample_bytree': 0.51855015636943, 'optional_reg_lambda': False, 'n_bins': 9}. Best is trial 44 with value: 184.22164776946312.[0m
[LightGBM] [Info] Auto-choosing col-wise multi-threading, the overhead of testing was 0.408894 seconds.
You can set `force_col_wise=true` to remove the overhead.
[LightGBM] [Info] Total Bins 408000
[LightGBM] [Info] Number of data points in the train set: 214203, number of used features: 1600
[LightGBM] [Info] Start training from score 0.000000
[32m[I 2025-04-10 21:11:18,163][0m Trial 46 finished with value: 242.94431550606026 and parameters: {'num_leaves': 86, 'max_depth': 10, 'learning_rate': 0.07495149811021024, 'min_child_weight': 0.0001423409365141457, 'min_child_samples': 59, 'subsample': 0.9413846919034612, 'colsample_bytree': 0.5213593034190821, 'optional_reg_lambda': False, 'n_bins': 10}. Best is trial 44 with value: 184.22164776946312.[0m
[LightGBM] [Info] Auto-choosing col-wise multi-threading, the overhead of testing was 0.453837 seconds.
You can set `force_col_wise=true` to remove the overhead.
[LightGBM] [Info] Total Bins 408000
[LightGBM] [Info] Number of data points in the train set: 214203, number of used features: 1600
[LightGBM] [Info] Start training from score 0.000000
[32m[I 2025-04-10 21:11:55,122][0m Trial 47 finished with value: 513.9289530682903 and parameters: {'num_leaves': 67, 'max_depth': 10, 'learning_rate': 0.025053338573659767, 'min_child_weight': 0.007647688062476275, 'min_child_samples': 66, 'subsample': 0.96227607276535, 'colsample_bytree': 0.5856182543337196, 'optional_reg_lambda': False, 'n_bins': 20}. Best is trial 44 with value: 184.22164776946312.[0m
[LightGBM] [Info] Auto-choosing col-wise multi-threading, the overhead of testing was 0.378392 seconds.
You can set `force_col_wise=true` to remove the overhead.
[LightGBM] [Info] Total Bins 408000
[LightGBM] [Info] Number of data points in the train set: 214203, number of used features: 1600
[LightGBM] [Info] Start training from score 0.000000
[32m[I 2025-04-10 21:12:30,252][0m Trial 48 finished with value: 200.64297571120585 and parameters: {'num_leaves': 58, 'max_depth': 10, 'learning_rate': 0.18449542823775975, 'min_child_weight': 0.0002538531257658888, 'min_child_samples': 74, 'subsample': 0.9059088904619459, 'colsample_bytree': 0.5263629181090219, 'optional_reg_lambda': False, 'n_bins': 57}. Best is trial 44 with value: 184.22164776946312.[0m
[LightGBM] [Info] Auto-choosing col-wise multi-threading, the overhead of testing was 0.654995 seconds.
You can set `force_col_wise=true` to remove the overhead.
[LightGBM] [Info] Total Bins 408000
[LightGBM] [Info] Number of data points in the train set: 214203, number of used features: 1600
[LightGBM] [Info] Start training from score 0.000000
[32m[I 2025-04-10 21:13:01,146][0m Trial 49 finished with value: 287.55670132924973 and parameters: {'num_leaves': 74, 'max_depth': 10, 'learning_rate': 0.6648856781087311, 'min_child_weight': 9.151957223260699e-05, 'min_child_samples': 81, 'subsample': 0.9978615424402063, 'colsample_bytree': 0.6008263130159712, 'optional_reg_lambda': False, 'n_bins': 74}. Best is trial 44 with value: 184.22164776946312.[0m
Best Hyper-Parameters
{'model': {'num_leaves': 88, 'max_depth': 10, 'learning_rate': 0.17401293620461145, 'min_child_weight': 9.666936786044991e-05, 'min_child_samples': 69, 'subsample': 0.976809664192662, 'colsample_bytree': 0.5025648461989745, 'reg_lambda': 0.0}, 'fit': {'n_bins': 34}}
{'model': {'num_leaves': 88, 'max_depth': 10, 'learning_rate': 0.17401293620461145, 'min_child_weight': 9.666936786044991e-05, 'min_child_samples': 69, 'subsample': 0.976809664192662, 'colsample_bytree': 0.5025648461989745, 'reg_lambda': 0.0}, 'fit': {'n_bins': 34}}
[LightGBM] [Info] Auto-choosing col-wise multi-threading, the overhead of testing was 0.444431 seconds.
You can set `force_col_wise=true` to remove the overhead.
[LightGBM] [Info] Total Bins 408000
[LightGBM] [Info] Number of data points in the train set: 214203, number of used features: 1600
[LightGBM] [Info] Start training from score 0.000000
lightgbm: 1 Trials
MAE Results: 1.39349069e+02
MAE MEAN = 1.39349069e+02 ± 0.00000000e+00
R2 Results: 9.53657298e-01
R2 MEAN = 9.53657298e-01 ± 0.00000000e+00
RMSE Results: 1.83689787e+02
RMSE MEAN = 1.83689787e+02 ± 0.00000000e+00
Time Results: 26.66648507
Time MEAN = 26.66648507 ± 0.00000000
-------------------- GPU info --------------------
1 GPU Available.
GPU 0: NVIDIA A100-PCIE-40GB MIG 7g.40gb
  Total Memory:          40326.375 MB
  Multi Processor Count: 98
  Compute Capability:    8.0
--------------------------------------------------
