[32m[I 2025-04-09 01:46:24,056][0m Trial 42 finished with value: 272.20375476263524 and parameters: {'optional_alpha': True, 'alpha': 0.4794513928069229, 'colsample_bylevel': 0.7622374283411274, 'colsample_bytree': 0.5011058559494499, 'optional_gamma': True, 'gamma': 9.969309798613656e-07, 'optional_lambda': False, 'learning_rate': 0.04828904284559644, 'max_depth': 9, 'min_child_weight': 0.087991458577945, 'subsample': 0.9122464962307973, 'n_bins': 116}. Best is trial 14 with value: 172.16474280609484.[0m
[32m[I 2025-04-09 01:47:00,488][0m Trial 43 finished with value: 182.52014594237 and parameters: {'optional_alpha': True, 'alpha': 20.0625945057285, 'colsample_bylevel': 0.6623299077540735, 'colsample_bytree': 0.6164694979742388, 'optional_gamma': True, 'gamma': 1.3476094097060772e-05, 'optional_lambda': False, 'learning_rate': 0.14598789096251155, 'max_depth': 9, 'min_child_weight': 0.01896458093802515, 'subsample': 0.8446966964902692, 'n_bins': 163}. Best is trial 14 with value: 172.16474280609484.[0m
[32m[I 2025-04-09 01:47:32,840][0m Trial 44 finished with value: 258.475558789838 and parameters: {'optional_alpha': True, 'alpha': 0.02407553330020296, 'colsample_bylevel': 0.7073897574579702, 'colsample_bytree': 0.7609258907748303, 'optional_gamma': True, 'gamma': 1.6528812628005188e-07, 'optional_lambda': False, 'learning_rate': 0.5343073380114575, 'max_depth': 8, 'min_child_weight': 1.4327040928688217, 'subsample': 0.9614198979614017, 'n_bins': 143}. Best is trial 14 with value: 172.16474280609484.[0m
[32m[I 2025-04-09 01:48:05,678][0m Trial 45 finished with value: 746.2585540011786 and parameters: {'optional_alpha': True, 'alpha': 0.5419904079911951, 'colsample_bylevel': 0.6014836057915056, 'colsample_bytree': 0.5659963975236746, 'optional_gamma': True, 'gamma': 0.0006679298908413014, 'optional_lambda': False, 'learning_rate': 0.0027148122875083167, 'max_depth': 7, 'min_child_weight': 0.00024976957045074285, 'subsample': 0.8912466220370753, 'n_bins': 132}. Best is trial 14 with value: 172.16474280609484.[0m
[32m[I 2025-04-09 01:48:37,849][0m Trial 46 finished with value: 192.7481556541677 and parameters: {'optional_alpha': True, 'alpha': 0.00024190797383131997, 'colsample_bylevel': 0.8110220541351483, 'colsample_bytree': 0.6633315261463263, 'optional_gamma': True, 'gamma': 0.05310826506102364, 'optional_lambda': False, 'learning_rate': 0.23697716609474526, 'max_depth': 7, 'min_child_weight': 0.00155199791371633, 'subsample': 0.9314835566720653, 'n_bins': 100}. Best is trial 14 with value: 172.16474280609484.[0m
[32m[I 2025-04-09 01:49:13,243][0m Trial 47 finished with value: 353.58564557057156 and parameters: {'optional_alpha': True, 'alpha': 11.113686847063635, 'colsample_bylevel': 0.7435100178241639, 'colsample_bytree': 0.5361527355279045, 'optional_gamma': True, 'gamma': 2.4845191554783173e-07, 'optional_lambda': False, 'learning_rate': 0.9374828411758477, 'max_depth': 9, 'min_child_weight': 0.07880959836587498, 'subsample': 0.8987269767745708, 'n_bins': 120}. Best is trial 14 with value: 172.16474280609484.[0m
[32m[I 2025-04-09 01:49:47,387][0m Trial 48 finished with value: 186.68383597466027 and parameters: {'optional_alpha': True, 'alpha': 0.20984332636992678, 'colsample_bylevel': 0.7849239971798313, 'colsample_bytree': 0.7216000826568623, 'optional_gamma': True, 'gamma': 5.619091346953109e-05, 'optional_lambda': False, 'learning_rate': 0.13236272387769546, 'max_depth': 8, 'min_child_weight': 0.009228459788796581, 'subsample': 0.7408138404243663, 'n_bins': 156}. Best is trial 14 with value: 172.16474280609484.[0m
[32m[I 2025-04-09 01:50:32,120][0m Trial 49 finished with value: 214.42226482555046 and parameters: {'optional_alpha': True, 'alpha': 2.4197735018411097e-05, 'colsample_bylevel': 0.687048994962491, 'colsample_bytree': 0.633521251391805, 'optional_gamma': True, 'gamma': 1.1130602866181935e-05, 'optional_lambda': True, 'lambda': 1.473233927517413, 'learning_rate': 0.0701316378847057, 'max_depth': 9, 'min_child_weight': 7.958149869232937e-06, 'subsample': 0.9805639096337048, 'n_bins': 186}. Best is trial 14 with value: 172.16474280609484.[0m
Best Hyper-Parameters
{'model': {'alpha': 0.05722711226756444, 'colsample_bylevel': 0.9924587385659037, 'colsample_bytree': 0.7995138830171545, 'gamma': 0, 'lambda': 0.00043902308103618116, 'learning_rate': 0.10063428176821157, 'max_depth': 10, 'min_child_weight': 0.08438730259717137, 'subsample': 0.8784015029201728, 'tree_method': 'gpu_hist', 'gpu_id': '0'}, 'fit': {'n_bins': 50, 'verbose': False}}
{'model': {'alpha': 0.05722711226756444, 'colsample_bylevel': 0.9924587385659037, 'colsample_bytree': 0.7995138830171545, 'gamma': 0, 'lambda': 0.00043902308103618116, 'learning_rate': 0.10063428176821157, 'max_depth': 10, 'min_child_weight': 0.08438730259717137, 'subsample': 0.8784015029201728, 'tree_method': 'gpu_hist', 'gpu_id': '0'}, 'fit': {'n_bins': 50, 'verbose': False}}
xgboost: 1 Trials
MAE Results: 1.14069900e+02
MAE MEAN = 1.14069900e+02 ± 0.00000000e+00
R2 Results: 9.60889517e-01
R2 MEAN = 9.60889517e-01 ± 0.00000000e+00
RMSE Results: 1.68748890e+02
RMSE MEAN = 1.68748890e+02 ± 0.00000000e+00
Time Results: 24.02150941
Time MEAN = 24.02150941 ± 0.00000000
-------------------- GPU info --------------------
1 GPU Available.
GPU 0: NVIDIA A100-PCIE-40GB MIG 7g.40gb
  Total Memory:          40339.3125 MB
  Multi Processor Count: 98
  Compute Capability:    8.0
--------------------------------------------------
