[32m[I 2025-04-09 02:18:12,589][0m Trial 41 finished with value: 195.19970000371634 and parameters: {'optional_alpha': True, 'alpha': 0.293655164802296, 'colsample_bylevel': 0.879180824479637, 'colsample_bytree': 0.8670799306713564, 'optional_gamma': False, 'optional_lambda': True, 'lambda': 0.0008095907303433934, 'learning_rate': 0.1681273618134062, 'max_depth': 10, 'min_child_weight': 2.034081355298718, 'subsample': 0.949909219438349, 'n_bins': 20}. Best is trial 31 with value: 185.5155906939634.[0m
[32m[I 2025-04-09 02:18:50,895][0m Trial 42 finished with value: 219.06063639684353 and parameters: {'optional_alpha': True, 'alpha': 0.21866769741259645, 'colsample_bylevel': 0.8154318820101825, 'colsample_bytree': 0.8745169839513669, 'optional_gamma': False, 'optional_lambda': True, 'lambda': 7.388443203399891e-06, 'learning_rate': 0.2408079252761578, 'max_depth': 10, 'min_child_weight': 23.67171670077166, 'subsample': 0.9465218835079114, 'n_bins': 33}. Best is trial 31 with value: 185.5155906939634.[0m
[32m[I 2025-04-09 02:19:26,882][0m Trial 43 finished with value: 542.8733710714049 and parameters: {'optional_alpha': True, 'alpha': 0.008644495573672235, 'colsample_bylevel': 0.7397571268932108, 'colsample_bytree': 0.7620419593168116, 'optional_gamma': False, 'optional_lambda': True, 'lambda': 0.2580179395748024, 'learning_rate': 0.9822694995421698, 'max_depth': 10, 'min_child_weight': 2.3659691131513583, 'subsample': 0.9684215224029886, 'n_bins': 60}. Best is trial 31 with value: 185.5155906939634.[0m
[32m[I 2025-04-09 02:20:03,785][0m Trial 44 finished with value: 205.40632340594817 and parameters: {'optional_alpha': True, 'alpha': 0.00036487027559251056, 'colsample_bylevel': 0.8875032460357091, 'colsample_bytree': 0.8435938199669842, 'optional_gamma': False, 'optional_lambda': True, 'lambda': 0.008188783843473204, 'learning_rate': 0.19021279570150068, 'max_depth': 9, 'min_child_weight': 0.014822523150941272, 'subsample': 0.9266343013159386, 'n_bins': 79}. Best is trial 31 with value: 185.5155906939634.[0m
[32m[I 2025-04-09 02:20:44,571][0m Trial 45 finished with value: 193.2000229169924 and parameters: {'optional_alpha': True, 'alpha': 7.61234730712381, 'colsample_bylevel': 0.6559977693963256, 'colsample_bytree': 0.6090366360214308, 'optional_gamma': False, 'optional_lambda': True, 'lambda': 0.0003948018460128377, 'learning_rate': 0.13283763927605804, 'max_depth': 10, 'min_child_weight': 0.16886382239456238, 'subsample': 0.8568125167127109, 'n_bins': 19}. Best is trial 31 with value: 185.5155906939634.[0m
[32m[I 2025-04-09 02:21:18,334][0m Trial 46 finished with value: 210.0906649770018 and parameters: {'optional_alpha': True, 'alpha': 0.026600909929063707, 'colsample_bylevel': 0.6432495750808208, 'colsample_bytree': 0.6122176463251054, 'optional_gamma': False, 'optional_lambda': True, 'lambda': 0.0003710773264526466, 'learning_rate': 0.16787155205063106, 'max_depth': 8, 'min_child_weight': 0.03737684507178401, 'subsample': 0.8514930991336828, 'n_bins': 22}. Best is trial 31 with value: 185.5155906939634.[0m
[32m[I 2025-04-09 02:21:55,440][0m Trial 47 finished with value: 468.1033383833219 and parameters: {'optional_alpha': True, 'alpha': 13.522194142472435, 'colsample_bylevel': 0.668791290252963, 'colsample_bytree': 0.540297033275088, 'optional_gamma': False, 'optional_lambda': True, 'lambda': 0.0004633215083447174, 'learning_rate': 0.023012609887649197, 'max_depth': 9, 'min_child_weight': 0.00019391337171103962, 'subsample': 0.9018892487578243, 'n_bins': 9}. Best is trial 31 with value: 185.5155906939634.[0m
[32m[I 2025-04-09 02:22:35,229][0m Trial 48 finished with value: 876.6748178985832 and parameters: {'optional_alpha': True, 'alpha': 98.76319002166278, 'colsample_bylevel': 0.6077235423835412, 'colsample_bytree': 0.6197708724864672, 'optional_gamma': False, 'optional_lambda': True, 'lambda': 6.452506043813473e-05, 'learning_rate': 0.000491911933362173, 'max_depth': 10, 'min_child_weight': 2.833997014758141, 'subsample': 0.7672307553904337, 'n_bins': 220}. Best is trial 31 with value: 185.5155906939634.[0m
[32m[I 2025-04-09 02:23:06,095][0m Trial 49 finished with value: 455.54489480422194 and parameters: {'optional_alpha': True, 'alpha': 0.0009813097875752271, 'colsample_bylevel': 0.6822749180947862, 'colsample_bytree': 0.5056975007858006, 'optional_gamma': False, 'optional_lambda': True, 'lambda': 10.34491288984344, 'learning_rate': 0.04178272375993222, 'max_depth': 5, 'min_child_weight': 0.004688010533634375, 'subsample': 0.7145409641628624, 'n_bins': 40}. Best is trial 31 with value: 185.5155906939634.[0m
Best Hyper-Parameters
{'model': {'alpha': 0.2863010957553264, 'colsample_bylevel': 0.8861090184801698, 'colsample_bytree': 0.8618174032967187, 'gamma': 0, 'lambda': 0.004393567305469853, 'learning_rate': 0.12515515396042043, 'max_depth': 10, 'min_child_weight': 1.062417063530992, 'subsample': 0.9649001925695698, 'tree_method': 'gpu_hist', 'gpu_id': '0'}, 'fit': {'n_bins': 61, 'verbose': False}}
{'model': {'alpha': 0.2863010957553264, 'colsample_bylevel': 0.8861090184801698, 'colsample_bytree': 0.8618174032967187, 'gamma': 0, 'lambda': 0.004393567305469853, 'learning_rate': 0.12515515396042043, 'max_depth': 10, 'min_child_weight': 1.062417063530992, 'subsample': 0.9649001925695698, 'tree_method': 'gpu_hist', 'gpu_id': '0'}, 'fit': {'n_bins': 61, 'verbose': False}}
xgboost: 1 Trials
MAE Results: 1.39796843e+02
MAE MEAN = 1.39796843e+02 ± 0.00000000e+00
R2 Results: 9.56168037e-01
R2 MEAN = 9.56168037e-01 ± 0.00000000e+00
RMSE Results: 1.86538962e+02
RMSE MEAN = 1.86538962e+02 ± 0.00000000e+00
Time Results: 23.58763385
Time MEAN = 23.58763385 ± 0.00000000
-------------------- GPU info --------------------
1 GPU Available.
GPU 0: NVIDIA A100-PCIE-40GB MIG 7g.40gb
  Total Memory:          40339.3125 MB
  Multi Processor Count: 98
  Compute Capability:    8.0
--------------------------------------------------
