[32m[I 2025-04-10 21:42:14,578][0m Trial 42 finished with value: 282.330267700336 and parameters: {'num_leaves': 76, 'max_depth': 10, 'learning_rate': 0.09718124520656506, 'min_child_weight': 0.0001997409966260326, 'min_child_samples': 16, 'subsample': 0.5331946241759831, 'colsample_bytree': 0.9031286357019382, 'optional_reg_lambda': False, 'n_bins': 113}. Best is trial 35 with value: 239.1903090396768.[0m
[LightGBM] [Info] Auto-choosing col-wise multi-threading, the overhead of testing was 0.695331 seconds.
You can set `force_col_wise=true` to remove the overhead.
[LightGBM] [Info] Total Bins 408000
[LightGBM] [Info] Number of data points in the train set: 214203, number of used features: 1600
[LightGBM] [Info] Start training from score 0.000000
[32m[I 2025-04-10 21:43:05,138][0m Trial 43 finished with value: 267.33779780605425 and parameters: {'num_leaves': 82, 'max_depth': 9, 'learning_rate': 0.3840376247755048, 'min_child_weight': 1.7831258573009547e-05, 'min_child_samples': 25, 'subsample': 0.6059700780883052, 'colsample_bytree': 0.9566372546560336, 'optional_reg_lambda': False, 'n_bins': 167}. Best is trial 35 with value: 239.1903090396768.[0m
[LightGBM] [Info] Auto-choosing col-wise multi-threading, the overhead of testing was 0.368946 seconds.
You can set `force_col_wise=true` to remove the overhead.
[LightGBM] [Info] Total Bins 408000
[LightGBM] [Info] Number of data points in the train set: 214203, number of used features: 1600
[LightGBM] [Info] Start training from score 0.000000
[32m[I 2025-04-10 21:43:35,278][0m Trial 44 finished with value: 249.7137640832686 and parameters: {'num_leaves': 73, 'max_depth': 10, 'learning_rate': 0.19053215318805647, 'min_child_weight': 2.9046937048187097e-05, 'min_child_samples': 8, 'subsample': 0.5667803471626659, 'colsample_bytree': 0.5025648461989745, 'optional_reg_lambda': False, 'n_bins': 98}. Best is trial 35 with value: 239.1903090396768.[0m
[LightGBM] [Info] Auto-choosing col-wise multi-threading, the overhead of testing was 0.751761 seconds.
You can set `force_col_wise=true` to remove the overhead.
[LightGBM] [Info] Total Bins 408000
[LightGBM] [Info] Number of data points in the train set: 214203, number of used features: 1600
[LightGBM] [Info] Start training from score 0.000000
[32m[I 2025-04-10 21:44:15,818][0m Trial 45 finished with value: 257.2264138715836 and parameters: {'num_leaves': 96, 'max_depth': 9, 'learning_rate': 0.11980375322077415, 'min_child_weight': 7.167779248295689e-05, 'min_child_samples': 20, 'subsample': 0.5918377833438357, 'colsample_bytree': 0.9165416381121775, 'optional_reg_lambda': False, 'n_bins': 72}. Best is trial 35 with value: 239.1903090396768.[0m
[LightGBM] [Info] Auto-choosing col-wise multi-threading, the overhead of testing was 0.778269 seconds.
You can set `force_col_wise=true` to remove the overhead.
[LightGBM] [Info] Total Bins 408000
[LightGBM] [Info] Number of data points in the train set: 214203, number of used features: 1600
[LightGBM] [Info] Start training from score 0.000000
[32m[I 2025-04-10 21:44:40,399][0m Trial 46 finished with value: 361.6166848348715 and parameters: {'num_leaves': 90, 'max_depth': 3, 'learning_rate': 0.6038446069731632, 'min_child_weight': 0.0001467798501924899, 'min_child_samples': 13, 'subsample': 0.6690611830429029, 'colsample_bytree': 0.9778001574901675, 'optional_reg_lambda': False, 'n_bins': 121}. Best is trial 35 with value: 239.1903090396768.[0m
[LightGBM] [Info] Auto-choosing col-wise multi-threading, the overhead of testing was 0.586148 seconds.
You can set `force_col_wise=true` to remove the overhead.
[LightGBM] [Info] Total Bins 408000
[LightGBM] [Info] Number of data points in the train set: 214203, number of used features: 1600
[LightGBM] [Info] Start training from score 0.000000
[32m[I 2025-04-10 21:45:18,424][0m Trial 47 finished with value: 255.0493349124878 and parameters: {'num_leaves': 68, 'max_depth': 8, 'learning_rate': 0.25297503598872395, 'min_child_weight': 0.0011872362474610154, 'min_child_samples': 29, 'subsample': 0.5507565706727786, 'colsample_bytree': 0.9355131149489939, 'optional_reg_lambda': False, 'n_bins': 139}. Best is trial 35 with value: 239.1903090396768.[0m
[LightGBM] [Info] Auto-choosing col-wise multi-threading, the overhead of testing was 0.808308 seconds.
You can set `force_col_wise=true` to remove the overhead.
[LightGBM] [Info] Total Bins 408000
[LightGBM] [Info] Number of data points in the train set: 214203, number of used features: 1600
[LightGBM] [Info] Start training from score 0.000000
[32m[I 2025-04-10 21:45:58,369][0m Trial 48 finished with value: 399.1487580346084 and parameters: {'num_leaves': 96, 'max_depth': 9, 'learning_rate': 0.04387186279855668, 'min_child_weight': 2.970940738478009e-05, 'min_child_samples': 60, 'subsample': 0.6330476453115044, 'colsample_bytree': 0.8673662856559398, 'optional_reg_lambda': False, 'n_bins': 34}. Best is trial 35 with value: 239.1903090396768.[0m
[LightGBM] [Info] Auto-choosing col-wise multi-threading, the overhead of testing was 0.658334 seconds.
You can set `force_col_wise=true` to remove the overhead.
[LightGBM] [Info] Total Bins 408000
[LightGBM] [Info] Number of data points in the train set: 214203, number of used features: 1600
[LightGBM] [Info] Start training from score 0.000000
[32m[I 2025-04-10 21:46:30,407][0m Trial 49 finished with value: 304.8707534642891 and parameters: {'num_leaves': 59, 'max_depth': 10, 'learning_rate': 0.6514431017071176, 'min_child_weight': 1.6570950217502747e-05, 'min_child_samples': 88, 'subsample': 0.9376159041553713, 'colsample_bytree': 0.6245480623847244, 'optional_reg_lambda': False, 'n_bins': 116}. Best is trial 35 with value: 239.1903090396768.[0m
Best Hyper-Parameters
{'model': {'num_leaves': 100, 'max_depth': 9, 'learning_rate': 0.20860029888517748, 'min_child_weight': 0.0010331274628499986, 'min_child_samples': 19, 'subsample': 0.6024512932831131, 'colsample_bytree': 0.9482329843555024, 'reg_lambda': 0.0}, 'fit': {'n_bins': 116}}
{'model': {'num_leaves': 100, 'max_depth': 9, 'learning_rate': 0.20860029888517748, 'min_child_weight': 0.0010331274628499986, 'min_child_samples': 19, 'subsample': 0.6024512932831131, 'colsample_bytree': 0.9482329843555024, 'reg_lambda': 0.0}, 'fit': {'n_bins': 116}}
[LightGBM] [Info] Auto-choosing col-wise multi-threading, the overhead of testing was 0.676151 seconds.
You can set `force_col_wise=true` to remove the overhead.
[LightGBM] [Info] Total Bins 408000
[LightGBM] [Info] Number of data points in the train set: 214203, number of used features: 1600
[LightGBM] [Info] Start training from score 0.000000
lightgbm: 1 Trials
MAE Results: 1.86553668e+02
MAE MEAN = 1.86553668e+02 ± 0.00000000e+00
R2 Results: 9.28017988e-01
R2 MEAN = 9.28017988e-01 ± 0.00000000e+00
RMSE Results: 2.39048536e+02
RMSE MEAN = 2.39048536e+02 ± 0.00000000e+00
Time Results: 38.28638315
Time MEAN = 38.28638315 ± 0.00000000
-------------------- GPU info --------------------
1 GPU Available.
GPU 0: NVIDIA A100-PCIE-40GB MIG 7g.40gb
  Total Memory:          40326.375 MB
  Multi Processor Count: 98
  Compute Capability:    8.0
--------------------------------------------------
