[32m[I 2025-04-10 22:08:21,338][0m Trial 14 finished with value: 197.79929126320275 and parameters: {'num_leaves': 79, 'max_depth': 7, 'learning_rate': 0.2566300296835481, 'min_child_weight': 3.8820047079601927e-05, 'min_child_samples': 38, 'subsample': 0.5719994418156998, 'colsample_bytree': 0.8155480698204522, 'optional_reg_lambda': True, 'reg_lambda': 0.020003590318161478, 'n_bins': 121}. Best is trial 13 with value: 193.80718826081448.[0m
[LightGBM] [Info] Auto-choosing col-wise multi-threading, the overhead of testing was 1.454096 seconds.
You can set `force_col_wise=true` to remove the overhead.
[LightGBM] [Info] Total Bins 816000
[LightGBM] [Info] Number of data points in the train set: 214203, number of used features: 3200
[LightGBM] [Info] Start training from score 0.000000
[32m[I 2025-04-10 22:09:51,501][0m Trial 15 finished with value: 186.42916658166604 and parameters: {'num_leaves': 78, 'max_depth': 9, 'learning_rate': 0.2551604159901272, 'min_child_weight': 4.949133181572869e-05, 'min_child_samples': 37, 'subsample': 0.7158998594096244, 'colsample_bytree': 0.8040608591736728, 'optional_reg_lambda': True, 'reg_lambda': 0.020055071580562057, 'n_bins': 123}. Best is trial 15 with value: 186.42916658166604.[0m
[LightGBM] [Info] Auto-choosing col-wise multi-threading, the overhead of testing was 1.501558 seconds.
You can set `force_col_wise=true` to remove the overhead.
[LightGBM] [Info] Total Bins 816000
[LightGBM] [Info] Number of data points in the train set: 214203, number of used features: 3200
[LightGBM] [Info] Start training from score 0.000000
[32m[I 2025-04-10 22:11:43,492][0m Trial 16 finished with value: 193.03159392916896 and parameters: {'num_leaves': 80, 'max_depth': 9, 'learning_rate': 0.18100881874600078, 'min_child_weight': 0.0004337043408467618, 'min_child_samples': 36, 'subsample': 0.7404399856185908, 'colsample_bytree': 0.8409567874457935, 'optional_reg_lambda': True, 'reg_lambda': 0.021911007822311358, 'n_bins': 87}. Best is trial 15 with value: 186.42916658166604.[0m
[LightGBM] [Info] Auto-choosing col-wise multi-threading, the overhead of testing was 1.821181 seconds.
You can set `force_col_wise=true` to remove the overhead.
[LightGBM] [Info] Total Bins 816000
[LightGBM] [Info] Number of data points in the train set: 214203, number of used features: 3200
[LightGBM] [Info] Start training from score 0.000000
[32m[I 2025-04-10 22:13:12,470][0m Trial 17 finished with value: 182.31523909994934 and parameters: {'num_leaves': 82, 'max_depth': 9, 'learning_rate': 0.18457712259657322, 'min_child_weight': 0.0003373846416791154, 'min_child_samples': 57, 'subsample': 0.726536406624549, 'colsample_bytree': 0.782115955291066, 'optional_reg_lambda': True, 'reg_lambda': 0.010384549772322269, 'n_bins': 88}. Best is trial 17 with value: 182.31523909994934.[0m
[LightGBM] [Info] Auto-choosing col-wise multi-threading, the overhead of testing was 1.656877 seconds.
You can set `force_col_wise=true` to remove the overhead.
[LightGBM] [Info] Total Bins 816000
[LightGBM] [Info] Number of data points in the train set: 214203, number of used features: 3200
[LightGBM] [Info] Start training from score 0.000000
[32m[I 2025-04-10 22:15:14,634][0m Trial 18 finished with value: 525.2621514411055 and parameters: {'num_leaves': 86, 'max_depth': 9, 'learning_rate': 0.014940903018475091, 'min_child_weight': 0.000737539635803097, 'min_child_samples': 56, 'subsample': 0.8051207918936953, 'colsample_bytree': 0.7498182102745771, 'optional_reg_lambda': True, 'reg_lambda': 0.0001554927362065838, 'n_bins': 58}. Best is trial 17 with value: 182.31523909994934.[0m
[LightGBM] [Info] Auto-choosing col-wise multi-threading, the overhead of testing was 2.226975 seconds.
You can set `force_col_wise=true` to remove the overhead.
[LightGBM] [Info] Total Bins 816000
[LightGBM] [Info] Number of data points in the train set: 214203, number of used features: 3200
[LightGBM] [Info] Start training from score 0.000000
[32m[I 2025-04-10 22:17:07,072][0m Trial 19 finished with value: 216.18609690163663 and parameters: {'num_leaves': 70, 'max_depth': 8, 'learning_rate': 0.12801546616128673, 'min_child_weight': 0.04647181884652555, 'min_child_samples': 68, 'subsample': 0.7029754508121618, 'colsample_bytree': 0.7815768374407885, 'optional_reg_lambda': True, 'reg_lambda': 0.006219536446624448, 'n_bins': 150}. Best is trial 17 with value: 182.31523909994934.[0m
[LightGBM] [Info] Auto-choosing col-wise multi-threading, the overhead of testing was 2.071431 seconds.
You can set `force_col_wise=true` to remove the overhead.
[LightGBM] [Info] Total Bins 816000
[LightGBM] [Info] Number of data points in the train set: 214203, number of used features: 3200
[LightGBM] [Info] Start training from score 0.000000
[LightGBM] [Warning] No further splits with positive gain, best gain: -inf
[32m[I 2025-04-10 22:18:33,002][0m Trial 20 finished with value: 203.1499128837472 and parameters: {'num_leaves': 42, 'max_depth': 6, 'learning_rate': 0.38334488194013094, 'min_child_weight': 0.00036911332213862276, 'min_child_samples': 48, 'subsample': 0.8459479193560109, 'colsample_bytree': 0.7163929390978533, 'optional_reg_lambda': True, 'reg_lambda': 0.0003802380009415919, 'n_bins': 89}. Best is trial 17 with value: 182.31523909994934.[0m
[LightGBM] [Info] Auto-choosing col-wise multi-threading, the overhead of testing was 1.928301 seconds.
You can set `force_col_wise=true` to remove the overhead.
[LightGBM] [Info] Total Bins 816000
[LightGBM] [Info] Number of data points in the train set: 214203, number of used features: 3200
[LightGBM] [Info] Start training from score 0.000000
[32m[I 2025-04-10 22:20:44,907][0m Trial 21 finished with value: 191.78078757759312 and parameters: {'num_leaves': 86, 'max_depth': 9, 'learning_rate': 0.16596999282207497, 'min_child_weight': 0.0005141763564988991, 'min_child_samples': 32, 'subsample': 0.7369037889237509, 'colsample_bytree': 0.8383700701042638, 'optional_reg_lambda': True, 'reg_lambda': 0.007685087816527742, 'n_bins': 83}. Best is trial 17 with value: 182.31523909994934.[0m
[LightGBM] [Info] Auto-choosing col-wise multi-threading, the overhead of testing was 2.169470 seconds.
You can set `force_col_wise=true` to remove the overhead.
[LightGBM] [Info] Total Bins 816000
[LightGBM] [Info] Number of data points in the train set: 214203, number of used features: 3200
[LightGBM] [Info] Start training from score 0.000000
[32m[I 2025-04-10 22:22:50,368][0m Trial 22 finished with value: 191.2129528034357 and parameters: {'num_leaves': 88, 'max_depth': 9, 'learning_rate': 0.13864650279523288, 'min_child_weight': 9.090886898387161e-05, 'min_child_samples': 30, 'subsample': 0.6966442160149214, 'colsample_bytree': 0.8016847208636497, 'optional_reg_lambda': True, 'reg_lambda': 0.006411099941524811, 'n_bins': 47}. Best is trial 17 with value: 182.31523909994934.[0m
[LightGBM] [Info] Auto-choosing col-wise multi-threading, the overhead of testing was 1.851354 seconds.
You can set `force_col_wise=true` to remove the overhead.
[LightGBM] [Info] Total Bins 816000
[LightGBM] [Info] Number of data points in the train set: 214203, number of used features: 3200
[LightGBM] [Info] Start training from score 0.000000
[32m[I 2025-04-10 22:25:00,262][0m Trial 23 finished with value: 241.98397311715254 and parameters: {'num_leaves': 100, 'max_depth': 8, 'learning_rate': 0.08687298571740133, 'min_child_weight': 4.888385777639252e-05, 'min_child_samples': 50, 'subsample': 0.6931724078150582, 'colsample_bytree': 0.7951675534722112, 'optional_reg_lambda': True, 'reg_lambda': 0.10360009247396242, 'n_bins': 39}. Best is trial 17 with value: 182.31523909994934.[0m
[LightGBM] [Info] Auto-choosing col-wise multi-threading, the overhead of testing was 2.041510 seconds.
You can set `force_col_wise=true` to remove the overhead.
[LightGBM] [Info] Total Bins 816000
[LightGBM] [Info] Number of data points in the train set: 214203, number of used features: 3200
[LightGBM] [Info] Start training from score 0.000000
[32m[I 2025-04-10 22:26:41,499][0m Trial 24 finished with value: 215.42395658880565 and parameters: {'num_leaves': 73, 'max_depth': 10, 'learning_rate': 0.4571093637596622, 'min_child_weight': 7.615725366929226e-05, 'min_child_samples': 24, 'subsample': 0.7760972984213395, 'colsample_bytree': 0.7158539050249291, 'optional_reg_lambda': True, 'reg_lambda': 0.003640484299328658, 'n_bins': 51}. Best is trial 17 with value: 182.31523909994934.[0m
[LightGBM] [Info] Auto-choosing col-wise multi-threading, the overhead of testing was 2.096983 seconds.
You can set `force_col_wise=true` to remove the overhead.
[LightGBM] [Info] Total Bins 816000
[LightGBM] [Info] Number of data points in the train set: 214203, number of used features: 3200
[LightGBM] [Info] Start training from score 0.000000
[32m[I 2025-04-10 22:29:00,971][0m Trial 25 finished with value: 459.2129970286634 and parameters: {'num_leaves': 90, 'max_depth': 9, 'learning_rate': 0.02343260457383333, 'min_child_weight': 0.00022537003754973222, 'min_child_samples': 4, 'subsample': 0.8763781936042236, 'colsample_bytree': 0.8769240980731694, 'optional_reg_lambda': True, 'reg_lambda': 0.011769784208231734, 'n_bins': 97}. Best is trial 17 with value: 182.31523909994934.[0m
[LightGBM] [Info] Auto-choosing col-wise multi-threading, the overhead of testing was 1.926296 seconds.
You can set `force_col_wise=true` to remove the overhead.
[LightGBM] [Info] Total Bins 816000
[LightGBM] [Info] Number of data points in the train set: 214203, number of used features: 3200
[LightGBM] [Info] Start training from score 0.000000
[32m[I 2025-04-10 22:30:52,774][0m Trial 26 finished with value: 188.37537352002184 and parameters: {'num_leaves': 77, 'max_depth': 8, 'learning_rate': 0.26741002826435983, 'min_child_weight': 0.0011680219744789162, 'min_child_samples': 67, 'subsample': 0.7050299075884835, 'colsample_bytree': 0.7401084100145844, 'optional_reg_lambda': False, 'n_bins': 139}. Best is trial 17 with value: 182.31523909994934.[0m
[LightGBM] [Info] Auto-choosing col-wise multi-threading, the overhead of testing was 1.604664 seconds.
You can set `force_col_wise=true` to remove the overhead.
[LightGBM] [Info] Total Bins 816000
[LightGBM] [Info] Number of data points in the train set: 214203, number of used features: 3200
[LightGBM] [Info] Start training from score 0.000000
[32m[I 2025-04-10 22:32:16,415][0m Trial 27 finished with value: 195.08878910673275 and parameters: {'num_leaves': 76, 'max_depth': 8, 'learning_rate': 0.24164755602005925, 'min_child_weight': 0.0012365144279995544, 'min_child_samples': 71, 'subsample': 0.7685255105265294, 'colsample_bytree': 0.663192188528888, 'optional_reg_lambda': False, 'n_bins': 143}. Best is trial 17 with value: 182.31523909994934.[0m
[LightGBM] [Info] Auto-choosing col-wise multi-threading, the overhead of testing was 2.010807 seconds.
You can set `force_col_wise=true` to remove the overhead.
[LightGBM] [Info] Total Bins 816000
[LightGBM] [Info] Number of data points in the train set: 214203, number of used features: 3200
[LightGBM] [Info] Start training from score 0.000000
[32m[I 2025-04-10 22:34:10,402][0m Trial 28 finished with value: 437.27776249753117 and parameters: {'num_leaves': 68, 'max_depth': 7, 'learning_rate': 0.03496040711989342, 'min_child_weight': 0.014527300228110178, 'min_child_samples': 82, 'subsample': 0.6808938790300747, 'colsample_bytree': 0.7435581392671323, 'optional_reg_lambda': False, 'n_bins': 107}. Best is trial 17 with value: 182.31523909994934.[0m
[LightGBM] [Info] Auto-choosing col-wise multi-threading, the overhead of testing was 1.971643 seconds.
You can set `force_col_wise=true` to remove the overhead.
[LightGBM] [Info] Total Bins 816000
[LightGBM] [Info] Number of data points in the train set: 214203, number of used features: 3200
[LightGBM] [Info] Start training from score 0.000000
[32m[I 2025-04-10 22:36:05,755][0m Trial 29 finished with value: 340.19056626131277 and parameters: {'num_leaves': 67, 'max_depth': 8, 'learning_rate': 0.057170212069230945, 'min_child_weight': 0.0017882250069821415, 'min_child_samples': 46, 'subsample': 0.598064590247601, 'colsample_bytree': 0.6989657626170172, 'optional_reg_lambda': False, 'n_bins': 146}. Best is trial 17 with value: 182.31523909994934.[0m
[LightGBM] [Info] Auto-choosing col-wise multi-threading, the overhead of testing was 1.618947 seconds.
You can set `force_col_wise=true` to remove the overhead.
[LightGBM] [Info] Total Bins 816000
[LightGBM] [Info] Number of data points in the train set: 214203, number of used features: 3200
[LightGBM] [Info] Start training from score 0.000000
[32m[I 2025-04-10 22:37:34,697][0m Trial 30 finished with value: 212.94497312245258 and parameters: {'num_leaves': 44, 'max_depth': 8, 'learning_rate': 0.48921176068162786, 'min_child_weight': 0.007946182446209716, 'min_child_samples': 63, 'subsample': 0.8534785096953766, 'colsample_bytree': 0.5840551267792055, 'optional_reg_lambda': False, 'n_bins': 73}. Best is trial 17 with value: 182.31523909994934.[0m
[LightGBM] [Info] Auto-choosing col-wise multi-threading, the overhead of testing was 1.840688 seconds.
You can set `force_col_wise=true` to remove the overhead.
[LightGBM] [Info] Total Bins 816000
[LightGBM] [Info] Number of data points in the train set: 214203, number of used features: 3200
[LightGBM] [Info] Start training from score 0.000000
[32m[I 2025-04-10 22:39:11,696][0m Trial 31 finished with value: 190.30431222764278 and parameters: {'num_leaves': 87, 'max_depth': 9, 'learning_rate': 0.16946765360926763, 'min_child_weight': 0.00031089151254491763, 'min_child_samples': 55, 'subsample': 0.7045548462289736, 'colsample_bytree': 0.7956167428569544, 'optional_reg_lambda': True, 'reg_lambda': 0.15482256152584892, 'n_bins': 38}. Best is trial 17 with value: 182.31523909994934.[0m
[LightGBM] [Info] Auto-choosing col-wise multi-threading, the overhead of testing was 1.869984 seconds.
You can set `force_col_wise=true` to remove the overhead.
[LightGBM] [Info] Total Bins 816000
[LightGBM] [Info] Number of data points in the train set: 214203, number of used features: 3200
[LightGBM] [Info] Start training from score 0.000000
[32m[I 2025-04-10 22:40:44,947][0m Trial 32 finished with value: 189.83056893597424 and parameters: {'num_leaves': 82, 'max_depth': 9, 'learning_rate': 0.21462747232972496, 'min_child_weight': 0.0008689178046080768, 'min_child_samples': 55, 'subsample': 0.7750790371645067, 'colsample_bytree': 0.7724177411905888, 'optional_reg_lambda': False, 'n_bins': 32}. Best is trial 17 with value: 182.31523909994934.[0m
[LightGBM] [Info] Auto-choosing col-wise multi-threading, the overhead of testing was 1.884437 seconds.
You can set `force_col_wise=true` to remove the overhead.
[LightGBM] [Info] Total Bins 816000
[LightGBM] [Info] Number of data points in the train set: 214203, number of used features: 3200
[LightGBM] [Info] Start training from score 0.000000
[32m[I 2025-04-10 22:42:14,911][0m Trial 33 finished with value: 233.46784832421952 and parameters: {'num_leaves': 81, 'max_depth': 10, 'learning_rate': 0.08855415401165041, 'min_child_weight': 0.0008471108314955976, 'min_child_samples': 69, 'subsample': 0.779289278589405, 'colsample_bytree': 0.7588613515274449, 'optional_reg_lambda': False, 'n_bins': 136}. Best is trial 17 with value: 182.31523909994934.[0m
[LightGBM] [Info] Auto-choosing col-wise multi-threading, the overhead of testing was 1.995825 seconds.
You can set `force_col_wise=true` to remove the overhead.
[LightGBM] [Info] Total Bins 816000
[LightGBM] [Info] Number of data points in the train set: 214203, number of used features: 3200
[LightGBM] [Info] Start training from score 0.000000
[32m[I 2025-04-10 22:43:33,389][0m Trial 34 finished with value: 239.75045379091117 and parameters: {'num_leaves': 60, 'max_depth': 9, 'learning_rate': 0.6299073851899348, 'min_child_weight': 0.0014565690328372475, 'min_child_samples': 45, 'subsample': 0.7578932029508576, 'colsample_bytree': 0.7357961049265982, 'optional_reg_lambda': False, 'n_bins': 157}. Best is trial 17 with value: 182.31523909994934.[0m
[LightGBM] [Info] Auto-choosing col-wise multi-threading, the overhead of testing was 2.046068 seconds.
You can set `force_col_wise=true` to remove the overhead.
[LightGBM] [Info] Total Bins 816000
[LightGBM] [Info] Number of data points in the train set: 214203, number of used features: 3200
[LightGBM] [Info] Start training from score 0.000000
[32m[I 2025-04-10 22:44:53,221][0m Trial 35 finished with value: 196.72797729691823 and parameters: {'num_leaves': 54, 'max_depth': 8, 'learning_rate': 0.25593048540698116, 'min_child_weight': 0.000702511346680029, 'min_child_samples': 53, 'subsample': 0.8062529000077081, 'colsample_bytree': 0.6968320723391386, 'optional_reg_lambda': False, 'n_bins': 105}. Best is trial 17 with value: 182.31523909994934.[0m
[LightGBM] [Info] Auto-choosing col-wise multi-threading, the overhead of testing was 1.720865 seconds.
You can set `force_col_wise=true` to remove the overhead.
[LightGBM] [Info] Total Bins 816000
[LightGBM] [Info] Number of data points in the train set: 214203, number of used features: 3200
[LightGBM] [Info] Start training from score 0.000000
[LightGBM] [Warning] No further splits with positive gain, best gain: -inf
[LightGBM] [Warning] No further splits with positive gain, best gain: -inf
[LightGBM] [Warning] No further splits with positive gain, best gain: -inf
[LightGBM] [Warning] No further splits with positive gain, best gain: -inf
[LightGBM] [Warning] No further splits with positive gain, best gain: -inf
[LightGBM] [Warning] No further splits with positive gain, best gain: -inf
[LightGBM] [Warning] No further splits with positive gain, best gain: -inf
[LightGBM] [Warning] No further splits with positive gain, best gain: -inf
[LightGBM] [Warning] No further splits with positive gain, best gain: -inf
[32m[I 2025-04-10 22:46:23,217][0m Trial 36 finished with value: 202.74019348729735 and parameters: {'num_leaves': 78, 'max_depth': 7, 'learning_rate': 0.37610381485861916, 'min_child_weight': 0.0021844436335515336, 'min_child_samples': 64, 'subsample': 0.6675509891414528, 'colsample_bytree': 0.8563094105338807, 'optional_reg_lambda': False, 'n_bins': 218}. Best is trial 17 with value: 182.31523909994934.[0m
[LightGBM] [Info] Auto-choosing col-wise multi-threading, the overhead of testing was 2.809381 seconds.
You can set `force_col_wise=true` to remove the overhead.
[LightGBM] [Info] Total Bins 816000
[LightGBM] [Info] Number of data points in the train set: 214203, number of used features: 3200
[LightGBM] [Info] Start training from score 0.000000
[32m[I 2025-04-10 22:48:27,095][0m Trial 37 finished with value: 230.1233418078683 and parameters: {'num_leaves': 73, 'max_depth': 9, 'learning_rate': 0.10588638226901356, 'min_child_weight': 0.002780267475445763, 'min_child_samples': 80, 'subsample': 0.7183018095910569, 'colsample_bytree': 0.920375058467003, 'optional_reg_lambda': False, 'n_bins': 163}. Best is trial 17 with value: 182.31523909994934.[0m
[LightGBM] [Info] Auto-choosing col-wise multi-threading, the overhead of testing was 2.142896 seconds.
You can set `force_col_wise=true` to remove the overhead.
[LightGBM] [Info] Total Bins 816000
[LightGBM] [Info] Number of data points in the train set: 214203, number of used features: 3200
[LightGBM] [Info] Start training from score 0.000000
[32m[I 2025-04-10 22:50:43,775][0m Trial 38 finished with value: 685.1571126734731 and parameters: {'num_leaves': 83, 'max_depth': 10, 'learning_rate': 0.0049012626451756264, 'min_child_weight': 0.004997252691342246, 'min_child_samples': 73, 'subsample': 0.6049046537704481, 'colsample_bytree': 0.7711574946767522, 'optional_reg_lambda': False, 'n_bins': 119}. Best is trial 17 with value: 182.31523909994934.[0m
[LightGBM] [Info] Auto-choosing col-wise multi-threading, the overhead of testing was 1.294257 seconds.
You can set `force_col_wise=true` to remove the overhead.
[LightGBM] [Info] Total Bins 816000
[LightGBM] [Info] Number of data points in the train set: 214203, number of used features: 3200
[LightGBM] [Info] Start training from score 0.000000
[32m[I 2025-04-10 22:51:59,035][0m Trial 39 finished with value: 453.0317701920239 and parameters: {'num_leaves': 13, 'max_depth': 7, 'learning_rate': 0.0697336793491913, 'min_child_weight': 1.1186756577217059e-05, 'min_child_samples': 59, 'subsample': 0.7943513262646141, 'colsample_bytree': 0.503882485361904, 'optional_reg_lambda': False, 'n_bins': 75}. Best is trial 17 with value: 182.31523909994934.[0m
[LightGBM] [Info] Auto-choosing col-wise multi-threading, the overhead of testing was 2.212886 seconds.
You can set `force_col_wise=true` to remove the overhead.
[LightGBM] [Info] Total Bins 816000
[LightGBM] [Info] Number of data points in the train set: 214203, number of used features: 3200
[LightGBM] [Info] Start training from score 0.000000
[32m[I 2025-04-10 22:53:49,271][0m Trial 40 finished with value: 193.57403550838683 and parameters: {'num_leaves': 65, 'max_depth': 8, 'learning_rate': 0.24409396803385164, 'min_child_weight': 2.2162413718578133e-05, 'min_child_samples': 44, 'subsample': 0.7320741345411227, 'colsample_bytree': 0.8135712513689699, 'optional_reg_lambda': False, 'n_bins': 199}. Best is trial 17 with value: 182.31523909994934.[0m
[LightGBM] [Info] Auto-choosing col-wise multi-threading, the overhead of testing was 2.261358 seconds.
You can set `force_col_wise=true` to remove the overhead.
[LightGBM] [Info] Total Bins 816000
[LightGBM] [Info] Number of data points in the train set: 214203, number of used features: 3200
[LightGBM] [Info] Start training from score 0.000000
