[32m[I 2025-04-10 22:55:45,798][0m Trial 41 finished with value: 187.22800734390782 and parameters: {'num_leaves': 92, 'max_depth': 9, 'learning_rate': 0.17878939372282648, 'min_child_weight': 0.00028672986879069525, 'min_child_samples': 53, 'subsample': 0.7125133574325025, 'colsample_bytree': 0.7799309666993248, 'optional_reg_lambda': True, 'reg_lambda': 0.1791825065124144, 'n_bins': 38}. Best is trial 17 with value: 182.31523909994934.[0m
[LightGBM] [Info] Auto-choosing col-wise multi-threading, the overhead of testing was 2.140641 seconds.
You can set `force_col_wise=true` to remove the overhead.
[LightGBM] [Info] Total Bins 816000
[LightGBM] [Info] Number of data points in the train set: 214203, number of used features: 3200
[LightGBM] [Info] Start training from score 0.000000
[32m[I 2025-04-10 22:57:34,872][0m Trial 42 finished with value: 185.57380967446508 and parameters: {'num_leaves': 92, 'max_depth': 9, 'learning_rate': 0.1916636330805938, 'min_child_weight': 0.0010904702050327244, 'min_child_samples': 51, 'subsample': 0.831196971196074, 'colsample_bytree': 0.689035100824, 'optional_reg_lambda': True, 'reg_lambda': 0.18260154142768484, 'n_bins': 32}. Best is trial 17 with value: 182.31523909994934.[0m
[LightGBM] [Info] Auto-choosing col-wise multi-threading, the overhead of testing was 2.044537 seconds.
You can set `force_col_wise=true` to remove the overhead.
[LightGBM] [Info] Total Bins 816000
[LightGBM] [Info] Number of data points in the train set: 214203, number of used features: 3200
[LightGBM] [Info] Start training from score 0.000000
[32m[I 2025-04-10 22:58:54,433][0m Trial 43 finished with value: 238.09305401600383 and parameters: {'num_leaves': 93, 'max_depth': 10, 'learning_rate': 0.5469628953167018, 'min_child_weight': 0.0002972015354047905, 'min_child_samples': 65, 'subsample': 0.8822869784388226, 'colsample_bytree': 0.6794261948879694, 'optional_reg_lambda': True, 'reg_lambda': 0.20490478162432318, 'n_bins': 26}. Best is trial 17 with value: 182.31523909994934.[0m
[LightGBM] [Info] Auto-choosing col-wise multi-threading, the overhead of testing was 2.070554 seconds.
You can set `force_col_wise=true` to remove the overhead.
[LightGBM] [Info] Total Bins 816000
[LightGBM] [Info] Number of data points in the train set: 214203, number of used features: 3200
[LightGBM] [Info] Start training from score 0.000000
[32m[I 2025-04-10 23:00:49,428][0m Trial 44 finished with value: 193.55533040258211 and parameters: {'num_leaves': 100, 'max_depth': 9, 'learning_rate': 0.13373165878901047, 'min_child_weight': 0.0005594829181271275, 'min_child_samples': 19, 'subsample': 0.6661906809028985, 'colsample_bytree': 0.636296551744481, 'optional_reg_lambda': True, 'reg_lambda': 0.04053116453432192, 'n_bins': 9}. Best is trial 17 with value: 182.31523909994934.[0m
[LightGBM] [Info] Auto-choosing col-wise multi-threading, the overhead of testing was 2.452551 seconds.
You can set `force_col_wise=true` to remove the overhead.
[LightGBM] [Info] Total Bins 816000
[LightGBM] [Info] Number of data points in the train set: 214203, number of used features: 3200
[LightGBM] [Info] Start training from score 0.000000
[32m[I 2025-04-10 23:02:50,634][0m Trial 45 finished with value: 331.52945286716 and parameters: {'num_leaves': 91, 'max_depth': 8, 'learning_rate': 0.05189759594305801, 'min_child_weight': 0.0011718874399882337, 'min_child_samples': 41, 'subsample': 0.8266014179144873, 'colsample_bytree': 0.7270218682743886, 'optional_reg_lambda': True, 'reg_lambda': 0.2622363616416654, 'n_bins': 132}. Best is trial 17 with value: 182.31523909994934.[0m
[LightGBM] [Info] Auto-choosing col-wise multi-threading, the overhead of testing was 1.981431 seconds.
You can set `force_col_wise=true` to remove the overhead.
[LightGBM] [Info] Total Bins 816000
[LightGBM] [Info] Number of data points in the train set: 214203, number of used features: 3200
[LightGBM] [Info] Start training from score 0.000000
[32m[I 2025-04-10 23:04:13,638][0m Trial 46 finished with value: 196.92891052666766 and parameters: {'num_leaves': 95, 'max_depth': 10, 'learning_rate': 0.3351137044408038, 'min_child_weight': 0.0002207237164505909, 'min_child_samples': 34, 'subsample': 0.7178245108789473, 'colsample_bytree': 0.6187780271509228, 'optional_reg_lambda': True, 'reg_lambda': 0.03304569344834905, 'n_bins': 2}. Best is trial 17 with value: 182.31523909994934.[0m
[LightGBM] [Info] Auto-choosing col-wise multi-threading, the overhead of testing was 1.777511 seconds.
You can set `force_col_wise=true` to remove the overhead.
[LightGBM] [Info] Total Bins 816000
[LightGBM] [Info] Number of data points in the train set: 214203, number of used features: 3200
[LightGBM] [Info] Start training from score 0.000000
[32m[I 2025-04-10 23:05:20,241][0m Trial 47 finished with value: 243.866437327496 and parameters: {'num_leaves': 76, 'max_depth': 3, 'learning_rate': 0.6784228617142392, 'min_child_weight': 0.00014651908458915503, 'min_child_samples': 60, 'subsample': 0.9630707005500985, 'colsample_bytree': 0.6887198918550637, 'optional_reg_lambda': True, 'reg_lambda': 0.09695945671671026, 'n_bins': 62}. Best is trial 17 with value: 182.31523909994934.[0m
[LightGBM] [Info] Auto-choosing col-wise multi-threading, the overhead of testing was 1.807952 seconds.
You can set `force_col_wise=true` to remove the overhead.
[LightGBM] [Info] Total Bins 816000
[LightGBM] [Info] Number of data points in the train set: 214203, number of used features: 3200
[LightGBM] [Info] Start training from score 0.000000
[LightGBM] [Warning] No further splits with positive gain, best gain: -inf
[LightGBM] [Warning] No further splits with positive gain, best gain: -inf
[LightGBM] [Warning] No further splits with positive gain, best gain: -inf
[LightGBM] [Warning] No further splits with positive gain, best gain: -inf
[LightGBM] [Warning] No further splits with positive gain, best gain: -inf
[LightGBM] [Warning] No further splits with positive gain, best gain: -inf
[LightGBM] [Warning] No further splits with positive gain, best gain: -inf
[LightGBM] [Warning] No further splits with positive gain, best gain: -inf
[LightGBM] [Warning] No further splits with positive gain, best gain: -inf
[32m[I 2025-04-10 23:06:42,531][0m Trial 48 finished with value: 669.8800677391209 and parameters: {'num_leaves': 85, 'max_depth': 6, 'learning_rate': 0.006037047328583126, 'min_child_weight': 7.787041381410669e-05, 'min_child_samples': 50, 'subsample': 0.537490711521464, 'colsample_bytree': 0.7582669305997288, 'optional_reg_lambda': True, 'reg_lambda': 0.3363879999170314, 'n_bins': 183}. Best is trial 17 with value: 182.31523909994934.[0m
[LightGBM] [Info] Auto-choosing col-wise multi-threading, the overhead of testing was 1.913178 seconds.
You can set `force_col_wise=true` to remove the overhead.
[LightGBM] [Info] Total Bins 816000
[LightGBM] [Info] Number of data points in the train set: 214203, number of used features: 3200
[LightGBM] [Info] Start training from score 0.000000
[32m[I 2025-04-10 23:08:21,866][0m Trial 49 finished with value: 198.86370188677571 and parameters: {'num_leaves': 90, 'max_depth': 9, 'learning_rate': 0.31551932258147974, 'min_child_weight': 0.005426120653842435, 'min_child_samples': 88, 'subsample': 0.6209064318266333, 'colsample_bytree': 0.8354681044227151, 'optional_reg_lambda': True, 'reg_lambda': 0.0012422846126621159, 'n_bins': 113}. Best is trial 17 with value: 182.31523909994934.[0m
Best Hyper-Parameters
{'model': {'num_leaves': 82, 'max_depth': 9, 'learning_rate': 0.18457712259657322, 'min_child_weight': 0.0003373846416791154, 'min_child_samples': 57, 'subsample': 0.726536406624549, 'colsample_bytree': 0.782115955291066, 'reg_lambda': 0.010384549772322269}, 'fit': {'n_bins': 88}}
{'model': {'num_leaves': 82, 'max_depth': 9, 'learning_rate': 0.18457712259657322, 'min_child_weight': 0.0003373846416791154, 'min_child_samples': 57, 'subsample': 0.726536406624549, 'colsample_bytree': 0.782115955291066, 'reg_lambda': 0.010384549772322269}, 'fit': {'n_bins': 88}}
[LightGBM] [Info] Auto-choosing col-wise multi-threading, the overhead of testing was 1.941785 seconds.
You can set `force_col_wise=true` to remove the overhead.
[LightGBM] [Info] Total Bins 816000
[LightGBM] [Info] Number of data points in the train set: 214203, number of used features: 3200
[LightGBM] [Info] Start training from score 0.000000
lightgbm: 1 Trials
MAE Results: 1.34953491e+02
MAE MEAN = 1.34953491e+02 ± 0.00000000e+00
R2 Results: 9.54150971e-01
R2 MEAN = 9.54150971e-01 ± 0.00000000e+00
RMSE Results: 1.82708775e+02
RMSE MEAN = 1.82708775e+02 ± 0.00000000e+00
Time Results: 105.80302668
Time MEAN = 105.80302668 ± 0.00000000
-------------------- GPU info --------------------
1 GPU Available.
GPU 0: NVIDIA A100-PCIE-40GB MIG 7g.40gb
  Total Memory:          40326.375 MB
  Multi Processor Count: 98
  Compute Capability:    8.0
--------------------------------------------------
