[32m[I 2025-04-09 01:01:45,787][0m Trial 41 finished with value: 187.9580481510982 and parameters: {'optional_alpha': False, 'colsample_bylevel': 0.73888269748794, 'colsample_bytree': 0.761784885772541, 'optional_gamma': True, 'gamma': 1.1600162047025222e-06, 'optional_lambda': True, 'lambda': 0.007717051102030977, 'learning_rate': 0.21681704321748188, 'max_depth': 9, 'min_child_weight': 17.431855900779006, 'subsample': 0.9475026468984069, 'n_bins': 103}. Best is trial 14 with value: 167.056915026493.[0m
[32m[I 2025-04-09 01:02:03,711][0m Trial 42 finished with value: 186.85840145304155 and parameters: {'optional_alpha': False, 'colsample_bylevel': 0.726358630207463, 'colsample_bytree': 0.7604912946748477, 'optional_gamma': True, 'gamma': 1.6874526517352263e-06, 'optional_lambda': True, 'lambda': 0.005175051704568878, 'learning_rate': 0.08546196586874107, 'max_depth': 9, 'min_child_weight': 35.987041988398445, 'subsample': 0.9544290974386069, 'n_bins': 134}. Best is trial 14 with value: 167.056915026493.[0m
[32m[I 2025-04-09 01:02:21,851][0m Trial 43 finished with value: 172.64789528786216 and parameters: {'optional_alpha': False, 'colsample_bylevel': 0.7370738772591161, 'colsample_bytree': 0.7591291479760691, 'optional_gamma': True, 'gamma': 2.4039241682244332e-06, 'optional_lambda': True, 'lambda': 0.007538816298586286, 'learning_rate': 0.10559255903599911, 'max_depth': 9, 'min_child_weight': 32.41156604100564, 'subsample': 0.9446022733269688, 'n_bins': 130}. Best is trial 14 with value: 167.056915026493.[0m
[32m[I 2025-04-09 01:02:37,071][0m Trial 44 finished with value: 645.7050024908407 and parameters: {'optional_alpha': False, 'colsample_bylevel': 0.6933663344101383, 'colsample_bytree': 0.7232444102629472, 'optional_gamma': True, 'gamma': 3.66121211577609e-05, 'optional_lambda': True, 'lambda': 0.00045745619972311805, 'learning_rate': 0.019945270474028644, 'max_depth': 9, 'min_child_weight': 11148.392679568784, 'subsample': 0.9772958315331669, 'n_bins': 158}. Best is trial 14 with value: 167.056915026493.[0m
[32m[I 2025-04-09 01:02:53,871][0m Trial 45 finished with value: 210.57446256149 and parameters: {'optional_alpha': False, 'colsample_bylevel': 0.6742178744553611, 'colsample_bytree': 0.6143562934058451, 'optional_gamma': True, 'gamma': 0.0001309374314121852, 'optional_lambda': True, 'lambda': 0.005013876777028048, 'learning_rate': 0.08794425360759137, 'max_depth': 8, 'min_child_weight': 6.058649923589423, 'subsample': 0.9444537595869738, 'n_bins': 193}. Best is trial 14 with value: 167.056915026493.[0m
[32m[I 2025-04-09 01:03:11,722][0m Trial 46 finished with value: 851.1006274309372 and parameters: {'optional_alpha': False, 'colsample_bylevel': 0.71591925333869, 'colsample_bytree': 0.6852827438302993, 'optional_gamma': True, 'gamma': 3.232695083836167e-06, 'optional_lambda': True, 'lambda': 0.0004340876446646203, 'learning_rate': 1.5454022632903e-05, 'max_depth': 9, 'min_child_weight': 502.95728195841184, 'subsample': 0.9731779097743227, 'n_bins': 131}. Best is trial 14 with value: 167.056915026493.[0m
[32m[I 2025-04-09 01:03:29,550][0m Trial 47 finished with value: 271.89420022823697 and parameters: {'optional_alpha': True, 'alpha': 8.185559844420862, 'colsample_bylevel': 0.7380734269003653, 'colsample_bytree': 0.7866339849918343, 'optional_gamma': True, 'gamma': 2.0100044141326758e-07, 'optional_lambda': True, 'lambda': 2.679724896703059e-05, 'learning_rate': 0.04804409735964526, 'max_depth': 9, 'min_child_weight': 65.27370088859797, 'subsample': 0.9111855372003159, 'n_bins': 159}. Best is trial 14 with value: 167.056915026493.[0m
[32m[I 2025-04-09 01:03:46,592][0m Trial 48 finished with value: 579.3594129578116 and parameters: {'optional_alpha': False, 'colsample_bylevel': 0.7747740767758324, 'colsample_bytree': 0.7493069236348506, 'optional_gamma': True, 'gamma': 0.0017943658019979971, 'optional_lambda': True, 'lambda': 0.003756451174661134, 'learning_rate': 0.011921838431850467, 'max_depth': 8, 'min_child_weight': 0.030415835324301806, 'subsample': 0.7637930799806459, 'n_bins': 220}. Best is trial 14 with value: 167.056915026493.[0m
[32m[I 2025-04-09 01:04:02,796][0m Trial 49 finished with value: 271.7873347000996 and parameters: {'optional_alpha': False, 'colsample_bylevel': 0.7112323767384271, 'colsample_bytree': 0.509767224317873, 'optional_gamma': True, 'gamma': 5.7416360515735995e-06, 'optional_lambda': True, 'lambda': 0.15122752063523376, 'learning_rate': 0.07843343156416044, 'max_depth': 9, 'min_child_weight': 1309.2765331456337, 'subsample': 0.709442784798991, 'n_bins': 180}. Best is trial 14 with value: 167.056915026493.[0m
Best Hyper-Parameters
{'model': {'alpha': 0.05722711226756444, 'colsample_bylevel': 0.9924587385659037, 'colsample_bytree': 0.7995138830171545, 'gamma': 0, 'lambda': 0.00043902308103618116, 'learning_rate': 0.10063428176821157, 'max_depth': 10, 'min_child_weight': 0.08438730259717137, 'subsample': 0.8784015029201728, 'tree_method': 'gpu_hist', 'gpu_id': '0'}, 'fit': {'n_bins': 50, 'verbose': False}}
{'model': {'alpha': 0.05722711226756444, 'colsample_bylevel': 0.9924587385659037, 'colsample_bytree': 0.7995138830171545, 'gamma': 0, 'lambda': 0.00043902308103618116, 'learning_rate': 0.10063428176821157, 'max_depth': 10, 'min_child_weight': 0.08438730259717137, 'subsample': 0.8784015029201728, 'tree_method': 'gpu_hist', 'gpu_id': '0'}, 'fit': {'n_bins': 50, 'verbose': False}}
xgboost: 1 Trials
MAE Results: 1.19637729e+02
MAE MEAN = 1.19637729e+02 ± 0.00000000e+00
R2 Results: 9.61305398e-01
R2 MEAN = 9.61305398e-01 ± 0.00000000e+00
RMSE Results: 1.67849296e+02
RMSE MEAN = 1.67849296e+02 ± 0.00000000e+00
Time Results: 11.85903502
Time MEAN = 11.85903502 ± 0.00000000
-------------------- GPU info --------------------
1 GPU Available.
GPU 0: NVIDIA A100-PCIE-40GB MIG 7g.40gb
  Total Memory:          40339.3125 MB
  Multi Processor Count: 98
  Compute Capability:    8.0
--------------------------------------------------
