using gpu: 0
{'cat_min_frequency': 0.0,
 'cat_nan_policy': 'new',
 'cat_policy': 'ordinal',
 'config': {'fit': {'verbose': False},
            'model': {'booster': 'gbtree',
                      'colsample_bytree': 0.8,
                      'early_stopping_rounds': 50,
                      'n_estimators': 2000,
                      'n_jobs': -1,
                      'subsample': 0.8,
                      'tree_method': 'hist'}},
 'dataset': 'URA_lab_LoS_16_X',
 'dataset_path': 'data',
 'evaluate_option': 'best-val',
 'gpu': '0',
 'model_path': 'results_model',
 'model_type': 'xgboost',
 'n_bins': 2,
 'n_trials': 50,
 'normalization': 'standard',
 'num_nan_policy': 'mean',
 'num_policy': 'none',
 'retune': False,
 'save_path': 'results_model/URA_lab_LoS_16_X-xgboost-Tune/Norm-standard-Nan-mean-new-Cat-ordinal',
 'seed': 0,
 'seed_num': 1,
 'tune': True}
{'fit': {'verbose': False, 'n_bins': 2}, 'model': {'subsample': 0.8, 'colsample_bytree': 0.8, 'early_stopping_rounds': 50, 'booster': 'gbtree', 'n_estimators': 2000, 'n_jobs': -1, 'tree_method': 'hist'}}
[32m[I 2025-04-09 01:21:29,461][0m Trial 0 finished with value: 251.33572797433683 and parameters: {'optional_alpha': True, 'alpha': 0.010656970429469137, 'colsample_bylevel': 0.7724415914984484, 'colsample_bytree': 0.7118273996694524, 'optional_gamma': False, 'optional_lambda': True, 'lambda': 6.829913261377665e-05, 'learning_rate': 0.09091283280651452, 'max_depth': 7, 'min_child_weight': 0.2424260549741265, 'subsample': 0.9627983191463305, 'n_bins': 20}. Best is trial 0 with value: 251.33572797433683.[0m
[32m[I 2025-04-09 01:22:00,940][0m Trial 1 finished with value: 630.567422805936 and parameters: {'optional_alpha': False, 'colsample_bylevel': 0.916309922773969, 'colsample_bytree': 0.8890783754749252, 'optional_gamma': True, 'gamma': 0.9808117097306164, 'optional_lambda': True, 'lambda': 1.5231555549417795e-07, 'learning_rate': 0.015834527427829734, 'max_depth': 4, 'min_child_weight': 19085.16511726201, 'subsample': 0.7609241608750359, 'n_bins': 107}. Best is trial 0 with value: 251.33572797433683.[0m
[32m[I 2025-04-09 01:22:33,323][0m Trial 2 finished with value: 825.7514541620204 and parameters: {'optional_alpha': True, 'alpha': 0.00036433703707904036, 'colsample_bylevel': 0.7842169744343243, 'colsample_bytree': 0.5093949002181776, 'optional_gamma': False, 'optional_lambda': True, 'lambda': 0.06579653011946039, 'learning_rate': 0.0006273927602293597, 'max_depth': 6, 'min_child_weight': 11.72750284712809, 'subsample': 0.5301127358146349, 'n_bins': 172}. Best is trial 0 with value: 251.33572797433683.[0m
[32m[I 2025-04-09 01:23:03,457][0m Trial 3 finished with value: 847.6085610600493 and parameters: {'optional_alpha': False, 'colsample_bylevel': 0.5644631488274267, 'colsample_bytree': 0.6577141754620919, 'optional_gamma': True, 'gamma': 0.00024322887698390846, 'optional_lambda': False, 'learning_rate': 0.00011076021254597257, 'max_depth': 4, 'min_child_weight': 3.0932016348957663, 'subsample': 0.626645801269891, 'n_bins': 120}. Best is trial 0 with value: 251.33572797433683.[0m
[32m[I 2025-04-09 01:23:32,454][0m Trial 4 finished with value: 599.8423382332699 and parameters: {'optional_alpha': False, 'colsample_bylevel': 0.5551875705821525, 'colsample_bytree': 0.8281647947326367, 'optional_gamma': True, 'gamma': 4.866891972890964e-05, 'optional_lambda': False, 'learning_rate': 0.1547834553402764, 'max_depth': 3, 'min_child_weight': 49428.00081604498, 'subsample': 0.7343256008238508, 'n_bins': 251}. Best is trial 0 with value: 251.33572797433683.[0m
[32m[I 2025-04-09 01:24:05,279][0m Trial 5 finished with value: 439.64922236610005 and parameters: {'optional_alpha': True, 'alpha': 2.465346246449571e-08, 'colsample_bylevel': 0.6414034812882048, 'colsample_bytree': 0.5600982806065844, 'optional_gamma': False, 'optional_lambda': True, 'lambda': 4.3800086026247575e-08, 'learning_rate': 0.02899750265370691, 'max_depth': 7, 'min_child_weight': 2.818794284367099e-05, 'subsample': 0.7616240267333498, 'n_bins': 25}. Best is trial 0 with value: 251.33572797433683.[0m
[32m[I 2025-04-09 01:24:34,971][0m Trial 6 finished with value: 419.8863614152552 and parameters: {'optional_alpha': True, 'alpha': 1.533520282967531e-05, 'colsample_bylevel': 0.8337051899818408, 'colsample_bytree': 0.565898931202196, 'optional_gamma': False, 'optional_lambda': True, 'lambda': 1.5888227943138278e-08, 'learning_rate': 0.13954045864229964, 'max_depth': 3, 'min_child_weight': 6.480596446891043, 'subsample': 0.6350039865960824, 'n_bins': 189}. Best is trial 0 with value: 251.33572797433683.[0m
[32m[I 2025-04-09 01:25:09,294][0m Trial 7 finished with value: 184.46514027494268 and parameters: {'optional_alpha': False, 'colsample_bylevel': 0.7880786672089184, 'colsample_bytree': 0.7960209656359195, 'optional_gamma': False, 'optional_lambda': False, 'learning_rate': 0.17062527421800122, 'max_depth': 8, 'min_child_weight': 7.356654515652415e-05, 'subsample': 0.9068989098512386, 'n_bins': 103}. Best is trial 7 with value: 184.46514027494268.[0m
[32m[I 2025-04-09 01:25:42,616][0m Trial 8 finished with value: 795.6658916694053 and parameters: {'optional_alpha': False, 'colsample_bylevel': 0.9408676809274263, 'colsample_bytree': 0.846265795038883, 'optional_gamma': False, 'optional_lambda': False, 'learning_rate': 0.0013160586463600646, 'max_depth': 7, 'min_child_weight': 1.7762806221961337e-08, 'subsample': 0.6507874083372747, 'n_bins': 170}. Best is trial 7 with value: 184.46514027494268.[0m
[32m[I 2025-04-09 01:26:25,174][0m Trial 9 finished with value: 778.1433978191831 and parameters: {'optional_alpha': True, 'alpha': 0.00019394876095968973, 'colsample_bylevel': 0.5677370321112252, 'colsample_bytree': 0.6491411629780154, 'optional_gamma': True, 'gamma': 0.005536719073590977, 'optional_lambda': False, 'learning_rate': 0.0014357941422596275, 'max_depth': 10, 'min_child_weight': 0.0006002114978021492, 'subsample': 0.7179324626328134, 'n_bins': 229}. Best is trial 7 with value: 184.46514027494268.[0m
[32m[I 2025-04-09 01:26:59,519][0m Trial 10 finished with value: 408.9035134240096 and parameters: {'optional_alpha': False, 'colsample_bylevel': 0.6855390787918278, 'colsample_bytree': 0.9763891304300578, 'optional_gamma': False, 'optional_lambda': False, 'learning_rate': 0.8762371399341778, 'max_depth': 9, 'min_child_weight': 5.841121553528072e-07, 'subsample': 0.9912690321304675, 'n_bins': 73}. Best is trial 7 with value: 184.46514027494268.[0m
[32m[I 2025-04-09 01:27:33,638][0m Trial 11 finished with value: 851.2304434696437 and parameters: {'optional_alpha': True, 'alpha': 61.641239987057375, 'colsample_bylevel': 0.8372975269020799, 'colsample_bytree': 0.7420211857927421, 'optional_gamma': False, 'optional_lambda': True, 'lambda': 54.87517190870796, 'learning_rate': 1.0665571721000139e-05, 'max_depth': 8, 'min_child_weight': 0.010743229079568397, 'subsample': 0.9750907775336648, 'n_bins': 3}. Best is trial 7 with value: 184.46514027494268.[0m
[32m[I 2025-04-09 01:28:04,718][0m Trial 12 finished with value: 279.30604672169 and parameters: {'optional_alpha': True, 'alpha': 0.6924502981061265, 'colsample_bylevel': 0.7157316013493222, 'colsample_bytree': 0.7299396291380444, 'optional_gamma': False, 'optional_lambda': False, 'learning_rate': 0.7089392199034127, 'max_depth': 6, 'min_child_weight': 0.04833602327583868, 'subsample': 0.8909608917398528, 'n_bins': 56}. Best is trial 7 with value: 184.46514027494268.[0m
[32m[I 2025-04-09 01:28:39,538][0m Trial 13 finished with value: 478.380470465609 and parameters: {'optional_alpha': False, 'colsample_bylevel': 0.7858277735129392, 'colsample_bytree': 0.6796535064127054, 'optional_gamma': False, 'optional_lambda': True, 'lambda': 7.987930356165417e-05, 'learning_rate': 0.01651338434871955, 'max_depth': 8, 'min_child_weight': 4.228195402675383e-05, 'subsample': 0.8805682683374314, 'n_bins': 74}. Best is trial 7 with value: 184.46514027494268.[0m
[32m[I 2025-04-09 01:29:23,274][0m Trial 14 finished with value: 172.16474280609484 and parameters: {'optional_alpha': True, 'alpha': 0.05722711226756444, 'colsample_bylevel': 0.9924587385659037, 'colsample_bytree': 0.7995138830171545, 'optional_gamma': False, 'optional_lambda': True, 'lambda': 0.00043902308103618116, 'learning_rate': 0.10063428176821157, 'max_depth': 10, 'min_child_weight': 0.08438730259717137, 'subsample': 0.8784015029201728, 'n_bins': 50}. Best is trial 14 with value: 172.16474280609484.[0m
[32m[I 2025-04-09 01:30:07,434][0m Trial 15 finished with value: 615.7827937267843 and parameters: {'optional_alpha': False, 'colsample_bylevel': 0.8735904491046036, 'colsample_bytree': 0.8045661070787121, 'optional_gamma': False, 'optional_lambda': False, 'learning_rate': 0.005652685888568566, 'max_depth': 10, 'min_child_weight': 0.0010587941859306442, 'subsample': 0.8512763084764623, 'n_bins': 108}. Best is trial 14 with value: 172.16474280609484.[0m
[32m[I 2025-04-09 01:30:41,527][0m Trial 16 finished with value: 199.3019260763392 and parameters: {'optional_alpha': True, 'alpha': 0.5463386004865959, 'colsample_bylevel': 0.9597212632609384, 'colsample_bytree': 0.8997573046628451, 'optional_gamma': False, 'optional_lambda': False, 'learning_rate': 0.28584360000282266, 'max_depth': 9, 'min_child_weight': 160.29950653893843, 'subsample': 0.8291740573749555, 'n_bins': 54}. Best is trial 14 with value: 172.16474280609484.[0m
[32m[I 2025-04-09 01:31:19,030][0m Trial 17 finished with value: 318.96750593665115 and parameters: {'optional_alpha': False, 'colsample_bylevel': 0.9887136641302041, 'colsample_bytree': 0.7894847023400996, 'optional_gamma': False, 'optional_lambda': True, 'lambda': 0.03449683986682951, 'learning_rate': 0.03542250720098207, 'max_depth': 9, 'min_child_weight': 2.4215640797677795e-06, 'subsample': 0.9201272737564832, 'n_bins': 149}. Best is trial 14 with value: 172.16474280609484.[0m
[32m[I 2025-04-09 01:32:01,640][0m Trial 18 finished with value: 212.20626385951977 and parameters: {'optional_alpha': False, 'colsample_bylevel': 0.5040654995974045, 'colsample_bytree': 0.9747215609487249, 'optional_gamma': True, 'gamma': 2.737055107792795e-08, 'optional_lambda': True, 'lambda': 25.321127077883048, 'learning_rate': 0.059905900702708625, 'max_depth': 10, 'min_child_weight': 0.004346906155238069, 'subsample': 0.8161727701972971, 'n_bins': 90}. Best is trial 14 with value: 172.16474280609484.[0m
[32m[I 2025-04-09 01:32:36,239][0m Trial 19 finished with value: 648.0417238213504 and parameters: {'optional_alpha': True, 'alpha': 6.833495448237342e-07, 'colsample_bylevel': 0.9013514853057494, 'colsample_bytree': 0.9057014277373537, 'optional_gamma': False, 'optional_lambda': False, 'learning_rate': 0.006116713974526741, 'max_depth': 8, 'min_child_weight': 349.19737262798986, 'subsample': 0.9269929290300458, 'n_bins': 142}. Best is trial 14 with value: 172.16474280609484.[0m
[32m[I 2025-04-09 01:33:11,770][0m Trial 20 finished with value: 238.1946604473606 and parameters: {'optional_alpha': False, 'colsample_bylevel': 0.9975460409815256, 'colsample_bytree': 0.7772665145113711, 'optional_gamma': False, 'optional_lambda': False, 'learning_rate': 0.3692434939908306, 'max_depth': 9, 'min_child_weight': 1.714982366868768e-08, 'subsample': 0.7878583442468889, 'n_bins': 41}. Best is trial 14 with value: 172.16474280609484.[0m
[32m[I 2025-04-09 01:33:44,770][0m Trial 21 finished with value: 200.43915785305649 and parameters: {'optional_alpha': True, 'alpha': 0.07751592450561635, 'colsample_bylevel': 0.9410419590814715, 'colsample_bytree': 0.885762812204786, 'optional_gamma': False, 'optional_lambda': False, 'learning_rate': 0.31809667584379564, 'max_depth': 9, 'min_child_weight': 485.10222013892144, 'subsample': 0.833199450845466, 'n_bins': 67}. Best is trial 14 with value: 172.16474280609484.[0m
[32m[I 2025-04-09 01:34:26,659][0m Trial 22 finished with value: 179.3993283705765 and parameters: {'optional_alpha': True, 'alpha': 2.455561224074547, 'colsample_bylevel': 0.9682149194209083, 'colsample_bytree': 0.9273354684094263, 'optional_gamma': False, 'optional_lambda': False, 'learning_rate': 0.23622184028595905, 'max_depth': 10, 'min_child_weight': 0.3529715517430991, 'subsample': 0.8712919296427544, 'n_bins': 48}. Best is trial 14 with value: 172.16474280609484.[0m
[32m[I 2025-04-09 01:35:10,469][0m Trial 23 finished with value: 184.50430165759536 and parameters: {'optional_alpha': True, 'alpha': 3.4171529814347963, 'colsample_bylevel': 0.8761094345347792, 'colsample_bytree': 0.9393139719903563, 'optional_gamma': False, 'optional_lambda': False, 'learning_rate': 0.07825970935497137, 'max_depth': 10, 'min_child_weight': 0.26960478019183104, 'subsample': 0.933997778785097, 'n_bins': 90}. Best is trial 14 with value: 172.16474280609484.[0m
[32m[I 2025-04-09 01:35:43,733][0m Trial 24 finished with value: 269.3614630255975 and parameters: {'optional_alpha': True, 'alpha': 66.25602139059141, 'colsample_bylevel': 0.8449356587701268, 'colsample_bytree': 0.856231046259919, 'optional_gamma': False, 'optional_lambda': False, 'learning_rate': 0.8108819047356242, 'max_depth': 8, 'min_child_weight': 0.0003250997007218904, 'subsample': 0.8771258789659642, 'n_bins': 36}. Best is trial 14 with value: 172.16474280609484.[0m
[32m[I 2025-04-09 01:36:24,945][0m Trial 25 finished with value: 181.87862487317605 and parameters: {'optional_alpha': True, 'alpha': 0.009123259915512745, 'colsample_bylevel': 0.6461991892585206, 'colsample_bytree': 0.9447200124688467, 'optional_gamma': False, 'optional_lambda': False, 'learning_rate': 0.1879090398338405, 'max_depth': 10, 'min_child_weight': 0.1527646661201821, 'subsample': 0.9044751421392454, 'n_bins': 87}. Best is trial 14 with value: 172.16474280609484.[0m
[32m[I 2025-04-09 01:37:08,300][0m Trial 26 finished with value: 389.2849693610293 and parameters: {'optional_alpha': True, 'alpha': 0.010340288667298471, 'colsample_bylevel': 0.6307515007604699, 'colsample_bytree': 0.9974270016659533, 'optional_gamma': False, 'optional_lambda': True, 'lambda': 5.3785170467828385e-06, 'learning_rate': 0.01799672728172938, 'max_depth': 10, 'min_child_weight': 0.24530103253559996, 'subsample': 0.7010325103635421, 'n_bins': 11}. Best is trial 14 with value: 172.16474280609484.[0m
[32m[I 2025-04-09 01:37:40,318][0m Trial 27 finished with value: 426.7229253781914 and parameters: {'optional_alpha': True, 'alpha': 0.009730715777401555, 'colsample_bylevel': 0.6732230709421664, 'colsample_bytree': 0.9239976224570492, 'optional_gamma': True, 'gamma': 79.39952489632844, 'optional_lambda': False, 'learning_rate': 0.050347871448944474, 'max_depth': 10, 'min_child_weight': 1.284294522162779, 'subsample': 0.9501492848652432, 'n_bins': 42}. Best is trial 14 with value: 172.16474280609484.[0m
[32m[I 2025-04-09 01:38:18,626][0m Trial 28 finished with value: 574.594670633897 and parameters: {'optional_alpha': True, 'alpha': 2.8502012044871883, 'colsample_bylevel': 0.7407493817457722, 'colsample_bytree': 0.9395921481641629, 'optional_gamma': False, 'optional_lambda': True, 'lambda': 0.02302787791206652, 'learning_rate': 0.008048153792507652, 'max_depth': 9, 'min_child_weight': 0.03331167896267202, 'subsample': 0.7978969534106544, 'n_bins': 87}. Best is trial 14 with value: 172.16474280609484.[0m
[32m[I 2025-04-09 01:38:49,325][0m Trial 29 finished with value: 374.70216163530307 and parameters: {'optional_alpha': True, 'alpha': 0.14994439490234385, 'colsample_bylevel': 0.9768666795209923, 'colsample_bytree': 0.847842153838494, 'optional_gamma': False, 'optional_lambda': True, 'lambda': 1.1022287026976294, 'learning_rate': 0.09555915935824268, 'max_depth': 5, 'min_child_weight': 79.002404554841, 'subsample': 0.858156496277839, 'n_bins': 21}. Best is trial 14 with value: 172.16474280609484.[0m
[32m[I 2025-04-09 01:39:27,669][0m Trial 30 finished with value: 245.9739214784414 and parameters: {'optional_alpha': True, 'alpha': 0.0020873511141944216, 'colsample_bylevel': 0.6033962079973694, 'colsample_bytree': 0.9688857638721835, 'optional_gamma': False, 'optional_lambda': False, 'learning_rate': 0.4044911450991724, 'max_depth': 10, 'min_child_weight': 0.5690711196655561, 'subsample': 0.9684230843478479, 'n_bins': 64}. Best is trial 14 with value: 172.16474280609484.[0m
[32m[I 2025-04-09 01:40:04,851][0m Trial 31 finished with value: 174.47675055484757 and parameters: {'optional_alpha': True, 'alpha': 0.05719240602434245, 'colsample_bylevel': 0.7595495145815067, 'colsample_bytree': 0.7629831668846978, 'optional_gamma': False, 'optional_lambda': False, 'learning_rate': 0.14460013708804123, 'max_depth': 9, 'min_child_weight': 0.053766161294982955, 'subsample': 0.9082251996099093, 'n_bins': 104}. Best is trial 14 with value: 172.16474280609484.[0m
[32m[I 2025-04-09 01:40:41,452][0m Trial 32 finished with value: 179.07501534563514 and parameters: {'optional_alpha': True, 'alpha': 0.10391085777101589, 'colsample_bylevel': 0.7435034088175978, 'colsample_bytree': 0.6921391183820127, 'optional_gamma': False, 'optional_lambda': False, 'learning_rate': 0.1725238136502669, 'max_depth': 9, 'min_child_weight': 0.07038384835191804, 'subsample': 0.8683278387265311, 'n_bins': 120}. Best is trial 14 with value: 172.16474280609484.[0m
[32m[I 2025-04-09 01:41:19,104][0m Trial 33 finished with value: 196.04837722823027 and parameters: {'optional_alpha': True, 'alpha': 5.641025938393122, 'colsample_bylevel': 0.7284666918587206, 'colsample_bytree': 0.6987794522838323, 'optional_gamma': False, 'optional_lambda': False, 'learning_rate': 0.08880995960586424, 'max_depth': 9, 'min_child_weight': 0.007026345535552569, 'subsample': 0.8676919321161071, 'n_bins': 131}. Best is trial 14 with value: 172.16474280609484.[0m
[32m[I 2025-04-09 01:41:51,850][0m Trial 34 finished with value: 439.7314296524223 and parameters: {'optional_alpha': True, 'alpha': 0.11771710695847874, 'colsample_bylevel': 0.7584114348526906, 'colsample_bytree': 0.7568241232415296, 'optional_gamma': True, 'gamma': 1.1118565397434242e-08, 'optional_lambda': False, 'learning_rate': 0.029650352471310204, 'max_depth': 7, 'min_child_weight': 23.886078573644692, 'subsample': 0.5199688212791753, 'n_bins': 120}. Best is trial 14 with value: 172.16474280609484.[0m
[32m[I 2025-04-09 01:42:24,491][0m Trial 35 finished with value: 848.4580014441167 and parameters: {'optional_alpha': True, 'alpha': 0.06624118840190191, 'colsample_bylevel': 0.9133777519873696, 'colsample_bytree': 0.6086591943268016, 'optional_gamma': False, 'optional_lambda': False, 'learning_rate': 8.76831026990342e-05, 'max_depth': 9, 'min_child_weight': 5486.719518998709, 'subsample': 0.7755053807881704, 'n_bins': 175}. Best is trial 14 with value: 172.16474280609484.[0m
[32m[I 2025-04-09 01:42:54,721][0m Trial 36 finished with value: 224.46412435123182 and parameters: {'optional_alpha': True, 'alpha': 0.6183513207286462, 'colsample_bylevel': 0.8085963005837916, 'colsample_bytree': 0.7120238410068591, 'optional_gamma': False, 'optional_lambda': True, 'lambda': 0.0014493837133563365, 'learning_rate': 0.44244800583403815, 'max_depth': 5, 'min_child_weight': 2.6258189499921407, 'subsample': 0.8102367945176061, 'n_bins': 105}. Best is trial 14 with value: 172.16474280609484.[0m
[32m[I 2025-04-09 01:43:29,687][0m Trial 37 finished with value: 178.87161590261022 and parameters: {'optional_alpha': True, 'alpha': 10.401194289951947, 'colsample_bylevel': 0.6933634381214439, 'colsample_bytree': 0.658820521117607, 'optional_gamma': True, 'gamma': 2.3598373772740933e-06, 'optional_lambda': False, 'learning_rate': 0.22412401900085474, 'max_depth': 8, 'min_child_weight': 0.05265459093146777, 'subsample': 0.9497510482494467, 'n_bins': 135}. Best is trial 14 with value: 172.16474280609484.[0m
[32m[I 2025-04-09 01:44:04,498][0m Trial 38 finished with value: 202.86373283643337 and parameters: {'optional_alpha': True, 'alpha': 15.64953253445996, 'colsample_bylevel': 0.7085230378583554, 'colsample_bytree': 0.6440548551495416, 'optional_gamma': True, 'gamma': 1.0190874713574552e-06, 'optional_lambda': True, 'lambda': 1.7345332294801478e-06, 'learning_rate': 0.12172279201521714, 'max_depth': 8, 'min_child_weight': 0.002868642093633248, 'subsample': 0.9973779541681762, 'n_bins': 153}. Best is trial 14 with value: 172.16474280609484.[0m
[32m[I 2025-04-09 01:44:36,276][0m Trial 39 finished with value: 843.3237912730082 and parameters: {'optional_alpha': True, 'alpha': 0.002065055476797171, 'colsample_bylevel': 0.6875042489475063, 'colsample_bytree': 0.5997375976645718, 'optional_gamma': True, 'gamma': 3.6361850566448555e-06, 'optional_lambda': False, 'learning_rate': 0.00019789570196147266, 'max_depth': 6, 'min_child_weight': 0.03911332775567251, 'subsample': 0.9473951077993965, 'n_bins': 202}. Best is trial 14 with value: 172.16474280609484.[0m
[32m[I 2025-04-09 01:45:10,594][0m Trial 40 finished with value: 528.3327547669567 and parameters: {'optional_alpha': True, 'alpha': 0.043754373216246346, 'colsample_bylevel': 0.8074417889917282, 'colsample_bytree': 0.6859448645181434, 'optional_gamma': True, 'gamma': 0.005419252075433087, 'optional_lambda': True, 'lambda': 0.0011063874442518331, 'learning_rate': 0.011961727796605325, 'max_depth': 8, 'min_child_weight': 9.227517176621003, 'subsample': 0.5761494897277948, 'n_bins': 130}. Best is trial 14 with value: 172.16474280609484.[0m
[32m[I 2025-04-09 01:45:47,408][0m Trial 41 finished with value: 174.82212020185955 and parameters: {'optional_alpha': True, 'alpha': 0.9333427685783313, 'colsample_bylevel': 0.7500527715388516, 'colsample_bytree': 0.6223330574054887, 'optional_gamma': True, 'gamma': 1.0539803872254047e-06, 'optional_lambda': False, 'learning_rate': 0.17967440372035778, 'max_depth': 9, 'min_child_weight': 0.11333122858188602, 'subsample': 0.8983631269459528, 'n_bins': 114}. Best is trial 14 with value: 172.16474280609484.[0m
