using gpu: 0
{'cat_min_frequency': 0.0,
 'cat_nan_policy': 'new',
 'cat_policy': 'indices',
 'config': {'fit': {'logging_level': 'Silent'},
            'model': {'early_stopping_rounds': 50,
                      'loss_function': 'MultiRMSE',
                      'n_estimators': 2000,
                      'od_pval': 0.001}},
 'dataset': 'URA_lab_LoS_16_X',
 'dataset_path': 'data',
 'evaluate_option': 'best-val',
 'gpu': '0',
 'model_path': 'results_model',
 'model_type': 'catboost',
 'n_bins': 2,
 'n_trials': 20,
 'normalization': 'standard',
 'num_nan_policy': 'mean',
 'num_policy': 'none',
 'retune': False,
 'save_path': 'results_model/URA_lab_LoS_16_X-catboost-Tune/Norm-standard-Nan-mean-new-Cat-indices',
 'seed': 0,
 'seed_num': 1,
 'tune': True}
{'fit': {'logging_level': 'Silent', 'n_bins': 2}, 'model': {'early_stopping_rounds': 50, 'n_estimators': 2000, 'od_pval': 0.001, 'loss_function': 'MultiRMSE'}}
[32m[I 2025-04-10 08:55:29,758][0m Trial 0 finished with value: 594.8431664962026 and parameters: {'bagging_temperature': 0.5488135039273248, 'depth': 8, 'l2_leaf_reg': 4.006483661964395, 'leaf_estimation_iterations': 6, 'learning_rate': 0.0013130280280658588, 'n_bins': 166}. Best is trial 0 with value: 594.8431664962026.[0m
[32m[I 2025-04-10 09:07:57,556][0m Trial 1 finished with value: 92.65460193312015 and parameters: {'bagging_temperature': 0.4375872112626925, 'depth': 10, 'l2_leaf_reg': 9.197350992568118, 'leaf_estimation_iterations': 4, 'learning_rate': 0.09091283280651452, 'n_bins': 136}. Best is trial 1 with value: 92.65460193312015.[0m
[32m[I 2025-04-10 09:22:24,686][0m Trial 2 finished with value: 846.2589838966999 and parameters: {'bagging_temperature': 0.5680445610939323, 'depth': 10, 'l2_leaf_reg': 1.177703750752171, 'leaf_estimation_iterations': 1, 'learning_rate': 1.2620948285169303e-05, 'n_bins': 214}. Best is trial 1 with value: 92.65460193312015.[0m
[32m[I 2025-04-10 09:30:24,468][0m Trial 3 finished with value: 537.6044250930502 and parameters: {'bagging_temperature': 0.7781567509498505, 'depth': 9, 'l2_leaf_reg': 9.519592150539829, 'leaf_estimation_iterations': 8, 'learning_rate': 0.002029536243043473, 'n_bins': 201}. Best is trial 1 with value: 92.65460193312015.[0m
[32m[I 2025-04-10 09:34:45,723][0m Trial 4 finished with value: 495.98054067070575 and parameters: {'bagging_temperature': 0.11827442586893322, 'depth': 8, 'l2_leaf_reg': 1.3910837820057878, 'leaf_estimation_iterations': 10, 'learning_rate': 0.0040666950653938435, 'n_bins': 107}. Best is trial 1 with value: 92.65460193312015.[0m
[32m[I 2025-04-10 09:42:46,886][0m Trial 5 finished with value: 846.5040447392662 and parameters: {'bagging_temperature': 0.26455561210462697, 'depth': 9, 'l2_leaf_reg': 2.858579877336973, 'leaf_estimation_iterations': 6, 'learning_rate': 1.2415065128756008e-05, 'n_bins': 159}. Best is trial 1 with value: 92.65460193312015.[0m
[32m[I 2025-04-10 09:45:41,983][0m Trial 6 finished with value: 685.2455896819442 and parameters: {'bagging_temperature': 0.6120957227224214, 'depth': 7, 'l2_leaf_reg': 8.785127695211985, 'leaf_estimation_iterations': 7, 'learning_rate': 0.0006273927602293597, 'n_bins': 113}. Best is trial 1 with value: 92.65460193312015.[0m
[32m[I 2025-04-10 09:46:56,833][0m Trial 7 finished with value: 819.554143497844 and parameters: {'bagging_temperature': 0.6976311959272649, 'depth': 3, 'l2_leaf_reg': 4.642658243447122, 'leaf_estimation_iterations': 7, 'learning_rate': 0.00011269711680133673, 'n_bins': 34}. Best is trial 1 with value: 92.65460193312015.[0m
[32m[I 2025-04-10 09:48:36,027][0m Trial 8 finished with value: 109.36064846148363 and parameters: {'bagging_temperature': 0.31542835092418386, 'depth': 5, 'l2_leaf_reg': 3.717036026537111, 'leaf_estimation_iterations': 5, 'learning_rate': 0.8747202693855005, 'n_bins': 28}. Best is trial 1 with value: 92.65460193312015.[0m
[32m[I 2025-04-10 09:50:03,153][0m Trial 9 finished with value: 604.1034051544341 and parameters: {'bagging_temperature': 0.2088767560948347, 'depth': 4, 'l2_leaf_reg': 4.498920568462264, 'leaf_estimation_iterations': 3, 'learning_rate': 0.0021456252149689046, 'n_bins': 64}. Best is trial 1 with value: 92.65460193312015.[0m
[32m[I 2025-04-10 09:52:07,003][0m Trial 10 finished with value: 106.87761693040831 and parameters: {'bagging_temperature': 0.9406721260474019, 'depth': 6, 'l2_leaf_reg': 2.1726151738890094, 'leaf_estimation_iterations': 3, 'learning_rate': 0.13209343650657318, 'n_bins': 250}. Best is trial 1 with value: 92.65460193312015.[0m
[32m[I 2025-04-10 09:54:11,823][0m Trial 11 finished with value: 105.51203424394632 and parameters: {'bagging_temperature': 0.9170695369245536, 'depth': 6, 'l2_leaf_reg': 2.0226545861479037, 'leaf_estimation_iterations': 3, 'learning_rate': 0.1490235231179998, 'n_bins': 251}. Best is trial 1 with value: 92.65460193312015.[0m
[32m[I 2025-04-10 09:56:16,527][0m Trial 12 finished with value: 202.4278173634197 and parameters: {'bagging_temperature': 0.4204592667166979, 'depth': 6, 'l2_leaf_reg': 1.904078018235992, 'leaf_estimation_iterations': 3, 'learning_rate': 0.02988879384876776, 'n_bins': 245}. Best is trial 1 with value: 92.65460193312015.[0m
[32m[I 2025-04-10 09:57:55,811][0m Trial 13 finished with value: 167.64587216303485 and parameters: {'bagging_temperature': 0.9207916848524236, 'depth': 5, 'l2_leaf_reg': 6.37719188982155, 'leaf_estimation_iterations': 1, 'learning_rate': 0.05442549663054823, 'n_bins': 78}. Best is trial 1 with value: 92.65460193312015.[0m
[32m[I 2025-04-10 10:00:41,666][0m Trial 14 finished with value: 105.5207872212915 and parameters: {'bagging_temperature': 0.02105872283772492, 'depth': 7, 'l2_leaf_reg': 2.1926977891368065, 'leaf_estimation_iterations': 4, 'learning_rate': 0.6975112621728748, 'n_bins': 168}. Best is trial 1 with value: 92.65460193312015.[0m
[32m[I 2025-04-10 10:13:41,382][0m Trial 15 finished with value: 181.06851817946335 and parameters: {'bagging_temperature': 0.7941269897025685, 'depth': 10, 'l2_leaf_reg': 5.934841380976807, 'leaf_estimation_iterations': 2, 'learning_rate': 0.01412912961164752, 'n_bins': 3}. Best is trial 1 with value: 92.65460193312015.[0m
[32m[I 2025-04-10 10:15:22,259][0m Trial 16 finished with value: 103.06247411254077 and parameters: {'bagging_temperature': 0.4155834690629373, 'depth': 5, 'l2_leaf_reg': 1.6502550187787532, 'leaf_estimation_iterations': 4, 'learning_rate': 0.24312010978990237, 'n_bins': 201}. Best is trial 1 with value: 92.65460193312015.[0m
[32m[I 2025-04-10 10:16:33,822][0m Trial 17 finished with value: 134.5282863507132 and parameters: {'bagging_temperature': 0.39772242854894535, 'depth': 3, 'l2_leaf_reg': 1.5272957581918858, 'leaf_estimation_iterations': 5, 'learning_rate': 0.26776441185630123, 'n_bins': 132}. Best is trial 1 with value: 92.65460193312015.[0m
[32m[I 2025-04-10 10:17:58,593][0m Trial 18 finished with value: 465.5584408312964 and parameters: {'bagging_temperature': 0.3847513762708546, 'depth': 4, 'l2_leaf_reg': 1.0093778656463779, 'leaf_estimation_iterations': 4, 'learning_rate': 0.012812250635884412, 'n_bins': 204}. Best is trial 1 with value: 92.65460193312015.[0m
[32m[I 2025-04-10 10:19:41,560][0m Trial 19 finished with value: 152.60016502922142 and parameters: {'bagging_temperature': 0.45670132100163474, 'depth': 5, 'l2_leaf_reg': 2.8748688334681987, 'leaf_estimation_iterations': 9, 'learning_rate': 0.06536185560481614, 'n_bins': 184}. Best is trial 1 with value: 92.65460193312015.[0m
Best Hyper-Parameters
{'model': {'bagging_temperature': 0.4375872112626925, 'depth': 10, 'l2_leaf_reg': 9.197350992568118, 'leaf_estimation_iterations': 4, 'learning_rate': 0.09091283280651452}, 'fit': {'n_bins': 136, 'logging_level': 'Silent'}}
{'model': {'bagging_temperature': 0.4375872112626925, 'depth': 10, 'l2_leaf_reg': 9.197350992568118, 'leaf_estimation_iterations': 4, 'learning_rate': 0.09091283280651452}, 'fit': {'n_bins': 136, 'logging_level': 'Silent'}}
catboost: 1 Trials
MAE Results: 6.72189074e+01
MAE MEAN = 6.72189074e+01 Â± 0.00000000e+00
R2 Results: 9.88538934e-01
R2 MEAN = 9.88538934e-01 Â± 0.00000000e+00
RMSE Results: 9.13496387e+01
RMSE MEAN = 9.13496387e+01 Â± 0.00000000e+00
Time Results: 717.76725864
Time MEAN = 717.76725864 Â± 0.00000000
-------------------- GPU info --------------------
1 GPU Available.
GPU 0: NVIDIA A100-PCIE-40GB MIG 7g.40gb
  Total Memory:          40326.375 MB
  Multi Processor Count: 98
  Compute Capability:    8.0
--------------------------------------------------
