using gpu: 0
{'cat_min_frequency': 0.0,
 'cat_nan_policy': 'new',
 'cat_policy': 'ordinal',
 'config': {'fit': {'verbose': False},
            'model': {'booster': 'gbtree',
                      'colsample_bytree': 0.8,
                      'early_stopping_rounds': 50,
                      'n_estimators': 2000,
                      'n_jobs': -1,
                      'subsample': 0.8,
                      'tree_method': 'hist'}},
 'dataset': 'URA_lab_LoS_8_X',
 'dataset_path': 'data',
 'evaluate_option': 'best-val',
 'gpu': '0',
 'model_path': 'results_model',
 'model_type': 'xgboost',
 'n_bins': 2,
 'n_trials': 50,
 'normalization': 'standard',
 'num_nan_policy': 'mean',
 'num_policy': 'none',
 'retune': False,
 'save_path': 'results_model/URA_lab_LoS_8_X-xgboost-Tune/Norm-standard-Nan-mean-new-Cat-ordinal',
 'seed': 0,
 'seed_num': 1,
 'tune': True}
{'fit': {'verbose': False, 'n_bins': 2}, 'model': {'subsample': 0.8, 'colsample_bytree': 0.8, 'early_stopping_rounds': 50, 'booster': 'gbtree', 'n_estimators': 2000, 'n_jobs': -1, 'tree_method': 'hist'}}
[32m[I 2025-04-09 00:49:53,918][0m Trial 0 finished with value: 261.2765346226658 and parameters: {'optional_alpha': True, 'alpha': 0.010656970429469137, 'colsample_bylevel': 0.7724415914984484, 'colsample_bytree': 0.7118273996694524, 'optional_gamma': False, 'optional_lambda': True, 'lambda': 6.829913261377665e-05, 'learning_rate': 0.09091283280651452, 'max_depth': 7, 'min_child_weight': 0.2424260549741265, 'subsample': 0.9627983191463305, 'n_bins': 20}. Best is trial 0 with value: 261.2765346226658.[0m
[32m[I 2025-04-09 00:50:09,473][0m Trial 1 finished with value: 681.0299305892287 and parameters: {'optional_alpha': False, 'colsample_bylevel': 0.916309922773969, 'colsample_bytree': 0.8890783754749252, 'optional_gamma': True, 'gamma': 0.9808117097306164, 'optional_lambda': True, 'lambda': 1.5231555549417795e-07, 'learning_rate': 0.015834527427829734, 'max_depth': 4, 'min_child_weight': 19085.16511726201, 'subsample': 0.7609241608750359, 'n_bins': 107}. Best is trial 0 with value: 261.2765346226658.[0m
[32m[I 2025-04-09 00:50:25,532][0m Trial 2 finished with value: 830.659141254528 and parameters: {'optional_alpha': True, 'alpha': 0.00036433703707904036, 'colsample_bylevel': 0.7842169744343243, 'colsample_bytree': 0.5093949002181776, 'optional_gamma': False, 'optional_lambda': True, 'lambda': 0.06579653011946039, 'learning_rate': 0.0006273927602293597, 'max_depth': 6, 'min_child_weight': 11.72750284712809, 'subsample': 0.5301127358146349, 'n_bins': 172}. Best is trial 0 with value: 261.2765346226658.[0m
[32m[I 2025-04-09 00:50:40,627][0m Trial 3 finished with value: 848.3662261316224 and parameters: {'optional_alpha': False, 'colsample_bylevel': 0.5644631488274267, 'colsample_bytree': 0.6577141754620919, 'optional_gamma': True, 'gamma': 0.00024322887698390846, 'optional_lambda': False, 'learning_rate': 0.00011076021254597257, 'max_depth': 4, 'min_child_weight': 3.0932016348957663, 'subsample': 0.626645801269891, 'n_bins': 120}. Best is trial 0 with value: 261.2765346226658.[0m
[32m[I 2025-04-09 00:50:54,889][0m Trial 4 finished with value: 661.5199518405776 and parameters: {'optional_alpha': False, 'colsample_bylevel': 0.5551875705821525, 'colsample_bytree': 0.8281647947326367, 'optional_gamma': True, 'gamma': 4.866891972890964e-05, 'optional_lambda': False, 'learning_rate': 0.1547834553402764, 'max_depth': 3, 'min_child_weight': 49428.00081604498, 'subsample': 0.7343256008238508, 'n_bins': 251}. Best is trial 0 with value: 261.2765346226658.[0m
[32m[I 2025-04-09 00:51:11,167][0m Trial 5 finished with value: 491.0698827000651 and parameters: {'optional_alpha': True, 'alpha': 2.465346246449571e-08, 'colsample_bylevel': 0.6414034812882048, 'colsample_bytree': 0.5600982806065844, 'optional_gamma': False, 'optional_lambda': True, 'lambda': 4.3800086026247575e-08, 'learning_rate': 0.02899750265370691, 'max_depth': 7, 'min_child_weight': 2.818794284367099e-05, 'subsample': 0.7616240267333498, 'n_bins': 25}. Best is trial 0 with value: 261.2765346226658.[0m
[32m[I 2025-04-09 00:51:25,534][0m Trial 6 finished with value: 409.2692835975164 and parameters: {'optional_alpha': True, 'alpha': 1.533520282967531e-05, 'colsample_bylevel': 0.8337051899818408, 'colsample_bytree': 0.565898931202196, 'optional_gamma': False, 'optional_lambda': True, 'lambda': 1.5888227943138278e-08, 'learning_rate': 0.13954045864229964, 'max_depth': 3, 'min_child_weight': 6.480596446891043, 'subsample': 0.6350039865960824, 'n_bins': 189}. Best is trial 0 with value: 261.2765346226658.[0m
[32m[I 2025-04-09 00:51:42,704][0m Trial 7 finished with value: 188.39880683816023 and parameters: {'optional_alpha': False, 'colsample_bylevel': 0.7880786672089184, 'colsample_bytree': 0.7960209656359195, 'optional_gamma': False, 'optional_lambda': False, 'learning_rate': 0.17062527421800122, 'max_depth': 8, 'min_child_weight': 7.356654515652415e-05, 'subsample': 0.9068989098512386, 'n_bins': 103}. Best is trial 7 with value: 188.39880683816023.[0m
[32m[I 2025-04-09 00:51:59,527][0m Trial 8 finished with value: 805.9248001049858 and parameters: {'optional_alpha': False, 'colsample_bylevel': 0.9408676809274263, 'colsample_bytree': 0.846265795038883, 'optional_gamma': False, 'optional_lambda': False, 'learning_rate': 0.0013160586463600646, 'max_depth': 7, 'min_child_weight': 1.7762806221961337e-08, 'subsample': 0.6507874083372747, 'n_bins': 170}. Best is trial 7 with value: 188.39880683816023.[0m
[32m[I 2025-04-09 00:52:20,775][0m Trial 9 finished with value: 786.5578997931533 and parameters: {'optional_alpha': True, 'alpha': 0.00019394876095968973, 'colsample_bylevel': 0.5677370321112252, 'colsample_bytree': 0.6491411629780154, 'optional_gamma': True, 'gamma': 0.005536719073590977, 'optional_lambda': False, 'learning_rate': 0.0014357941422596275, 'max_depth': 10, 'min_child_weight': 0.0006002114978021492, 'subsample': 0.7179324626328134, 'n_bins': 229}. Best is trial 7 with value: 188.39880683816023.[0m
[32m[I 2025-04-09 00:52:37,800][0m Trial 10 finished with value: 434.04072527136555 and parameters: {'optional_alpha': False, 'colsample_bylevel': 0.6855390787918278, 'colsample_bytree': 0.9763891304300578, 'optional_gamma': False, 'optional_lambda': False, 'learning_rate': 0.8762371399341778, 'max_depth': 9, 'min_child_weight': 5.841121553528072e-07, 'subsample': 0.9912690321304675, 'n_bins': 73}. Best is trial 7 with value: 188.39880683816023.[0m
[32m[I 2025-04-09 00:52:56,825][0m Trial 11 finished with value: 851.3194499387721 and parameters: {'optional_alpha': True, 'alpha': 61.641239987057375, 'colsample_bylevel': 0.8372975269020799, 'colsample_bytree': 0.7420211857927421, 'optional_gamma': False, 'optional_lambda': True, 'lambda': 54.87517190870796, 'learning_rate': 1.0665571721000139e-05, 'max_depth': 8, 'min_child_weight': 0.010743229079568397, 'subsample': 0.9750907775336648, 'n_bins': 3}. Best is trial 7 with value: 188.39880683816023.[0m
[32m[I 2025-04-09 00:53:12,046][0m Trial 12 finished with value: 271.5521021293652 and parameters: {'optional_alpha': True, 'alpha': 0.6924502981061265, 'colsample_bylevel': 0.7157316013493222, 'colsample_bytree': 0.7299396291380444, 'optional_gamma': False, 'optional_lambda': False, 'learning_rate': 0.7089392199034127, 'max_depth': 6, 'min_child_weight': 0.04833602327583868, 'subsample': 0.8909608917398528, 'n_bins': 56}. Best is trial 7 with value: 188.39880683816023.[0m
[32m[I 2025-04-09 00:53:29,257][0m Trial 13 finished with value: 527.5582145427132 and parameters: {'optional_alpha': False, 'colsample_bylevel': 0.7858277735129392, 'colsample_bytree': 0.6796535064127054, 'optional_gamma': False, 'optional_lambda': True, 'lambda': 7.987930356165417e-05, 'learning_rate': 0.01651338434871955, 'max_depth': 8, 'min_child_weight': 4.228195402675383e-05, 'subsample': 0.8805682683374314, 'n_bins': 74}. Best is trial 7 with value: 188.39880683816023.[0m
[32m[I 2025-04-09 00:53:50,475][0m Trial 14 finished with value: 167.056915026493 and parameters: {'optional_alpha': True, 'alpha': 0.05722711226756444, 'colsample_bylevel': 0.9924587385659037, 'colsample_bytree': 0.7995138830171545, 'optional_gamma': False, 'optional_lambda': True, 'lambda': 0.00043902308103618116, 'learning_rate': 0.10063428176821157, 'max_depth': 10, 'min_child_weight': 0.08438730259717137, 'subsample': 0.8784015029201728, 'n_bins': 50}. Best is trial 14 with value: 167.056915026493.[0m
[32m[I 2025-04-09 00:54:12,046][0m Trial 15 finished with value: 639.9306436551002 and parameters: {'optional_alpha': False, 'colsample_bylevel': 0.8735904491046036, 'colsample_bytree': 0.8045661070787121, 'optional_gamma': False, 'optional_lambda': False, 'learning_rate': 0.005652685888568566, 'max_depth': 10, 'min_child_weight': 0.0010587941859306442, 'subsample': 0.8512763084764623, 'n_bins': 108}. Best is trial 14 with value: 167.056915026493.[0m
[32m[I 2025-04-09 00:54:28,717][0m Trial 16 finished with value: 199.5716954547313 and parameters: {'optional_alpha': True, 'alpha': 0.5463386004865959, 'colsample_bylevel': 0.9597212632609384, 'colsample_bytree': 0.8997573046628451, 'optional_gamma': False, 'optional_lambda': False, 'learning_rate': 0.28584360000282266, 'max_depth': 9, 'min_child_weight': 160.29950653893843, 'subsample': 0.8291740573749555, 'n_bins': 54}. Best is trial 14 with value: 167.056915026493.[0m
[32m[I 2025-04-09 00:54:47,191][0m Trial 17 finished with value: 312.7443623236941 and parameters: {'optional_alpha': False, 'colsample_bylevel': 0.9887136641302041, 'colsample_bytree': 0.7894847023400996, 'optional_gamma': False, 'optional_lambda': True, 'lambda': 0.03449683986682951, 'learning_rate': 0.03542250720098207, 'max_depth': 9, 'min_child_weight': 2.4215640797677795e-06, 'subsample': 0.9201272737564832, 'n_bins': 149}. Best is trial 14 with value: 167.056915026493.[0m
[32m[I 2025-04-09 00:55:07,847][0m Trial 18 finished with value: 196.3427356955283 and parameters: {'optional_alpha': False, 'colsample_bylevel': 0.5040654995974045, 'colsample_bytree': 0.9747215609487249, 'optional_gamma': True, 'gamma': 2.737055107792795e-08, 'optional_lambda': True, 'lambda': 25.321127077883048, 'learning_rate': 0.059905900702708625, 'max_depth': 10, 'min_child_weight': 0.004346906155238069, 'subsample': 0.8161727701972971, 'n_bins': 90}. Best is trial 14 with value: 167.056915026493.[0m
[32m[I 2025-04-09 00:55:24,876][0m Trial 19 finished with value: 682.0760685561515 and parameters: {'optional_alpha': True, 'alpha': 6.833495448237342e-07, 'colsample_bylevel': 0.9013514853057494, 'colsample_bytree': 0.9057014277373537, 'optional_gamma': False, 'optional_lambda': False, 'learning_rate': 0.006116713974526741, 'max_depth': 8, 'min_child_weight': 349.19737262798986, 'subsample': 0.9269929290300458, 'n_bins': 142}. Best is trial 14 with value: 167.056915026493.[0m
[32m[I 2025-04-09 00:55:42,070][0m Trial 20 finished with value: 240.29675785091132 and parameters: {'optional_alpha': False, 'colsample_bylevel': 0.9975460409815256, 'colsample_bytree': 0.7772665145113711, 'optional_gamma': False, 'optional_lambda': False, 'learning_rate': 0.3692434939908306, 'max_depth': 9, 'min_child_weight': 1.714982366868768e-08, 'subsample': 0.7878583442468889, 'n_bins': 41}. Best is trial 14 with value: 167.056915026493.[0m
[32m[I 2025-04-09 00:56:02,682][0m Trial 21 finished with value: 197.05821514497566 and parameters: {'optional_alpha': False, 'colsample_bylevel': 0.5150489694749623, 'colsample_bytree': 0.9385409114330082, 'optional_gamma': True, 'gamma': 4.78204229483016e-07, 'optional_lambda': True, 'lambda': 18.105242116321683, 'learning_rate': 0.05752998313523217, 'max_depth': 10, 'min_child_weight': 0.0038160941487938144, 'subsample': 0.820864616210913, 'n_bins': 87}. Best is trial 14 with value: 167.056915026493.[0m
[32m[I 2025-04-09 00:56:21,806][0m Trial 22 finished with value: 193.35791419808186 and parameters: {'optional_alpha': False, 'colsample_bylevel': 0.6411416034302375, 'colsample_bytree': 0.8522297145095894, 'optional_gamma': True, 'gamma': 1.0745130807968424e-08, 'optional_lambda': True, 'lambda': 0.09367482397112495, 'learning_rate': 0.23169120678184107, 'max_depth': 10, 'min_child_weight': 0.21919139029123677, 'subsample': 0.8734182152431715, 'n_bins': 89}. Best is trial 14 with value: 167.056915026493.[0m
[32m[I 2025-04-09 00:56:35,804][0m Trial 23 finished with value: 496.3650844214852 and parameters: {'optional_alpha': False, 'colsample_bylevel': 0.6297407630474265, 'colsample_bytree': 0.853269936444777, 'optional_gamma': True, 'gamma': 79.74501861444419, 'optional_lambda': True, 'lambda': 0.02699404784006429, 'learning_rate': 0.2842249875416401, 'max_depth': 9, 'min_child_weight': 0.2681856916981526, 'subsample': 0.9207919106038561, 'n_bins': 96}. Best is trial 14 with value: 167.056915026493.[0m
[32m[I 2025-04-09 00:56:51,576][0m Trial 24 finished with value: 423.832949114459 and parameters: {'optional_alpha': False, 'colsample_bylevel': 0.6464496714619249, 'colsample_bytree': 0.7715684821395691, 'optional_gamma': True, 'gamma': 1.0729908115277731e-08, 'optional_lambda': True, 'lambda': 0.0014744414571938882, 'learning_rate': 0.8888606003163487, 'max_depth': 8, 'min_child_weight': 0.00019801057293633348, 'subsample': 0.8663173639904843, 'n_bins': 129}. Best is trial 14 with value: 167.056915026493.[0m
[32m[I 2025-04-09 00:57:12,836][0m Trial 25 finished with value: 469.1403528866255 and parameters: {'optional_alpha': False, 'colsample_bylevel': 0.7153828822170174, 'colsample_bytree': 0.8600541748331499, 'optional_gamma': True, 'gamma': 1.4837072443073058e-06, 'optional_lambda': True, 'lambda': 1.1091884018022204, 'learning_rate': 0.01408480566200779, 'max_depth': 10, 'min_child_weight': 0.11855286775629365, 'subsample': 0.9358401015781839, 'n_bins': 68}. Best is trial 14 with value: 167.056915026493.[0m
[32m[I 2025-04-09 00:57:27,659][0m Trial 26 finished with value: 229.8321808092127 and parameters: {'optional_alpha': True, 'alpha': 0.02104511969701648, 'colsample_bylevel': 0.8278205164415208, 'colsample_bytree': 0.815972502154865, 'optional_gamma': True, 'gamma': 0.06876448853981465, 'optional_lambda': True, 'lambda': 2.9993730598251217e-06, 'learning_rate': 0.20923605035062898, 'max_depth': 5, 'min_child_weight': 1.141100189640322, 'subsample': 0.8938810557817216, 'n_bins': 42}. Best is trial 14 with value: 167.056915026493.[0m
[32m[I 2025-04-09 00:57:45,952][0m Trial 27 finished with value: 842.255171678609 and parameters: {'optional_alpha': False, 'colsample_bylevel': 0.6059191180029543, 'colsample_bytree': 0.6912166521168749, 'optional_gamma': False, 'optional_lambda': True, 'lambda': 0.0015873303320484001, 'learning_rate': 0.00022092582996908485, 'max_depth': 9, 'min_child_weight': 84.30668979873921, 'subsample': 0.6887210669869825, 'n_bins': 111}. Best is trial 14 with value: 167.056915026493.[0m
[32m[I 2025-04-09 00:58:05,043][0m Trial 28 finished with value: 217.7222417506086 and parameters: {'optional_alpha': True, 'alpha': 42.80993163605722, 'colsample_bylevel': 0.690668278485912, 'colsample_bytree': 0.9301113016020894, 'optional_gamma': True, 'gamma': 7.275967974300241e-06, 'optional_lambda': False, 'learning_rate': 0.08135573735098779, 'max_depth': 10, 'min_child_weight': 2.740639143833425e-06, 'subsample': 0.8034300937053114, 'n_bins': 144}. Best is trial 14 with value: 167.056915026493.[0m
[32m[I 2025-04-09 00:58:20,933][0m Trial 29 finished with value: 236.2474489806383 and parameters: {'optional_alpha': True, 'alpha': 0.7163859416695654, 'colsample_bylevel': 0.7582502834430105, 'colsample_bytree': 0.7534746120778376, 'optional_gamma': False, 'optional_lambda': True, 'lambda': 0.6302047431022929, 'learning_rate': 0.10331617109062834, 'max_depth': 7, 'min_child_weight': 0.02947430913385846, 'subsample': 0.9552960496951735, 'n_bins': 17}. Best is trial 14 with value: 167.056915026493.[0m
[32m[I 2025-04-09 00:58:37,090][0m Trial 30 finished with value: 238.49595072359244 and parameters: {'optional_alpha': False, 'colsample_bylevel': 0.8764154733571468, 'colsample_bytree': 0.7127502672777055, 'optional_gamma': False, 'optional_lambda': True, 'lambda': 7.097830842531121e-05, 'learning_rate': 0.41602594680943017, 'max_depth': 8, 'min_child_weight': 0.577422316685747, 'subsample': 0.8425932871617604, 'n_bins': 35}. Best is trial 14 with value: 167.056915026493.[0m
[32m[I 2025-04-09 00:58:57,886][0m Trial 31 finished with value: 201.86998556659216 and parameters: {'optional_alpha': False, 'colsample_bylevel': 0.5248513901180988, 'colsample_bytree': 0.9768871308896699, 'optional_gamma': True, 'gamma': 2.0400432702932767e-08, 'optional_lambda': True, 'lambda': 0.8996101481917437, 'learning_rate': 0.051286817434876106, 'max_depth': 10, 'min_child_weight': 0.0031085902660763754, 'subsample': 0.780361597170374, 'n_bins': 86}. Best is trial 14 with value: 167.056915026493.[0m
[32m[I 2025-04-09 00:59:18,955][0m Trial 32 finished with value: 341.2254209132306 and parameters: {'optional_alpha': False, 'colsample_bylevel': 0.5986807242704483, 'colsample_bytree': 0.8707446698000234, 'optional_gamma': True, 'gamma': 1.1674607046950119e-07, 'optional_lambda': True, 'lambda': 8.011004324340066, 'learning_rate': 0.026443711512426308, 'max_depth': 10, 'min_child_weight': 9.038697935640416e-05, 'subsample': 0.8635452674534143, 'n_bins': 89}. Best is trial 14 with value: 167.056915026493.[0m
[32m[I 2025-04-09 00:59:37,367][0m Trial 33 finished with value: 185.29148936970938 and parameters: {'optional_alpha': False, 'colsample_bylevel': 0.8069793452666991, 'colsample_bytree': 0.9585186905757029, 'optional_gamma': True, 'gamma': 5.763513344842722e-06, 'optional_lambda': True, 'lambda': 0.0063639931538335935, 'learning_rate': 0.09012055998717111, 'max_depth': 9, 'min_child_weight': 0.011496664590416603, 'subsample': 0.8042978312191275, 'n_bins': 61}. Best is trial 14 with value: 167.056915026493.[0m
[32m[I 2025-04-09 00:59:53,859][0m Trial 34 finished with value: 663.6463524462646 and parameters: {'optional_alpha': False, 'colsample_bylevel': 0.8031058418001739, 'colsample_bytree': 0.8790786547482083, 'optional_gamma': True, 'gamma': 1.4682541126261017e-05, 'optional_lambda': True, 'lambda': 0.006465291580619183, 'learning_rate': 0.010060114159332719, 'max_depth': 9, 'min_child_weight': 2711.5842958542025, 'subsample': 0.902970066704935, 'n_bins': 58}. Best is trial 14 with value: 167.056915026493.[0m
[32m[I 2025-04-09 01:00:10,653][0m Trial 35 finished with value: 186.65191683499634 and parameters: {'optional_alpha': False, 'colsample_bylevel': 0.7267780623085086, 'colsample_bytree': 0.8222498008085071, 'optional_gamma': True, 'gamma': 0.002010703045164274, 'optional_lambda': True, 'lambda': 0.00028931157970819144, 'learning_rate': 0.13318510165586986, 'max_depth': 8, 'min_child_weight': 22.815482223667804, 'subsample': 0.9481169996203289, 'n_bins': 122}. Best is trial 14 with value: 167.056915026493.[0m
[32m[I 2025-04-09 01:00:26,430][0m Trial 36 finished with value: 203.5665025606887 and parameters: {'optional_alpha': False, 'colsample_bylevel': 0.7395850160886587, 'colsample_bytree': 0.8127667763576703, 'optional_gamma': True, 'gamma': 0.005535407533392798, 'optional_lambda': True, 'lambda': 0.00026909478969929494, 'learning_rate': 0.14198009885480642, 'max_depth': 7, 'min_child_weight': 19.99398174119485, 'subsample': 0.5240155136550768, 'n_bins': 117}. Best is trial 14 with value: 167.056915026493.[0m
[32m[I 2025-04-09 01:00:41,883][0m Trial 37 finished with value: 217.73103885927398 and parameters: {'optional_alpha': True, 'alpha': 1.289456018270829e-05, 'colsample_bylevel': 0.8097375361245401, 'colsample_bytree': 0.9996037638076508, 'optional_gamma': True, 'gamma': 0.0005960191253753422, 'optional_lambda': True, 'lambda': 1.2438569535832445e-06, 'learning_rate': 0.49666447957492593, 'max_depth': 8, 'min_child_weight': 2591.9120020136247, 'subsample': 0.9615144172868952, 'n_bins': 170}. Best is trial 14 with value: 167.056915026493.[0m
[32m[I 2025-04-09 01:00:57,239][0m Trial 38 finished with value: 538.6813226225923 and parameters: {'optional_alpha': False, 'colsample_bylevel': 0.8591024479693865, 'colsample_bytree': 0.6182920446604132, 'optional_gamma': False, 'optional_lambda': False, 'learning_rate': 0.030924514607865362, 'max_depth': 6, 'min_child_weight': 7.86871384563142e-06, 'subsample': 0.557887542937596, 'n_bins': 124}. Best is trial 14 with value: 167.056915026493.[0m
[32m[I 2025-04-09 01:01:12,428][0m Trial 39 finished with value: 776.0730089122918 and parameters: {'optional_alpha': False, 'colsample_bylevel': 0.7693312947059022, 'colsample_bytree': 0.9253458044701252, 'optional_gamma': True, 'gamma': 0.12791211366270244, 'optional_lambda': True, 'lambda': 1.2732541919498243e-05, 'learning_rate': 0.0027911004535292523, 'max_depth': 5, 'min_child_weight': 2.174719771342212, 'subsample': 0.9948905532807352, 'n_bins': 198}. Best is trial 14 with value: 167.056915026493.[0m
[32m[I 2025-04-09 01:01:28,394][0m Trial 40 finished with value: 217.82715064624105 and parameters: {'optional_alpha': True, 'alpha': 0.01780353651912869, 'colsample_bylevel': 0.92322113631226, 'colsample_bytree': 0.8341355540459309, 'optional_gamma': False, 'optional_lambda': False, 'learning_rate': 0.122336663927347, 'max_depth': 7, 'min_child_weight': 0.0003632489886820547, 'subsample': 0.7427811091355013, 'n_bins': 16}. Best is trial 14 with value: 167.056915026493.[0m
