using gpu: 0
{'cat_min_frequency': 0.0,
 'cat_nan_policy': 'new',
 'cat_policy': 'ordinal',
 'config': {'fit': {'verbose': False},
            'model': {'booster': 'gbtree',
                      'colsample_bytree': 0.8,
                      'early_stopping_rounds': 50,
                      'n_estimators': 2000,
                      'n_jobs': -1,
                      'subsample': 0.8,
                      'tree_method': 'hist'}},
 'dataset': 'URA_lab_LoS_16_Y',
 'dataset_path': 'data',
 'evaluate_option': 'best-val',
 'gpu': '0',
 'model_path': 'results_model',
 'model_type': 'xgboost',
 'n_bins': 2,
 'n_trials': 50,
 'normalization': 'standard',
 'num_nan_policy': 'mean',
 'num_policy': 'none',
 'retune': False,
 'save_path': 'results_model/URA_lab_LoS_16_Y-xgboost-Tune/Norm-standard-Nan-mean-new-Cat-ordinal',
 'seed': 0,
 'seed_num': 1,
 'tune': True}
{'fit': {'verbose': False, 'n_bins': 2}, 'model': {'subsample': 0.8, 'colsample_bytree': 0.8, 'early_stopping_rounds': 50, 'booster': 'gbtree', 'n_estimators': 2000, 'n_jobs': -1, 'tree_method': 'hist'}}
[32m[I 2025-04-09 01:53:17,420][0m Trial 0 finished with value: 263.6231013023442 and parameters: {'optional_alpha': True, 'alpha': 0.010656970429469137, 'colsample_bylevel': 0.7724415914984484, 'colsample_bytree': 0.7118273996694524, 'optional_gamma': False, 'optional_lambda': True, 'lambda': 6.829913261377665e-05, 'learning_rate': 0.09091283280651452, 'max_depth': 7, 'min_child_weight': 0.2424260549741265, 'subsample': 0.9627983191463305, 'n_bins': 20}. Best is trial 0 with value: 263.6231013023442.[0m
[32m[I 2025-04-09 01:53:49,333][0m Trial 1 finished with value: 775.2036058099419 and parameters: {'optional_alpha': False, 'colsample_bylevel': 0.916309922773969, 'colsample_bytree': 0.8890783754749252, 'optional_gamma': True, 'gamma': 0.9808117097306164, 'optional_lambda': True, 'lambda': 1.5231555549417795e-07, 'learning_rate': 0.015834527427829734, 'max_depth': 4, 'min_child_weight': 19085.16511726201, 'subsample': 0.7609241608750359, 'n_bins': 107}. Best is trial 0 with value: 263.6231013023442.[0m
[32m[I 2025-04-09 01:54:21,641][0m Trial 2 finished with value: 876.4909797634473 and parameters: {'optional_alpha': True, 'alpha': 0.00036433703707904036, 'colsample_bylevel': 0.7842169744343243, 'colsample_bytree': 0.5093949002181776, 'optional_gamma': False, 'optional_lambda': True, 'lambda': 0.06579653011946039, 'learning_rate': 0.0006273927602293597, 'max_depth': 6, 'min_child_weight': 11.72750284712809, 'subsample': 0.5301127358146349, 'n_bins': 172}. Best is trial 0 with value: 263.6231013023442.[0m
[32m[I 2025-04-09 01:54:52,052][0m Trial 3 finished with value: 890.863457048113 and parameters: {'optional_alpha': False, 'colsample_bylevel': 0.5644631488274267, 'colsample_bytree': 0.6577141754620919, 'optional_gamma': True, 'gamma': 0.00024322887698390846, 'optional_lambda': False, 'learning_rate': 0.00011076021254597257, 'max_depth': 4, 'min_child_weight': 3.0932016348957663, 'subsample': 0.626645801269891, 'n_bins': 120}. Best is trial 0 with value: 263.6231013023442.[0m
[32m[I 2025-04-09 01:55:20,651][0m Trial 4 finished with value: 752.8384892404861 and parameters: {'optional_alpha': False, 'colsample_bylevel': 0.5551875705821525, 'colsample_bytree': 0.8281647947326367, 'optional_gamma': True, 'gamma': 4.866891972890964e-05, 'optional_lambda': False, 'learning_rate': 0.1547834553402764, 'max_depth': 3, 'min_child_weight': 49428.00081604498, 'subsample': 0.7343256008238508, 'n_bins': 251}. Best is trial 0 with value: 263.6231013023442.[0m
[32m[I 2025-04-09 01:55:53,590][0m Trial 5 finished with value: 513.4644939864245 and parameters: {'optional_alpha': True, 'alpha': 2.465346246449571e-08, 'colsample_bylevel': 0.6414034812882048, 'colsample_bytree': 0.5600982806065844, 'optional_gamma': False, 'optional_lambda': True, 'lambda': 4.3800086026247575e-08, 'learning_rate': 0.02899750265370691, 'max_depth': 7, 'min_child_weight': 2.818794284367099e-05, 'subsample': 0.7616240267333498, 'n_bins': 25}. Best is trial 0 with value: 263.6231013023442.[0m
[32m[I 2025-04-09 01:56:22,667][0m Trial 6 finished with value: 389.9516554807025 and parameters: {'optional_alpha': True, 'alpha': 1.533520282967531e-05, 'colsample_bylevel': 0.8337051899818408, 'colsample_bytree': 0.565898931202196, 'optional_gamma': False, 'optional_lambda': True, 'lambda': 1.5888227943138278e-08, 'learning_rate': 0.13954045864229964, 'max_depth': 3, 'min_child_weight': 6.480596446891043, 'subsample': 0.6350039865960824, 'n_bins': 189}. Best is trial 0 with value: 263.6231013023442.[0m
[32m[I 2025-04-09 01:56:56,937][0m Trial 7 finished with value: 211.72509065487358 and parameters: {'optional_alpha': False, 'colsample_bylevel': 0.7880786672089184, 'colsample_bytree': 0.7960209656359195, 'optional_gamma': False, 'optional_lambda': False, 'learning_rate': 0.17062527421800122, 'max_depth': 8, 'min_child_weight': 7.356654515652415e-05, 'subsample': 0.9068989098512386, 'n_bins': 103}. Best is trial 7 with value: 211.72509065487358.[0m
[32m[I 2025-04-09 01:57:30,305][0m Trial 8 finished with value: 854.6065699556891 and parameters: {'optional_alpha': False, 'colsample_bylevel': 0.9408676809274263, 'colsample_bytree': 0.846265795038883, 'optional_gamma': False, 'optional_lambda': False, 'learning_rate': 0.0013160586463600646, 'max_depth': 7, 'min_child_weight': 1.7762806221961337e-08, 'subsample': 0.6507874083372747, 'n_bins': 170}. Best is trial 7 with value: 211.72509065487358.[0m
[32m[I 2025-04-09 01:58:12,706][0m Trial 9 finished with value: 833.1599089960802 and parameters: {'optional_alpha': True, 'alpha': 0.00019394876095968973, 'colsample_bylevel': 0.5677370321112252, 'colsample_bytree': 0.6491411629780154, 'optional_gamma': True, 'gamma': 0.005536719073590977, 'optional_lambda': False, 'learning_rate': 0.0014357941422596275, 'max_depth': 10, 'min_child_weight': 0.0006002114978021492, 'subsample': 0.7179324626328134, 'n_bins': 229}. Best is trial 7 with value: 211.72509065487358.[0m
[32m[I 2025-04-09 01:58:46,871][0m Trial 10 finished with value: 459.75263746021733 and parameters: {'optional_alpha': False, 'colsample_bylevel': 0.6855390787918278, 'colsample_bytree': 0.9763891304300578, 'optional_gamma': False, 'optional_lambda': False, 'learning_rate': 0.8762371399341778, 'max_depth': 9, 'min_child_weight': 5.841121553528072e-07, 'subsample': 0.9912690321304675, 'n_bins': 73}. Best is trial 7 with value: 211.72509065487358.[0m
[32m[I 2025-04-09 01:59:21,182][0m Trial 11 finished with value: 892.8374704500133 and parameters: {'optional_alpha': True, 'alpha': 61.641239987057375, 'colsample_bylevel': 0.8372975269020799, 'colsample_bytree': 0.7420211857927421, 'optional_gamma': False, 'optional_lambda': True, 'lambda': 54.87517190870796, 'learning_rate': 1.0665571721000139e-05, 'max_depth': 8, 'min_child_weight': 0.010743229079568397, 'subsample': 0.9750907775336648, 'n_bins': 3}. Best is trial 7 with value: 211.72509065487358.[0m
[32m[I 2025-04-09 01:59:51,821][0m Trial 12 finished with value: 287.5202763451322 and parameters: {'optional_alpha': True, 'alpha': 0.6924502981061265, 'colsample_bylevel': 0.7157316013493222, 'colsample_bytree': 0.7299396291380444, 'optional_gamma': False, 'optional_lambda': False, 'learning_rate': 0.7089392199034127, 'max_depth': 6, 'min_child_weight': 0.04833602327583868, 'subsample': 0.8909608917398528, 'n_bins': 56}. Best is trial 7 with value: 211.72509065487358.[0m
[32m[I 2025-04-09 02:00:26,366][0m Trial 13 finished with value: 579.109336926564 and parameters: {'optional_alpha': False, 'colsample_bylevel': 0.7858277735129392, 'colsample_bytree': 0.6796535064127054, 'optional_gamma': False, 'optional_lambda': True, 'lambda': 7.987930356165417e-05, 'learning_rate': 0.01651338434871955, 'max_depth': 8, 'min_child_weight': 4.228195402675383e-05, 'subsample': 0.8805682683374314, 'n_bins': 74}. Best is trial 7 with value: 211.72509065487358.[0m
[32m[I 2025-04-09 02:01:09,595][0m Trial 14 finished with value: 192.03614265356063 and parameters: {'optional_alpha': True, 'alpha': 0.05722711226756444, 'colsample_bylevel': 0.9924587385659037, 'colsample_bytree': 0.7995138830171545, 'optional_gamma': False, 'optional_lambda': True, 'lambda': 0.00043902308103618116, 'learning_rate': 0.10063428176821157, 'max_depth': 10, 'min_child_weight': 0.08438730259717137, 'subsample': 0.8784015029201728, 'n_bins': 50}. Best is trial 14 with value: 192.03614265356063.[0m
[32m[I 2025-04-09 02:01:54,055][0m Trial 15 finished with value: 696.0895527044903 and parameters: {'optional_alpha': False, 'colsample_bylevel': 0.8735904491046036, 'colsample_bytree': 0.8045661070787121, 'optional_gamma': False, 'optional_lambda': False, 'learning_rate': 0.005652685888568566, 'max_depth': 10, 'min_child_weight': 0.0010587941859306442, 'subsample': 0.8512763084764623, 'n_bins': 108}. Best is trial 14 with value: 192.03614265356063.[0m
[32m[I 2025-04-09 02:02:28,251][0m Trial 16 finished with value: 230.54656040230176 and parameters: {'optional_alpha': True, 'alpha': 0.5463386004865959, 'colsample_bylevel': 0.9597212632609384, 'colsample_bytree': 0.8997573046628451, 'optional_gamma': False, 'optional_lambda': False, 'learning_rate': 0.28584360000282266, 'max_depth': 9, 'min_child_weight': 160.29950653893843, 'subsample': 0.8291740573749555, 'n_bins': 54}. Best is trial 14 with value: 192.03614265356063.[0m
[32m[I 2025-04-09 02:03:06,334][0m Trial 17 finished with value: 333.7581691880335 and parameters: {'optional_alpha': False, 'colsample_bylevel': 0.9887136641302041, 'colsample_bytree': 0.7894847023400996, 'optional_gamma': False, 'optional_lambda': True, 'lambda': 0.03449683986682951, 'learning_rate': 0.03542250720098207, 'max_depth': 9, 'min_child_weight': 2.4215640797677795e-06, 'subsample': 0.9201272737564832, 'n_bins': 149}. Best is trial 14 with value: 192.03614265356063.[0m
[32m[I 2025-04-09 02:03:49,395][0m Trial 18 finished with value: 234.12232266111062 and parameters: {'optional_alpha': False, 'colsample_bylevel': 0.5040654995974045, 'colsample_bytree': 0.9747215609487249, 'optional_gamma': True, 'gamma': 2.737055107792795e-08, 'optional_lambda': True, 'lambda': 25.321127077883048, 'learning_rate': 0.059905900702708625, 'max_depth': 10, 'min_child_weight': 0.004346906155238069, 'subsample': 0.8161727701972971, 'n_bins': 90}. Best is trial 14 with value: 192.03614265356063.[0m
[32m[I 2025-04-09 02:04:24,061][0m Trial 19 finished with value: 740.0060450307792 and parameters: {'optional_alpha': True, 'alpha': 6.833495448237342e-07, 'colsample_bylevel': 0.9013514853057494, 'colsample_bytree': 0.9057014277373537, 'optional_gamma': False, 'optional_lambda': False, 'learning_rate': 0.006116713974526741, 'max_depth': 8, 'min_child_weight': 349.19737262798986, 'subsample': 0.9269929290300458, 'n_bins': 142}. Best is trial 14 with value: 192.03614265356063.[0m
[32m[I 2025-04-09 02:04:59,376][0m Trial 20 finished with value: 270.62813120095376 and parameters: {'optional_alpha': False, 'colsample_bylevel': 0.9975460409815256, 'colsample_bytree': 0.7772665145113711, 'optional_gamma': False, 'optional_lambda': False, 'learning_rate': 0.3692434939908306, 'max_depth': 9, 'min_child_weight': 1.714982366868768e-08, 'subsample': 0.7878583442468889, 'n_bins': 41}. Best is trial 14 with value: 192.03614265356063.[0m
[32m[I 2025-04-09 02:05:32,513][0m Trial 21 finished with value: 235.16987618344947 and parameters: {'optional_alpha': True, 'alpha': 0.07751592450561635, 'colsample_bylevel': 0.9410419590814715, 'colsample_bytree': 0.885762812204786, 'optional_gamma': False, 'optional_lambda': False, 'learning_rate': 0.31809667584379564, 'max_depth': 9, 'min_child_weight': 485.10222013892144, 'subsample': 0.833199450845466, 'n_bins': 67}. Best is trial 14 with value: 192.03614265356063.[0m
[32m[I 2025-04-09 02:06:14,591][0m Trial 22 finished with value: 210.82506649359834 and parameters: {'optional_alpha': True, 'alpha': 2.455561224074547, 'colsample_bylevel': 0.9682149194209083, 'colsample_bytree': 0.9273354684094263, 'optional_gamma': False, 'optional_lambda': False, 'learning_rate': 0.23622184028595905, 'max_depth': 10, 'min_child_weight': 0.3529715517430991, 'subsample': 0.8712919296427544, 'n_bins': 48}. Best is trial 14 with value: 192.03614265356063.[0m
[32m[I 2025-04-09 02:06:58,995][0m Trial 23 finished with value: 204.5989271223618 and parameters: {'optional_alpha': True, 'alpha': 3.4171529814347963, 'colsample_bylevel': 0.8761094345347792, 'colsample_bytree': 0.9393139719903563, 'optional_gamma': False, 'optional_lambda': False, 'learning_rate': 0.07825970935497137, 'max_depth': 10, 'min_child_weight': 0.26960478019183104, 'subsample': 0.933997778785097, 'n_bins': 90}. Best is trial 14 with value: 192.03614265356063.[0m
[32m[I 2025-04-09 02:07:40,392][0m Trial 24 finished with value: 270.1482869309145 and parameters: {'optional_alpha': True, 'alpha': 32.29922513960703, 'colsample_bylevel': 0.8691667267164225, 'colsample_bytree': 0.9428226715136049, 'optional_gamma': False, 'optional_lambda': False, 'learning_rate': 0.05850451730158845, 'max_depth': 10, 'min_child_weight': 0.37292021268657854, 'subsample': 0.9466514337403698, 'n_bins': 89}. Best is trial 14 with value: 192.03614265356063.[0m
[32m[I 2025-04-09 02:08:24,928][0m Trial 25 finished with value: 563.5384472264135 and parameters: {'optional_alpha': True, 'alpha': 2.4756664777858894, 'colsample_bylevel': 0.9710514176466584, 'colsample_bytree': 0.9377556062422412, 'optional_gamma': False, 'optional_lambda': False, 'learning_rate': 0.011658794131665585, 'max_depth': 10, 'min_child_weight': 0.12632322147993555, 'subsample': 0.8689994045212789, 'n_bins': 35}. Best is trial 14 with value: 192.03614265356063.[0m
[32m[I 2025-04-09 02:09:02,608][0m Trial 26 finished with value: 355.3553645284638 and parameters: {'optional_alpha': True, 'alpha': 0.02117232646037939, 'colsample_bylevel': 0.9062555106836412, 'colsample_bytree': 0.9972799736335126, 'optional_gamma': False, 'optional_lambda': True, 'lambda': 5.3785170467828385e-06, 'learning_rate': 0.5542704557570786, 'max_depth': 10, 'min_child_weight': 0.6328401293936984, 'subsample': 0.8000569508702882, 'n_bins': 11}. Best is trial 14 with value: 192.03614265356063.[0m
[32m[I 2025-04-09 02:09:34,900][0m Trial 27 finished with value: 458.1168799059416 and parameters: {'optional_alpha': True, 'alpha': 5.8789345800947865, 'colsample_bylevel': 0.8376087730893701, 'colsample_bytree': 0.831461959303395, 'optional_gamma': True, 'gamma': 79.39952489632844, 'optional_lambda': False, 'learning_rate': 0.03861647183795228, 'max_depth': 9, 'min_child_weight': 61.05317294074035, 'subsample': 0.946293455000447, 'n_bins': 44}. Best is trial 14 with value: 192.03614265356063.[0m
[32m[I 2025-04-09 02:10:05,962][0m Trial 28 finished with value: 889.786684573366 and parameters: {'optional_alpha': True, 'alpha': 0.06653195623576735, 'colsample_bylevel': 0.9401979104114512, 'colsample_bytree': 0.9395921481641629, 'optional_gamma': False, 'optional_lambda': True, 'lambda': 0.02302787791206652, 'learning_rate': 0.00013972708346620357, 'max_depth': 5, 'min_child_weight': 0.009031012262906176, 'subsample': 0.6818910324131301, 'n_bins': 82}. Best is trial 14 with value: 192.03614265356063.[0m
[32m[I 2025-04-09 02:10:49,195][0m Trial 29 finished with value: 198.84405598114853 and parameters: {'optional_alpha': True, 'alpha': 0.0036713610307871013, 'colsample_bylevel': 0.8835582897322865, 'colsample_bytree': 0.8441343508665177, 'optional_gamma': False, 'optional_lambda': True, 'lambda': 1.1022287026976294, 'learning_rate': 0.08367021118977581, 'max_depth': 10, 'min_child_weight': 0.7906014460228455, 'subsample': 0.9991617620935738, 'n_bins': 21}. Best is trial 14 with value: 192.03614265356063.[0m
[32m[I 2025-04-09 02:11:21,234][0m Trial 30 finished with value: 324.15208765872956 and parameters: {'optional_alpha': True, 'alpha': 0.003711885778154886, 'colsample_bylevel': 0.7443383250365023, 'colsample_bytree': 0.8575602322475459, 'optional_gamma': False, 'optional_lambda': True, 'lambda': 1.2341096272054222, 'learning_rate': 0.08727944581969617, 'max_depth': 7, 'min_child_weight': 3723.5011224857817, 'subsample': 0.9994527613613069, 'n_bins': 27}. Best is trial 14 with value: 192.03614265356063.[0m
[32m[I 2025-04-09 02:12:04,344][0m Trial 31 finished with value: 185.5155906939634 and parameters: {'optional_alpha': True, 'alpha': 0.2863010957553264, 'colsample_bylevel': 0.8861090184801698, 'colsample_bytree': 0.8618174032967187, 'optional_gamma': False, 'optional_lambda': True, 'lambda': 0.004393567305469853, 'learning_rate': 0.12515515396042043, 'max_depth': 10, 'min_child_weight': 1.062417063530992, 'subsample': 0.9649001925695698, 'n_bins': 61}. Best is trial 31 with value: 185.5155906939634.[0m
[32m[I 2025-04-09 02:12:41,622][0m Trial 32 finished with value: 209.0095528592254 and parameters: {'optional_alpha': True, 'alpha': 0.16751470280307018, 'colsample_bylevel': 0.8759119578022223, 'colsample_bytree': 0.8650185632274032, 'optional_gamma': False, 'optional_lambda': True, 'lambda': 0.001211128851010902, 'learning_rate': 0.10383570448547896, 'max_depth': 9, 'min_child_weight': 1.7208012204434042, 'subsample': 0.9585574352182663, 'n_bins': 17}. Best is trial 31 with value: 185.5155906939634.[0m
[32m[I 2025-04-09 02:13:24,456][0m Trial 33 finished with value: 469.49605641155756 and parameters: {'optional_alpha': True, 'alpha': 0.00192296924605113, 'colsample_bylevel': 0.8195731948962147, 'colsample_bytree': 0.7638407470436273, 'optional_gamma': False, 'optional_lambda': True, 'lambda': 0.0015893742881614777, 'learning_rate': 0.0176136339183617, 'max_depth': 10, 'min_child_weight': 23.222324875773264, 'subsample': 0.9681302562496261, 'n_bins': 65}. Best is trial 31 with value: 185.5155906939634.[0m
[32m[I 2025-04-09 02:14:08,759][0m Trial 34 finished with value: 653.6287348413609 and parameters: {'optional_alpha': True, 'alpha': 4.1458816010372895e-05, 'colsample_bylevel': 0.9089368395341271, 'colsample_bytree': 0.876208194902472, 'optional_gamma': True, 'gamma': 7.362373342627551e-08, 'optional_lambda': True, 'lambda': 1.098099652138531, 'learning_rate': 0.007364385769638365, 'max_depth': 10, 'min_child_weight': 0.04851852960265098, 'subsample': 0.931620647890572, 'n_bins': 122}. Best is trial 31 with value: 185.5155906939634.[0m
[32m[I 2025-04-09 02:14:43,664][0m Trial 35 finished with value: 799.4525637879533 and parameters: {'optional_alpha': True, 'alpha': 0.017116799614125256, 'colsample_bylevel': 0.863274601358111, 'colsample_bytree': 0.8250705545987457, 'optional_gamma': False, 'optional_lambda': True, 'lambda': 0.8572778009063293, 'learning_rate': 0.003108332794791102, 'max_depth': 8, 'min_child_weight': 1.1135700774843287, 'subsample': 0.9081144836452535, 'n_bins': 99}. Best is trial 31 with value: 185.5155906939634.[0m
[32m[I 2025-04-09 02:15:21,053][0m Trial 36 finished with value: 261.71425517544293 and parameters: {'optional_alpha': True, 'alpha': 0.3006361949293773, 'colsample_bylevel': 0.8011709681948485, 'colsample_bytree': 0.6953302680631948, 'optional_gamma': False, 'optional_lambda': True, 'lambda': 3.747758297914606e-05, 'learning_rate': 0.05365515360246211, 'max_depth': 9, 'min_child_weight': 9.94982784497805, 'subsample': 0.9761919229967146, 'n_bins': 31}. Best is trial 31 with value: 185.5155906939634.[0m
[32m[I 2025-04-09 02:15:54,194][0m Trial 37 finished with value: 597.5183216024542 and parameters: {'optional_alpha': True, 'alpha': 9.619142240305017, 'colsample_bylevel': 0.9290344252226134, 'colsample_bytree': 0.8155643858973504, 'optional_gamma': True, 'gamma': 3.3208339277041427e-06, 'optional_lambda': True, 'lambda': 1.1535036135486441e-06, 'learning_rate': 0.026451777008494652, 'max_depth': 10, 'min_child_weight': 3816.477288347785, 'subsample': 0.9978790712716246, 'n_bins': 54}. Best is trial 31 with value: 185.5155906939634.[0m
[32m[I 2025-04-09 02:16:24,065][0m Trial 38 finished with value: 331.60865670359186 and parameters: {'optional_alpha': True, 'alpha': 0.0033823221622700313, 'colsample_bylevel': 0.7623497717119653, 'colsample_bytree': 0.9088431228797872, 'optional_gamma': False, 'optional_lambda': True, 'lambda': 0.003392078663200708, 'learning_rate': 0.12951139286069568, 'max_depth': 4, 'min_child_weight': 0.0013218092012596998, 'subsample': 0.5089140145721643, 'n_bins': 17}. Best is trial 31 with value: 185.5155906939634.[0m
[32m[I 2025-04-09 02:16:55,657][0m Trial 39 finished with value: 301.13929133254436 and parameters: {'optional_alpha': True, 'alpha': 1.06805021762818, 'colsample_bylevel': 0.89788146593391, 'colsample_bytree': 0.8520725559015853, 'optional_gamma': False, 'optional_lambda': True, 'lambda': 0.015709849386671672, 'learning_rate': 0.08443848309467016, 'max_depth': 6, 'min_child_weight': 4.497389555794517, 'subsample': 0.5519796703521302, 'n_bins': 116}. Best is trial 31 with value: 185.5155906939634.[0m
[32m[I 2025-04-09 02:17:30,245][0m Trial 40 finished with value: 296.2662237285696 and parameters: {'optional_alpha': True, 'alpha': 0.05488507674150948, 'colsample_bylevel': 0.8542245797626695, 'colsample_bytree': 0.964566127618988, 'optional_gamma': True, 'gamma': 0.03067674284924289, 'optional_lambda': True, 'lambda': 0.00025605264292767415, 'learning_rate': 0.4824778256097726, 'max_depth': 9, 'min_child_weight': 0.10735602577339062, 'subsample': 0.8975659533117404, 'n_bins': 2}. Best is trial 31 with value: 185.5155906939634.[0m
