[32m[I 2025-04-10 23:32:53,315][0m Trial 16 finished with value: 224.4546782168361 and parameters: {'num_leaves': 79, 'max_depth': 8, 'learning_rate': 0.16071119231351078, 'min_child_weight': 0.0006022440713635049, 'min_child_samples': 36, 'subsample': 0.7454578830450378, 'colsample_bytree': 0.7882827605227303, 'optional_reg_lambda': True, 'reg_lambda': 0.01711130726720915, 'n_bins': 87}. Best is trial 15 with value: 221.25107510950687.[0m
[LightGBM] [Info] Auto-choosing col-wise multi-threading, the overhead of testing was 1.786573 seconds.
You can set `force_col_wise=true` to remove the overhead.
[LightGBM] [Info] Total Bins 816000
[LightGBM] [Info] Number of data points in the train set: 214203, number of used features: 3200
[LightGBM] [Info] Start training from score 0.000000
[32m[I 2025-04-10 23:34:18,386][0m Trial 17 finished with value: 222.19689109768137 and parameters: {'num_leaves': 82, 'max_depth': 9, 'learning_rate': 0.18457712259657322, 'min_child_weight': 0.00044419948858537907, 'min_child_samples': 57, 'subsample': 0.7308595444804924, 'colsample_bytree': 0.7588188079559521, 'optional_reg_lambda': True, 'reg_lambda': 0.010384549772322269, 'n_bins': 88}. Best is trial 15 with value: 221.25107510950687.[0m
[LightGBM] [Info] Auto-choosing col-wise multi-threading, the overhead of testing was 1.759650 seconds.
You can set `force_col_wise=true` to remove the overhead.
[LightGBM] [Info] Total Bins 816000
[LightGBM] [Info] Number of data points in the train set: 214203, number of used features: 3200
[LightGBM] [Info] Start training from score 0.000000
[32m[I 2025-04-10 23:35:47,880][0m Trial 18 finished with value: 625.6958597799784 and parameters: {'num_leaves': 86, 'max_depth': 9, 'learning_rate': 0.014940903018475091, 'min_child_weight': 0.0005224105198602752, 'min_child_samples': 56, 'subsample': 0.8088164961312864, 'colsample_bytree': 0.724581557857215, 'optional_reg_lambda': True, 'reg_lambda': 0.0001554927362065838, 'n_bins': 58}. Best is trial 15 with value: 221.25107510950687.[0m
[LightGBM] [Info] Auto-choosing col-wise multi-threading, the overhead of testing was 1.915531 seconds.
You can set `force_col_wise=true` to remove the overhead.
[LightGBM] [Info] Total Bins 816000
[LightGBM] [Info] Number of data points in the train set: 214203, number of used features: 3200
[LightGBM] [Info] Start training from score 0.000000
[LightGBM] [Warning] No further splits with positive gain, best gain: -inf
[32m[I 2025-04-10 23:37:09,012][0m Trial 19 finished with value: 235.31813836151983 and parameters: {'num_leaves': 70, 'max_depth': 9, 'learning_rate': 0.3038144812091294, 'min_child_weight': 0.04647181884652555, 'min_child_samples': 68, 'subsample': 0.7041875008466019, 'colsample_bytree': 0.8471762658844233, 'optional_reg_lambda': True, 'reg_lambda': 0.006219536446624448, 'n_bins': 150}. Best is trial 15 with value: 221.25107510950687.[0m
[LightGBM] [Info] Auto-choosing col-wise multi-threading, the overhead of testing was 1.797473 seconds.
You can set `force_col_wise=true` to remove the overhead.
[LightGBM] [Info] Total Bins 816000
[LightGBM] [Info] Number of data points in the train set: 214203, number of used features: 3200
[LightGBM] [Info] Start training from score 0.000000
[32m[I 2025-04-10 23:38:16,677][0m Trial 20 finished with value: 262.03650040792576 and parameters: {'num_leaves': 42, 'max_depth': 6, 'learning_rate': 0.13901972449680675, 'min_child_weight': 0.00037639346790014174, 'min_child_samples': 48, 'subsample': 0.8459479193560109, 'colsample_bytree': 0.697884091852525, 'optional_reg_lambda': True, 'reg_lambda': 0.0003802380009415919, 'n_bins': 89}. Best is trial 15 with value: 221.25107510950687.[0m
[LightGBM] [Info] Auto-choosing col-wise multi-threading, the overhead of testing was 1.563286 seconds.
You can set `force_col_wise=true` to remove the overhead.
[LightGBM] [Info] Total Bins 816000
[LightGBM] [Info] Number of data points in the train set: 214203, number of used features: 3200
[LightGBM] [Info] Start training from score 0.000000
[32m[I 2025-04-10 23:39:37,476][0m Trial 21 finished with value: 225.231533615248 and parameters: {'num_leaves': 86, 'max_depth': 8, 'learning_rate': 0.16596999282207497, 'min_child_weight': 0.0007605447796006836, 'min_child_samples': 32, 'subsample': 0.7095045498032434, 'colsample_bytree': 0.7868067351871819, 'optional_reg_lambda': True, 'reg_lambda': 0.007685087816527742, 'n_bins': 83}. Best is trial 15 with value: 221.25107510950687.[0m
[LightGBM] [Info] Auto-choosing col-wise multi-threading, the overhead of testing was 1.738455 seconds.
You can set `force_col_wise=true` to remove the overhead.
[LightGBM] [Info] Total Bins 816000
[LightGBM] [Info] Number of data points in the train set: 214203, number of used features: 3200
[LightGBM] [Info] Start training from score 0.000000
[32m[I 2025-04-10 23:40:54,501][0m Trial 22 finished with value: 251.80115664226292 and parameters: {'num_leaves': 71, 'max_depth': 9, 'learning_rate': 0.44739855985865173, 'min_child_weight': 6.718505039785791e-05, 'min_child_samples': 49, 'subsample': 0.7623351924400813, 'colsample_bytree': 0.7888621323779538, 'optional_reg_lambda': True, 'reg_lambda': 0.0620677891143531, 'n_bins': 95}. Best is trial 15 with value: 221.25107510950687.[0m
[LightGBM] [Info] Auto-choosing col-wise multi-threading, the overhead of testing was 1.759414 seconds.
You can set `force_col_wise=true` to remove the overhead.
[LightGBM] [Info] Total Bins 816000
[LightGBM] [Info] Number of data points in the train set: 214203, number of used features: 3200
[LightGBM] [Info] Start training from score 0.000000
[32m[I 2025-04-10 23:42:22,780][0m Trial 23 finished with value: 600.3968613534378 and parameters: {'num_leaves': 77, 'max_depth': 8, 'learning_rate': 0.018896950629937844, 'min_child_weight': 0.001426545977766992, 'min_child_samples': 32, 'subsample': 0.7651266064048476, 'colsample_bytree': 0.7554729249138797, 'optional_reg_lambda': True, 'reg_lambda': 0.02127885714419108, 'n_bins': 56}. Best is trial 15 with value: 221.25107510950687.[0m
[LightGBM] [Info] Auto-choosing col-wise multi-threading, the overhead of testing was 1.447661 seconds.
You can set `force_col_wise=true` to remove the overhead.
[LightGBM] [Info] Total Bins 816000
[LightGBM] [Info] Number of data points in the train set: 214203, number of used features: 3200
[LightGBM] [Info] Start training from score 0.000000
[32m[I 2025-04-10 23:43:50,768][0m Trial 24 finished with value: 216.01079119944953 and parameters: {'num_leaves': 90, 'max_depth': 9, 'learning_rate': 0.17249778702999086, 'min_child_weight': 0.00035472147968335126, 'min_child_samples': 52, 'subsample': 0.6859681771430295, 'colsample_bytree': 0.842043216474062, 'optional_reg_lambda': True, 'reg_lambda': 0.15397607889785922, 'n_bins': 138}. Best is trial 24 with value: 216.01079119944953.[0m
[LightGBM] [Info] Auto-choosing col-wise multi-threading, the overhead of testing was 1.915177 seconds.
You can set `force_col_wise=true` to remove the overhead.
[LightGBM] [Info] Total Bins 816000
[LightGBM] [Info] Number of data points in the train set: 214203, number of used features: 3200
[LightGBM] [Info] Start training from score 0.000000
[32m[I 2025-04-10 23:45:24,153][0m Trial 25 finished with value: 264.3860054602406 and parameters: {'num_leaves': 90, 'max_depth': 10, 'learning_rate': 0.08338002864071485, 'min_child_weight': 0.00028939430121675954, 'min_child_samples': 67, 'subsample': 0.6844310703573866, 'colsample_bytree': 0.8568702660144034, 'optional_reg_lambda': True, 'reg_lambda': 0.1797671375067125, 'n_bins': 141}. Best is trial 24 with value: 216.01079119944953.[0m
[LightGBM] [Info] Auto-choosing col-wise multi-threading, the overhead of testing was 1.790194 seconds.
You can set `force_col_wise=true` to remove the overhead.
[LightGBM] [Info] Total Bins 816000
[LightGBM] [Info] Number of data points in the train set: 214203, number of used features: 3200
[LightGBM] [Info] Start training from score 0.000000
[32m[I 2025-04-10 23:46:57,174][0m Trial 26 finished with value: 421.10007665316715 and parameters: {'num_leaves': 99, 'max_depth': 9, 'learning_rate': 0.031582462110611165, 'min_child_weight': 7.785234307681148e-05, 'min_child_samples': 2, 'subsample': 0.5923006388483403, 'colsample_bytree': 0.8106309362233337, 'optional_reg_lambda': False, 'n_bins': 155}. Best is trial 24 with value: 216.01079119944953.[0m
[LightGBM] [Info] Auto-choosing col-wise multi-threading, the overhead of testing was 1.885149 seconds.
You can set `force_col_wise=true` to remove the overhead.
[LightGBM] [Info] Total Bins 816000
[LightGBM] [Info] Number of data points in the train set: 214203, number of used features: 3200
[LightGBM] [Info] Start training from score 0.000000
[32m[I 2025-04-10 23:48:25,948][0m Trial 27 finished with value: 220.04511036753982 and parameters: {'num_leaves': 88, 'max_depth': 9, 'learning_rate': 0.20257917086307367, 'min_child_weight': 0.00871416549923262, 'min_child_samples': 51, 'subsample': 0.8712570907218171, 'colsample_bytree': 0.8819875733647254, 'optional_reg_lambda': True, 'reg_lambda': 0.0025570563169469806, 'n_bins': 108}. Best is trial 24 with value: 216.01079119944953.[0m
[LightGBM] [Info] Auto-choosing col-wise multi-threading, the overhead of testing was 1.899434 seconds.
You can set `force_col_wise=true` to remove the overhead.
[LightGBM] [Info] Total Bins 816000
[LightGBM] [Info] Number of data points in the train set: 214203, number of used features: 3200
[LightGBM] [Info] Start training from score 0.000000
[32m[I 2025-04-10 23:49:51,661][0m Trial 28 finished with value: 266.837748968442 and parameters: {'num_leaves': 90, 'max_depth': 10, 'learning_rate': 0.43289880689190324, 'min_child_weight': 0.011756242345529435, 'min_child_samples': 47, 'subsample': 0.9150018739055155, 'colsample_bytree': 0.9472929792832522, 'optional_reg_lambda': True, 'reg_lambda': 0.003365478584856395, 'n_bins': 109}. Best is trial 24 with value: 216.01079119944953.[0m
[LightGBM] [Info] Auto-choosing col-wise multi-threading, the overhead of testing was 1.860868 seconds.
You can set `force_col_wise=true` to remove the overhead.
[LightGBM] [Info] Total Bins 816000
[LightGBM] [Info] Number of data points in the train set: 214203, number of used features: 3200
[LightGBM] [Info] Start training from score 0.000000
[32m[I 2025-04-10 23:51:13,478][0m Trial 29 finished with value: 333.40486564575446 and parameters: {'num_leaves': 67, 'max_depth': 8, 'learning_rate': 0.06092428194584497, 'min_child_weight': 0.08580840217816399, 'min_child_samples': 43, 'subsample': 0.8682154492029566, 'colsample_bytree': 0.8807043080340285, 'optional_reg_lambda': True, 'reg_lambda': 0.18599528228280887, 'n_bins': 138}. Best is trial 24 with value: 216.01079119944953.[0m
[LightGBM] [Info] Auto-choosing col-wise multi-threading, the overhead of testing was 2.039980 seconds.
You can set `force_col_wise=true` to remove the overhead.
[LightGBM] [Info] Total Bins 816000
[LightGBM] [Info] Number of data points in the train set: 214203, number of used features: 3200
[LightGBM] [Info] Start training from score 0.000000
[32m[I 2025-04-10 23:52:37,799][0m Trial 30 finished with value: 723.795560674668 and parameters: {'num_leaves': 86, 'max_depth': 7, 'learning_rate': 0.0084256649893262, 'min_child_weight': 0.011326908602572489, 'min_child_samples': 79, 'subsample': 0.780891213107357, 'colsample_bytree': 0.9218683150000297, 'optional_reg_lambda': True, 'reg_lambda': 0.20856334375276864, 'n_bins': 221}. Best is trial 24 with value: 216.01079119944953.[0m
[LightGBM] [Info] Auto-choosing col-wise multi-threading, the overhead of testing was 1.954460 seconds.
You can set `force_col_wise=true` to remove the overhead.
[LightGBM] [Info] Total Bins 816000
[LightGBM] [Info] Number of data points in the train set: 214203, number of used features: 3200
[LightGBM] [Info] Start training from score 0.000000
[32m[I 2025-04-10 23:54:01,963][0m Trial 31 finished with value: 219.75994747910207 and parameters: {'num_leaves': 100, 'max_depth': 9, 'learning_rate': 0.20739080126433337, 'min_child_weight': 0.0014109035787949842, 'min_child_samples': 53, 'subsample': 0.6926860839721772, 'colsample_bytree': 0.719791379078168, 'optional_reg_lambda': True, 'reg_lambda': 0.00724104704682083, 'n_bins': 100}. Best is trial 24 with value: 216.01079119944953.[0m
[LightGBM] [Info] Auto-choosing col-wise multi-threading, the overhead of testing was 2.042738 seconds.
You can set `force_col_wise=true` to remove the overhead.
[LightGBM] [Info] Total Bins 816000
[LightGBM] [Info] Number of data points in the train set: 214203, number of used features: 3200
[LightGBM] [Info] Start training from score 0.000000
[32m[I 2025-04-10 23:55:31,733][0m Trial 32 finished with value: 239.9259766888066 and parameters: {'num_leaves': 96, 'max_depth': 9, 'learning_rate': 0.10634717469905842, 'min_child_weight': 0.001236144039648354, 'min_child_samples': 51, 'subsample': 0.6817820140071206, 'colsample_bytree': 0.7150880004886585, 'optional_reg_lambda': True, 'reg_lambda': 0.002298258717169256, 'n_bins': 103}. Best is trial 24 with value: 216.01079119944953.[0m
[LightGBM] [Info] Auto-choosing col-wise multi-threading, the overhead of testing was 1.775596 seconds.
You can set `force_col_wise=true` to remove the overhead.
[LightGBM] [Info] Total Bins 816000
[LightGBM] [Info] Number of data points in the train set: 214203, number of used features: 3200
[LightGBM] [Info] Start training from score 0.000000
[LightGBM] [Warning] No further splits with positive gain, best gain: -inf
[LightGBM] [Warning] No further splits with positive gain, best gain: -inf
[LightGBM] [Warning] No further splits with positive gain, best gain: -inf
[LightGBM] [Warning] No further splits with positive gain, best gain: -inf
[LightGBM] [Warning] No further splits with positive gain, best gain: -inf
[LightGBM] [Warning] No further splits with positive gain, best gain: -inf
[LightGBM] [Warning] No further splits with positive gain, best gain: -inf
[LightGBM] [Warning] No further splits with positive gain, best gain: -inf
[LightGBM] [Warning] No further splits with positive gain, best gain: -inf
[LightGBM] [Warning] No further splits with positive gain, best gain: -inf
[LightGBM] [Warning] No further splits with positive gain, best gain: -inf
[LightGBM] [Warning] No further splits with positive gain, best gain: -inf
[LightGBM] [Warning] No further splits with positive gain, best gain: -inf
[LightGBM] [Warning] No further splits with positive gain, best gain: -inf
[LightGBM] [Warning] No further splits with positive gain, best gain: -inf
[LightGBM] [Warning] No further splits with positive gain, best gain: -inf
[LightGBM] [Warning] No further splits with positive gain, best gain: -inf
[LightGBM] [Warning] No further splits with positive gain, best gain: -inf
[32m[I 2025-04-10 23:56:52,543][0m Trial 33 finished with value: 264.0013580231541 and parameters: {'num_leaves': 99, 'max_depth': 8, 'learning_rate': 0.4714808220275528, 'min_child_weight': 0.0022932959397693876, 'min_child_samples': 66, 'subsample': 0.686988749537449, 'colsample_bytree': 0.8257060618856389, 'optional_reg_lambda': True, 'reg_lambda': 0.03142160299561071, 'n_bins': 71}. Best is trial 24 with value: 216.01079119944953.[0m
[LightGBM] [Info] Auto-choosing col-wise multi-threading, the overhead of testing was 1.919990 seconds.
You can set `force_col_wise=true` to remove the overhead.
[LightGBM] [Info] Total Bins 816000
[LightGBM] [Info] Number of data points in the train set: 214203, number of used features: 3200
[LightGBM] [Info] Start training from score 0.000000
[32m[I 2025-04-10 23:58:27,346][0m Trial 34 finished with value: 216.72367754918523 and parameters: {'num_leaves': 90, 'max_depth': 10, 'learning_rate': 0.23568474002372164, 'min_child_weight': 0.01071792111383082, 'min_child_samples': 53, 'subsample': 0.6104683715016329, 'colsample_bytree': 0.866572623054563, 'optional_reg_lambda': True, 'reg_lambda': 0.004254701689545004, 'n_bins': 127}. Best is trial 24 with value: 216.01079119944953.[0m
[LightGBM] [Info] Auto-choosing col-wise multi-threading, the overhead of testing was 2.017795 seconds.
You can set `force_col_wise=true` to remove the overhead.
[LightGBM] [Info] Total Bins 816000
[LightGBM] [Info] Number of data points in the train set: 214203, number of used features: 3200
[LightGBM] [Info] Start training from score 0.000000
[32m[I 2025-04-11 00:00:12,120][0m Trial 35 finished with value: 337.3244202864001 and parameters: {'num_leaves': 90, 'max_depth': 10, 'learning_rate': 0.04637139144308497, 'min_child_weight': 0.007804534578707038, 'min_child_samples': 55, 'subsample': 0.5875178915155911, 'colsample_bytree': 0.9009354893907421, 'optional_reg_lambda': False, 'n_bins': 43}. Best is trial 24 with value: 216.01079119944953.[0m
[LightGBM] [Info] Auto-choosing col-wise multi-threading, the overhead of testing was 1.710652 seconds.
You can set `force_col_wise=true` to remove the overhead.
[LightGBM] [Info] Total Bins 816000
[LightGBM] [Info] Number of data points in the train set: 214203, number of used features: 3200
[LightGBM] [Info] Start training from score 0.000000
[32m[I 2025-04-11 00:01:43,502][0m Trial 36 finished with value: 258.5677413407125 and parameters: {'num_leaves': 91, 'max_depth': 10, 'learning_rate': 0.0890788309439514, 'min_child_weight': 0.0395267103187365, 'min_child_samples': 73, 'subsample': 0.5411322964770957, 'colsample_bytree': 0.8591826695917669, 'optional_reg_lambda': True, 'reg_lambda': 0.0004594752170460029, 'n_bins': 158}. Best is trial 24 with value: 216.01079119944953.[0m
[LightGBM] [Info] Auto-choosing col-wise multi-threading, the overhead of testing was 1.859126 seconds.
You can set `force_col_wise=true` to remove the overhead.
[LightGBM] [Info] Total Bins 816000
[LightGBM] [Info] Number of data points in the train set: 214203, number of used features: 3200
[LightGBM] [Info] Start training from score 0.000000
[32m[I 2025-04-11 00:03:29,035][0m Trial 37 finished with value: 228.1089732197135 and parameters: {'num_leaves': 100, 'max_depth': 9, 'learning_rate': 0.1216009653463145, 'min_child_weight': 0.002368860987964862, 'min_child_samples': 44, 'subsample': 0.6169961625010195, 'colsample_bytree': 0.9585641508697732, 'optional_reg_lambda': False, 'n_bins': 136}. Best is trial 24 with value: 216.01079119944953.[0m
[LightGBM] [Info] Auto-choosing col-wise multi-threading, the overhead of testing was 1.883291 seconds.
You can set `force_col_wise=true` to remove the overhead.
[LightGBM] [Info] Total Bins 816000
[LightGBM] [Info] Number of data points in the train set: 214203, number of used features: 3200
[LightGBM] [Info] Start training from score 0.000000
[32m[I 2025-04-11 00:04:51,062][0m Trial 38 finished with value: 225.44680764292963 and parameters: {'num_leaves': 84, 'max_depth': 10, 'learning_rate': 0.22499994912252472, 'min_child_weight': 0.006994108363936554, 'min_child_samples': 21, 'subsample': 0.5400019862468931, 'colsample_bytree': 0.6798168774951013, 'optional_reg_lambda': True, 'reg_lambda': 0.0011502086108034699, 'n_bins': 113}. Best is trial 24 with value: 216.01079119944953.[0m
[LightGBM] [Info] Auto-choosing col-wise multi-threading, the overhead of testing was 1.941968 seconds.
You can set `force_col_wise=true` to remove the overhead.
[LightGBM] [Info] Total Bins 816000
[LightGBM] [Info] Number of data points in the train set: 214203, number of used features: 3200
[LightGBM] [Info] Start training from score 0.000000
[32m[I 2025-04-11 00:06:08,723][0m Trial 39 finished with value: 238.130114994318 and parameters: {'num_leaves': 54, 'max_depth': 8, 'learning_rate': 0.37432185363943515, 'min_child_weight': 0.026309189878354507, 'min_child_samples': 63, 'subsample': 0.6632547095499189, 'colsample_bytree': 0.7355533539501841, 'optional_reg_lambda': True, 'reg_lambda': 0.0038662632903209426, 'n_bins': 171}. Best is trial 24 with value: 216.01079119944953.[0m
[LightGBM] [Info] Auto-choosing col-wise multi-threading, the overhead of testing was 1.843578 seconds.
You can set `force_col_wise=true` to remove the overhead.
[LightGBM] [Info] Total Bins 816000
[LightGBM] [Info] Number of data points in the train set: 214203, number of used features: 3200
[LightGBM] [Info] Start training from score 0.000000
[32m[I 2025-04-11 00:07:15,853][0m Trial 40 finished with value: 267.96239316565334 and parameters: {'num_leaves': 29, 'max_depth': 7, 'learning_rate': 0.6302747092875531, 'min_child_weight': 0.004311112978821924, 'min_child_samples': 54, 'subsample': 0.6098601108559727, 'colsample_bytree': 0.628885479942275, 'optional_reg_lambda': False, 'n_bins': 196}. Best is trial 24 with value: 216.01079119944953.[0m
[LightGBM] [Info] Auto-choosing col-wise multi-threading, the overhead of testing was 1.841063 seconds.
You can set `force_col_wise=true` to remove the overhead.
[LightGBM] [Info] Total Bins 816000
[LightGBM] [Info] Number of data points in the train set: 214203, number of used features: 3200
[LightGBM] [Info] Start training from score 0.000000
[32m[I 2025-04-11 00:08:27,387][0m Trial 41 finished with value: 285.64032255572175 and parameters: {'num_leaves': 11, 'max_depth': 9, 'learning_rate': 0.2242040817175654, 'min_child_weight': 0.015090734555036428, 'min_child_samples': 61, 'subsample': 0.7207819892450334, 'colsample_bytree': 0.8013943935395781, 'optional_reg_lambda': True, 'reg_lambda': 0.008645614846207392, 'n_bins': 127}. Best is trial 24 with value: 216.01079119944953.[0m
[LightGBM] [Info] Auto-choosing col-wise multi-threading, the overhead of testing was 1.816227 seconds.
You can set `force_col_wise=true` to remove the overhead.
[LightGBM] [Info] Total Bins 816000
[LightGBM] [Info] Number of data points in the train set: 214203, number of used features: 3200
[LightGBM] [Info] Start training from score 0.000000
