[32m[I 2025-04-10 20:59:06,820][0m Trial 27 finished with value: 578.4265551214997 and parameters: {'num_leaves': 89, 'max_depth': 5, 'learning_rate': 0.03414622849302785, 'min_child_weight': 7.815462853905561e-05, 'min_child_samples': 53, 'subsample': 0.5405447404523922, 'colsample_bytree': 0.718983429975306, 'optional_reg_lambda': True, 'reg_lambda': 0.2024569053248717, 'n_bins': 41}. Best is trial 18 with value: 190.93198864173755.[0m
[LightGBM] [Info] Auto-choosing col-wise multi-threading, the overhead of testing was 0.625421 seconds.
You can set `force_col_wise=true` to remove the overhead.
[LightGBM] [Info] Total Bins 408000
[LightGBM] [Info] Number of data points in the train set: 214203, number of used features: 1600
[LightGBM] [Info] Start training from score 0.000000
[32m[I 2025-04-10 20:59:34,061][0m Trial 28 finished with value: 221.17848294573233 and parameters: {'num_leaves': 11, 'max_depth': 7, 'learning_rate': 0.4847301338936136, 'min_child_weight': 3.2619349760160776e-05, 'min_child_samples': 87, 'subsample': 0.5909579769545086, 'colsample_bytree': 0.7978754381806297, 'optional_reg_lambda': True, 'reg_lambda': 0.029701680333132086, 'n_bins': 128}. Best is trial 18 with value: 190.93198864173755.[0m
[LightGBM] [Info] Auto-choosing col-wise multi-threading, the overhead of testing was 0.781983 seconds.
You can set `force_col_wise=true` to remove the overhead.
[LightGBM] [Info] Total Bins 408000
[LightGBM] [Info] Number of data points in the train set: 214203, number of used features: 1600
[LightGBM] [Info] Start training from score 0.000000
[32m[I 2025-04-10 21:00:10,838][0m Trial 29 finished with value: 334.53694507675675 and parameters: {'num_leaves': 62, 'max_depth': 8, 'learning_rate': 0.05785282049738612, 'min_child_weight': 0.0013571466939719325, 'min_child_samples': 39, 'subsample': 0.8682154492029566, 'colsample_bytree': 0.7208269308876094, 'optional_reg_lambda': True, 'reg_lambda': 0.00940719196343371, 'n_bins': 159}. Best is trial 18 with value: 190.93198864173755.[0m
[LightGBM] [Info] Auto-choosing col-wise multi-threading, the overhead of testing was 0.647858 seconds.
You can set `force_col_wise=true` to remove the overhead.
[LightGBM] [Info] Total Bins 408000
[LightGBM] [Info] Number of data points in the train set: 214203, number of used features: 1600
[LightGBM] [Info] Start training from score 0.000000
[LightGBM] [Warning] No further splits with positive gain, best gain: -inf
[LightGBM] [Warning] No further splits with positive gain, best gain: -inf
[LightGBM] [Warning] No further splits with positive gain, best gain: -inf
[LightGBM] [Warning] No further splits with positive gain, best gain: -inf
[LightGBM] [Warning] No further splits with positive gain, best gain: -inf
[LightGBM] [Warning] No further splits with positive gain, best gain: -inf
[LightGBM] [Warning] No further splits with positive gain, best gain: -inf
[LightGBM] [Warning] No further splits with positive gain, best gain: -inf
[LightGBM] [Warning] No further splits with positive gain, best gain: -inf
[LightGBM] [Warning] No further splits with positive gain, best gain: -inf
[LightGBM] [Warning] No further splits with positive gain, best gain: -inf
[LightGBM] [Warning] No further splits with positive gain, best gain: -inf
[LightGBM] [Warning] No further splits with positive gain, best gain: -inf
[LightGBM] [Warning] No further splits with positive gain, best gain: -inf
[LightGBM] [Warning] No further splits with positive gain, best gain: -inf
[LightGBM] [Warning] No further splits with positive gain, best gain: -inf
[LightGBM] [Warning] No further splits with positive gain, best gain: -inf
[LightGBM] [Warning] No further splits with positive gain, best gain: -inf
[LightGBM] [Warning] No further splits with positive gain, best gain: -inf
[LightGBM] [Warning] No further splits with positive gain, best gain: -inf
[LightGBM] [Warning] No further splits with positive gain, best gain: -inf
[LightGBM] [Warning] No further splits with positive gain, best gain: -inf
[LightGBM] [Warning] No further splits with positive gain, best gain: -inf
[LightGBM] [Warning] No further splits with positive gain, best gain: -inf
[LightGBM] [Warning] No further splits with positive gain, best gain: -inf
[LightGBM] [Warning] No further splits with positive gain, best gain: -inf
[LightGBM] [Warning] No further splits with positive gain, best gain: -inf
[LightGBM] [Warning] No further splits with positive gain, best gain: -inf
[LightGBM] [Warning] No further splits with positive gain, best gain: -inf
[LightGBM] [Warning] No further splits with positive gain, best gain: -inf
[LightGBM] [Warning] No further splits with positive gain, best gain: -inf
[LightGBM] [Warning] No further splits with positive gain, best gain: -inf
[LightGBM] [Warning] No further splits with positive gain, best gain: -inf
[LightGBM] [Warning] No further splits with positive gain, best gain: -inf
[LightGBM] [Warning] No further splits with positive gain, best gain: -inf
[LightGBM] [Warning] No further splits with positive gain, best gain: -inf
[LightGBM] [Warning] No further splits with positive gain, best gain: -inf
[LightGBM] [Warning] No further splits with positive gain, best gain: -inf
[LightGBM] [Warning] No further splits with positive gain, best gain: -inf
[LightGBM] [Warning] No further splits with positive gain, best gain: -inf
[LightGBM] [Warning] No further splits with positive gain, best gain: -inf
[LightGBM] [Warning] No further splits with positive gain, best gain: -inf
[LightGBM] [Warning] No further splits with positive gain, best gain: -inf
[LightGBM] [Warning] No further splits with positive gain, best gain: -inf
[LightGBM] [Warning] No further splits with positive gain, best gain: -inf
[LightGBM] [Warning] No further splits with positive gain, best gain: -inf
[LightGBM] [Warning] No further splits with positive gain, best gain: -inf
[LightGBM] [Warning] No further splits with positive gain, best gain: -inf
[LightGBM] [Warning] No further splits with positive gain, best gain: -inf
[LightGBM] [Warning] No further splits with positive gain, best gain: -inf
[LightGBM] [Warning] No further splits with positive gain, best gain: -inf
[LightGBM] [Warning] No further splits with positive gain, best gain: -inf
[LightGBM] [Warning] No further splits with positive gain, best gain: -inf
[LightGBM] [Warning] No further splits with positive gain, best gain: -inf
[LightGBM] [Warning] No further splits with positive gain, best gain: -inf
[LightGBM] [Warning] No further splits with positive gain, best gain: -inf
[LightGBM] [Warning] No further splits with positive gain, best gain: -inf
[LightGBM] [Warning] No further splits with positive gain, best gain: -inf
[32m[I 2025-04-10 21:00:45,219][0m Trial 30 finished with value: 228.91988418890912 and parameters: {'num_leaves': 75, 'max_depth': 6, 'learning_rate': 0.14660428050305427, 'min_child_weight': 0.00027864201582831956, 'min_child_samples': 48, 'subsample': 0.7581290340004234, 'colsample_bytree': 0.9500852888027864, 'optional_reg_lambda': True, 'reg_lambda': 0.0005271276869786429, 'n_bins': 105}. Best is trial 18 with value: 190.93198864173755.[0m
[LightGBM] [Info] Auto-choosing col-wise multi-threading, the overhead of testing was 0.702199 seconds.
You can set `force_col_wise=true` to remove the overhead.
[LightGBM] [Info] Total Bins 408000
[LightGBM] [Info] Number of data points in the train set: 214203, number of used features: 1600
[LightGBM] [Info] Start training from score 0.000000
[LightGBM] [Warning] No further splits with positive gain, best gain: -inf
[LightGBM] [Warning] No further splits with positive gain, best gain: -inf
[LightGBM] [Warning] No further splits with positive gain, best gain: -inf
[LightGBM] [Warning] No further splits with positive gain, best gain: -inf
[LightGBM] [Warning] No further splits with positive gain, best gain: -inf
[LightGBM] [Warning] No further splits with positive gain, best gain: -inf
[LightGBM] [Warning] No further splits with positive gain, best gain: -inf
[LightGBM] [Warning] No further splits with positive gain, best gain: -inf
[LightGBM] [Warning] No further splits with positive gain, best gain: -inf
[LightGBM] [Warning] No further splits with positive gain, best gain: -inf
[LightGBM] [Warning] No further splits with positive gain, best gain: -inf
[LightGBM] [Warning] No further splits with positive gain, best gain: -inf
[LightGBM] [Warning] No further splits with positive gain, best gain: -inf
[LightGBM] [Warning] No further splits with positive gain, best gain: -inf
[LightGBM] [Warning] No further splits with positive gain, best gain: -inf
[LightGBM] [Warning] No further splits with positive gain, best gain: -inf
[LightGBM] [Warning] No further splits with positive gain, best gain: -inf
[LightGBM] [Warning] No further splits with positive gain, best gain: -inf
[LightGBM] [Warning] No further splits with positive gain, best gain: -inf
[LightGBM] [Warning] No further splits with positive gain, best gain: -inf
[LightGBM] [Warning] No further splits with positive gain, best gain: -inf
[LightGBM] [Warning] No further splits with positive gain, best gain: -inf
[LightGBM] [Warning] No further splits with positive gain, best gain: -inf
[LightGBM] [Warning] No further splits with positive gain, best gain: -inf
[LightGBM] [Warning] No further splits with positive gain, best gain: -inf
[LightGBM] [Warning] No further splits with positive gain, best gain: -inf
[LightGBM] [Warning] No further splits with positive gain, best gain: -inf
[LightGBM] [Warning] No further splits with positive gain, best gain: -inf
[LightGBM] [Warning] No further splits with positive gain, best gain: -inf
[32m[I 2025-04-10 21:01:24,025][0m Trial 31 finished with value: 204.29134793573843 and parameters: {'num_leaves': 100, 'max_depth': 7, 'learning_rate': 0.3186414143093676, 'min_child_weight': 1.615262191306264e-05, 'min_child_samples': 62, 'subsample': 0.5380540748973694, 'colsample_bytree': 0.9332840819385897, 'optional_reg_lambda': True, 'reg_lambda': 0.04227480277884311, 'n_bins': 47}. Best is trial 18 with value: 190.93198864173755.[0m
[LightGBM] [Info] Auto-choosing col-wise multi-threading, the overhead of testing was 0.626314 seconds.
You can set `force_col_wise=true` to remove the overhead.
[LightGBM] [Info] Total Bins 408000
[LightGBM] [Info] Number of data points in the train set: 214203, number of used features: 1600
[LightGBM] [Info] Start training from score 0.000000
[LightGBM] [Warning] No further splits with positive gain, best gain: -inf
[LightGBM] [Warning] No further splits with positive gain, best gain: -inf
[LightGBM] [Warning] No further splits with positive gain, best gain: -inf
[LightGBM] [Warning] No further splits with positive gain, best gain: -inf
[LightGBM] [Warning] No further splits with positive gain, best gain: -inf
[LightGBM] [Warning] No further splits with positive gain, best gain: -inf
[LightGBM] [Warning] No further splits with positive gain, best gain: -inf
[LightGBM] [Warning] No further splits with positive gain, best gain: -inf
[LightGBM] [Warning] No further splits with positive gain, best gain: -inf
[LightGBM] [Warning] No further splits with positive gain, best gain: -inf
[32m[I 2025-04-10 21:02:01,470][0m Trial 32 finished with value: 214.80588525935337 and parameters: {'num_leaves': 83, 'max_depth': 7, 'learning_rate': 0.32623901580178644, 'min_child_weight': 1.984821445579359e-05, 'min_child_samples': 65, 'subsample': 0.5336960285244581, 'colsample_bytree': 0.8607305279441824, 'optional_reg_lambda': True, 'reg_lambda': 0.18486490374222364, 'n_bins': 40}. Best is trial 18 with value: 190.93198864173755.[0m
[LightGBM] [Info] Auto-choosing col-wise multi-threading, the overhead of testing was 0.658756 seconds.
You can set `force_col_wise=true` to remove the overhead.
[LightGBM] [Info] Total Bins 408000
[LightGBM] [Info] Number of data points in the train set: 214203, number of used features: 1600
[LightGBM] [Info] Start training from score 0.000000
[LightGBM] [Warning] No further splits with positive gain, best gain: -inf
[LightGBM] [Warning] No further splits with positive gain, best gain: -inf
[LightGBM] [Warning] No further splits with positive gain, best gain: -inf
[LightGBM] [Warning] No further splits with positive gain, best gain: -inf
[LightGBM] [Warning] No further splits with positive gain, best gain: -inf
[LightGBM] [Warning] No further splits with positive gain, best gain: -inf
[LightGBM] [Warning] No further splits with positive gain, best gain: -inf
[LightGBM] [Warning] No further splits with positive gain, best gain: -inf
[32m[I 2025-04-10 21:02:38,184][0m Trial 33 finished with value: 256.5975293534369 and parameters: {'num_leaves': 98, 'max_depth': 9, 'learning_rate': 0.6022898609583963, 'min_child_weight': 4.1526578194425086e-05, 'min_child_samples': 56, 'subsample': 0.5397200126240234, 'colsample_bytree': 0.8892828482020666, 'optional_reg_lambda': True, 'reg_lambda': 0.030568946421993867, 'n_bins': 68}. Best is trial 18 with value: 190.93198864173755.[0m
[LightGBM] [Info] Auto-choosing col-wise multi-threading, the overhead of testing was 0.654160 seconds.
You can set `force_col_wise=true` to remove the overhead.
[LightGBM] [Info] Total Bins 408000
[LightGBM] [Info] Number of data points in the train set: 214203, number of used features: 1600
[LightGBM] [Info] Start training from score 0.000000
[LightGBM] [Warning] No further splits with positive gain, best gain: -inf
[LightGBM] [Warning] No further splits with positive gain, best gain: -inf
[LightGBM] [Warning] No further splits with positive gain, best gain: -inf
[LightGBM] [Warning] No further splits with positive gain, best gain: -inf
[LightGBM] [Warning] No further splits with positive gain, best gain: -inf
[LightGBM] [Warning] No further splits with positive gain, best gain: -inf
[LightGBM] [Warning] No further splits with positive gain, best gain: -inf
[LightGBM] [Warning] No further splits with positive gain, best gain: -inf
[LightGBM] [Warning] No further splits with positive gain, best gain: -inf
[LightGBM] [Warning] No further splits with positive gain, best gain: -inf
[LightGBM] [Warning] No further splits with positive gain, best gain: -inf
[LightGBM] [Warning] No further splits with positive gain, best gain: -inf
[LightGBM] [Warning] No further splits with positive gain, best gain: -inf
[32m[I 2025-04-10 21:03:16,189][0m Trial 34 finished with value: 199.59719872612723 and parameters: {'num_leaves': 92, 'max_depth': 7, 'learning_rate': 0.2557249143835669, 'min_child_weight': 1.0325496714475778e-05, 'min_child_samples': 78, 'subsample': 0.5283674726561031, 'colsample_bytree': 0.9169098027373803, 'optional_reg_lambda': True, 'reg_lambda': 0.005908727660547596, 'n_bins': 119}. Best is trial 18 with value: 190.93198864173755.[0m
[LightGBM] [Info] Auto-choosing col-wise multi-threading, the overhead of testing was 0.650812 seconds.
You can set `force_col_wise=true` to remove the overhead.
[LightGBM] [Info] Total Bins 408000
[LightGBM] [Info] Number of data points in the train set: 214203, number of used features: 1600
[LightGBM] [Info] Start training from score 0.000000
[LightGBM] [Warning] No further splits with positive gain, best gain: -inf
[32m[I 2025-04-10 21:03:56,442][0m Trial 35 finished with value: 185.01504292289027 and parameters: {'num_leaves': 91, 'max_depth': 8, 'learning_rate': 0.17563252974880864, 'min_child_weight': 1.2446226806507017e-05, 'min_child_samples': 78, 'subsample': 0.5264806002190283, 'colsample_bytree': 0.9646988771626184, 'optional_reg_lambda': False, 'n_bins': 92}. Best is trial 35 with value: 185.01504292289027.[0m
[LightGBM] [Info] Auto-choosing col-wise multi-threading, the overhead of testing was 0.720521 seconds.
You can set `force_col_wise=true` to remove the overhead.
[LightGBM] [Info] Total Bins 408000
[LightGBM] [Info] Number of data points in the train set: 214203, number of used features: 1600
[LightGBM] [Info] Start training from score 0.000000
[32m[I 2025-04-10 21:04:41,317][0m Trial 36 finished with value: 266.69400169122747 and parameters: {'num_leaves': 92, 'max_depth': 8, 'learning_rate': 0.07528579322635494, 'min_child_weight': 1.0670086133212665e-05, 'min_child_samples': 79, 'subsample': 0.6165441276533996, 'colsample_bytree': 0.964221504521046, 'optional_reg_lambda': False, 'n_bins': 91}. Best is trial 35 with value: 185.01504292289027.[0m
[LightGBM] [Info] Auto-choosing col-wise multi-threading, the overhead of testing was 0.637230 seconds.
You can set `force_col_wise=true` to remove the overhead.
[LightGBM] [Info] Total Bins 408000
[LightGBM] [Info] Number of data points in the train set: 214203, number of used features: 1600
[LightGBM] [Info] Start training from score 0.000000
[32m[I 2025-04-10 21:05:27,904][0m Trial 37 finished with value: 199.1797874697431 and parameters: {'num_leaves': 100, 'max_depth': 9, 'learning_rate': 0.11666043719082832, 'min_child_weight': 2.0321739858439685e-05, 'min_child_samples': 88, 'subsample': 0.5370594712752516, 'colsample_bytree': 0.9975189079195784, 'optional_reg_lambda': False, 'n_bins': 33}. Best is trial 35 with value: 185.01504292289027.[0m
[LightGBM] [Info] Auto-choosing col-wise multi-threading, the overhead of testing was 0.758480 seconds.
You can set `force_col_wise=true` to remove the overhead.
[LightGBM] [Info] Total Bins 408000
[LightGBM] [Info] Number of data points in the train set: 214203, number of used features: 1600
[LightGBM] [Info] Start training from score 0.000000
[32m[I 2025-04-10 21:06:06,712][0m Trial 38 finished with value: 218.67068708637194 and parameters: {'num_leaves': 54, 'max_depth': 9, 'learning_rate': 0.13137795962375043, 'min_child_weight': 0.002526100638373368, 'min_child_samples': 89, 'subsample': 0.5240414240081399, 'colsample_bytree': 0.9954747597329383, 'optional_reg_lambda': False, 'n_bins': 222}. Best is trial 35 with value: 185.01504292289027.[0m
[LightGBM] [Info] Auto-choosing col-wise multi-threading, the overhead of testing was 0.776729 seconds.
You can set `force_col_wise=true` to remove the overhead.
[LightGBM] [Info] Total Bins 408000
[LightGBM] [Info] Number of data points in the train set: 214203, number of used features: 1600
[LightGBM] [Info] Start training from score 0.000000
[32m[I 2025-04-10 21:06:46,785][0m Trial 39 finished with value: 188.18579397845212 and parameters: {'num_leaves': 100, 'max_depth': 9, 'learning_rate': 0.18418823753889038, 'min_child_weight': 2.5530075824681875e-05, 'min_child_samples': 80, 'subsample': 0.8547209518066194, 'colsample_bytree': 0.914245935320426, 'optional_reg_lambda': False, 'n_bins': 62}. Best is trial 35 with value: 185.01504292289027.[0m
[LightGBM] [Info] Auto-choosing col-wise multi-threading, the overhead of testing was 0.729078 seconds.
You can set `force_col_wise=true` to remove the overhead.
[LightGBM] [Info] Total Bins 408000
[LightGBM] [Info] Number of data points in the train set: 214203, number of used features: 1600
[LightGBM] [Info] Start training from score 0.000000
[32m[I 2025-04-10 21:07:32,188][0m Trial 40 finished with value: 336.8737177353901 and parameters: {'num_leaves': 99, 'max_depth': 10, 'learning_rate': 0.04679359012778407, 'min_child_weight': 2.02509510060593e-05, 'min_child_samples': 99, 'subsample': 0.8582868819770703, 'colsample_bytree': 0.968373416969226, 'optional_reg_lambda': False, 'n_bins': 29}. Best is trial 35 with value: 185.01504292289027.[0m
[LightGBM] [Info] Auto-choosing col-wise multi-threading, the overhead of testing was 0.646849 seconds.
You can set `force_col_wise=true` to remove the overhead.
[LightGBM] [Info] Total Bins 408000
[LightGBM] [Info] Number of data points in the train set: 214203, number of used features: 1600
[LightGBM] [Info] Start training from score 0.000000
[32m[I 2025-04-10 21:08:12,356][0m Trial 41 finished with value: 214.55163286126594 and parameters: {'num_leaves': 92, 'max_depth': 9, 'learning_rate': 0.10073847575590315, 'min_child_weight': 2.823914370174885e-05, 'min_child_samples': 84, 'subsample': 0.9266873947257024, 'colsample_bytree': 0.9111277266013208, 'optional_reg_lambda': False, 'n_bins': 69}. Best is trial 35 with value: 185.01504292289027.[0m
[LightGBM] [Info] Auto-choosing col-wise multi-threading, the overhead of testing was 0.698505 seconds.
You can set `force_col_wise=true` to remove the overhead.
[LightGBM] [Info] Total Bins 408000
[LightGBM] [Info] Number of data points in the train set: 214203, number of used features: 1600
[LightGBM] [Info] Start training from score 0.000000
[32m[I 2025-04-10 21:08:56,583][0m Trial 42 finished with value: 699.156391708736 and parameters: {'num_leaves': 94, 'max_depth': 8, 'learning_rate': 0.005706556837674169, 'min_child_weight': 1.4683491148374907e-05, 'min_child_samples': 97, 'subsample': 0.8906102880122162, 'colsample_bytree': 0.9956484411219453, 'optional_reg_lambda': False, 'n_bins': 61}. Best is trial 35 with value: 185.01504292289027.[0m
[LightGBM] [Info] Auto-choosing col-wise multi-threading, the overhead of testing was 0.682482 seconds.
You can set `force_col_wise=true` to remove the overhead.
[LightGBM] [Info] Total Bins 408000
[LightGBM] [Info] Number of data points in the train set: 214203, number of used features: 1600
[LightGBM] [Info] Start training from score 0.000000
